"C:/Users/victo/OneDrive/Documents/GitHub/The-Last/The Last/GameAlpha/TheLast/Content/Maps/ThirdPersonExampleMap_BuiltData.uasset" 0
"C:/Users/victo/OneDrive/Documents/GitHub/The-Last/The Last/GameAlpha/TheLast/Content/Assets/Sphere001Mat.uasset" 1
"C:/Users/victo/OneDrive/Documents/GitHub/The-Last/The Last/GameAlpha/TheLast/Content/Assets/Lobo_Sphere001.uasset" 2
"C:/Users/victo/OneDrive/Documents/GitHub/The-Last/The Last/GameAlpha/TheLast/Content/Assets/Sphere002Mat.uasset" 3
"C:/Users/victo/OneDrive/Documents/GitHub/The-Last/The Last/GameAlpha/TheLast/Content/Assets/Lobo_Sphere002.uasset" 4
"C:/Users/victo/OneDrive/Documents/GitHub/The-Last/The Last/GameAlpha/TheLast/Content/Mannequin/Character/Mesh/UE4_Mannequin_Skeleton.uasset" 5
"C:/Users/victo/OneDrive/Documents/GitHub/The-Last/The Last/GameAlpha/TheLast/Content/Mannequin/Animations/ThirdPersonJump_End.uasset" 6
"C:/Users/victo/OneDrive/Documents/GitHub/The-Last/The Last/GameAlpha/TheLast/Content/Mannequin/Animations/ThirdPerson_Jump.uasset" 7
"C:/Users/victo/OneDrive/Documents/GitHub/The-Last/The Last/GameAlpha/TheLast/Content/Mannequin/Animations/ThirdPersonJump_Loop.uasset" 8
"C:/Users/victo/OneDrive/Documents/GitHub/The-Last/The Last/GameAlpha/TheLast/Content/Mannequin/Animations/ThirdPersonJump_Start.uasset" 9
"C:/Users/victo/OneDrive/Documents/GitHub/The-Last/The Last/GameAlpha/TheLast/Content/Mannequin/Animations/ThirdPersonIdle.uasset" 10
"C:/Users/victo/OneDrive/Documents/GitHub/The-Last/The Last/GameAlpha/TheLast/Content/Mannequin/Animations/ThirdPersonRun.uasset" 11
"C:/Users/victo/OneDrive/Documents/GitHub/The-Last/The Last/GameAlpha/TheLast/Content/Mannequin/Animations/ThirdPersonWalk.uasset" 12
"C:/Users/victo/OneDrive/Documents/GitHub/The-Last/The Last/GameAlpha/TheLast/Content/Mannequin/Animations/ThirdPerson_IdleRun_2D.uasset" 13
"../../../Engine/Content/EditorBlueprintResources/StandardMacros.uasset" 14
"C:/Users/victo/OneDrive/Documents/GitHub/The-Last/The Last/GameAlpha/TheLast/Content/Mannequin/Animations/ThirdPerson_AnimBP.uasset" 15
"../../../Engine/Content/EngineMeshes/Humanoid.uasset" 16
"C:/Users/victo/OneDrive/Documents/GitHub/The-Last/The Last/GameAlpha/TheLast/Content/MCO_Mocap_Basics/Character/Mesh/UE4_Mannequin_Skeleton.uasset" 17
"C:/Users/victo/OneDrive/Documents/GitHub/The-Last/The Last/GameAlpha/TheLast/Content/MCO_Mocap_Basics/Animation/Mobility_Pro/Root_Motion/MOB1_Crouch_Idle_V2.uasset" 18
"C:/Users/victo/OneDrive/Documents/GitHub/The-Last/The Last/GameAlpha/TheLast/Content/MCO_Mocap_Basics/Animation/Mobility_Pro/Root_Motion/MOB1_Jog_F.uasset" 19
"C:/Users/victo/OneDrive/Documents/GitHub/The-Last/The Last/GameAlpha/TheLast/Content/MCO_Mocap_Basics/Animation/Mobility_Pro/Root_Motion/MOB1_Jog_F_to_Stand_Relaxed_RU.uasset" 20
"C:/Users/victo/OneDrive/Documents/GitHub/The-Last/The Last/GameAlpha/TheLast/Content/MCO_Mocap_Basics/Animation/Mobility_Pro/Root_Motion/MOB1_Run_F.uasset" 21
"C:/Users/victo/OneDrive/Documents/GitHub/The-Last/The Last/GameAlpha/TheLast/Content/MCO_Mocap_Basics/Animation/Mobility_Pro/Root_Motion/MOB1_Run_F_to_Stand_Relaxed_RU.uasset" 22
"C:/Users/victo/OneDrive/Documents/GitHub/The-Last/The Last/GameAlpha/TheLast/Content/MCO_Mocap_Basics/Animation/Mobility_Pro/Root_Motion/MOB1_Stand_Relaxed_Death_B.uasset" 23
"C:/Users/victo/OneDrive/Documents/GitHub/The-Last/The Last/GameAlpha/TheLast/Content/MCO_Mocap_Basics/Animation/Mobility_Pro/Root_Motion/MOB1_Stand_Relaxed_Fgt_v1.uasset" 24
"C:/Users/victo/OneDrive/Documents/GitHub/The-Last/The Last/GameAlpha/TheLast/Content/MCO_Mocap_Basics/Animation/Mobility_Pro/Root_Motion/MOB1_Stand_Relaxed_Fgt_v4.uasset" 25
"C:/Users/victo/OneDrive/Documents/GitHub/The-Last/The Last/GameAlpha/TheLast/Content/MCO_Mocap_Basics/Animation/Mobility_Pro/Root_Motion/MOB1_Stand_Relaxed_Idle_v2.uasset" 26
"C:/Users/victo/OneDrive/Documents/GitHub/The-Last/The Last/GameAlpha/TheLast/Content/MCO_Mocap_Basics/Animation/Mobility_Pro/Root_Motion/MOB1_Walk_F.uasset" 27
"C:/Users/victo/OneDrive/Documents/GitHub/The-Last/The Last/GameAlpha/TheLast/Content/MCO_Mocap_Basics/Animation/Scared/Root_Motion/SCR_Walk_Scared_Fwd_Look_Left_Loop.uasset" 28
"C:/Users/victo/OneDrive/Documents/GitHub/The-Last/The Last/GameAlpha/TheLast/Content/MCO_Mocap_Basics/Animation/Scared/Root_Motion/SCR_Walk_Scared_Fwd_Look_Right_Loop.uasset" 29
"C:/Users/victo/OneDrive/Documents/GitHub/The-Last/The Last/GameAlpha/TheLast/Content/MCO_Mocap_Basics/Animation/Walks/Root_Motion/Walk_02_Cheerful_Loop.uasset" 30
"C:/Users/victo/OneDrive/Documents/GitHub/The-Last/The Last/GameAlpha/TheLast/Content/MCO_Mocap_Basics/Animation/Walks/Root_Motion/Walk_04_Texting_Loop.uasset" 31
"C:/Users/victo/OneDrive/Documents/GitHub/The-Last/The Last/GameAlpha/TheLast/Content/MCO_Mocap_Basics/Animation/Walks/Root_Motion/Walk_06_Look_Around_Loop.uasset" 32
"C:/Users/victo/OneDrive/Documents/GitHub/The-Last/The Last/GameAlpha/TheLast/Content/MCO_Mocap_Basics/Animation/Walks/Root_Motion/Walk_08_Listen_Music_Loop.uasset" 33
"C:/Users/victo/OneDrive/Documents/GitHub/The-Last/The Last/GameAlpha/TheLast/Content/MCO_Mocap_Basics/Animation/Walks/Root_Motion/Walk_13_Power_Walk_Loop.uasset" 34
"C:/Users/victo/OneDrive/Documents/GitHub/The-Last/The Last/GameAlpha/TheLast/Content/MCO_Mocap_Basics/Character/Mesh/SK_Mannequin_Anim.uasset" 35
"C:/Users/victo/OneDrive/Documents/GitHub/The-Last/The Last/GameAlpha/TheLast/Content/NewAnimations/character_Skeleton.uasset" 36
"C:/Users/victo/OneDrive/Documents/GitHub/The-Last/The Last/GameAlpha/TheLast/Content/NewAnimations/Animations/Stable_Sword_Outward_Slash_Anim_mixamo_com.uasset" 37
"C:/Users/victo/OneDrive/Documents/GitHub/The-Last/The Last/GameAlpha/TheLast/Content/NewAnimations/Animations/Attack.uasset" 38
"C:/Users/victo/OneDrive/Documents/GitHub/The-Last/The Last/GameAlpha/TheLast/Content/NewAnimations/Animations/Crouch_To_Standing_Idle_Anim_mixamo_com.uasset" 39
"C:/Users/victo/OneDrive/Documents/GitHub/The-Last/The Last/GameAlpha/TheLast/Content/NewAnimations/Animations/Standing_Dodge_Left_Anim_mixamo_com.uasset" 40
"C:/Users/victo/OneDrive/Documents/GitHub/The-Last/The Last/GameAlpha/TheLast/Content/NewAnimations/Animations/Dodge.uasset" 41
"C:/Users/victo/OneDrive/Documents/GitHub/The-Last/The Last/GameAlpha/TheLast/Content/NewAnimations/Animations/Sheathing_Sword_Anim_mixamo_com.uasset" 42
"C:/Users/victo/OneDrive/Documents/GitHub/The-Last/The Last/GameAlpha/TheLast/Content/NewAnimations/Animations/Stable_Sword_Inward_Slash_Anim_mixamo_com.uasset" 43
"C:/Users/victo/OneDrive/Documents/GitHub/The-Last/The Last/GameAlpha/TheLast/Content/NewAnimations/Animations/Withdrawing_Sword_skin_Anim_mixamo_com.uasset" 44
"C:/Users/victo/OneDrive/Documents/GitHub/The-Last/The Last/GameAlpha/TheLast/Content/NewAnimations/Animations/Extras/Crouched_Walking_PhysicsAsset.uasset" 45
"C:/Users/victo/OneDrive/Documents/GitHub/The-Last/The Last/GameAlpha/TheLast/Content/NewAnimations/Animations/Extras/Crouched_Walking.uasset" 46
"C:/Users/victo/OneDrive/Documents/GitHub/The-Last/The Last/GameAlpha/TheLast/Content/NewAnimations/Animations/Extras/Crouched_Walking_Anim_Take_001.uasset" 47
"C:/Users/victo/OneDrive/Documents/GitHub/The-Last/The Last/GameAlpha/TheLast/Content/NewAnimations/Animations/Extras/Crouch_Idle_PhysicsAsset.uasset" 48
"C:/Users/victo/OneDrive/Documents/GitHub/The-Last/The Last/GameAlpha/TheLast/Content/NewAnimations/Animations/Extras/Crouch_Idle.uasset" 49
"C:/Users/victo/OneDrive/Documents/GitHub/The-Last/The Last/GameAlpha/TheLast/Content/NewAnimations/Animations/Extras/Crouch_Idle_Anim_Take_001.uasset" 50
"C:/Users/victo/OneDrive/Documents/GitHub/The-Last/The Last/GameAlpha/TheLast/Content/NewAnimations/Animations/Extras/Crouch_To_Standing_Idle_PhysicsAsset.uasset" 51
"C:/Users/victo/OneDrive/Documents/GitHub/The-Last/The Last/GameAlpha/TheLast/Content/NewAnimations/Animations/Extras/Crouch_To_Standing_Idle.uasset" 52
"C:/Users/victo/OneDrive/Documents/GitHub/The-Last/The Last/GameAlpha/TheLast/Content/NewAnimations/Animations/Extras/Crouch_To_Standing_Idle_Anim_Take_001.uasset" 53
"C:/Users/victo/OneDrive/Documents/GitHub/The-Last/The Last/GameAlpha/TheLast/Content/NewAnimations/Animations/Extras/Idle_PhysicsAsset.uasset" 54
"C:/Users/victo/OneDrive/Documents/GitHub/The-Last/The Last/GameAlpha/TheLast/Content/NewAnimations/Animations/Extras/Idle.uasset" 55
"C:/Users/victo/OneDrive/Documents/GitHub/The-Last/The Last/GameAlpha/TheLast/Content/NewAnimations/Animations/Extras/Idle_Anim_Take_001.uasset" 56
"C:/Users/victo/OneDrive/Documents/GitHub/The-Last/The Last/GameAlpha/TheLast/Content/NewAnimations/Animations/Extras/Run_With_Sword_PhysicsAsset.uasset" 57
"C:/Users/victo/OneDrive/Documents/GitHub/The-Last/The Last/GameAlpha/TheLast/Content/NewAnimations/Animations/Extras/Run_With_Sword.uasset" 58
"C:/Users/victo/OneDrive/Documents/GitHub/The-Last/The Last/GameAlpha/TheLast/Content/NewAnimations/Animations/Extras/Run_With_Sword_Anim_Take_001.uasset" 59
"C:/Users/victo/OneDrive/Documents/GitHub/The-Last/The Last/GameAlpha/TheLast/Content/NewAnimations/Animations/Extras/Ch24_1001_Diffuse.uasset" 60
"C:/Users/victo/OneDrive/Documents/GitHub/The-Last/The Last/GameAlpha/TheLast/Content/NewAnimations/Animations/Extras/Ch24_1001_Glossiness.uasset" 61
"C:/Users/victo/OneDrive/Documents/GitHub/The-Last/The Last/GameAlpha/TheLast/Content/NewAnimations/Animations/Extras/Ch24_1001_Normal.uasset" 62
"C:/Users/victo/OneDrive/Documents/GitHub/The-Last/The Last/GameAlpha/TheLast/Content/NewAnimations/Animations/Extras/Ch24_1001_Specular.uasset" 63
"C:/Users/victo/OneDrive/Documents/GitHub/The-Last/The Last/GameAlpha/TheLast/Content/NewAnimations/Animations/Extras/Ch24_Body.uasset" 64
"C:/Users/victo/OneDrive/Documents/GitHub/The-Last/The Last/GameAlpha/TheLast/Content/NewAnimations/Animations/Extras/Sheathing_Sword_PhysicsAsset.uasset" 65
"C:/Users/victo/OneDrive/Documents/GitHub/The-Last/The Last/GameAlpha/TheLast/Content/NewAnimations/Animations/Extras/Sheathing_Sword.uasset" 66
"C:/Users/victo/OneDrive/Documents/GitHub/The-Last/The Last/GameAlpha/TheLast/Content/NewAnimations/Animations/Extras/Sheathing_Sword_Anim_Take_001.uasset" 67
"C:/Users/victo/OneDrive/Documents/GitHub/The-Last/The Last/GameAlpha/TheLast/Content/NewAnimations/Animations/Extras/Stable_Sword_Inward_Slash_PhysicsAsset.uasset" 68
"C:/Users/victo/OneDrive/Documents/GitHub/The-Last/The Last/GameAlpha/TheLast/Content/NewAnimations/Animations/Extras/Stable_Sword_Inward_Slash.uasset" 69
"C:/Users/victo/OneDrive/Documents/GitHub/The-Last/The Last/GameAlpha/TheLast/Content/NewAnimations/Animations/Extras/Stable_Sword_Inward_Slash_Anim_Take_001.uasset" 70
"C:/Users/victo/OneDrive/Documents/GitHub/The-Last/The Last/GameAlpha/TheLast/Content/NewAnimations/Animations/Extras/Stable_Sword_Outward_Slash_PhysicsAsset.uasset" 71
"C:/Users/victo/OneDrive/Documents/GitHub/The-Last/The Last/GameAlpha/TheLast/Content/NewAnimations/Animations/Extras/Stable_Sword_Outward_Slash.uasset" 72
"C:/Users/victo/OneDrive/Documents/GitHub/The-Last/The Last/GameAlpha/TheLast/Content/NewAnimations/Animations/Extras/Stable_Sword_Outward_Slash_Anim_Take_001.uasset" 73
"C:/Users/victo/OneDrive/Documents/GitHub/The-Last/The Last/GameAlpha/TheLast/Content/NewAnimations/Animations/Extras/Standing_Dodge_Left_PhysicsAsset.uasset" 74
"C:/Users/victo/OneDrive/Documents/GitHub/The-Last/The Last/GameAlpha/TheLast/Content/NewAnimations/Animations/Extras/Standing_Dodge_Left.uasset" 75
"C:/Users/victo/OneDrive/Documents/GitHub/The-Last/The Last/GameAlpha/TheLast/Content/NewAnimations/Animations/Extras/Standing_Dodge_Left_Anim_Take_001.uasset" 76
"C:/Users/victo/OneDrive/Documents/GitHub/The-Last/The Last/GameAlpha/TheLast/Content/NewAnimations/Animations/Extras/Withdrawing_Sword_skin_PhysicsAsset.uasset" 77
"C:/Users/victo/OneDrive/Documents/GitHub/The-Last/The Last/GameAlpha/TheLast/Content/NewAnimations/Animations/Extras/Withdrawing_Sword_skin.uasset" 78
"C:/Users/victo/OneDrive/Documents/GitHub/The-Last/The Last/GameAlpha/TheLast/Content/NewAnimations/Animations/Extras/Withdrawing_Sword_skin_Anim_Take_001.uasset" 79
"C:/Users/victo/OneDrive/Documents/GitHub/The-Last/The Last/GameAlpha/TheLast/Content/StarterContent/Materials/M_Basic_Wall.uasset" 80
"C:/Users/victo/OneDrive/Documents/GitHub/The-Last/The Last/GameAlpha/TheLast/Content/StarterContent/Architecture/Pillar_50x500.uasset" 81
"C:/Users/victo/OneDrive/Documents/GitHub/The-Last/The Last/GameAlpha/TheLast/Content/StarterContent/Architecture/Wall_400x300.uasset" 82
"C:/Users/victo/OneDrive/Documents/GitHub/The-Last/The Last/GameAlpha/TheLast/Content/StarterContent/Architecture/Wall_400x400.uasset" 83
"C:/Users/victo/OneDrive/Documents/GitHub/The-Last/The Last/GameAlpha/TheLast/Content/StarterContent/Architecture/Wall_500x500.uasset" 84
"C:/Users/victo/OneDrive/Documents/GitHub/The-Last/The Last/GameAlpha/TheLast/Content/StarterContent/Architecture/Wall_Door_400x400.uasset" 85
"C:/Users/victo/OneDrive/Documents/GitHub/The-Last/The Last/GameAlpha/TheLast/Content/StarterContent/Architecture/Wall_Window_400x400.uasset" 86
"C:/Users/victo/OneDrive/Documents/GitHub/The-Last/The Last/GameAlpha/TheLast/Content/StarterContent/Audio/Collapse01.uasset" 87
"C:/Users/victo/OneDrive/Documents/GitHub/The-Last/The Last/GameAlpha/TheLast/Content/StarterContent/Audio/Collapse02.uasset" 88
"C:/Users/victo/OneDrive/Documents/GitHub/The-Last/The Last/GameAlpha/TheLast/Content/StarterContent/Audio/Explosion01.uasset" 89
"C:/Users/victo/OneDrive/Documents/GitHub/The-Last/The Last/GameAlpha/TheLast/Content/StarterContent/Audio/Explosion02.uasset" 90
"C:/Users/victo/OneDrive/Documents/GitHub/The-Last/The Last/GameAlpha/TheLast/Content/StarterContent/Audio/Fire01.uasset" 91
"C:/Users/victo/OneDrive/Documents/GitHub/The-Last/The Last/GameAlpha/TheLast/Content/StarterContent/Audio/Fire_Sparks01.uasset" 92
"C:/Users/victo/OneDrive/Documents/GitHub/The-Last/The Last/GameAlpha/TheLast/Content/StarterContent/Audio/Light01.uasset" 93
"C:/Users/victo/OneDrive/Documents/GitHub/The-Last/The Last/GameAlpha/TheLast/Content/StarterContent/Audio/Light01_Cue.uasset" 94
"C:/Users/victo/OneDrive/Documents/GitHub/The-Last/The Last/GameAlpha/TheLast/Content/StarterContent/Audio/Light02.uasset" 95
"C:/Users/victo/OneDrive/Documents/GitHub/The-Last/The Last/GameAlpha/TheLast/Content/StarterContent/Audio/Light02_Cue.uasset" 96
"C:/Users/victo/OneDrive/Documents/GitHub/The-Last/The Last/GameAlpha/TheLast/Content/StarterContent/Audio/Smoke01.uasset" 97
"C:/Users/victo/OneDrive/Documents/GitHub/The-Last/The Last/GameAlpha/TheLast/Content/StarterContent/Audio/Starter_Birds01.uasset" 98
"C:/Users/victo/OneDrive/Documents/GitHub/The-Last/The Last/GameAlpha/TheLast/Content/StarterContent/Audio/Starter_Music01.uasset" 99
"C:/Users/victo/OneDrive/Documents/GitHub/The-Last/The Last/GameAlpha/TheLast/Content/StarterContent/Audio/Starter_Wind05.uasset" 100
"C:/Users/victo/OneDrive/Documents/GitHub/The-Last/The Last/GameAlpha/TheLast/Content/StarterContent/Audio/Starter_Wind06.uasset" 101
"C:/Users/victo/OneDrive/Documents/GitHub/The-Last/The Last/GameAlpha/TheLast/Content/StarterContent/Audio/Steam01.uasset" 102
"C:/Users/victo/OneDrive/Documents/GitHub/The-Last/The Last/GameAlpha/TheLast/Content/StarterContent/Audio/Explosion_Cue.uasset" 103
"C:/Users/victo/OneDrive/Documents/GitHub/The-Last/The Last/GameAlpha/TheLast/Content/StarterContent/Textures/T_Burst_M.uasset" 104
"C:/Users/victo/OneDrive/Documents/GitHub/The-Last/The Last/GameAlpha/TheLast/Content/StarterContent/Particles/Materials/M_Burst.uasset" 105
"C:/Users/victo/OneDrive/Documents/GitHub/The-Last/The Last/GameAlpha/TheLast/Content/StarterContent/Textures/T_Explosion_SubUV.uasset" 106
"C:/Users/victo/OneDrive/Documents/GitHub/The-Last/The Last/GameAlpha/TheLast/Content/StarterContent/Particles/Materials/M_explosion_subUV.uasset" 107
"C:/Users/victo/OneDrive/Documents/GitHub/The-Last/The Last/GameAlpha/TheLast/Content/StarterContent/Particles/Materials/m_flare_01.uasset" 108
"../../../Engine/Content/Functions/Engine_MaterialFunctions01/Gradient/RadialGradient.uasset" 109
"C:/Users/victo/OneDrive/Documents/GitHub/The-Last/The Last/GameAlpha/TheLast/Content/StarterContent/Particles/Materials/M_radial_ramp.uasset" 110
"C:/Users/victo/OneDrive/Documents/GitHub/The-Last/The Last/GameAlpha/TheLast/Content/StarterContent/Textures/T_Smoke_SubUV.uasset" 111
"C:/Users/victo/OneDrive/Documents/GitHub/The-Last/The Last/GameAlpha/TheLast/Content/StarterContent/Textures/T_Smoke_Tiled_D.uasset" 112
"C:/Users/victo/OneDrive/Documents/GitHub/The-Last/The Last/GameAlpha/TheLast/Content/StarterContent/Particles/Materials/M_smoke_subUV.uasset" 113
"C:/Users/victo/OneDrive/Documents/GitHub/The-Last/The Last/GameAlpha/TheLast/Content/StarterContent/Particles/P_Explosion.uasset" 114
"C:/Users/victo/OneDrive/Documents/GitHub/The-Last/The Last/GameAlpha/TheLast/Content/StarterContent/Blueprints/Blueprint_Effect_Explosion.uasset" 115
"../../../Engine/Content/EditorMeshes/ColorCalibrator/T_ColorGrid.uasset" 116
"C:/Users/victo/OneDrive/Documents/GitHub/The-Last/The Last/GameAlpha/TheLast/Content/StarterContent/Materials/M_ColorGrid_LowSpec.uasset" 117
"C:/Users/victo/OneDrive/Documents/GitHub/The-Last/The Last/GameAlpha/TheLast/Content/StarterContent/Textures/T_Bush_D.uasset" 118
"C:/Users/victo/OneDrive/Documents/GitHub/The-Last/The Last/GameAlpha/TheLast/Content/StarterContent/Textures/T_Bush_N.uasset" 119
"C:/Users/victo/OneDrive/Documents/GitHub/The-Last/The Last/GameAlpha/TheLast/Content/StarterContent/Props/Materials/M_Bush.uasset" 120
"C:/Users/victo/OneDrive/Documents/GitHub/The-Last/The Last/GameAlpha/TheLast/Content/StarterContent/Props/SM_Bush.uasset" 121
"C:/Users/victo/OneDrive/Documents/GitHub/The-Last/The Last/GameAlpha/TheLast/Content/StarterContent/Textures/T_Chair_M.uasset" 122
"C:/Users/victo/OneDrive/Documents/GitHub/The-Last/The Last/GameAlpha/TheLast/Content/StarterContent/Textures/T_Chair_N.uasset" 123
"C:/Users/victo/OneDrive/Documents/GitHub/The-Last/The Last/GameAlpha/TheLast/Content/StarterContent/Props/Materials/M_Chair.uasset" 124
"C:/Users/victo/OneDrive/Documents/GitHub/The-Last/The Last/GameAlpha/TheLast/Content/StarterContent/Props/SM_Couch.uasset" 125
"C:/Users/victo/OneDrive/Documents/GitHub/The-Last/The Last/GameAlpha/TheLast/Content/StarterContent/Materials/M_Glass.uasset" 126
"C:/Users/victo/OneDrive/Documents/GitHub/The-Last/The Last/GameAlpha/TheLast/Content/StarterContent/Textures/T_Door_M.uasset" 127
"C:/Users/victo/OneDrive/Documents/GitHub/The-Last/The Last/GameAlpha/TheLast/Content/StarterContent/Textures/T_Door_N.uasset" 128
"C:/Users/victo/OneDrive/Documents/GitHub/The-Last/The Last/GameAlpha/TheLast/Content/StarterContent/Props/Materials/M_Door.uasset" 129
"C:/Users/victo/OneDrive/Documents/GitHub/The-Last/The Last/GameAlpha/TheLast/Content/StarterContent/Props/SM_Door.uasset" 130
"C:/Users/victo/OneDrive/Documents/GitHub/The-Last/The Last/GameAlpha/TheLast/Content/StarterContent/Props/Materials/M_MaterialSphere.uasset" 131
"C:/Users/victo/OneDrive/Documents/GitHub/The-Last/The Last/GameAlpha/TheLast/Content/StarterContent/Props/Materials/M_MaterialSphere_Plain.uasset" 132
"C:/Users/victo/OneDrive/Documents/GitHub/The-Last/The Last/GameAlpha/TheLast/Content/StarterContent/Props/SM_MatPreviewMesh_02.uasset" 133
"../../../Engine/Content/Functions/Engine_MaterialFunctions02/Utility/BlendAngleCorrectedNormals.uasset" 134
"C:/Users/victo/OneDrive/Documents/GitHub/The-Last/The Last/GameAlpha/TheLast/Content/StarterContent/Textures/T_Detail_Rocky_N.uasset" 135
"C:/Users/victo/OneDrive/Documents/GitHub/The-Last/The Last/GameAlpha/TheLast/Content/StarterContent/Textures/T_Rock_Basalt_D.uasset" 136
"C:/Users/victo/OneDrive/Documents/GitHub/The-Last/The Last/GameAlpha/TheLast/Content/StarterContent/Textures/T_RockMesh_M.uasset" 137
"C:/Users/victo/OneDrive/Documents/GitHub/The-Last/The Last/GameAlpha/TheLast/Content/StarterContent/Textures/T_RockMesh_N.uasset" 138
"C:/Users/victo/OneDrive/Documents/GitHub/The-Last/The Last/GameAlpha/TheLast/Content/StarterContent/Props/Materials/M_Rock.uasset" 139
"C:/Users/victo/OneDrive/Documents/GitHub/The-Last/The Last/GameAlpha/TheLast/Content/StarterContent/Props/SM_Rock.uasset" 140
"C:/Users/victo/OneDrive/Documents/GitHub/The-Last/The Last/GameAlpha/TheLast/Content/StarterContent/Textures/T_Shelf_M.uasset" 141
"C:/Users/victo/OneDrive/Documents/GitHub/The-Last/The Last/GameAlpha/TheLast/Content/StarterContent/Textures/T_Shelf_N.uasset" 142
"C:/Users/victo/OneDrive/Documents/GitHub/The-Last/The Last/GameAlpha/TheLast/Content/StarterContent/Props/Materials/M_Shelf.uasset" 143
"C:/Users/victo/OneDrive/Documents/GitHub/The-Last/The Last/GameAlpha/TheLast/Content/StarterContent/Props/SM_Shelf.uasset" 144
"C:/Users/victo/OneDrive/Documents/GitHub/The-Last/The Last/GameAlpha/TheLast/Content/StarterContent/Materials/M_Basic_Floor.uasset" 145
"C:/Users/victo/OneDrive/Documents/GitHub/The-Last/The Last/GameAlpha/TheLast/Content/StarterContent/Props/SM_Stairs.uasset" 146
"C:/Users/victo/OneDrive/Documents/GitHub/The-Last/The Last/GameAlpha/TheLast/Content/StarterContent/Shapes/Shape_Cone.uasset" 147
"C:/Users/victo/OneDrive/Documents/GitHub/The-Last/The Last/GameAlpha/TheLast/Content/StarterContent/Shapes/Shape_Cylinder.uasset" 148
"C:/Users/victo/OneDrive/Documents/GitHub/The-Last/The Last/GameAlpha/TheLast/Content/StarterContent/Shapes/Shape_NarrowCapsule.uasset" 149
"C:/Users/victo/OneDrive/Documents/GitHub/The-Last/The Last/GameAlpha/TheLast/Content/StarterContent/Shapes/Shape_Pipe.uasset" 150
"C:/Users/victo/OneDrive/Documents/GitHub/The-Last/The Last/GameAlpha/TheLast/Content/StarterContent/Shapes/Shape_Pipe_180.uasset" 151
"C:/Users/victo/OneDrive/Documents/GitHub/The-Last/The Last/GameAlpha/TheLast/Content/StarterContent/Shapes/Shape_Pipe_90.uasset" 152
"C:/Users/victo/OneDrive/Documents/GitHub/The-Last/The Last/GameAlpha/TheLast/Content/StarterContent/Shapes/Shape_Plane.uasset" 153
"C:/Users/victo/OneDrive/Documents/GitHub/The-Last/The Last/GameAlpha/TheLast/Content/StarterContent/Shapes/Shape_Torus.uasset" 154
"C:/Users/victo/OneDrive/Documents/GitHub/The-Last/The Last/GameAlpha/TheLast/Content/StarterContent/Shapes/Shape_Trim.uasset" 155
"C:/Users/victo/OneDrive/Documents/GitHub/The-Last/The Last/GameAlpha/TheLast/Content/StarterContent/Shapes/Shape_Trim_90_In.uasset" 156
"C:/Users/victo/OneDrive/Documents/GitHub/The-Last/The Last/GameAlpha/TheLast/Content/StarterContent/Shapes/Shape_Trim_90_Out.uasset" 157
"C:/Users/victo/OneDrive/Documents/GitHub/The-Last/The Last/GameAlpha/TheLast/Content/StarterContent/Shapes/Shape_TriPyramid.uasset" 158
"C:/Users/victo/OneDrive/Documents/GitHub/The-Last/The Last/GameAlpha/TheLast/Content/StarterContent/Shapes/Shape_Tube.uasset" 159
"C:/Users/victo/OneDrive/Documents/GitHub/The-Last/The Last/GameAlpha/TheLast/Content/StarterContent/Shapes/Shape_Wedge_A.uasset" 160
"C:/Users/victo/OneDrive/Documents/GitHub/The-Last/The Last/GameAlpha/TheLast/Content/StarterContent/Shapes/Shape_Wedge_B.uasset" 161
"C:/Users/victo/OneDrive/Documents/GitHub/The-Last/The Last/GameAlpha/TheLast/Content/StarterContent/Shapes/Shape_WideCapsule.uasset" 162
"C:/Users/victo/OneDrive/Documents/GitHub/The-Last/The Last/GameAlpha/TheLast/Content/ThirdPersonBP/ThirdPersonOverview.uasset" 163
"C:/Users/victo/OneDrive/Documents/GitHub/The-Last/The Last/GameAlpha/TheLast/Content/MCO_Mocap_Basics/Animation/Mobility_Pro/Root_Motion/MOB1_CrouchWalk_F.uasset" 164
"../../../Engine/Content/Functions/MaterialLayerFunctions/MatLayerBlend_NormalBlend.uasset" 165
"../../../Engine/Content/Functions/MaterialLayerFunctions/MatLayerBlend_Simple.uasset" 166
"C:/Users/victo/OneDrive/Documents/GitHub/The-Last/The Last/GameAlpha/TheLast/Content/Mannequin/Character/Materials/MaterialLayers/T_ML_Rubber_Blue_01_D.uasset" 167
"C:/Users/victo/OneDrive/Documents/GitHub/The-Last/The Last/GameAlpha/TheLast/Content/Mannequin/Character/Materials/MaterialLayers/T_ML_Rubber_Blue_01_N.uasset" 168
"C:/Users/victo/OneDrive/Documents/GitHub/The-Last/The Last/GameAlpha/TheLast/Content/Mannequin/Character/Materials/MaterialLayers/ML_GlossyBlack_Latex_UE4.uasset" 169
"C:/Users/victo/OneDrive/Documents/GitHub/The-Last/The Last/GameAlpha/TheLast/Content/Mannequin/Character/Materials/MaterialLayers/ML_Plastic_Shiny_Beige.uasset" 170
"C:/Users/victo/OneDrive/Documents/GitHub/The-Last/The Last/GameAlpha/TheLast/Content/Mannequin/Character/Textures/UE4_LOGO_CARD.uasset" 171
"C:/Users/victo/OneDrive/Documents/GitHub/The-Last/The Last/GameAlpha/TheLast/Content/Mannequin/Character/Materials/MaterialLayers/ML_Plastic_Shiny_Beige_LOGO.uasset" 172
"C:/Users/victo/OneDrive/Documents/GitHub/The-Last/The Last/GameAlpha/TheLast/Content/Mannequin/Character/Materials/MaterialLayers/T_ML_Aluminum01.uasset" 173
"C:/Users/victo/OneDrive/Documents/GitHub/The-Last/The Last/GameAlpha/TheLast/Content/Mannequin/Character/Materials/MaterialLayers/T_ML_Aluminum01_N.uasset" 174
"C:/Users/victo/OneDrive/Documents/GitHub/The-Last/The Last/GameAlpha/TheLast/Content/Mannequin/Character/Materials/MaterialLayers/ML_SoftMetal_UE4.uasset" 175
"C:/Users/victo/OneDrive/Documents/GitHub/The-Last/The Last/GameAlpha/TheLast/Content/Mannequin/Character/Textures/UE4_Mannequin__normals.uasset" 176
"C:/Users/victo/OneDrive/Documents/GitHub/The-Last/The Last/GameAlpha/TheLast/Content/Mannequin/Character/Textures/UE4_Mannequin_MAT_MASKA.uasset" 177
"C:/Users/victo/OneDrive/Documents/GitHub/The-Last/The Last/GameAlpha/TheLast/Content/Mannequin/Character/Materials/M_UE4Man_Body.uasset" 178
"C:/Users/victo/OneDrive/Documents/GitHub/The-Last/The Last/GameAlpha/TheLast/Content/Mannequin/Character/Textures/UE4Man_Logo_N.uasset" 179
"C:/Users/victo/OneDrive/Documents/GitHub/The-Last/The Last/GameAlpha/TheLast/Content/Mannequin/Character/Materials/M_UE4Man_ChestLogo.uasset" 180
"C:/Users/victo/OneDrive/Documents/GitHub/The-Last/The Last/GameAlpha/TheLast/Content/Mannequin/Character/Mesh/SK_Mannequin_PhysicsAsset.uasset" 181
"C:/Users/victo/OneDrive/Documents/GitHub/The-Last/The Last/GameAlpha/TheLast/Content/Mannequin/Character/Mesh/SK_Mannequin.uasset" 182
"C:/Users/victo/OneDrive/Documents/GitHub/The-Last/The Last/GameAlpha/TheLast/Content/ThirdPersonBP/Blueprints/ThirdPersonCharacter.uasset" 183
"C:/Users/victo/OneDrive/Documents/GitHub/The-Last/The Last/GameAlpha/TheLast/Content/NewAnimations/Animations/Crouch_Idle_Anim_mixamo_com.uasset" 184
"C:/Users/victo/OneDrive/Documents/GitHub/The-Last/The Last/GameAlpha/TheLast/Content/NewAnimations/Animations/Crouched_Walking_Anim_mixamo_com.uasset" 185
"C:/Users/victo/OneDrive/Documents/GitHub/The-Last/The Last/GameAlpha/TheLast/Content/NewAnimations/Animations/Idle_Anim_mixamo_com.uasset" 186
"C:/Users/victo/OneDrive/Documents/GitHub/The-Last/The Last/GameAlpha/TheLast/Content/NewAnimations/Animations/Run_With_Sword_Anim_mixamo_com.uasset" 187
"C:/Users/victo/OneDrive/Documents/GitHub/The-Last/The Last/GameAlpha/TheLast/Content/NewAnimations/ProvisionalAnimBlueprint.uasset" 188
"C:/Users/victo/OneDrive/Documents/GitHub/The-Last/The Last/GameAlpha/TheLast/Content/NewAnimations/Ch24_1001_Diffuse.uasset" 189
"C:/Users/victo/OneDrive/Documents/GitHub/The-Last/The Last/GameAlpha/TheLast/Content/NewAnimations/Ch24_1001_Glossiness.uasset" 190
"C:/Users/victo/OneDrive/Documents/GitHub/The-Last/The Last/GameAlpha/TheLast/Content/NewAnimations/Ch24_1001_Normal.uasset" 191
"C:/Users/victo/OneDrive/Documents/GitHub/The-Last/The Last/GameAlpha/TheLast/Content/NewAnimations/Ch24_1001_Specular.uasset" 192
"C:/Users/victo/OneDrive/Documents/GitHub/The-Last/The Last/GameAlpha/TheLast/Content/NewAnimations/Ch24_Body.uasset" 193
"C:/Users/victo/OneDrive/Documents/GitHub/The-Last/The Last/GameAlpha/TheLast/Content/NewAnimations/character_PhysicsAsset.uasset" 194
"C:/Users/victo/OneDrive/Documents/GitHub/The-Last/The Last/GameAlpha/TheLast/Content/NewAnimations/character.uasset" 195
"C:/Users/victo/OneDrive/Documents/GitHub/The-Last/The Last/GameAlpha/TheLast/Content/Fuente/Knight2.uasset" 196
"C:/Users/victo/OneDrive/Documents/GitHub/The-Last/The Last/GameAlpha/TheLast/Content/Fuente/Fuente_Menu.uasset" 197
"C:/Users/victo/OneDrive/Documents/GitHub/The-Last/The Last/GameAlpha/TheLast/Content/ThirdPersonBP/Menu/PauseMenu.uasset" 198
"C:/Users/victo/OneDrive/Documents/GitHub/The-Last/The Last/GameAlpha/TheLast/Content/NewAnimations/ProvisionalCharacter.uasset" 199
"C:/Users/victo/OneDrive/Documents/GitHub/The-Last/The Last/GameAlpha/TheLast/Content/ThirdPersonBP/Blueprints/ThirdPersonGameMode.uasset" 200
"C:/Users/victo/OneDrive/Documents/GitHub/The-Last/The Last/GameAlpha/TheLast/Content/ThirdPersonBP/Menu/SaveOptions.uasset" 201
"C:/Users/victo/OneDrive/Documents/GitHub/The-Last/The Last/GameAlpha/TheLast/Content/ThirdPersonBP/Menu/THE_LAST.uasset" 202
"C:/Users/victo/OneDrive/Documents/GitHub/The-Last/The Last/GameAlpha/TheLast/Content/UI/CursorTexture.uasset" 203
"C:/Users/victo/OneDrive/Documents/GitHub/The-Last/The Last/GameAlpha/TheLast/Content/UI/Cursor.uasset" 204
"../../../Engine/Content/Animation/DefaultAnimCurveCompressionSettings.uasset" 205
"../../../Engine/Content/Functions/Engine_MaterialFunctions01/Opacity/CameraDepthFade.uasset" 206
"../../../Engine/Content/EngineMaterials/T_Default_Material_Grid_M.uasset" 207
"../../../Engine/Content/EngineMaterials/T_Default_Material_Grid_N.uasset" 208
"../../../Engine/Content/EngineMaterials/WorldGridMaterial.uasset" 209
"../../../Engine/Content/ArtTools/RenderToTexture/Meshes/S_1_Unit_Plane.uasset" 210
"../../../Engine/Content/EngineMaterials/DefaultMaterial.uasset" 211
"../../../Engine/Content/BasicShapes/Sphere.uasset" 212
"../../../Engine/Content/EditorLandscapeResources/DataLayer.uasset" 213
"../../../Engine/Content/EditorMaterials/GizmoMaterial.uasset" 214
"../../../Engine/Content/EditorMaterials/MAT_Groups_Toggle.uasset" 215
"../../../Engine/Content/EditorMaterials/MAT_Groups_Visibility.uasset" 216
"../../../Engine/Content/EditorMaterials/PreviewShadowIndicator.uasset" 217
"../../../Engine/Content/EditorMaterials/PreviewShadowIndicatorMaterial.uasset" 218
"../../../Engine/Content/EditorMaterials/MatineeGroups/MAT_ColorTrack.uasset" 219
"../../../Engine/Content/EditorMaterials/MatineeGroups/MAT_Groups_Anim.uasset" 220
"../../../Engine/Content/EditorMaterials/MatineeGroups/MAT_Groups_AudioMaster.uasset" 221
"../../../Engine/Content/EditorMaterials/MatineeGroups/MAT_Groups_Director.uasset" 222
"../../../Engine/Content/EditorMaterials/MatineeGroups/MAT_Groups_Event.uasset" 223
"../../../Engine/Content/EditorMaterials/MatineeGroups/MAT_Groups_Fade.uasset" 224
"../../../Engine/Content/EditorMaterials/MatineeGroups/MAT_Groups_Float.uasset" 225
"../../../Engine/Content/EditorMaterials/MatineeGroups/MAT_Groups_Move.uasset" 226
"../../../Engine/Content/EditorMaterials/MatineeGroups/MAT_Groups_Slomo.uasset" 227
"../../../Engine/Content/EditorMaterials/MatineeGroups/MAT_Groups_Sound.uasset" 228
"../../../Engine/Content/EditorMaterials/MatineeGroups/MAT_Groups_Vector.uasset" 229
"../../../Engine/Content/EditorMaterials/ParticleSystems/PSysThumbnail_NoImage.uasset" 230
"../../../Engine/Content/EditorMaterials/ParticleSystems/PSysThumbnail_OOD.uasset" 231
"../../../Engine/Content/EditorMaterials/Camera/CineMat.uasset" 232
"../../../Engine/Content/EditorMaterials/Camera/MI_CineMat_Rig.uasset" 233
"../../../Engine/Content/EditorMeshes/Camera/SM_CraneRig_Arm.uasset" 234
"../../../Engine/Content/EditorMeshes/Camera/SM_CraneRig_Base.uasset" 235
"../../../Engine/Content/EditorMeshes/Camera/SM_CraneRig_Body.uasset" 236
"../../../Engine/Content/EditorMeshes/Camera/SM_CraneRig_Mount.uasset" 237
"../../../Engine/Content/EditorMeshes/Camera/SM_RailRig_Mount.uasset" 238
"../../../Engine/Content/EditorMeshes/Camera/SM_RailRig_Track.uasset" 239
"../../../Engine/Content/EditorResources/BSPVertex.uasset" 240
"../../../Engine/Content/EditorResources/EmptyActor.uasset" 241
"../../../Engine/Content/EditorResources/S_Actor.uasset" 242
"../../../Engine/Content/EditorResources/S_Note.uasset" 243
"../../../Engine/Content/EditorResources/S_Solver.uasset" 244
"../../../Engine/Content/EditorResources/S_Trigger.uasset" 245
"../../../Engine/Content/EditorResources/AudioIcons/S_AudioComponent.uasset" 246
"../../../Engine/Content/EditorResources/AudioIcons/S_AudioComponent_AutoActivate.uasset" 247
"../../../Engine/Content/EditorResources/LightIcons/S_LightError.uasset" 248
"../../../Engine/Content/EditorResources/SequenceRecorder/Countdown.uasset" 249
"../../../Engine/Content/EditorResources/SequenceRecorder/RecordingIndicator.uasset" 250
"../../../Engine/Content/EditorSounds/Notifications/CompileFailed.uasset" 251
"../../../Engine/Content/EditorSounds/Notifications/CompileFailed_Cue.uasset" 252
"../../../Engine/Content/EditorSounds/Notifications/CompileSuccess.uasset" 253
"../../../Engine/Content/EditorSounds/Notifications/CompileStart_Cue.uasset" 254
"../../../Engine/Content/EditorSounds/Notifications/CompileSuccess_Cue.uasset" 255
"../../../Engine/Content/EngineDamageTypes/DmgTypeBP_Environmental.uasset" 256
"../../../Engine/Content/EngineDebugMaterials/HeatmapGradient.uasset" 257
"../../../Engine/Content/EngineDebugMaterials/BoneWeightMaterial.uasset" 258
"../../../Engine/Content/EngineDebugMaterials/ClothMaterial.uasset" 259
"../../../Engine/Content/EngineDebugMaterials/ClothMaterial_WF.uasset" 260
"../../../Engine/Content/EngineDebugMaterials/DebugEditorMaterial.uasset" 261
"../../../Engine/Content/EngineDebugMaterials/DebugMeshMaterial.uasset" 262
"../../../Engine/Content/EngineDebugMaterials/GeomMaterial.uasset" 263
"../../../Engine/Content/EngineDebugMaterials/M_SimpleTranslucent.uasset" 264
"../../../Engine/Content/Functions/Engine_MaterialFunctions02/Utility/CameraDirectionVector.uasset" 265
"../../../Engine/Content/EngineDebugMaterials/VolumeToRender.uasset" 266
"../../../Engine/Content/EngineDebugMaterials/M_VolumeRenderSphereTracePP.uasset" 267
"../../../Engine/Content/EngineDebugMaterials/WireframeMaterial.uasset" 268
"../../../Engine/Content/EngineFonts/Faces/RobotoBold.uasset" 269
"../../../Engine/Content/EngineFonts/Faces/RobotoBoldItalic.uasset" 270
"../../../Engine/Content/EngineFonts/Faces/RobotoItalic.uasset" 271
"../../../Engine/Content/EngineFonts/Faces/RobotoLight.uasset" 272
"../../../Engine/Content/EngineFonts/Faces/RobotoRegular.uasset" 273
"../../../Engine/Content/EngineFonts/Roboto.uasset" 274
"../../../Engine/Content/EngineMaterials/BaseFlattenDiffuseMap.uasset" 275
"../../../Engine/Content/EngineMaterials/BaseFlattenEmissiveMap.uasset" 276
"../../../Engine/Content/EngineMaterials/BaseFlattenGrayscaleMap.uasset" 277
"../../../Engine/Content/EngineMaterials/BaseFlattenNormalMap.uasset" 278
"../../../Engine/Content/EngineMaterials/BaseFlattenMaterial.uasset" 279
"../../../Engine/Content/EngineMaterials/BlueNoise.uasset" 280
"../../../Engine/Content/EngineMaterials/DefaultBloomKernel.uasset" 281
"../../../Engine/Content/EngineMaterials/DefaultBokeh.uasset" 282
"../../../Engine/Content/EngineMaterials/DefaultDiffuse.uasset" 283
"../../../Engine/Content/EngineMaterials/DefaultDeferredDecalMaterial.uasset" 284
"../../../Engine/Content/EngineMaterials/DefaultLightFunctionMaterial.uasset" 285
"../../../Engine/Content/EngineMaterials/DefaultPhysicalMaterial.uasset" 286
"../../../Engine/Content/Functions/Engine_MaterialFunctions02/Utility/BreakOutFloat2Components.uasset" 287
"../../../Engine/Content/EngineMaterials/DefaultPostProcessMaterial.uasset" 288
"../../../Engine/Content/EngineFonts/RobotoDistanceField.uasset" 289
"../../../Engine/Content/EngineMaterials/DefaultTextMaterialOpaque.uasset" 290
"../../../Engine/Content/EngineMaterials/DefaultVirtualTextureMaterial.uasset" 291
"../../../Engine/Content/EngineMaterials/DefaultWhiteGrid.uasset" 292
"../../../Engine/Content/EngineMaterials/EditorBrushMaterial.uasset" 293
"../../../Engine/Content/EngineMaterials/DefaultWhiteGrid_Low.uasset" 294
"../../../Engine/Content/EngineMaterials/EmissiveMeshMaterial.uasset" 295
"../../../Engine/Content/EngineMaterials/Good64x64TilingNoiseHighFreq.uasset" 296
"../../../Engine/Content/EngineMaterials/MiniFont.uasset" 297
"../../../Engine/Content/EngineMaterials/InvalidLightmapSettings.uasset" 298
"../../../Engine/Content/EngineMaterials/M_InvalidLightmapSettings.uasset" 299
"../../../Engine/Content/Functions/Engine_MaterialFunctions02/WorldPositionOffset/CameraOffset.uasset" 300
"../../../Engine/Content/EngineMaterials/PhAT_JointLimitMaterial.uasset" 301
"../../../Engine/Content/EngineMaterials/PreintegratedSkinBRDF.uasset" 302
"../../../Engine/Content/EngineMaterials/RemoveSurfaceMaterial.uasset" 303
"../../../Engine/Content/EngineMaterials/WeightMapPlaceholderTexture.uasset" 304
"../../../Engine/Content/EngineResources/WhiteSquareTexture.uasset" 305
"../../../Engine/Content/EngineMaterials/Widget3DPassThrough.uasset" 306
"../../../Engine/Content/EngineMaterials/Widget3DPassThrough_Masked.uasset" 307
"../../../Engine/Content/EngineMaterials/Widget3DPassThrough_Opaque.uasset" 308
"../../../Engine/Content/EngineMaterials/Widget3DPassThrough_Masked_OneSided.uasset" 309
"../../../Engine/Content/EngineMaterials/Widget3DPassThrough_Opaque_OneSided.uasset" 310
"../../../Engine/Content/EngineMaterials/Widget3DPassThrough_Translucent.uasset" 311
"../../../Engine/Content/EngineMaterials/Widget3DPassThrough_Translucent_OneSided.uasset" 312
"../../../Engine/Content/EngineMeshes/Cylinder.uasset" 313
"../../../Engine/Content/EngineMeshes/Sphere.uasset" 314
"../../../Engine/Content/EngineResources/Black.uasset" 315
"../../../Engine/Content/EngineResources/DefaultTexture.uasset" 316
"../../../Engine/Content/EngineResources/DefaultTextureCube.uasset" 317
"../../../Engine/Content/EngineResources/DefaultVolumeTexture2D.uasset" 318
"../../../Engine/Content/EngineResources/DefaultVolumeTexture.uasset" 319
"../../../Engine/Content/EngineResources/GradientTexture0.uasset" 320
"../../../Engine/Content/EngineSounds/Master.uasset" 321
"../../../Engine/Content/Functions/Engine_MaterialFunctions01/Shading/ConvertFromDiffSpec.uasset" 322
"../../../Engine/Content/Functions/Engine_MaterialFunctions01/Shading/PowerToRoughness.uasset" 323
"../../../Engine/Content/Maps/Templates/Thumbnails/Default.uasset" 324
"../../../Engine/Content/Maps/Templates/Thumbnails/VR-Basic.uasset" 325
"../../../Engine/Content/MobileResources/T_MobileControls_texture.uasset" 326
"../../../Engine/Content/MobileResources/T_MobileMenu2.uasset" 327
"../../../Engine/Content/MobileResources/HUD/AnalogHat.uasset" 328
"../../../Engine/Content/MobileResources/HUD/VirtualJoystick_Background.uasset" 329
"../../../Engine/Content/MobileResources/HUD/VirtualJoystick_Thumb.uasset" 330
"../../../Engine/Content/MobileResources/HUD/DefaultVirtualJoysticks.uasset" 331
"../../../Engine/Content/MobileResources/HUD/LeftVirtualJoystickOnly.uasset" 332
"../../../Engine/Content/MobileResources/HUD/MobileHUDButton1_off.uasset" 333
"../../../Engine/Content/MobileResources/HUD/MobileHUDButton1_on.uasset" 334
"../../../Engine/Content/MobileResources/HUD/MobileHUDButton2_off.uasset" 335
"../../../Engine/Content/MobileResources/HUD/MobileHUDButton2_on.uasset" 336
"../../../Engine/Content/MobileResources/HUD/MobileHUDButton3.uasset" 337
"../../../Engine/Content/MobileResources/HUD/MobileHUDButtonFire.uasset" 338
"../../../Engine/Content/MobileResources/HUD/MobileHUDDirectionPad.uasset" 339
"../../../Engine/Content/MobileResources/HUD/MobileHUDDirectionPad2.uasset" 340
"../../../Engine/Content/MobileResources/HUD/MobileHUDDirectionPad3.uasset" 341
"../../../Engine/Content/MobileResources/HUD/MobileHUDDirectionStick.uasset" 342
"../../../Engine/Content/MobileResources/HUD/T_Castle_ThumbstickInner.uasset" 343
"../../../Engine/Content/MobileResources/HUD/T_Castle_ThumbstickOutter.uasset" 344
"../../../Engine/Content/Tutorial/ContentIntroCurve.uasset" 345
"../../../Engine/Content/Tutorial/Basics/LevelEditorAttract.uasset" 346
"../../../Engine/Content/Tutorial/Basics/TutorialAssets/icon_tab_Levels_40x.uasset" 347
"../../../Engine/Content/Tutorial/Basics/LevelEditorOverview.uasset" 348
"../../../Engine/Content/Tutorial/Landscape/TutorialAssets/Landscape.uasset" 349
"../../../Engine/Content/Tutorial/Landscape/LandscapeWalkThrough.uasset" 350
"../../../Engine/Content/Tutorial/Landscape/Landscape_Manage_Mode.uasset" 351
"../../../Engine/Content/Tutorial/Landscape/Landscape_Painting_Mode.uasset" 352
"../../../Engine/Content/Tutorial/Landscape/Landscape_Sculpt_Mode.uasset" 353
"../../../Engine/Content/VREditor/LaserPointer/VR_LaserPower_01.uasset" 354
"../../../Engine/Content/VREditor/TransformGizmo/TransformGizmoMaterial.uasset" 355
"../../../Engine/Content/VREditor/TransformGizmo/TranslucentTransformGizmoMaterial.uasset" 356
"../../../Engine/Content/VREditor/TransformGizmo/BoundingBoxCorner.uasset" 357
"../../../Engine/Content/VREditor/TransformGizmo/BoundingBoxEdge.uasset" 358
"../../../Engine/Content/VREditor/TransformGizmo/PlaneTranslationHandle.uasset" 359
"../../../Engine/Content/VREditor/TransformGizmo/Main.uasset" 360
"../../../Engine/Content/VREditor/TransformGizmo/Xray.uasset" 361
"../../../Engine/Content/VREditor/TransformGizmo/SM_Sequencer_Key.uasset" 362
"../../../Engine/Content/VREditor/TransformGizmo/SM_Sequencer_Node.uasset" 363
"../../Plugins/2D/Paper2D/Content/PlaceholderTextures/DummySpriteTexture.uasset" 364
"../../Plugins/2D/Paper2D/Content/DummySprite.uasset" 365
"../../Plugins/2D/Paper2D/Content/DefaultPaperTerrainMaterial.uasset" 366
"../../Plugins/2D/Paper2D/Content/DummySpriteTexture.uasset" 367
"../../Plugins/2D/Paper2D/Content/DefaultSpriteMaterial.uasset" 368
"../../Plugins/2D/Paper2D/Content/MaskedUnlitSpriteMaterial.uasset" 369
"../../Plugins/2D/Paper2D/Content/OpaqueUnlitSpriteMaterial.uasset" 370
"../../Plugins/Runtime/Oculus/OculusVR/Content/OculusMR_RenderTarget.uasset" 371
"../../../Engine/Content/Functions/Engine_MaterialFunctions02/Utility/BreakOutFloat4Components.uasset" 372
"../../../Engine/Content/Functions/Engine_MaterialFunctions02/Utility/MakeFloat2.uasset" 373
"../../../Engine/Content/Functions/Engine_MaterialFunctions02/Utility/MakeFloat3.uasset" 374
"../../Plugins/Runtime/Oculus/OculusVR/Content/Materials/OculusMR_ChromaKey.uasset" 375
"../../Plugins/Runtime/Oculus/OculusVR/Content/Materials/OculusMR_ChromaKey_Lit.uasset" 376
"../../Plugins/Runtime/Oculus/OculusVR/Content/Materials/OculusMR_OpaqueColoredMaterial.uasset" 377
"../../Plugins/Runtime/Oculus/OculusVR/Content/Materials/OculusMR_WhiteMaterial.uasset" 378
"../../../Engine/Content/EngineSky/C_Sky_Cloud_Color.uasset" 379
"../../../Engine/Content/EngineSky/C_Sky_Horizon_Color.uasset" 380
"../../../Engine/Content/EngineSky/C_Sky_Zenith_Color.uasset" 381
"../../../Engine/Content/EngineSky/T_Sky_Blue.uasset" 382
"../../../Engine/Content/EngineSky/T_Sky_Clouds_M.uasset" 383
"../../../Engine/Content/EngineSky/T_Sky_Stars.uasset" 384
"../../../Engine/Content/EngineSky/M_Sky_Panning_Clouds2.uasset" 385
"../../../Engine/Content/EngineSky/SM_SkySphere.uasset" 386
"../../../Engine/Content/EngineSky/BP_Sky_Sphere.uasset" 387
"C:/Users/victo/OneDrive/Documents/GitHub/The-Last/The Last/GameAlpha/TheLast/Content/Maps/Pantano_BuiltData.uasset" 388
"../../../Engine/Content/BasicShapes/BasicShapeMaterial.uasset" 389
"C:/Users/victo/OneDrive/Documents/GitHub/The-Last/The Last/GameAlpha/TheLast/Content/Geometry/Meshes/CubeMaterial.uasset" 390
"C:/Users/victo/OneDrive/Documents/GitHub/The-Last/The Last/GameAlpha/TheLast/Content/StarterContent/Textures/T_Perlin_Noise_M.uasset" 391
"C:/Users/victo/OneDrive/Documents/GitHub/The-Last/The Last/GameAlpha/TheLast/Content/StarterContent/Textures/T_Water_N.uasset" 392
"C:/Users/victo/OneDrive/Documents/GitHub/The-Last/The Last/GameAlpha/TheLast/Content/StarterContent/Materials/M_Water_Lake.uasset" 393
"../../../Engine/Content/BasicShapes/Cone.uasset" 394
"../../../Engine/Content/BasicShapes/Cube.uasset" 395
"../../../Engine/Content/BasicShapes/Cylinder.uasset" 396
"../../../Engine/Content/BasicShapes/Plane.uasset" 397
"C:/Users/victo/OneDrive/Documents/GitHub/The-Last/The Last/GameAlpha/TheLast/Content/Assets/Barril.uasset" 398
"C:/Users/victo/OneDrive/Documents/GitHub/The-Last/The Last/GameAlpha/TheLast/Content/Assets/CajaMadera.uasset" 399
"C:/Users/victo/OneDrive/Documents/GitHub/The-Last/The Last/GameAlpha/TheLast/Content/Assets/Box002Mat.uasset" 400
"C:/Users/victo/OneDrive/Documents/GitHub/The-Last/The Last/GameAlpha/TheLast/Content/Assets/hacha.uasset" 401
"C:/Users/victo/OneDrive/Documents/GitHub/The-Last/The Last/GameAlpha/TheLast/Content/Assets/Group1Mat.uasset" 402
"C:/Users/victo/OneDrive/Documents/GitHub/The-Last/The Last/GameAlpha/TheLast/Content/Assets/Lobo_Group1.uasset" 403
"C:/Users/victo/OneDrive/Documents/GitHub/The-Last/The Last/GameAlpha/TheLast/Content/Assets/Martillo.uasset" 404
"C:/Users/victo/OneDrive/Documents/GitHub/The-Last/The Last/GameAlpha/TheLast/Content/Assets/Yunque.uasset" 405
"C:/Users/victo/OneDrive/Documents/GitHub/The-Last/The Last/GameAlpha/TheLast/Content/Geometry/Meshes/TemplateFloor.uasset" 406
"C:/Users/victo/OneDrive/Documents/GitHub/The-Last/The Last/GameAlpha/TheLast/Content/Maps/Pantano.umap" 407
"C:/Users/victo/OneDrive/Documents/GitHub/The-Last/The Last/GameAlpha/TheLast/Content/MCO_Mocap_Basics/Animation/Conversations/Root_Motion/Convo_01_Low_Key_Loop.uasset" 408
"C:/Users/victo/OneDrive/Documents/GitHub/The-Last/The Last/GameAlpha/TheLast/Content/MCO_Mocap_Basics/Animation/Conversations/Root_Motion/Convo_11_Listening_Loop.uasset" 409
"C:/Users/victo/OneDrive/Documents/GitHub/The-Last/The Last/GameAlpha/TheLast/Content/MCO_Mocap_Basics/Animation/Mobility_Pro/In_Place/MOB1_Crouch_Idle_V2_IPC.uasset" 410
"C:/Users/victo/OneDrive/Documents/GitHub/The-Last/The Last/GameAlpha/TheLast/Content/MCO_Mocap_Basics/Animation/Mobility_Pro/In_Place/MOB1_CrouchWalk_F_IPC.uasset" 411
"C:/Users/victo/OneDrive/Documents/GitHub/The-Last/The Last/GameAlpha/TheLast/Content/MCO_Mocap_Basics/Animation/Mobility_Pro/In_Place/MOB1_Jog_F_IPC.uasset" 412
"C:/Users/victo/OneDrive/Documents/GitHub/The-Last/The Last/GameAlpha/TheLast/Content/MCO_Mocap_Basics/Animation/Mobility_Pro/In_Place/MOB1_Jog_F_to_Stand_Relaxed_RU_IPC.uasset" 413
"C:/Users/victo/OneDrive/Documents/GitHub/The-Last/The Last/GameAlpha/TheLast/Content/MCO_Mocap_Basics/Animation/Mobility_Pro/In_Place/MOB1_Run_F_IPC.uasset" 414
"C:/Users/victo/OneDrive/Documents/GitHub/The-Last/The Last/GameAlpha/TheLast/Content/MCO_Mocap_Basics/Animation/Mobility_Pro/In_Place/MOB1_Run_F_to_Stand_Relaxed_RU_IPC.uasset" 415
"C:/Users/victo/OneDrive/Documents/GitHub/The-Last/The Last/GameAlpha/TheLast/Content/MCO_Mocap_Basics/Animation/Mobility_Pro/In_Place/MOB1_Stand_Relaxed_Death_B_IPC.uasset" 416
"C:/Users/victo/OneDrive/Documents/GitHub/The-Last/The Last/GameAlpha/TheLast/Content/MCO_Mocap_Basics/Animation/Mobility_Pro/In_Place/MOB1_Stand_Relaxed_Fgt_v1_IPC.uasset" 417
"C:/Users/victo/OneDrive/Documents/GitHub/The-Last/The Last/GameAlpha/TheLast/Content/MCO_Mocap_Basics/Animation/Mobility_Pro/In_Place/MOB1_Stand_Relaxed_Fgt_v4_IPC.uasset" 418
"C:/Users/victo/OneDrive/Documents/GitHub/The-Last/The Last/GameAlpha/TheLast/Content/MCO_Mocap_Basics/Animation/Mobility_Pro/In_Place/MOB1_Stand_Relaxed_Idle_v2_IPC.uasset" 419
"C:/Users/victo/OneDrive/Documents/GitHub/The-Last/The Last/GameAlpha/TheLast/Content/MCO_Mocap_Basics/Animation/Mobility_Pro/In_Place/MOB1_Walk_F_IPC.uasset" 420
"C:/Users/victo/OneDrive/Documents/GitHub/The-Last/The Last/GameAlpha/TheLast/Content/MCO_Mocap_Basics/Animation/Scared/In_Place/SCR_Walk_Scared_Fwd_Look_Left_Loop_IP.uasset" 421
"C:/Users/victo/OneDrive/Documents/GitHub/The-Last/The Last/GameAlpha/TheLast/Content/MCO_Mocap_Basics/Animation/Scared/In_Place/SCR_Walk_Scared_Fwd_Look_Right_Loop_IP.uasset" 422
"C:/Users/victo/OneDrive/Documents/GitHub/The-Last/The Last/GameAlpha/TheLast/Content/MCO_Mocap_Basics/Animation/Walks/In_Place/Walk_02_Cheerful_Loop_IP.uasset" 423
"C:/Users/victo/OneDrive/Documents/GitHub/The-Last/The Last/GameAlpha/TheLast/Content/MCO_Mocap_Basics/Animation/Walks/In_Place/Walk_04_Texting_Loop_IP.uasset" 424
"C:/Users/victo/OneDrive/Documents/GitHub/The-Last/The Last/GameAlpha/TheLast/Content/MCO_Mocap_Basics/Animation/Walks/In_Place/Walk_06_Look_Around_Loop_IP.uasset" 425
"C:/Users/victo/OneDrive/Documents/GitHub/The-Last/The Last/GameAlpha/TheLast/Content/MCO_Mocap_Basics/Animation/Walks/In_Place/Walk_08_Listen_Music_Loop_IP.uasset" 426
"C:/Users/victo/OneDrive/Documents/GitHub/The-Last/The Last/GameAlpha/TheLast/Content/MCO_Mocap_Basics/Animation/Walks/In_Place/Walk_13_Power_Walk_Loop_IP.uasset" 427
"../../../Engine/Content/TemplateResources/M_Template_Master.uasset" 428
"../../../Engine/Content/TemplateResources/MI_Template_BaseGray_03_Metal.uasset" 429
"../../../Engine/Content/Functions/MaterialLayerFunctions/MatLayerBlend_AO.uasset" 430
"C:/Users/victo/OneDrive/Documents/GitHub/The-Last/The Last/GameAlpha/TheLast/Content/MCO_Mocap_Basics/Character/Materials/MaterialLayers/T_ML_Rubber_Blue_01_D.uasset" 431
"C:/Users/victo/OneDrive/Documents/GitHub/The-Last/The Last/GameAlpha/TheLast/Content/MCO_Mocap_Basics/Character/Materials/MaterialLayers/T_ML_Rubber_Blue_01_N.uasset" 432
"C:/Users/victo/OneDrive/Documents/GitHub/The-Last/The Last/GameAlpha/TheLast/Content/MCO_Mocap_Basics/Character/Materials/MaterialLayers/ML_GlossyBlack_Latex_UE4.uasset" 433
"C:/Users/victo/OneDrive/Documents/GitHub/The-Last/The Last/GameAlpha/TheLast/Content/MCO_Mocap_Basics/Character/Materials/MaterialLayers/ML_Plastic_Shiny_Beige.uasset" 434
"C:/Users/victo/OneDrive/Documents/GitHub/The-Last/The Last/GameAlpha/TheLast/Content/MCO_Mocap_Basics/Character/Textures/UE4_LOGO_CARD.uasset" 435
"C:/Users/victo/OneDrive/Documents/GitHub/The-Last/The Last/GameAlpha/TheLast/Content/MCO_Mocap_Basics/Character/Materials/MaterialLayers/ML_Plastic_Shiny_Beige_LOGO.uasset" 436
"C:/Users/victo/OneDrive/Documents/GitHub/The-Last/The Last/GameAlpha/TheLast/Content/MCO_Mocap_Basics/Character/Materials/MaterialLayers/T_ML_Aluminum01.uasset" 437
"C:/Users/victo/OneDrive/Documents/GitHub/The-Last/The Last/GameAlpha/TheLast/Content/MCO_Mocap_Basics/Character/Materials/MaterialLayers/T_ML_Aluminum01_N.uasset" 438
"C:/Users/victo/OneDrive/Documents/GitHub/The-Last/The Last/GameAlpha/TheLast/Content/MCO_Mocap_Basics/Character/Materials/MaterialLayers/ML_SoftMetal_UE4.uasset" 439
"C:/Users/victo/OneDrive/Documents/GitHub/The-Last/The Last/GameAlpha/TheLast/Content/MCO_Mocap_Basics/Character/Textures/UE4_Mannequin__normals.uasset" 440
"C:/Users/victo/OneDrive/Documents/GitHub/The-Last/The Last/GameAlpha/TheLast/Content/MCO_Mocap_Basics/Character/Textures/UE4_Mannequin_MAT_MASKA.uasset" 441
"C:/Users/victo/OneDrive/Documents/GitHub/The-Last/The Last/GameAlpha/TheLast/Content/MCO_Mocap_Basics/Character/Textures/UE4_Mannequin_occlusion.uasset" 442
"C:/Users/victo/OneDrive/Documents/GitHub/The-Last/The Last/GameAlpha/TheLast/Content/MCO_Mocap_Basics/Character/Materials/M_UE4Man_Body.uasset" 443
"C:/Users/victo/OneDrive/Documents/GitHub/The-Last/The Last/GameAlpha/TheLast/Content/MCO_Mocap_Basics/Character/Textures/UE4Man_Logo_N.uasset" 444
"C:/Users/victo/OneDrive/Documents/GitHub/The-Last/The Last/GameAlpha/TheLast/Content/MCO_Mocap_Basics/Character/Materials/M_UE4Man_ChestLogo.uasset" 445
"C:/Users/victo/OneDrive/Documents/GitHub/The-Last/The Last/GameAlpha/TheLast/Content/MCO_Mocap_Basics/Character/Mesh/SK_Mannequin_PhysicsAsset.uasset" 446
"C:/Users/victo/OneDrive/Documents/GitHub/The-Last/The Last/GameAlpha/TheLast/Content/MCO_Mocap_Basics/Character/Mesh/SK_Mannequin.uasset" 447
"C:/Users/victo/OneDrive/Documents/GitHub/The-Last/The Last/GameAlpha/TheLast/Content/MCO_Mocap_Basics/Overview.umap" 448
"C:/Users/victo/OneDrive/Documents/GitHub/The-Last/The Last/GameAlpha/TheLast/Content/StarterContent/Blueprints/Assets/FogBrightnessLUT.uasset" 449
"C:/Users/victo/OneDrive/Documents/GitHub/The-Last/The Last/GameAlpha/TheLast/Content/StarterContent/Blueprints/Assets/SunlightColorLUT.uasset" 450
"C:/Users/victo/OneDrive/Documents/GitHub/The-Last/The Last/GameAlpha/TheLast/Content/StarterContent/Blueprints/Assets/M_LightStage_Arrows.uasset" 451
"../../../Engine/Content/MapTemplates/Sky/DaylightAmbientCubemap.uasset" 452
"C:/Users/victo/OneDrive/Documents/GitHub/The-Last/The Last/GameAlpha/TheLast/Content/StarterContent/Blueprints/Assets/M_LightStage_Skybox_Master.uasset" 453
"C:/Users/victo/OneDrive/Documents/GitHub/The-Last/The Last/GameAlpha/TheLast/Content/StarterContent/Blueprints/Assets/M_LightStage_Skybox_Black.uasset" 454
"C:/Users/victo/OneDrive/Documents/GitHub/The-Last/The Last/GameAlpha/TheLast/Content/StarterContent/Blueprints/Assets/M_LightStage_Skybox_HDRI.uasset" 455
"../../../Engine/Content/EditorMaterials/Thumbnails/SkySphereMaterial.uasset" 456
"C:/Users/victo/OneDrive/Documents/GitHub/The-Last/The Last/GameAlpha/TheLast/Content/StarterContent/Blueprints/Assets/Skybox.uasset" 457
"C:/Users/victo/OneDrive/Documents/GitHub/The-Last/The Last/GameAlpha/TheLast/Content/StarterContent/Blueprints/Assets/SM_Arrows.uasset" 458
"C:/Users/victo/OneDrive/Documents/GitHub/The-Last/The Last/GameAlpha/TheLast/Content/StarterContent/HDRI/HDRI_Epic_Courtyard_Daylight.uasset" 459
"C:/Users/victo/OneDrive/Documents/GitHub/The-Last/The Last/GameAlpha/TheLast/Content/StarterContent/Blueprints/BP_LightStudio.uasset" 460
"C:/Users/victo/OneDrive/Documents/GitHub/The-Last/The Last/GameAlpha/TheLast/Content/StarterContent/Maps/Advanced_Lighting_BuiltData.uasset" 461
"C:/Users/victo/OneDrive/Documents/GitHub/The-Last/The Last/GameAlpha/TheLast/Content/StarterContent/Materials/M_AssetPlatform.uasset" 462
"../../../Engine/Content/EditorMeshes/ColorCalibrator/M_ChromeBall.uasset" 463
"../../../Engine/Content/EditorMeshes/ColorCalibrator/M_ClearCoat.uasset" 464
"../../../Engine/Content/EditorMeshes/ColorCalibrator/M_ClearCoatBlack.uasset" 465
"../../../Engine/Content/EditorMeshes/ColorCalibrator/Color_checker.uasset" 466
"../../../Engine/Content/EditorMeshes/ColorCalibrator/M_ColorGrid.uasset" 467
"../../../Engine/Content/EditorMeshes/ColorCalibrator/M_GreyBall.uasset" 468
"../../../Engine/Content/EditorMeshes/ColorCalibrator/SM_ColorCalibrator.uasset" 469
"C:/Users/victo/OneDrive/Documents/GitHub/The-Last/The Last/GameAlpha/TheLast/Content/StarterContent/Architecture/SM_AssetPlatform.uasset" 470
"C:/Users/victo/OneDrive/Documents/GitHub/The-Last/The Last/GameAlpha/TheLast/Content/StarterContent/Maps/Advanced_Lighting.umap" 471
"C:/Users/victo/OneDrive/Documents/GitHub/The-Last/The Last/GameAlpha/TheLast/Content/StarterContent/Maps/Minimal_Default_BuiltData.uasset" 472
"C:/Users/victo/OneDrive/Documents/GitHub/The-Last/The Last/GameAlpha/TheLast/Content/StarterContent/Textures/T_MacroVariation.uasset" 473
"C:/Users/victo/OneDrive/Documents/GitHub/The-Last/The Last/GameAlpha/TheLast/Content/StarterContent/Materials/M_Metal_Brushed_Nickel.uasset" 474
"C:/Users/victo/OneDrive/Documents/GitHub/The-Last/The Last/GameAlpha/TheLast/Content/StarterContent/Textures/T_Metal_Aluminum_D.uasset" 475
"C:/Users/victo/OneDrive/Documents/GitHub/The-Last/The Last/GameAlpha/TheLast/Content/StarterContent/Textures/T_Metal_Gold_N.uasset" 476
"C:/Users/victo/OneDrive/Documents/GitHub/The-Last/The Last/GameAlpha/TheLast/Content/StarterContent/Materials/M_Metal_Burnished_Steel.uasset" 477
"C:/Users/victo/OneDrive/Documents/GitHub/The-Last/The Last/GameAlpha/TheLast/Content/StarterContent/Textures/T_Metal_Copper_D.uasset" 478
"C:/Users/victo/OneDrive/Documents/GitHub/The-Last/The Last/GameAlpha/TheLast/Content/StarterContent/Materials/M_Metal_Copper.uasset" 479
"C:/Users/victo/OneDrive/Documents/GitHub/The-Last/The Last/GameAlpha/TheLast/Content/StarterContent/Textures/T_Statue_M.uasset" 480
"C:/Users/victo/OneDrive/Documents/GitHub/The-Last/The Last/GameAlpha/TheLast/Content/StarterContent/Textures/T_Statue_N.uasset" 481
"C:/Users/victo/OneDrive/Documents/GitHub/The-Last/The Last/GameAlpha/TheLast/Content/StarterContent/Props/Materials/M_StatueGlass.uasset" 482
"C:/Users/victo/OneDrive/Documents/GitHub/The-Last/The Last/GameAlpha/TheLast/Content/StarterContent/Architecture/Floor_400x400.uasset" 483
"C:/Users/victo/OneDrive/Documents/GitHub/The-Last/The Last/GameAlpha/TheLast/Content/StarterContent/Audio/Starter_Background_Cue.uasset" 484
"C:/Users/victo/OneDrive/Documents/GitHub/The-Last/The Last/GameAlpha/TheLast/Content/StarterContent/Props/SM_Chair.uasset" 485
"C:/Users/victo/OneDrive/Documents/GitHub/The-Last/The Last/GameAlpha/TheLast/Content/StarterContent/Props/Materials/M_Statue.uasset" 486
"C:/Users/victo/OneDrive/Documents/GitHub/The-Last/The Last/GameAlpha/TheLast/Content/StarterContent/Props/SM_Statue.uasset" 487
"C:/Users/victo/OneDrive/Documents/GitHub/The-Last/The Last/GameAlpha/TheLast/Content/StarterContent/Textures/T_TableRound_M.uasset" 488
"C:/Users/victo/OneDrive/Documents/GitHub/The-Last/The Last/GameAlpha/TheLast/Content/StarterContent/Textures/T_TableRound_N.uasset" 489
"C:/Users/victo/OneDrive/Documents/GitHub/The-Last/The Last/GameAlpha/TheLast/Content/StarterContent/Props/Materials/M_TableRound.uasset" 490
"C:/Users/victo/OneDrive/Documents/GitHub/The-Last/The Last/GameAlpha/TheLast/Content/StarterContent/Props/SM_TableRound.uasset" 491
"C:/Users/victo/OneDrive/Documents/GitHub/The-Last/The Last/GameAlpha/TheLast/Content/StarterContent/Maps/Minimal_Default.umap" 492
"C:/Users/victo/OneDrive/Documents/GitHub/The-Last/The Last/GameAlpha/TheLast/Content/StarterContent/Audio/Fire01_Cue.uasset" 493
"C:/Users/victo/OneDrive/Documents/GitHub/The-Last/The Last/GameAlpha/TheLast/Content/StarterContent/Textures/T_Fire_SubUV.uasset" 494
"C:/Users/victo/OneDrive/Documents/GitHub/The-Last/The Last/GameAlpha/TheLast/Content/StarterContent/Textures/T_Fire_Tiled_D.uasset" 495
"C:/Users/victo/OneDrive/Documents/GitHub/The-Last/The Last/GameAlpha/TheLast/Content/StarterContent/Particles/Materials/M_Fire_SubUV.uasset" 496
"C:/Users/victo/OneDrive/Documents/GitHub/The-Last/The Last/GameAlpha/TheLast/Content/StarterContent/Particles/Materials/M_Heat_Distortion.uasset" 497
"C:/Users/victo/OneDrive/Documents/GitHub/The-Last/The Last/GameAlpha/TheLast/Content/StarterContent/Particles/Materials/M_Radial_Gradient.uasset" 498
"C:/Users/victo/OneDrive/Documents/GitHub/The-Last/The Last/GameAlpha/TheLast/Content/StarterContent/Particles/P_Fire.uasset" 499
"C:/Users/victo/OneDrive/Documents/GitHub/The-Last/The Last/GameAlpha/TheLast/Content/StarterContent/Blueprints/Blueprint_Effect_Fire.uasset" 500
"C:/Users/victo/OneDrive/Documents/GitHub/The-Last/The Last/GameAlpha/TheLast/Content/StarterContent/Audio/Smoke01_Cue.uasset" 501
"C:/Users/victo/OneDrive/Documents/GitHub/The-Last/The Last/GameAlpha/TheLast/Content/StarterContent/Particles/P_Smoke.uasset" 502
"C:/Users/victo/OneDrive/Documents/GitHub/The-Last/The Last/GameAlpha/TheLast/Content/StarterContent/Blueprints/Blueprint_Effect_Smoke.uasset" 503
"C:/Users/victo/OneDrive/Documents/GitHub/The-Last/The Last/GameAlpha/TheLast/Content/StarterContent/Audio/Fire_Sparks01_Cue.uasset" 504
"C:/Users/victo/OneDrive/Documents/GitHub/The-Last/The Last/GameAlpha/TheLast/Content/StarterContent/Textures/T_Spark_Core.uasset" 505
"C:/Users/victo/OneDrive/Documents/GitHub/The-Last/The Last/GameAlpha/TheLast/Content/StarterContent/Particles/Materials/M_Spark.uasset" 506
"C:/Users/victo/OneDrive/Documents/GitHub/The-Last/The Last/GameAlpha/TheLast/Content/StarterContent/Particles/P_Sparks.uasset" 507
"C:/Users/victo/OneDrive/Documents/GitHub/The-Last/The Last/GameAlpha/TheLast/Content/StarterContent/Blueprints/Blueprint_Effect_Sparks.uasset" 508
"C:/Users/victo/OneDrive/Documents/GitHub/The-Last/The Last/GameAlpha/TheLast/Content/StarterContent/Audio/Steam01_Cue.uasset" 509
"C:/Users/victo/OneDrive/Documents/GitHub/The-Last/The Last/GameAlpha/TheLast/Content/StarterContent/Particles/P_Steam_Lit.uasset" 510
"C:/Users/victo/OneDrive/Documents/GitHub/The-Last/The Last/GameAlpha/TheLast/Content/StarterContent/Blueprints/Blueprint_Effect_Steam.uasset" 511
"C:/Users/victo/OneDrive/Documents/GitHub/The-Last/The Last/GameAlpha/TheLast/Content/StarterContent/Textures/T_Lamp_M.uasset" 512
"C:/Users/victo/OneDrive/Documents/GitHub/The-Last/The Last/GameAlpha/TheLast/Content/StarterContent/Textures/T_Lamp_N.uasset" 513
"C:/Users/victo/OneDrive/Documents/GitHub/The-Last/The Last/GameAlpha/TheLast/Content/StarterContent/Props/Materials/M_Lamp.uasset" 514
"C:/Users/victo/OneDrive/Documents/GitHub/The-Last/The Last/GameAlpha/TheLast/Content/StarterContent/Props/SM_Lamp_Ceiling.uasset" 515
"C:/Users/victo/OneDrive/Documents/GitHub/The-Last/The Last/GameAlpha/TheLast/Content/StarterContent/Blueprints/Blueprint_CeilingLight.uasset" 516
"C:/Users/victo/OneDrive/Documents/GitHub/The-Last/The Last/GameAlpha/TheLast/Content/StarterContent/Props/SM_Lamp_Wall.uasset" 517
"C:/Users/victo/OneDrive/Documents/GitHub/The-Last/The Last/GameAlpha/TheLast/Content/StarterContent/Blueprints/Blueprint_WallSconce.uasset" 518
"C:/Users/victo/OneDrive/Documents/GitHub/The-Last/The Last/GameAlpha/TheLast/Content/StarterContent/Maps/StarterMap_BuiltData.uasset" 519
"../../../Engine/Content/Functions/Engine_MaterialFunctions03/Procedurals/ComputeFilterWidth.uasset" 520
"../../../Engine/Content/EngineMaterials/AntiAliasedTextMaterialTranslucent.uasset" 521
"C:/Users/victo/OneDrive/Documents/GitHub/The-Last/The Last/GameAlpha/TheLast/Content/StarterContent/Textures/T_Brick_Clay_Beveled_D.uasset" 522
"C:/Users/victo/OneDrive/Documents/GitHub/The-Last/The Last/GameAlpha/TheLast/Content/StarterContent/Textures/T_Brick_Clay_Beveled_M.uasset" 523
"C:/Users/victo/OneDrive/Documents/GitHub/The-Last/The Last/GameAlpha/TheLast/Content/StarterContent/Textures/T_Brick_Clay_Beveled_N.uasset" 524
"C:/Users/victo/OneDrive/Documents/GitHub/The-Last/The Last/GameAlpha/TheLast/Content/StarterContent/Materials/M_Brick_Clay_Beveled.uasset" 525
"C:/Users/victo/OneDrive/Documents/GitHub/The-Last/The Last/GameAlpha/TheLast/Content/StarterContent/Textures/T_Brick_Clay_New_D.uasset" 526
"C:/Users/victo/OneDrive/Documents/GitHub/The-Last/The Last/GameAlpha/TheLast/Content/StarterContent/Textures/T_Brick_Clay_New_M.uasset" 527
"C:/Users/victo/OneDrive/Documents/GitHub/The-Last/The Last/GameAlpha/TheLast/Content/StarterContent/Textures/T_Brick_Clay_New_N.uasset" 528
"C:/Users/victo/OneDrive/Documents/GitHub/The-Last/The Last/GameAlpha/TheLast/Content/StarterContent/Materials/M_Brick_Clay_New.uasset" 529
"C:/Users/victo/OneDrive/Documents/GitHub/The-Last/The Last/GameAlpha/TheLast/Content/StarterContent/Textures/T_Brick_Clay_Old_D.uasset" 530
"C:/Users/victo/OneDrive/Documents/GitHub/The-Last/The Last/GameAlpha/TheLast/Content/StarterContent/Textures/T_Brick_Clay_Old_N.uasset" 531
"C:/Users/victo/OneDrive/Documents/GitHub/The-Last/The Last/GameAlpha/TheLast/Content/StarterContent/Materials/M_Brick_Clay_Old.uasset" 532
"C:/Users/victo/OneDrive/Documents/GitHub/The-Last/The Last/GameAlpha/TheLast/Content/StarterContent/Textures/T_Brick_Cut_Stone_D.uasset" 533
"C:/Users/victo/OneDrive/Documents/GitHub/The-Last/The Last/GameAlpha/TheLast/Content/StarterContent/Textures/T_Brick_Cut_Stone_N.uasset" 534
"C:/Users/victo/OneDrive/Documents/GitHub/The-Last/The Last/GameAlpha/TheLast/Content/StarterContent/Materials/M_Brick_Cut_Stone.uasset" 535
"C:/Users/victo/OneDrive/Documents/GitHub/The-Last/The Last/GameAlpha/TheLast/Content/StarterContent/Textures/T_Brick_Hewn_Stone_D.uasset" 536
"C:/Users/victo/OneDrive/Documents/GitHub/The-Last/The Last/GameAlpha/TheLast/Content/StarterContent/Textures/T_Brick_Hewn_Stone_M.uasset" 537
"C:/Users/victo/OneDrive/Documents/GitHub/The-Last/The Last/GameAlpha/TheLast/Content/StarterContent/Textures/T_Brick_Hewn_Stone_N.uasset" 538
"C:/Users/victo/OneDrive/Documents/GitHub/The-Last/The Last/GameAlpha/TheLast/Content/StarterContent/Materials/M_Brick_Hewn_Stone.uasset" 539
"C:/Users/victo/OneDrive/Documents/GitHub/The-Last/The Last/GameAlpha/TheLast/Content/StarterContent/Textures/T_Ceramic_Tile_M.uasset" 540
"C:/Users/victo/OneDrive/Documents/GitHub/The-Last/The Last/GameAlpha/TheLast/Content/StarterContent/Textures/T_Ceramic_Tile_N.uasset" 541
"C:/Users/victo/OneDrive/Documents/GitHub/The-Last/The Last/GameAlpha/TheLast/Content/StarterContent/Textures/T_Rock_Marble_Polished_D.uasset" 542
"C:/Users/victo/OneDrive/Documents/GitHub/The-Last/The Last/GameAlpha/TheLast/Content/StarterContent/Materials/M_Ceramic_Tile_Checker.uasset" 543
"C:/Users/victo/OneDrive/Documents/GitHub/The-Last/The Last/GameAlpha/TheLast/Content/StarterContent/Textures/T_CobbleStone_Pebble_D.uasset" 544
"C:/Users/victo/OneDrive/Documents/GitHub/The-Last/The Last/GameAlpha/TheLast/Content/StarterContent/Textures/T_CobbleStone_Pebble_M.uasset" 545
"C:/Users/victo/OneDrive/Documents/GitHub/The-Last/The Last/GameAlpha/TheLast/Content/StarterContent/Textures/T_CobbleStone_Pebble_N.uasset" 546
"C:/Users/victo/OneDrive/Documents/GitHub/The-Last/The Last/GameAlpha/TheLast/Content/StarterContent/Materials/M_CobbleStone_Pebble.uasset" 547
"C:/Users/victo/OneDrive/Documents/GitHub/The-Last/The Last/GameAlpha/TheLast/Content/StarterContent/Textures/T_CobbleStone_Rough_D.uasset" 548
"C:/Users/victo/OneDrive/Documents/GitHub/The-Last/The Last/GameAlpha/TheLast/Content/StarterContent/Textures/T_CobbleStone_Rough_N.uasset" 549
"C:/Users/victo/OneDrive/Documents/GitHub/The-Last/The Last/GameAlpha/TheLast/Content/StarterContent/Textures/T_Gradinet_01.uasset" 550
"C:/Users/victo/OneDrive/Documents/GitHub/The-Last/The Last/GameAlpha/TheLast/Content/StarterContent/Textures/T_Rock_Smooth_Granite_D.uasset" 551
"C:/Users/victo/OneDrive/Documents/GitHub/The-Last/The Last/GameAlpha/TheLast/Content/StarterContent/Materials/M_CobbleStone_Rough.uasset" 552
"C:/Users/victo/OneDrive/Documents/GitHub/The-Last/The Last/GameAlpha/TheLast/Content/StarterContent/Textures/T_CobbleStone_Smooth_D.uasset" 553
"C:/Users/victo/OneDrive/Documents/GitHub/The-Last/The Last/GameAlpha/TheLast/Content/StarterContent/Textures/T_CobbleStone_Smooth_M.uasset" 554
"C:/Users/victo/OneDrive/Documents/GitHub/The-Last/The Last/GameAlpha/TheLast/Content/StarterContent/Textures/T_CobbleStone_Smooth_N.uasset" 555
"C:/Users/victo/OneDrive/Documents/GitHub/The-Last/The Last/GameAlpha/TheLast/Content/StarterContent/Materials/M_CobbleStone_Smooth.uasset" 556
"C:/Users/victo/OneDrive/Documents/GitHub/The-Last/The Last/GameAlpha/TheLast/Content/StarterContent/Textures/T_Concrete_Grime_D.uasset" 557
"C:/Users/victo/OneDrive/Documents/GitHub/The-Last/The Last/GameAlpha/TheLast/Content/StarterContent/Textures/T_Metal_Rust_N.uasset" 558
"C:/Users/victo/OneDrive/Documents/GitHub/The-Last/The Last/GameAlpha/TheLast/Content/StarterContent/Materials/M_Concrete_Grime.uasset" 559
"C:/Users/victo/OneDrive/Documents/GitHub/The-Last/The Last/GameAlpha/TheLast/Content/StarterContent/Textures/T_Concrete_Panels_D.uasset" 560
"C:/Users/victo/OneDrive/Documents/GitHub/The-Last/The Last/GameAlpha/TheLast/Content/StarterContent/Textures/T_Concrete_Panels_N.uasset" 561
"C:/Users/victo/OneDrive/Documents/GitHub/The-Last/The Last/GameAlpha/TheLast/Content/StarterContent/Materials/M_Concrete_Panels.uasset" 562
"C:/Users/victo/OneDrive/Documents/GitHub/The-Last/The Last/GameAlpha/TheLast/Content/StarterContent/Textures/T_Concrete_Poured_D.uasset" 563
"C:/Users/victo/OneDrive/Documents/GitHub/The-Last/The Last/GameAlpha/TheLast/Content/StarterContent/Textures/T_Concrete_Poured_N.uasset" 564
"C:/Users/victo/OneDrive/Documents/GitHub/The-Last/The Last/GameAlpha/TheLast/Content/StarterContent/Materials/M_Concrete_Poured.uasset" 565
"C:/Users/victo/OneDrive/Documents/GitHub/The-Last/The Last/GameAlpha/TheLast/Content/StarterContent/Textures/T_Concrete_Tiles_D.uasset" 566
"C:/Users/victo/OneDrive/Documents/GitHub/The-Last/The Last/GameAlpha/TheLast/Content/StarterContent/Textures/T_Concrete_Tiles_M.uasset" 567
"C:/Users/victo/OneDrive/Documents/GitHub/The-Last/The Last/GameAlpha/TheLast/Content/StarterContent/Textures/T_Concrete_Tiles_N.uasset" 568
"C:/Users/victo/OneDrive/Documents/GitHub/The-Last/The Last/GameAlpha/TheLast/Content/StarterContent/Textures/T_Concrete_Tiles_Variation_M.uasset" 569
"C:/Users/victo/OneDrive/Documents/GitHub/The-Last/The Last/GameAlpha/TheLast/Content/StarterContent/Materials/M_Concrete_Tiles.uasset" 570
"C:/Users/victo/OneDrive/Documents/GitHub/The-Last/The Last/GameAlpha/TheLast/Content/StarterContent/Textures/T_Ground_Grass_D.uasset" 571
"C:/Users/victo/OneDrive/Documents/GitHub/The-Last/The Last/GameAlpha/TheLast/Content/StarterContent/Textures/T_Ground_Grass_N.uasset" 572
"C:/Users/victo/OneDrive/Documents/GitHub/The-Last/The Last/GameAlpha/TheLast/Content/StarterContent/Materials/M_Ground_Grass.uasset" 573
"C:/Users/victo/OneDrive/Documents/GitHub/The-Last/The Last/GameAlpha/TheLast/Content/StarterContent/Textures/T_Ground_Gravel_D.uasset" 574
"C:/Users/victo/OneDrive/Documents/GitHub/The-Last/The Last/GameAlpha/TheLast/Content/StarterContent/Textures/T_Ground_Gravel_N.uasset" 575
"C:/Users/victo/OneDrive/Documents/GitHub/The-Last/The Last/GameAlpha/TheLast/Content/StarterContent/Materials/M_Ground_Gravel.uasset" 576
"C:/Users/victo/OneDrive/Documents/GitHub/The-Last/The Last/GameAlpha/TheLast/Content/StarterContent/Textures/T_ground_Moss_D.uasset" 577
"C:/Users/victo/OneDrive/Documents/GitHub/The-Last/The Last/GameAlpha/TheLast/Content/StarterContent/Textures/T_Ground_Moss_N.uasset" 578
"C:/Users/victo/OneDrive/Documents/GitHub/The-Last/The Last/GameAlpha/TheLast/Content/StarterContent/Materials/M_Ground_Moss.uasset" 579
"C:/Users/victo/OneDrive/Documents/GitHub/The-Last/The Last/GameAlpha/TheLast/Content/StarterContent/Materials/M_Metal_Chrome.uasset" 580
"C:/Users/victo/OneDrive/Documents/GitHub/The-Last/The Last/GameAlpha/TheLast/Content/StarterContent/Textures/T_Metal_Gold_D.uasset" 581
"C:/Users/victo/OneDrive/Documents/GitHub/The-Last/The Last/GameAlpha/TheLast/Content/StarterContent/Materials/M_Metal_Gold.uasset" 582
"C:/Users/victo/OneDrive/Documents/GitHub/The-Last/The Last/GameAlpha/TheLast/Content/StarterContent/Textures/T_Metal_Rust_D.uasset" 583
"C:/Users/victo/OneDrive/Documents/GitHub/The-Last/The Last/GameAlpha/TheLast/Content/StarterContent/Materials/M_Metal_Rust.uasset" 584
"C:/Users/victo/OneDrive/Documents/GitHub/The-Last/The Last/GameAlpha/TheLast/Content/StarterContent/Textures/T_Metal_Steel_D.uasset" 585
"C:/Users/victo/OneDrive/Documents/GitHub/The-Last/The Last/GameAlpha/TheLast/Content/StarterContent/Textures/T_Metal_Steel_N.uasset" 586
"C:/Users/victo/OneDrive/Documents/GitHub/The-Last/The Last/GameAlpha/TheLast/Content/StarterContent/Materials/M_Metal_Steel.uasset" 587
"C:/Users/victo/OneDrive/Documents/GitHub/The-Last/The Last/GameAlpha/TheLast/Content/StarterContent/Textures/T_Rock_Basalt_N.uasset" 588
"C:/Users/victo/OneDrive/Documents/GitHub/The-Last/The Last/GameAlpha/TheLast/Content/StarterContent/Materials/M_Rock_Basalt.uasset" 589
"C:/Users/victo/OneDrive/Documents/GitHub/The-Last/The Last/GameAlpha/TheLast/Content/StarterContent/Materials/M_Rock_Marble_Polished.uasset" 590
"C:/Users/victo/OneDrive/Documents/GitHub/The-Last/The Last/GameAlpha/TheLast/Content/StarterContent/Textures/T_Rock_Sandstone_D.uasset" 591
"C:/Users/victo/OneDrive/Documents/GitHub/The-Last/The Last/GameAlpha/TheLast/Content/StarterContent/Textures/T_Rock_Sandstone_N.uasset" 592
"C:/Users/victo/OneDrive/Documents/GitHub/The-Last/The Last/GameAlpha/TheLast/Content/StarterContent/Materials/M_Rock_Sandstone.uasset" 593
"C:/Users/victo/OneDrive/Documents/GitHub/The-Last/The Last/GameAlpha/TheLast/Content/StarterContent/Textures/T_Rock_Slate_D.uasset" 594
"C:/Users/victo/OneDrive/Documents/GitHub/The-Last/The Last/GameAlpha/TheLast/Content/StarterContent/Textures/T_Rock_Slate_N.uasset" 595
"C:/Users/victo/OneDrive/Documents/GitHub/The-Last/The Last/GameAlpha/TheLast/Content/StarterContent/Materials/M_Rock_Slate.uasset" 596
"C:/Users/victo/OneDrive/Documents/GitHub/The-Last/The Last/GameAlpha/TheLast/Content/StarterContent/Textures/T_Checker_Noise_M.uasset" 597
"C:/Users/victo/OneDrive/Documents/GitHub/The-Last/The Last/GameAlpha/TheLast/Content/StarterContent/Textures/T_Single_Tile_N.uasset" 598
"C:/Users/victo/OneDrive/Documents/GitHub/The-Last/The Last/GameAlpha/TheLast/Content/StarterContent/Textures/T_Tech_Dot_M.uasset" 599
"C:/Users/victo/OneDrive/Documents/GitHub/The-Last/The Last/GameAlpha/TheLast/Content/StarterContent/Textures/T_Tech_Dot_N.uasset" 600
"C:/Users/victo/OneDrive/Documents/GitHub/The-Last/The Last/GameAlpha/TheLast/Content/StarterContent/Materials/M_Tech_Checker_Dot.uasset" 601
"C:/Users/victo/OneDrive/Documents/GitHub/The-Last/The Last/GameAlpha/TheLast/Content/StarterContent/Textures/T_Tech_Hex_Tile_M.uasset" 602
"C:/Users/victo/OneDrive/Documents/GitHub/The-Last/The Last/GameAlpha/TheLast/Content/StarterContent/Textures/T_Tech_Hex_Tile_N.uasset" 603
"C:/Users/victo/OneDrive/Documents/GitHub/The-Last/The Last/GameAlpha/TheLast/Content/StarterContent/Materials/M_Tech_Hex_Tile.uasset" 604
"C:/Users/victo/OneDrive/Documents/GitHub/The-Last/The Last/GameAlpha/TheLast/Content/StarterContent/Materials/M_Tech_Hex_Tile_Pulse.uasset" 605
"C:/Users/victo/OneDrive/Documents/GitHub/The-Last/The Last/GameAlpha/TheLast/Content/StarterContent/Textures/T_Tech_Panel_M.uasset" 606
"C:/Users/victo/OneDrive/Documents/GitHub/The-Last/The Last/GameAlpha/TheLast/Content/StarterContent/Textures/T_Tech_Panel_N.uasset" 607
"C:/Users/victo/OneDrive/Documents/GitHub/The-Last/The Last/GameAlpha/TheLast/Content/StarterContent/Materials/M_Tech_Panel.uasset" 608
"C:/Users/victo/OneDrive/Documents/GitHub/The-Last/The Last/GameAlpha/TheLast/Content/StarterContent/Textures/T_Water_M.uasset" 609
"C:/Users/victo/OneDrive/Documents/GitHub/The-Last/The Last/GameAlpha/TheLast/Content/StarterContent/Materials/M_Water_Ocean.uasset" 610
"C:/Users/victo/OneDrive/Documents/GitHub/The-Last/The Last/GameAlpha/TheLast/Content/StarterContent/Textures/T_Wood_Floor_Walnut_D.uasset" 611
"C:/Users/victo/OneDrive/Documents/GitHub/The-Last/The Last/GameAlpha/TheLast/Content/StarterContent/Textures/T_Wood_Floor_Walnut_M.uasset" 612
"C:/Users/victo/OneDrive/Documents/GitHub/The-Last/The Last/GameAlpha/TheLast/Content/StarterContent/Textures/T_Wood_Floor_Walnut_N.uasset" 613
"C:/Users/victo/OneDrive/Documents/GitHub/The-Last/The Last/GameAlpha/TheLast/Content/StarterContent/Materials/M_Wood_Floor_Walnut_Polished.uasset" 614
"../../../Engine/Content/Functions/Engine_MaterialFunctions01/Opacity/AlphaOffset.uasset" 615
"C:/Users/victo/OneDrive/Documents/GitHub/The-Last/The Last/GameAlpha/TheLast/Content/StarterContent/Materials/M_Wood_Floor_Walnut_Worn.uasset" 616
"C:/Users/victo/OneDrive/Documents/GitHub/The-Last/The Last/GameAlpha/TheLast/Content/StarterContent/Textures/T_Wood_Oak_D.uasset" 617
"C:/Users/victo/OneDrive/Documents/GitHub/The-Last/The Last/GameAlpha/TheLast/Content/StarterContent/Textures/T_Wood_Oak_N.uasset" 618
"C:/Users/victo/OneDrive/Documents/GitHub/The-Last/The Last/GameAlpha/TheLast/Content/StarterContent/Materials/M_Wood_Oak.uasset" 619
"C:/Users/victo/OneDrive/Documents/GitHub/The-Last/The Last/GameAlpha/TheLast/Content/StarterContent/Textures/T_Wood_Pine_D.uasset" 620
"C:/Users/victo/OneDrive/Documents/GitHub/The-Last/The Last/GameAlpha/TheLast/Content/StarterContent/Textures/T_Wood_Pine_N.uasset" 621
"C:/Users/victo/OneDrive/Documents/GitHub/The-Last/The Last/GameAlpha/TheLast/Content/StarterContent/Materials/M_Wood_Pine.uasset" 622
"C:/Users/victo/OneDrive/Documents/GitHub/The-Last/The Last/GameAlpha/TheLast/Content/StarterContent/Textures/T_Wood_Walnut_D.uasset" 623
"C:/Users/victo/OneDrive/Documents/GitHub/The-Last/The Last/GameAlpha/TheLast/Content/StarterContent/Textures/T_Wood_Walnut_N.uasset" 624
"C:/Users/victo/OneDrive/Documents/GitHub/The-Last/The Last/GameAlpha/TheLast/Content/StarterContent/Materials/M_Wood_Walnut.uasset" 625
"C:/Users/victo/OneDrive/Documents/GitHub/The-Last/The Last/GameAlpha/TheLast/Content/StarterContent/Architecture/Wall_400x200.uasset" 626
"C:/Users/victo/OneDrive/Documents/GitHub/The-Last/The Last/GameAlpha/TheLast/Content/StarterContent/Architecture/Wall_Door_400x300.uasset" 627
"C:/Users/victo/OneDrive/Documents/GitHub/The-Last/The Last/GameAlpha/TheLast/Content/StarterContent/Architecture/Wall_Window_400x300.uasset" 628
"C:/Users/victo/OneDrive/Documents/GitHub/The-Last/The Last/GameAlpha/TheLast/Content/StarterContent/Audio/Collapse_Cue.uasset" 629
"C:/Users/victo/OneDrive/Documents/GitHub/The-Last/The Last/GameAlpha/TheLast/Content/StarterContent/Audio/Starter_Music_Cue.uasset" 630
"C:/Users/victo/OneDrive/Documents/GitHub/The-Last/The Last/GameAlpha/TheLast/Content/StarterContent/Textures/T_Dust_Particle_D.uasset" 631
"C:/Users/victo/OneDrive/Documents/GitHub/The-Last/The Last/GameAlpha/TheLast/Content/StarterContent/Particles/Materials/M_Dust_Particle.uasset" 632
"C:/Users/victo/OneDrive/Documents/GitHub/The-Last/The Last/GameAlpha/TheLast/Content/StarterContent/Particles/P_Ambient_Dust.uasset" 633
"C:/Users/victo/OneDrive/Documents/GitHub/The-Last/The Last/GameAlpha/TheLast/Content/StarterContent/Props/MaterialSphere.uasset" 634
"C:/Users/victo/OneDrive/Documents/GitHub/The-Last/The Last/GameAlpha/TheLast/Content/StarterContent/Textures/T_Frame_M.uasset" 635
"C:/Users/victo/OneDrive/Documents/GitHub/The-Last/The Last/GameAlpha/TheLast/Content/StarterContent/Textures/T_Frame_N.uasset" 636
"C:/Users/victo/OneDrive/Documents/GitHub/The-Last/The Last/GameAlpha/TheLast/Content/StarterContent/Props/Materials/M_Frame.uasset" 637
"C:/Users/victo/OneDrive/Documents/GitHub/The-Last/The Last/GameAlpha/TheLast/Content/StarterContent/Props/SM_CornerFrame.uasset" 638
"C:/Users/victo/OneDrive/Documents/GitHub/The-Last/The Last/GameAlpha/TheLast/Content/StarterContent/Props/SM_DoorFrame.uasset" 639
"C:/Users/victo/OneDrive/Documents/GitHub/The-Last/The Last/GameAlpha/TheLast/Content/StarterContent/Props/SM_GlassWindow.uasset" 640
"C:/Users/victo/OneDrive/Documents/GitHub/The-Last/The Last/GameAlpha/TheLast/Content/StarterContent/Props/SM_PillarFrame.uasset" 641
"C:/Users/victo/OneDrive/Documents/GitHub/The-Last/The Last/GameAlpha/TheLast/Content/StarterContent/Props/SM_PillarFrame300.uasset" 642
"C:/Users/victo/OneDrive/Documents/GitHub/The-Last/The Last/GameAlpha/TheLast/Content/StarterContent/Props/SM_WindowFrame.uasset" 643
"C:/Users/victo/OneDrive/Documents/GitHub/The-Last/The Last/GameAlpha/TheLast/Content/StarterContent/Shapes/Shape_Cube.uasset" 644
"C:/Users/victo/OneDrive/Documents/GitHub/The-Last/The Last/GameAlpha/TheLast/Content/StarterContent/Shapes/Shape_QuadPyramid.uasset" 645
"C:/Users/victo/OneDrive/Documents/GitHub/The-Last/The Last/GameAlpha/TheLast/Content/StarterContent/Shapes/Shape_Sphere.uasset" 646
"C:/Users/victo/OneDrive/Documents/GitHub/The-Last/The Last/GameAlpha/TheLast/Content/StarterContent/Maps/StarterMap.umap" 647
"C:/Users/victo/OneDrive/Documents/GitHub/The-Last/The Last/GameAlpha/TheLast/Content/Geometry/Meshes/1M_Cube.uasset" 648
"C:/Users/victo/OneDrive/Documents/GitHub/The-Last/The Last/GameAlpha/TheLast/Content/Geometry/Meshes/1M_Cube_Chamfer.uasset" 649
"C:/Users/victo/OneDrive/Documents/GitHub/The-Last/The Last/GameAlpha/TheLast/Content/ThirdPerson/Meshes/RampMaterial.uasset" 650
"C:/Users/victo/OneDrive/Documents/GitHub/The-Last/The Last/GameAlpha/TheLast/Content/ThirdPerson/Meshes/Bump_StaticMesh.uasset" 651
"C:/Users/victo/OneDrive/Documents/GitHub/The-Last/The Last/GameAlpha/TheLast/Content/ThirdPerson/Meshes/LeftArm_StaticMesh.uasset" 652
"C:/Users/victo/OneDrive/Documents/GitHub/The-Last/The Last/GameAlpha/TheLast/Content/ThirdPerson/Meshes/Linear_Stair_StaticMesh.uasset" 653
"C:/Users/victo/OneDrive/Documents/GitHub/The-Last/The Last/GameAlpha/TheLast/Content/ThirdPerson/Meshes/Ramp_StaticMesh.uasset" 654
"C:/Users/victo/OneDrive/Documents/GitHub/The-Last/The Last/GameAlpha/TheLast/Content/ThirdPerson/Meshes/RightArm_StaticMesh.uasset" 655
"C:/Users/victo/OneDrive/Documents/GitHub/The-Last/The Last/GameAlpha/TheLast/Content/ThirdPersonBP/Maps/ThirdPersonExampleMap.umap" 656
"C:/Users/victo/OneDrive/Documents/GitHub/The-Last/The Last/GameAlpha/TheLast/Content/ThirdPersonBP/Menu/Mockup_Title__fondo_.uasset" 657
"C:/Users/victo/OneDrive/Documents/GitHub/The-Last/The Last/GameAlpha/TheLast/Content/ThirdPersonBP/Menu/Opciones_Graficas.uasset" 658
"C:/Users/victo/OneDrive/Documents/GitHub/The-Last/The Last/GameAlpha/TheLast/Content/ThirdPersonBP/Menu/Opciones_1.uasset" 659
"C:/Users/victo/OneDrive/Documents/GitHub/The-Last/The Last/GameAlpha/TheLast/Content/ThirdPersonBP/Menu/THE_LAST_Bo.uasset" 660
"C:/Users/victo/OneDrive/Documents/GitHub/The-Last/The Last/GameAlpha/TheLast/Content/ThirdPersonBP/Menu/MenuPrincipal.uasset" 661
"C:/Users/victo/OneDrive/Documents/GitHub/The-Last/The Last/GameAlpha/TheLast/Content/ThirdPersonBP/Menu/Menu.umap" 662
"../../../Engine/Content/Maps/Entry_BuiltData.uasset" 663
"../../../Engine/Content/Maps/Entry.umap" 664
