Log file open, 01/10/20 17:11:11
LogWindows: Failed to load 'aqProf.dll' (GetLastError=126)
LogWindows: File 'aqProf.dll' does not exist
LogWindows: Failed to load 'VtuneApi.dll' (GetLastError=126)
LogWindows: File 'VtuneApi.dll' does not exist
LogWindows: Failed to load 'VtuneApi32e.dll' (GetLastError=126)
LogWindows: File 'VtuneApi32e.dll' does not exist
LogConsoleResponse: Display: Failed to find resolution value strings in scalability ini. Falling back to default.
LogInit: Display: Running engine for game: TheLast
LogPlatformFile: Not using cached read wrapper
LogTaskGraph: Started task graph with 5 named threads and 14 total threads with 3 sets of task threads.
LogStats: Stats thread started at 0.121268
LogD3D11RHI: Loaded GFSDK_Aftermath_Lib.x64.dll
LogICUInternationalization: ICU TimeZone Detection - Raw Offset: +1:00, Platform Override: ''
LogPluginManager: Mounting plugin Paper2D
LogPluginManager: Mounting plugin AISupport
LogPluginManager: Mounting plugin LightPropagationVolume
LogPluginManager: Mounting plugin ActorLayerUtilities
LogPluginManager: Mounting plugin AnimationSharing
LogPluginManager: Mounting plugin CLionSourceCodeAccess
LogPluginManager: Mounting plugin CodeLiteSourceCodeAccess
LogPluginManager: Mounting plugin GitSourceControl
LogPluginManager: Mounting plugin KDevelopSourceCodeAccess
LogPluginManager: Mounting plugin NullSourceCodeAccess
LogPluginManager: Mounting plugin PerforceSourceControl
LogPluginManager: Mounting plugin SubversionSourceControl
LogPluginManager: Mounting plugin UObjectPlugin
LogPluginManager: Mounting plugin VisualStudioCodeSourceCodeAccess
LogPluginManager: Mounting plugin VisualStudioSourceCodeAccess
LogPluginManager: Mounting plugin XCodeSourceCodeAccess
LogPluginManager: Mounting plugin AssetManagerEditor
LogPluginManager: Mounting plugin CryptoKeys
LogPluginManager: Mounting plugin CurveEditorTools
LogPluginManager: Mounting plugin DataValidation
LogPluginManager: Mounting plugin FacialAnimation
LogPluginManager: Mounting plugin GameplayTagsEditor
LogPluginManager: Mounting plugin MacGraphicsSwitching
LogPluginManager: Mounting plugin MaterialAnalyzer
LogPluginManager: Mounting plugin MobileLauncherProfileWizard
LogPluginManager: Mounting plugin PluginBrowser
LogPluginManager: Mounting plugin SpeedTreeImporter
LogPluginManager: Mounting plugin DatasmithContent
LogPluginManager: Mounting plugin VariantManagerContent
LogPluginManager: Mounting plugin AlembicImporter
LogPluginManager: Mounting plugin AutomationUtils
LogPluginManager: Mounting plugin BackChannel
LogPluginManager: Mounting plugin CharacterAI
LogPluginManager: Mounting plugin GeometryCache
LogPluginManager: Mounting plugin HTML5Networking
LogPluginManager: Mounting plugin PlatformCrypto
LogPluginManager: Mounting plugin ProxyLODPlugin
LogPluginManager: Mounting plugin SkeletalReduction
LogPluginManager: Mounting plugin MagicLeap
LogPluginManager: Mounting plugin MagicLeapMedia
LogPluginManager: Mounting plugin AndroidMedia
LogPluginManager: Mounting plugin AvfMedia
LogPluginManager: Mounting plugin ImgMedia
LogPluginManager: Mounting plugin MediaCompositing
LogPluginManager: Mounting plugin MediaPlayerEditor
LogPluginManager: Mounting plugin WebMMedia
LogPluginManager: Mounting plugin WmfMedia
LogPluginManager: Mounting plugin TcpMessaging
LogPluginManager: Mounting plugin UdpMessaging
LogPluginManager: Mounting plugin ActorSequence
LogPluginManager: Mounting plugin LevelSequenceEditor
LogPluginManager: Mounting plugin MatineeToLevelSequence
LogPluginManager: Mounting plugin NetcodeUnitTest
LogPluginManager: Mounting plugin NUTUnrealEngine4
LogPluginManager: Mounting plugin OnlineSubsystemGooglePlay
LogPluginManager: Mounting plugin OnlineSubsystemIOS
LogPluginManager: Mounting plugin OnlineSubsystem
LogPluginManager: Mounting plugin OnlineSubsystemNull
LogPluginManager: Mounting plugin OnlineSubsystemUtils
LogPluginManager: Mounting plugin LauncherChunkInstaller
LogPluginManager: Mounting plugin AndroidDeviceProfileSelector
LogPluginManager: Mounting plugin AndroidMoviePlayer
LogPluginManager: Mounting plugin AndroidPermission
LogPluginManager: Mounting plugin AppleImageUtils
LogPluginManager: Mounting plugin AppleMoviePlayer
LogPluginManager: Mounting plugin ArchVisCharacter
LogPluginManager: Mounting plugin AudioCapture
LogPluginManager: Mounting plugin CableComponent
LogPluginManager: Mounting plugin CustomMeshComponent
LogPluginManager: Mounting plugin EditableMesh
LogPluginManager: Mounting plugin ExampleDeviceProfileSelector
LogPluginManager: Mounting plugin GoogleCloudMessaging
LogPluginManager: Mounting plugin IOSDeviceProfileSelector
LogPluginManager: Mounting plugin LinuxDeviceProfileSelector
LogPluginManager: Mounting plugin LocationServicesBPLibrary
LogPluginManager: Mounting plugin MobilePatchingUtils
LogPluginManager: Mounting plugin OculusVR
LogPluginManager: Mounting plugin PhysXVehicles
LogPluginManager: Mounting plugin ProceduralMeshComponent
LogPluginManager: Mounting plugin RuntimePhysXCooking
LogPluginManager: Mounting plugin SignificanceManager
LogPluginManager: Mounting plugin SteamVR
LogPluginManager: Mounting plugin WebMMoviePlayer
LogPluginManager: Mounting plugin WindowsMoviePlayer
LogPluginManager: Mounting plugin ScreenshotTools
LogInit: Using libcurl 7.55.1-DEV
LogInit:  - built for x86_64-pc-win32
LogInit:  - supports SSL with OpenSSL/1.1.1
LogInit:  - supports HTTP deflate (compression) using libz 1.2.8
LogInit:  - other features:
LogInit:      CURL_VERSION_SSL
LogInit:      CURL_VERSION_LIBZ
LogInit:      CURL_VERSION_IPV6
LogInit:      CURL_VERSION_ASYNCHDNS
LogInit:      CURL_VERSION_LARGEFILE
LogInit:      CURL_VERSION_IDN
LogInit:  CurlRequestOptions (configurable via config and command line):
LogInit:  - bVerifyPeer = true  - Libcurl will verify peer certificate
LogInit:  - bUseHttpProxy = false  - Libcurl will NOT use HTTP proxy
LogInit:  - bDontReuseConnections = false  - Libcurl will reuse connections
LogInit:  - MaxHostConnections = 16  - Libcurl will limit the number of connections to a host
LogInit:  - LocalHostAddr = Default
LogInit:  - BufferSize = 65536
LogOnline: OSS: Creating online subsystem instance for: NULL
LogInit: WinSock: version 1.1 (2.2), MaxSocks=32767, MaxUdp=65467
LogHMD: Failed initializing OVRPlugin 1.37.0
LogInit: Build: ++UE4+Release-4.23-CL-9631420
LogInit: Engine Version: 4.23.1-9631420+++UE4+Release-4.23
LogInit: Compatible Engine Version: 4.23.0-8386587+++UE4+Release-4.23
LogInit: Net CL: 8386587
LogInit: OS: Windows 10 (Release 1803) (), CPU: Intel(R) Core(TM) i5-4460  CPU @ 3.20GHz, GPU: NVIDIA GeForce RTX 2060
LogInit: Compiled (64-bit): Oct 18 2019 02:07:44
LogInit: Compiled with Visual C++: 19.16.27030.01
LogInit: Build Configuration: Development
LogInit: Branch Name: ++UE4+Release-4.23
LogInit: Command Line: 
LogInit: Base Directory: C:/Program Files/Epic Games/UE_4.23/Engine/Binaries/Win64/
LogInit: Installed Engine Build: 1
LogDevObjectVersion: Number of dev versions registered: 23
LogDevObjectVersion:   Dev-Blueprints (B0D832E4-1F89-4F0D-ACCF-7EB736FD4AA2): 10
LogDevObjectVersion:   Dev-Build (E1C64328-A22C-4D53-A36C-8E866417BD8C): 0
LogDevObjectVersion:   Dev-Core (375EC13C-06E4-48FB-B500-84F0262A717E): 3
LogDevObjectVersion:   Dev-Editor (E4B068ED-F494-42E9-A231-DA0B2E46BB41): 34
LogDevObjectVersion:   Dev-Framework (CFFC743F-43B0-4480-9391-14DF171D2073): 35
LogDevObjectVersion:   Dev-Mobile (B02B49B5-BB20-44E9-A304-32B752E40360): 2
LogDevObjectVersion:   Dev-Networking (A4E4105C-59A1-49B5-A7C5-40C4547EDFEE): 0
LogDevObjectVersion:   Dev-Online (39C831C9-5AE6-47DC-9A44-9C173E1C8E7C): 0
LogDevObjectVersion:   Dev-Physics (78F01B33-EBEA-4F98-B9B4-84EACCB95AA2): 0
LogDevObjectVersion:   Dev-Platform (6631380F-2D4D-43E0-8009-CF276956A95A): 0
LogDevObjectVersion:   Dev-Rendering (12F88B9F-8875-4AFC-A67C-D90C383ABD29): 31
LogDevObjectVersion:   Dev-Sequencer (7B5AE74C-D270-4C10-A958-57980B212A5A): 11
LogDevObjectVersion:   Dev-VR (D7296918-1DD6-4BDD-9DE2-64A83CC13884): 2
LogDevObjectVersion:   Dev-LoadTimes (C2A15278-BFE7-4AFE-6C17-90FF531DF755): 1
LogDevObjectVersion:   Private-Geometry (6EACA3D4-40EC-4CC1-B786-8BED09428FC5): 3
LogDevObjectVersion:   Dev-AnimPhys (29E575DD-E0A3-4627-9D10-D276232CDCEA): 17
LogDevObjectVersion:   Dev-Anim (AF43A65D-7FD3-4947-9873-3E8ED9C1BB05): 2
LogDevObjectVersion:   Dev-ReflectionCapture (6B266CEC-1EC7-4B8F-A30B-E4D90942FC07): 1
LogDevObjectVersion:   Dev-Automation (0DF73D61-A23F-47EA-B727-89E90C41499A): 1
LogDevObjectVersion:   FortniteMain (601D1886-AC64-4F84-AA16-D3DE0DEAC7D6): 27
LogDevObjectVersion:   Dev-Enterprise (9DFFBCD6-494F-0158-E221-12823C92A888): 6
LogDevObjectVersion:   Dev-Niagara (F2AED0AC-9AFE-416F-8664-AA7FFA26D6FC): 1
LogDevObjectVersion:   Dev-Destruction (174F1F0B-B4C6-45A5-B13F-2EE8D0FB917D): 9
LogInit: Presizing for max 16777216 objects, including 0 objects not considered by GC, pre-allocating 0 bytes for permanent pool.
LogInit: Object subsystem initialized
LogConfig: Setting CVar [[con.DebugEarlyDefault:1]]
LogConfig: Setting CVar [[r.setres:1280x720]]
[2020.01.10-16.11.12:257][  0]LogConfig: Setting CVar [[r.VSync:0]]
[2020.01.10-16.11.12:257][  0]LogConfig: Setting CVar [[r.RHICmdBypass:0]]
[2020.01.10-16.11.12:257][  0]LogConfig: Applying CVar settings from Section [/Script/Engine.RendererSettings] File [C:/Users/v.arabi/Documents/GitHub/The-Last/The Last/GameAlpha/TheLast/Saved/Config/Windows/Engine.ini]
[2020.01.10-16.11.12:258][  0]LogConfig: Setting CVar [[r.GPUCrashDebugging:0]]
[2020.01.10-16.11.12:258][  0]LogConfig: Applying CVar settings from Section [/Script/Engine.RendererOverrideSettings] File [C:/Users/v.arabi/Documents/GitHub/The-Last/The Last/GameAlpha/TheLast/Saved/Config/Windows/Engine.ini]
[2020.01.10-16.11.12:258][  0]LogConfig: Applying CVar settings from Section [/Script/Engine.StreamingSettings] File [C:/Users/v.arabi/Documents/GitHub/The-Last/The Last/GameAlpha/TheLast/Saved/Config/Windows/Engine.ini]
[2020.01.10-16.11.12:258][  0]LogConfig: Setting CVar [[s.MinBulkDataSizeForAsyncLoading:131072]]
[2020.01.10-16.11.12:258][  0]LogConfig: Setting CVar [[s.AsyncLoadingThreadEnabled:0]]
[2020.01.10-16.11.12:258][  0]LogConfig: Setting CVar [[s.EventDrivenLoaderEnabled:1]]
[2020.01.10-16.11.12:258][  0]LogConfig: Setting CVar [[s.WarnIfTimeLimitExceeded:0]]
[2020.01.10-16.11.12:258][  0]LogConfig: Setting CVar [[s.TimeLimitExceededMultiplier:1.5]]
[2020.01.10-16.11.12:258][  0]LogConfig: Setting CVar [[s.TimeLimitExceededMinTime:0.005]]
[2020.01.10-16.11.12:258][  0]LogConfig: Setting CVar [[s.UseBackgroundLevelStreaming:1]]
[2020.01.10-16.11.12:258][  0]LogConfig: Setting CVar [[s.PriorityAsyncLoadingExtraTime:15.0]]
[2020.01.10-16.11.12:258][  0]LogConfig: Setting CVar [[s.LevelStreamingActorsUpdateTimeLimit:5.0]]
[2020.01.10-16.11.12:258][  0]LogConfig: Setting CVar [[s.PriorityLevelStreamingActorsUpdateExtraTime:5.0]]
[2020.01.10-16.11.12:258][  0]LogConfig: Setting CVar [[s.LevelStreamingComponentsRegistrationGranularity:10]]
[2020.01.10-16.11.12:258][  0]LogConfig: Setting CVar [[s.UnregisterComponentsTimeLimit:1.0]]
[2020.01.10-16.11.12:258][  0]LogConfig: Setting CVar [[s.LevelStreamingComponentsUnregistrationGranularity:5]]
[2020.01.10-16.11.12:258][  0]LogConfig: Applying CVar settings from Section [/Script/Engine.GarbageCollectionSettings] File [C:/Users/v.arabi/Documents/GitHub/The-Last/The Last/GameAlpha/TheLast/Saved/Config/Windows/Engine.ini]
[2020.01.10-16.11.12:258][  0]LogConfig: Setting CVar [[gc.MaxObjectsNotConsideredByGC:1]]
[2020.01.10-16.11.12:258][  0]LogConfig: Setting CVar [[gc.SizeOfPermanentObjectPool:0]]
[2020.01.10-16.11.12:258][  0]LogConfig: Setting CVar [[gc.FlushStreamingOnGC:0]]
[2020.01.10-16.11.12:258][  0]LogConfig: Setting CVar [[gc.NumRetriesBeforeForcingGC:10]]
[2020.01.10-16.11.12:258][  0]LogConfig: Setting CVar [[gc.AllowParallelGC:1]]
[2020.01.10-16.11.12:258][  0]LogConfig: Setting CVar [[gc.TimeBetweenPurgingPendingKillObjects:61.1]]
[2020.01.10-16.11.12:258][  0]LogConfig: Setting CVar [[gc.MaxObjectsInEditor:16777216]]
[2020.01.10-16.11.12:258][  0]LogConfig: Setting CVar [[gc.IncrementalBeginDestroyEnabled:1]]
[2020.01.10-16.11.12:258][  0]LogConfig: Setting CVar [[gc.CreateGCClusters:1]]
[2020.01.10-16.11.12:258][  0]LogConfig: Setting CVar [[gc.MinGCClusterSize:5]]
[2020.01.10-16.11.12:258][  0]LogConfig: Setting CVar [[gc.ActorClusteringEnabled:0]]
[2020.01.10-16.11.12:258][  0]LogConfig: Setting CVar [[gc.BlueprintClusteringEnabled:0]]
[2020.01.10-16.11.12:258][  0]LogConfig: Setting CVar [[gc.UseDisregardForGCOnDedicatedServers:0]]
[2020.01.10-16.11.12:258][  0]LogConfig: Applying CVar settings from Section [/Script/Engine.NetworkSettings] File [C:/Users/v.arabi/Documents/GitHub/The-Last/The Last/GameAlpha/TheLast/Saved/Config/Windows/Engine.ini]
[2020.01.10-16.11.12:258][  0]LogConfig: Applying CVar settings from Section [/Script/UnrealEd.CookerSettings] File [C:/Users/v.arabi/Documents/GitHub/The-Last/The Last/GameAlpha/TheLast/Saved/Config/Windows/Engine.ini]
[2020.01.10-16.11.12:261][  0]LogConfig: Applying CVar settings from Section [ViewDistanceQuality@3] File [C:/Users/v.arabi/Documents/GitHub/The-Last/The Last/GameAlpha/TheLast/Saved/Config/Windows/Scalability.ini]
[2020.01.10-16.11.12:261][  0]LogConfig: Setting CVar [[r.SkeletalMeshLODBias:0]]
[2020.01.10-16.11.12:261][  0]LogConfig: Setting CVar [[r.ViewDistanceScale:1.0]]
[2020.01.10-16.11.12:261][  0]LogConfig: Applying CVar settings from Section [AntiAliasingQuality@3] File [C:/Users/v.arabi/Documents/GitHub/The-Last/The Last/GameAlpha/TheLast/Saved/Config/Windows/Scalability.ini]
[2020.01.10-16.11.12:261][  0]LogConfig: Setting CVar [[r.PostProcessAAQuality:4]]
[2020.01.10-16.11.12:261][  0]LogConfig: Applying CVar settings from Section [ShadowQuality@3] File [C:/Users/v.arabi/Documents/GitHub/The-Last/The Last/GameAlpha/TheLast/Saved/Config/Windows/Scalability.ini]
[2020.01.10-16.11.12:261][  0]LogConfig: Setting CVar [[r.LightFunctionQuality:1]]
[2020.01.10-16.11.12:261][  0]LogConfig: Setting CVar [[r.ShadowQuality:5]]
[2020.01.10-16.11.12:261][  0]LogConfig: Setting CVar [[r.Shadow.CSM.MaxCascades:10]]
[2020.01.10-16.11.12:261][  0]LogConfig: Setting CVar [[r.Shadow.MaxResolution:2048]]
[2020.01.10-16.11.12:261][  0]LogConfig: Setting CVar [[r.Shadow.MaxCSMResolution:2048]]
[2020.01.10-16.11.12:261][  0]LogConfig: Setting CVar [[r.Shadow.RadiusThreshold:0.01]]
[2020.01.10-16.11.12:261][  0]LogConfig: Setting CVar [[r.Shadow.DistanceScale:1.0]]
[2020.01.10-16.11.12:261][  0]LogConfig: Setting CVar [[r.Shadow.CSM.TransitionScale:1.0]]
[2020.01.10-16.11.12:261][  0]LogConfig: Setting CVar [[r.Shadow.PreShadowResolutionFactor:1.0]]
[2020.01.10-16.11.12:261][  0]LogConfig: Setting CVar [[r.DistanceFieldShadowing:1]]
[2020.01.10-16.11.12:261][  0]LogConfig: Setting CVar [[r.DistanceFieldAO:1]]
[2020.01.10-16.11.12:261][  0]LogConfig: Setting CVar [[r.AOQuality:2]]
[2020.01.10-16.11.12:261][  0]LogConfig: Setting CVar [[r.VolumetricFog:1]]
[2020.01.10-16.11.12:261][  0]LogConfig: Setting CVar [[r.VolumetricFog.GridPixelSize:8]]
[2020.01.10-16.11.12:261][  0]LogConfig: Setting CVar [[r.VolumetricFog.GridSizeZ:128]]
[2020.01.10-16.11.12:261][  0]LogConfig: Setting CVar [[r.VolumetricFog.HistoryMissSupersampleCount:4]]
[2020.01.10-16.11.12:261][  0]LogConfig: Setting CVar [[r.LightMaxDrawDistanceScale:1]]
[2020.01.10-16.11.12:261][  0]LogConfig: Setting CVar [[r.CapsuleShadows:1]]
[2020.01.10-16.11.12:261][  0]LogConfig: Applying CVar settings from Section [PostProcessQuality@3] File [C:/Users/v.arabi/Documents/GitHub/The-Last/The Last/GameAlpha/TheLast/Saved/Config/Windows/Scalability.ini]
[2020.01.10-16.11.12:261][  0]LogConfig: Setting CVar [[r.MotionBlurQuality:4]]
[2020.01.10-16.11.12:261][  0]LogConfig: Setting CVar [[r.AmbientOcclusionMipLevelFactor:0.4]]
[2020.01.10-16.11.12:261][  0]LogConfig: Setting CVar [[r.AmbientOcclusionMaxQuality:100]]
[2020.01.10-16.11.12:261][  0]LogConfig: Setting CVar [[r.AmbientOcclusionLevels:-1]]
[2020.01.10-16.11.12:261][  0]LogConfig: Setting CVar [[r.AmbientOcclusionRadiusScale:1.0]]
[2020.01.10-16.11.12:261][  0]LogConfig: Setting CVar [[r.DepthOfFieldQuality:2]]
[2020.01.10-16.11.12:261][  0]LogConfig: Setting CVar [[r.RenderTargetPoolMin:400]]
[2020.01.10-16.11.12:262][  0]LogConfig: Setting CVar [[r.LensFlareQuality:2]]
[2020.01.10-16.11.12:262][  0]LogConfig: Setting CVar [[r.SceneColorFringeQuality:1]]
[2020.01.10-16.11.12:262][  0]LogConfig: Setting CVar [[r.EyeAdaptationQuality:2]]
[2020.01.10-16.11.12:262][  0]LogConfig: Setting CVar [[r.BloomQuality:5]]
[2020.01.10-16.11.12:262][  0]LogConfig: Setting CVar [[r.FastBlurThreshold:100]]
[2020.01.10-16.11.12:262][  0]LogConfig: Setting CVar [[r.Upscale.Quality:3]]
[2020.01.10-16.11.12:262][  0]LogConfig: Setting CVar [[r.Tonemapper.GrainQuantization:1]]
[2020.01.10-16.11.12:262][  0]LogConfig: Setting CVar [[r.LightShaftQuality:1]]
[2020.01.10-16.11.12:262][  0]LogConfig: Setting CVar [[r.Filter.SizeScale:1]]
[2020.01.10-16.11.12:262][  0]LogConfig: Setting CVar [[r.Tonemapper.Quality:5]]
[2020.01.10-16.11.12:262][  0]LogConfig: Setting CVar [[r.DOF.Gather.AccumulatorQuality:1        ; higher gathering accumulator quality]]
[2020.01.10-16.11.12:262][  0]LogConfig: Setting CVar [[r.DOF.Gather.PostfilterMethod:1          ; Median3x3 postfilering method]]
[2020.01.10-16.11.12:262][  0]LogConfig: Setting CVar [[r.DOF.Gather.EnableBokehSettings:0       ; no bokeh simulation when gathering]]
[2020.01.10-16.11.12:262][  0]LogConfig: Setting CVar [[r.DOF.Gather.RingCount:4                 ; medium number of samples when gathering]]
[2020.01.10-16.11.12:262][  0]LogConfig: Setting CVar [[r.DOF.Scatter.ForegroundCompositing:1    ; additive foreground scattering]]
[2020.01.10-16.11.12:262][  0]LogConfig: Setting CVar [[r.DOF.Scatter.BackgroundCompositing:2    ; additive background scattering]]
[2020.01.10-16.11.12:262][  0]LogConfig: Setting CVar [[r.DOF.Scatter.EnableBokehSettings:1      ; bokeh simulation when scattering]]
[2020.01.10-16.11.12:262][  0]LogConfig: Setting CVar [[r.DOF.Scatter.MaxSpriteRatio:0.1         ; only a maximum of 10% of scattered bokeh]]
[2020.01.10-16.11.12:262][  0]LogConfig: Setting CVar [[r.DOF.Recombine.Quality:1                ; cheap slight out of focus]]
[2020.01.10-16.11.12:262][  0]LogConfig: Setting CVar [[r.DOF.Recombine.EnableBokehSettings:0    ; no bokeh simulation on slight out of focus]]
[2020.01.10-16.11.12:262][  0]LogConfig: Setting CVar [[r.DOF.TemporalAAQuality:1                ; more stable temporal accumulation]]
[2020.01.10-16.11.12:262][  0]LogConfig: Setting CVar [[r.DOF.Kernel.MaxForegroundRadius:0.025]]
[2020.01.10-16.11.12:262][  0]LogConfig: Setting CVar [[r.DOF.Kernel.MaxBackgroundRadius:0.025]]
[2020.01.10-16.11.12:262][  0]LogConfig: Applying CVar settings from Section [TextureQuality@3] File [C:/Users/v.arabi/Documents/GitHub/The-Last/The Last/GameAlpha/TheLast/Saved/Config/Windows/Scalability.ini]
[2020.01.10-16.11.12:262][  0]LogConfig: Setting CVar [[r.Streaming.MipBias:0]]
[2020.01.10-16.11.12:262][  0]LogConfig: Setting CVar [[r.Streaming.AmortizeCPUToGPUCopy:0]]
[2020.01.10-16.11.12:262][  0]LogConfig: Setting CVar [[r.Streaming.MaxNumTexturesToStreamPerFrame:0]]
[2020.01.10-16.11.12:262][  0]LogConfig: Setting CVar [[r.Streaming.Boost:1]]
[2020.01.10-16.11.12:262][  0]LogConfig: Setting CVar [[r.MaxAnisotropy:8]]
[2020.01.10-16.11.12:262][  0]LogConfig: Setting CVar [[r.Streaming.LimitPoolSizeToVRAM:0]]
[2020.01.10-16.11.12:262][  0]LogConfig: Setting CVar [[r.Streaming.PoolSize:1000]]
[2020.01.10-16.11.12:262][  0]LogConfig: Setting CVar [[r.Streaming.MaxEffectiveScreenSize:0]]
[2020.01.10-16.11.12:262][  0]LogConfig: Applying CVar settings from Section [EffectsQuality@3] File [C:/Users/v.arabi/Documents/GitHub/The-Last/The Last/GameAlpha/TheLast/Saved/Config/Windows/Scalability.ini]
[2020.01.10-16.11.12:262][  0]LogConfig: Setting CVar [[r.TranslucencyLightingVolumeDim:64]]
[2020.01.10-16.11.12:262][  0]LogConfig: Setting CVar [[r.RefractionQuality:2]]
[2020.01.10-16.11.12:262][  0]LogConfig: Setting CVar [[r.SSR.Quality:3]]
[2020.01.10-16.11.12:262][  0]LogConfig: Setting CVar [[r.SceneColorFormat:4]]
[2020.01.10-16.11.12:262][  0]LogConfig: Setting CVar [[r.DetailMode:2]]
[2020.01.10-16.11.12:262][  0]LogConfig: Setting CVar [[r.TranslucencyVolumeBlur:1]]
[2020.01.10-16.11.12:262][  0]LogConfig: Setting CVar [[r.MaterialQualityLevel:1 ; High quality]]
[2020.01.10-16.11.12:262][  0]LogConfig: Setting CVar [[r.SSS.Scale:1]]
[2020.01.10-16.11.12:262][  0]LogConfig: Setting CVar [[r.SSS.SampleSet:2]]
[2020.01.10-16.11.12:262][  0]LogConfig: Setting CVar [[r.SSS.Quality:1]]
[2020.01.10-16.11.12:262][  0]LogConfig: Setting CVar [[r.SSS.HalfRes:1]]
[2020.01.10-16.11.12:262][  0]LogConfig: Setting CVar [[r.EmitterSpawnRateScale:1.0]]
[2020.01.10-16.11.12:262][  0]LogConfig: Setting CVar [[r.ParticleLightQuality:2]]
[2020.01.10-16.11.12:262][  0]LogConfig: Applying CVar settings from Section [FoliageQuality@3] File [C:/Users/v.arabi/Documents/GitHub/The-Last/The Last/GameAlpha/TheLast/Saved/Config/Windows/Scalability.ini]
[2020.01.10-16.11.12:262][  0]LogConfig: Setting CVar [[foliage.DensityScale:1.0]]
[2020.01.10-16.11.12:262][  0]LogConfig: Setting CVar [[grass.DensityScale:1.0]]
[2020.01.10-16.11.12:262][  0]LogInit: Selected Device Profile: [Windows]
[2020.01.10-16.11.12:262][  0]LogInit: Applying CVar settings loaded from the selected device profile: [Windows]
[2020.01.10-16.11.12:267][  0]LogHAL: Display: Platform has ~ 16 GB [17107812352 / 17179869184 / 16], which maps to Larger [LargestMinGB=32, LargerMinGB=12, DefaultMinGB=8, SmallerMinGB=6, SmallestMinGB=0)
[2020.01.10-16.11.12:267][  0]LogInit: Going up to parent DeviceProfile []
[2020.01.10-16.11.12:267][  0]LogConfig: Applying CVar settings from Section [ViewDistanceQuality@3] File [C:/Users/v.arabi/Documents/GitHub/The-Last/The Last/GameAlpha/TheLast/Saved/Config/Windows/Scalability.ini]
[2020.01.10-16.11.12:267][  0]LogConfig: Setting CVar [[r.SkeletalMeshLODBias:0]]
[2020.01.10-16.11.12:267][  0]LogConfig: Setting CVar [[r.ViewDistanceScale:1.0]]
[2020.01.10-16.11.12:267][  0]LogConfig: Applying CVar settings from Section [AntiAliasingQuality@3] File [C:/Users/v.arabi/Documents/GitHub/The-Last/The Last/GameAlpha/TheLast/Saved/Config/Windows/Scalability.ini]
[2020.01.10-16.11.12:268][  0]LogConfig: Setting CVar [[r.PostProcessAAQuality:4]]
[2020.01.10-16.11.12:268][  0]LogConfig: Applying CVar settings from Section [ShadowQuality@3] File [C:/Users/v.arabi/Documents/GitHub/The-Last/The Last/GameAlpha/TheLast/Saved/Config/Windows/Scalability.ini]
[2020.01.10-16.11.12:268][  0]LogConfig: Setting CVar [[r.LightFunctionQuality:1]]
[2020.01.10-16.11.12:268][  0]LogConfig: Setting CVar [[r.ShadowQuality:5]]
[2020.01.10-16.11.12:268][  0]LogConfig: Setting CVar [[r.Shadow.CSM.MaxCascades:10]]
[2020.01.10-16.11.12:268][  0]LogConfig: Setting CVar [[r.Shadow.MaxResolution:2048]]
[2020.01.10-16.11.12:268][  0]LogConfig: Setting CVar [[r.Shadow.MaxCSMResolution:2048]]
[2020.01.10-16.11.12:268][  0]LogConfig: Setting CVar [[r.Shadow.RadiusThreshold:0.01]]
[2020.01.10-16.11.12:268][  0]LogConfig: Setting CVar [[r.Shadow.DistanceScale:1.0]]
[2020.01.10-16.11.12:268][  0]LogConfig: Setting CVar [[r.Shadow.CSM.TransitionScale:1.0]]
[2020.01.10-16.11.12:268][  0]LogConfig: Setting CVar [[r.Shadow.PreShadowResolutionFactor:1.0]]
[2020.01.10-16.11.12:268][  0]LogConfig: Setting CVar [[r.DistanceFieldShadowing:1]]
[2020.01.10-16.11.12:268][  0]LogConfig: Setting CVar [[r.DistanceFieldAO:1]]
[2020.01.10-16.11.12:268][  0]LogConfig: Setting CVar [[r.AOQuality:2]]
[2020.01.10-16.11.12:268][  0]LogConfig: Setting CVar [[r.VolumetricFog:1]]
[2020.01.10-16.11.12:268][  0]LogConfig: Setting CVar [[r.VolumetricFog.GridPixelSize:8]]
[2020.01.10-16.11.12:268][  0]LogConfig: Setting CVar [[r.VolumetricFog.GridSizeZ:128]]
[2020.01.10-16.11.12:268][  0]LogConfig: Setting CVar [[r.VolumetricFog.HistoryMissSupersampleCount:4]]
[2020.01.10-16.11.12:268][  0]LogConfig: Setting CVar [[r.LightMaxDrawDistanceScale:1]]
[2020.01.10-16.11.12:268][  0]LogConfig: Setting CVar [[r.CapsuleShadows:1]]
[2020.01.10-16.11.12:268][  0]LogConfig: Applying CVar settings from Section [PostProcessQuality@3] File [C:/Users/v.arabi/Documents/GitHub/The-Last/The Last/GameAlpha/TheLast/Saved/Config/Windows/Scalability.ini]
[2020.01.10-16.11.12:268][  0]LogConfig: Setting CVar [[r.MotionBlurQuality:4]]
[2020.01.10-16.11.12:268][  0]LogConfig: Setting CVar [[r.AmbientOcclusionMipLevelFactor:0.4]]
[2020.01.10-16.11.12:268][  0]LogConfig: Setting CVar [[r.AmbientOcclusionMaxQuality:100]]
[2020.01.10-16.11.12:268][  0]LogConfig: Setting CVar [[r.AmbientOcclusionLevels:-1]]
[2020.01.10-16.11.12:268][  0]LogConfig: Setting CVar [[r.AmbientOcclusionRadiusScale:1.0]]
[2020.01.10-16.11.12:268][  0]LogConfig: Setting CVar [[r.DepthOfFieldQuality:2]]
[2020.01.10-16.11.12:268][  0]LogConfig: Setting CVar [[r.RenderTargetPoolMin:400]]
[2020.01.10-16.11.12:268][  0]LogConfig: Setting CVar [[r.LensFlareQuality:2]]
[2020.01.10-16.11.12:268][  0]LogConfig: Setting CVar [[r.SceneColorFringeQuality:1]]
[2020.01.10-16.11.12:268][  0]LogConfig: Setting CVar [[r.EyeAdaptationQuality:2]]
[2020.01.10-16.11.12:268][  0]LogConfig: Setting CVar [[r.BloomQuality:5]]
[2020.01.10-16.11.12:268][  0]LogConfig: Setting CVar [[r.FastBlurThreshold:100]]
[2020.01.10-16.11.12:268][  0]LogConfig: Setting CVar [[r.Upscale.Quality:3]]
[2020.01.10-16.11.12:268][  0]LogConfig: Setting CVar [[r.Tonemapper.GrainQuantization:1]]
[2020.01.10-16.11.12:268][  0]LogConfig: Setting CVar [[r.LightShaftQuality:1]]
[2020.01.10-16.11.12:268][  0]LogConfig: Setting CVar [[r.Filter.SizeScale:1]]
[2020.01.10-16.11.12:268][  0]LogConfig: Setting CVar [[r.Tonemapper.Quality:5]]
[2020.01.10-16.11.12:268][  0]LogConfig: Setting CVar [[r.DOF.Gather.AccumulatorQuality:1        ; higher gathering accumulator quality]]
[2020.01.10-16.11.12:268][  0]LogConfig: Setting CVar [[r.DOF.Gather.PostfilterMethod:1          ; Median3x3 postfilering method]]
[2020.01.10-16.11.12:268][  0]LogConfig: Setting CVar [[r.DOF.Gather.EnableBokehSettings:0       ; no bokeh simulation when gathering]]
[2020.01.10-16.11.12:268][  0]LogConfig: Setting CVar [[r.DOF.Gather.RingCount:4                 ; medium number of samples when gathering]]
[2020.01.10-16.11.12:268][  0]LogConfig: Setting CVar [[r.DOF.Scatter.ForegroundCompositing:1    ; additive foreground scattering]]
[2020.01.10-16.11.12:268][  0]LogConfig: Setting CVar [[r.DOF.Scatter.BackgroundCompositing:2    ; additive background scattering]]
[2020.01.10-16.11.12:268][  0]LogConfig: Setting CVar [[r.DOF.Scatter.EnableBokehSettings:1      ; bokeh simulation when scattering]]
[2020.01.10-16.11.12:268][  0]LogConfig: Setting CVar [[r.DOF.Scatter.MaxSpriteRatio:0.1         ; only a maximum of 10% of scattered bokeh]]
[2020.01.10-16.11.12:268][  0]LogConfig: Setting CVar [[r.DOF.Recombine.Quality:1                ; cheap slight out of focus]]
[2020.01.10-16.11.12:268][  0]LogConfig: Setting CVar [[r.DOF.Recombine.EnableBokehSettings:0    ; no bokeh simulation on slight out of focus]]
[2020.01.10-16.11.12:268][  0]LogConfig: Setting CVar [[r.DOF.TemporalAAQuality:1                ; more stable temporal accumulation]]
[2020.01.10-16.11.12:268][  0]LogConfig: Setting CVar [[r.DOF.Kernel.MaxForegroundRadius:0.025]]
[2020.01.10-16.11.12:268][  0]LogConfig: Setting CVar [[r.DOF.Kernel.MaxBackgroundRadius:0.025]]
[2020.01.10-16.11.12:268][  0]LogConfig: Applying CVar settings from Section [TextureQuality@3] File [C:/Users/v.arabi/Documents/GitHub/The-Last/The Last/GameAlpha/TheLast/Saved/Config/Windows/Scalability.ini]
[2020.01.10-16.11.12:268][  0]LogConfig: Setting CVar [[r.Streaming.MipBias:0]]
[2020.01.10-16.11.12:268][  0]LogConfig: Setting CVar [[r.Streaming.AmortizeCPUToGPUCopy:0]]
[2020.01.10-16.11.12:268][  0]LogConfig: Setting CVar [[r.Streaming.MaxNumTexturesToStreamPerFrame:0]]
[2020.01.10-16.11.12:268][  0]LogConfig: Setting CVar [[r.Streaming.Boost:1]]
[2020.01.10-16.11.12:268][  0]LogConfig: Setting CVar [[r.MaxAnisotropy:8]]
[2020.01.10-16.11.12:269][  0]LogConfig: Setting CVar [[r.Streaming.LimitPoolSizeToVRAM:0]]
[2020.01.10-16.11.12:269][  0]LogConfig: Setting CVar [[r.Streaming.PoolSize:1000]]
[2020.01.10-16.11.12:269][  0]LogConfig: Setting CVar [[r.Streaming.MaxEffectiveScreenSize:0]]
[2020.01.10-16.11.12:269][  0]LogConfig: Applying CVar settings from Section [EffectsQuality@3] File [C:/Users/v.arabi/Documents/GitHub/The-Last/The Last/GameAlpha/TheLast/Saved/Config/Windows/Scalability.ini]
[2020.01.10-16.11.12:269][  0]LogConfig: Setting CVar [[r.TranslucencyLightingVolumeDim:64]]
[2020.01.10-16.11.12:269][  0]LogConfig: Setting CVar [[r.RefractionQuality:2]]
[2020.01.10-16.11.12:269][  0]LogConfig: Setting CVar [[r.SSR.Quality:3]]
[2020.01.10-16.11.12:269][  0]LogConfig: Setting CVar [[r.SceneColorFormat:4]]
[2020.01.10-16.11.12:269][  0]LogConfig: Setting CVar [[r.DetailMode:2]]
[2020.01.10-16.11.12:269][  0]LogConfig: Setting CVar [[r.TranslucencyVolumeBlur:1]]
[2020.01.10-16.11.12:269][  0]LogConfig: Setting CVar [[r.MaterialQualityLevel:1 ; High quality]]
[2020.01.10-16.11.12:269][  0]LogConfig: Setting CVar [[r.SSS.Scale:1]]
[2020.01.10-16.11.12:269][  0]LogConfig: Setting CVar [[r.SSS.SampleSet:2]]
[2020.01.10-16.11.12:269][  0]LogConfig: Setting CVar [[r.SSS.Quality:1]]
[2020.01.10-16.11.12:269][  0]LogConfig: Setting CVar [[r.SSS.HalfRes:1]]
[2020.01.10-16.11.12:269][  0]LogConfig: Setting CVar [[r.EmitterSpawnRateScale:1.0]]
[2020.01.10-16.11.12:269][  0]LogConfig: Setting CVar [[r.ParticleLightQuality:2]]
[2020.01.10-16.11.12:269][  0]LogConfig: Applying CVar settings from Section [FoliageQuality@3] File [C:/Users/v.arabi/Documents/GitHub/The-Last/The Last/GameAlpha/TheLast/Saved/Config/Windows/Scalability.ini]
[2020.01.10-16.11.12:269][  0]LogConfig: Setting CVar [[foliage.DensityScale:1.0]]
[2020.01.10-16.11.12:269][  0]LogConfig: Setting CVar [[grass.DensityScale:1.0]]
[2020.01.10-16.11.12:269][  0]LogConfig: Applying CVar settings from Section [Startup] File [../../../Engine/Config/ConsoleVariables.ini]
[2020.01.10-16.11.12:269][  0]LogConfig: Setting CVar [[net.UseAdaptiveNetUpdateFrequency:0]]
[2020.01.10-16.11.12:269][  0]LogConfig: Setting CVar [[p.chaos.AllowCreatePhysxBodies:1]]
[2020.01.10-16.11.12:269][  0]LogConfig: Applying CVar settings from Section [ConsoleVariables] File [C:/Users/v.arabi/Documents/GitHub/The-Last/The Last/GameAlpha/TheLast/Saved/Config/Windows/Engine.ini]
[2020.01.10-16.11.12:269][  0]LogInit: Computer: SA21CICLOS21
[2020.01.10-16.11.12:269][  0]LogInit: User: varabi
[2020.01.10-16.11.12:269][  0]LogInit: CPU Page size=4096, Cores=4
[2020.01.10-16.11.12:269][  0]LogInit: High frequency timer resolution =10.000000 MHz
[2020.01.10-16.11.12:269][  0]LogMemory: Memory total: Physical=15.9GB (16GB approx)
[2020.01.10-16.11.12:270][  0]LogMemory: Platform Memory Stats for Windows
[2020.01.10-16.11.12:270][  0]LogMemory: Process Physical Memory: 105.02 MB used, 105.02 MB peak
[2020.01.10-16.11.12:270][  0]LogMemory: Process Virtual Memory: 103.98 MB used, 103.98 MB peak
[2020.01.10-16.11.12:270][  0]LogMemory: Physical Memory: 4823.16 MB used,  11492.12 MB free, 16315.28 MB total
[2020.01.10-16.11.12:270][  0]LogMemory: Virtual Memory: 4693.02 MB used,  134213032.00 MB free, 134217728.00 MB total
[2020.01.10-16.11.12:274][  0]LogWindows: WindowsPlatformFeatures enabled
[2020.01.10-16.11.12:315][  0]LogInit: Using OS detected language (es-ES).
[2020.01.10-16.11.12:315][  0]LogInit: Using OS detected locale (es-ES).
[2020.01.10-16.11.12:316][  0]LogTextLocalizationManager: No specific localization for 'es-ES' exists, so the 'es' localization will be used.
[2020.01.10-16.11.12:374][  0]LogInit: Setting process to per monitor DPI aware
[2020.01.10-16.11.12:418][  0]LogSlate: New Slate User Created.  User Index 0, Is Virtual User: 0
[2020.01.10-16.11.12:418][  0]LogSlate: Slate User Registered.  User Index 0, Is Virtual User: 0
[2020.01.10-16.11.12:629][  0]LogHMD: Failed to initialize OpenVR with code 110
[2020.01.10-16.11.12:629][  0]LogD3D11RHI: D3D11 adapters:
[2020.01.10-16.11.12:723][  0]LogD3D11RHI:    0. 'NVIDIA GeForce RTX 2060' (Feature Level 11_0)
[2020.01.10-16.11.12:723][  0]LogD3D11RHI:       5980/0/8157 MB DedicatedVideo/DedicatedSystem/SharedSystem, Outputs:1, VendorId:0x10de
[2020.01.10-16.11.12:726][  0]LogD3D11RHI:    1. 'Microsoft Basic Render Driver' (Feature Level 11_0)
[2020.01.10-16.11.12:726][  0]LogD3D11RHI:       0/0/8157 MB DedicatedVideo/DedicatedSystem/SharedSystem, Outputs:0, VendorId:0x1414
[2020.01.10-16.11.12:726][  0]LogD3D11RHI: Chosen D3D11 Adapter: 0
[2020.01.10-16.11.12:735][  0]LogD3D11RHI: Creating new Direct3DDevice
[2020.01.10-16.11.12:735][  0]LogD3D11RHI:     GPU DeviceId: 0x1f08 (for the marketing name, search the web for "GPU Device Id")
[2020.01.10-16.11.12:735][  0]LogWindows: EnumDisplayDevices:
[2020.01.10-16.11.12:736][  0]LogWindows:    0. 'NVIDIA GeForce RTX 2060' (P:1 D:1)
[2020.01.10-16.11.12:736][  0]LogWindows:    1. 'NVIDIA GeForce RTX 2060' (P:0 D:0)
[2020.01.10-16.11.12:736][  0]LogWindows:    2. 'NVIDIA GeForce RTX 2060' (P:0 D:0)
[2020.01.10-16.11.12:737][  0]LogWindows:    3. 'NVIDIA GeForce RTX 2060' (P:0 D:0)
[2020.01.10-16.11.12:737][  0]LogWindows: DebugString: FoundDriverCount:4 
[2020.01.10-16.11.12:737][  0]LogD3D11RHI:     Adapter Name: NVIDIA GeForce RTX 2060
[2020.01.10-16.11.12:737][  0]LogD3D11RHI:   Driver Version: 441.20 (internal:26.21.14.4120, unified:441.20)
[2020.01.10-16.11.12:737][  0]LogD3D11RHI:      Driver Date: 11-6-2019
[2020.01.10-16.11.12:737][  0]LogRHI: Texture pool is 4186 MB (70% of 5980 MB)
[2020.01.10-16.11.12:803][  0]LogD3D11RHI: Async texture creation enabled
[2020.01.10-16.11.12:824][  0]LogD3D11RHI: GPU Timing Frequency: 1000.000000 (Debug: 2 1)
[2020.01.10-16.11.13:189][  0]LogTemp: Display: Module 'AllDesktopTargetPlatform' loaded TargetPlatform 'AllDesktop'
[2020.01.10-16.11.13:201][  0]LogTemp: Display: Module 'MacClientTargetPlatform' loaded TargetPlatform 'MacClient'
[2020.01.10-16.11.13:214][  0]LogTemp: Display: Module 'MacNoEditorTargetPlatform' loaded TargetPlatform 'MacNoEditor'
[2020.01.10-16.11.13:226][  0]LogTemp: Display: Module 'MacServerTargetPlatform' loaded TargetPlatform 'MacServer'
[2020.01.10-16.11.13:239][  0]LogTemp: Display: Module 'MacTargetPlatform' loaded TargetPlatform 'Mac'
[2020.01.10-16.11.13:252][  0]LogTemp: Display: Module 'WindowsClientTargetPlatform' loaded TargetPlatform 'WindowsClient'
[2020.01.10-16.11.13:265][  0]LogTemp: Display: Module 'WindowsNoEditorTargetPlatform' loaded TargetPlatform 'WindowsNoEditor'
[2020.01.10-16.11.13:277][  0]LogTemp: Display: Module 'WindowsServerTargetPlatform' loaded TargetPlatform 'WindowsServer'
[2020.01.10-16.11.13:284][  0]LogTemp: Display: Module 'WindowsTargetPlatform' loaded TargetPlatform 'Windows'
[2020.01.10-16.11.13:327][  0]LogTemp: Display: Module 'AndroidTargetPlatform' loaded TargetPlatform 'Android'
[2020.01.10-16.11.13:327][  0]LogTemp: Display: Module 'AndroidTargetPlatform' loaded TargetPlatform 'Android_ASTC'
[2020.01.10-16.11.13:327][  0]LogTemp: Display: Module 'AndroidTargetPlatform' loaded TargetPlatform 'Android_ATC'
[2020.01.10-16.11.13:327][  0]LogTemp: Display: Module 'AndroidTargetPlatform' loaded TargetPlatform 'Android_DXT'
[2020.01.10-16.11.13:327][  0]LogTemp: Display: Module 'AndroidTargetPlatform' loaded TargetPlatform 'Android_ETC1'
[2020.01.10-16.11.13:327][  0]LogTemp: Display: Module 'AndroidTargetPlatform' loaded TargetPlatform 'Android_ETC1a'
[2020.01.10-16.11.13:327][  0]LogTemp: Display: Module 'AndroidTargetPlatform' loaded TargetPlatform 'Android_ETC2'
[2020.01.10-16.11.13:327][  0]LogTemp: Display: Module 'AndroidTargetPlatform' loaded TargetPlatform 'Android_PVRTC'
[2020.01.10-16.11.13:327][  0]LogTemp: Display: Module 'AndroidTargetPlatform' loaded TargetPlatform 'AndroidClient'
[2020.01.10-16.11.13:327][  0]LogTemp: Display: Module 'AndroidTargetPlatform' loaded TargetPlatform 'Android_ASTCClient'
[2020.01.10-16.11.13:327][  0]LogTemp: Display: Module 'AndroidTargetPlatform' loaded TargetPlatform 'Android_ATCClient'
[2020.01.10-16.11.13:327][  0]LogTemp: Display: Module 'AndroidTargetPlatform' loaded TargetPlatform 'Android_DXTClient'
[2020.01.10-16.11.13:327][  0]LogTemp: Display: Module 'AndroidTargetPlatform' loaded TargetPlatform 'Android_ETC1Client'
[2020.01.10-16.11.13:327][  0]LogTemp: Display: Module 'AndroidTargetPlatform' loaded TargetPlatform 'Android_ETC1aClient'
[2020.01.10-16.11.13:327][  0]LogTemp: Display: Module 'AndroidTargetPlatform' loaded TargetPlatform 'Android_ETC2Client'
[2020.01.10-16.11.13:327][  0]LogTemp: Display: Module 'AndroidTargetPlatform' loaded TargetPlatform 'Android_PVRTCClient'
[2020.01.10-16.11.13:327][  0]LogTemp: Display: Module 'AndroidTargetPlatform' loaded TargetPlatform 'Android_Multi'
[2020.01.10-16.11.13:327][  0]LogTemp: Display: Module 'AndroidTargetPlatform' loaded TargetPlatform 'Android_MultiClient'
[2020.01.10-16.11.13:330][  0]LogTemp: Display: Module 'HTML5TargetPlatform' loaded TargetPlatform 'HTML5'
[2020.01.10-16.11.13:353][  0]LogTemp: Display: Module 'IOSTargetPlatform' loaded TargetPlatform 'IOSClient'
[2020.01.10-16.11.13:353][  0]LogTemp: Display: Module 'IOSTargetPlatform' loaded TargetPlatform 'IOS'
[2020.01.10-16.11.13:372][  0]LogTemp: Display: Module 'TVOSTargetPlatform' loaded TargetPlatform 'TVOSClient'
[2020.01.10-16.11.13:372][  0]LogTemp: Display: Module 'TVOSTargetPlatform' loaded TargetPlatform 'TVOS'
[2020.01.10-16.11.13:382][  0]LogTemp: Display: Module 'LinuxClientTargetPlatform' loaded TargetPlatform 'LinuxClient'
[2020.01.10-16.11.13:391][  0]LogTemp: Display: Module 'LinuxNoEditorTargetPlatform' loaded TargetPlatform 'LinuxNoEditor'
[2020.01.10-16.11.13:400][  0]LogTemp: Display: Module 'LinuxServerTargetPlatform' loaded TargetPlatform 'LinuxServer'
[2020.01.10-16.11.13:411][  0]LogTemp: Display: Module 'LinuxTargetPlatform' loaded TargetPlatform 'Linux'
[2020.01.10-16.11.13:442][  0]LogTemp: Display: Module 'LuminTargetPlatform' loaded TargetPlatform 'Lumin'
[2020.01.10-16.11.13:442][  0]LogTemp: Display: Module 'LuminTargetPlatform' loaded TargetPlatform 'LuminClient'
[2020.01.10-16.11.13:442][  0]LogTargetPlatformManager: Display: Building Assets For Windows
[2020.01.10-16.11.13:458][  0]LogAudioDebug: Display: Lib vorbis DLL was dynamically loaded.
[2020.01.10-16.11.13:548][  0]LogShaderCompilers: Guid format shader working directory is -37 characters bigger than the processId version (../../../../../../Users/v.arabi/Documents/GitHub/The-Last/The Last/GameAlpha/TheLast/Intermediate/Shaders/WorkingDirectory/11364/).
[2020.01.10-16.11.13:548][  0]LogShaderCompilers: Cleaned the shader compiler working directory 'C:/Users/v.arabi/AppData/Local/Temp/UnrealShaderWorkingDir/653BA39940FB62C208D3F0B72187151C/'.
[2020.01.10-16.11.13:553][  0]LogXGEController: Cannot use XGE Controller as Incredibuild is not installed on this machine.
[2020.01.10-16.11.13:553][  0]LogShaderCompilers: Cannot use XGE Shader Compiler as Incredibuild is not installed on this machine.
[2020.01.10-16.11.13:553][  0]LogShaderCompilers: Display: Using Local Shader Compiler.
[2020.01.10-16.11.14:263][  0]LogDerivedDataCache: Display: Max Cache Size: 512 MB
[2020.01.10-16.11.14:359][  0]LogDerivedDataCache: Loaded boot cache 0.10s 77MB C:/Users/v.arabi/AppData/Local/UnrealEngine/4.23/DerivedDataCache/Boot.ddc.
[2020.01.10-16.11.14:359][  0]LogDerivedDataCache: Display: Loaded Boot cache: C:/Users/v.arabi/AppData/Local/UnrealEngine/4.23/DerivedDataCache/Boot.ddc
[2020.01.10-16.11.14:359][  0]LogDerivedDataCache: FDerivedDataBackendGraph:  Pak pak cache file ../../../../../../Users/v.arabi/Documents/GitHub/The-Last/The Last/GameAlpha/TheLast/DerivedDataCache/DDC.ddp not found, will not use a pak cache.
[2020.01.10-16.11.14:359][  0]LogDerivedDataCache: Unable to find inner node Pak for hierarchical cache Hierarchy.
[2020.01.10-16.11.14:359][  0]LogDerivedDataCache: FDerivedDataBackendGraph:  CompressedPak pak cache file ../../../../../../Users/v.arabi/Documents/GitHub/The-Last/The Last/GameAlpha/TheLast/DerivedDataCache/Compressed.ddp not found, will not use a pak cache.
[2020.01.10-16.11.14:359][  0]LogDerivedDataCache: Unable to find inner node CompressedPak for hierarchical cache Hierarchy.
[2020.01.10-16.11.14:372][  0]LogDerivedDataCache: Display: Pak cache opened for reading ../../../Engine/DerivedDataCache/Compressed.ddp.
[2020.01.10-16.11.14:372][  0]LogDerivedDataCache: FDerivedDataBackendGraph:  EnterprisePak pak cache file ../../../Enterprise/DerivedDataCache/Compressed.ddp not found, will not use a pak cache.
[2020.01.10-16.11.14:372][  0]LogDerivedDataCache: Unable to find inner node EnterprisePak for hierarchical cache Hierarchy.
[2020.01.10-16.11.14:374][  0]LogDerivedDataCache: Using Local data cache path C:/Users/v.arabi/AppData/Local/UnrealEngine/Common/DerivedDataCache: Writable
[2020.01.10-16.11.14:374][  0]LogDerivedDataCache: Shared data cache path not found in *engine.ini, will not use an Shared cache.
[2020.01.10-16.11.14:374][  0]LogDerivedDataCache: Unable to find inner node Shared for hierarchical cache Hierarchy.
[2020.01.10-16.11.14:399][  0]LogMaterial: Verifying Global Shaders for PCD3D_SM5
[2020.01.10-16.11.14:402][  0]LogSlate: Using FreeType 2.6.0
[2020.01.10-16.11.14:403][  0]LogSlate: SlateFontServices - WITH_FREETYPE: 1, WITH_HARFBUZZ: 1
[2020.01.10-16.11.14:479][  0]LogAssetRegistry: FAssetRegistry took 0.0028 seconds to start up
[2020.01.10-16.11.14:788][  0]LogInit: Selected Device Profile: [Windows]
[2020.01.10-16.11.14:973][  0]LogMeshReduction: Using QuadricMeshReduction for automatic static mesh reduction
[2020.01.10-16.11.14:973][  0]LogMeshReduction: Using SimplygonMeshReduction for automatic skeletal mesh reduction
[2020.01.10-16.11.14:973][  0]LogMeshReduction: Using ProxyLODMeshReduction for automatic mesh merging
[2020.01.10-16.11.14:973][  0]LogMeshReduction: No distributed automatic mesh merging module available
[2020.01.10-16.11.14:973][  0]LogMeshMerging: No distributed automatic mesh merging module available
[2020.01.10-16.11.14:984][  0]LogNetVersion: TheLast 1.0.0, NetCL: 8386587, EngineNetVer: 11, GameNetVer: 0 (Checksum: 2690468633)
[2020.01.10-16.11.15:503][  0]LogPackageLocalizationCache: Processed 12 localized package path(s) for 1 prioritized culture(s) in 0.052168 seconds
[2020.01.10-16.11.15:510][  0]LogUObjectArray: 43444 objects as part of root set at end of initial load.
[2020.01.10-16.11.15:510][  0]LogUObjectAllocator: 7548648 out of 0 bytes used by permanent object pool.
[2020.01.10-16.11.15:510][  0]LogUObjectArray: CloseDisregardForGC: 0/0 objects in disregard for GC pool
[2020.01.10-16.11.16:673][  0]LogTcpMessaging: Initializing TcpMessaging bridge
[2020.01.10-16.11.16:677][  0]LogUdpMessaging: Initializing bridge on interface 0.0.0.0:0 to multicast group 230.0.0.1:6666.
[2020.01.10-16.11.16:746][  0]SourceControl: El control de código fuente está desactivado
[2020.01.10-16.11.16:746][  0]SourceControl: El control de código fuente está desactivado
[2020.01.10-16.11.16:748][  0]SourceControl: El control de código fuente está desactivado
[2020.01.10-16.11.16:750][  0]SourceControl: El control de código fuente está desactivado
[2020.01.10-16.11.16:877][  0]LogAndroidPermission: UAndroidPermissionCallbackProxy::GetInstance
[2020.01.10-16.11.17:041][  0]LogOcInput: OculusInput pre-init called
[2020.01.10-16.11.17:836][  0]LogEngine: Initializing Engine...
[2020.01.10-16.11.17:837][  0]LogHMD: Failed to initialize OpenVR with code 110
[2020.01.10-16.11.17:838][  0]LogStats: UGameplayTagsManager::InitializeManager -  0.000 s
[2020.01.10-16.11.18:134][  0]LogInit: Initializing FReadOnlyCVARCache
[2020.01.10-16.11.18:163][  0]LogAIModule: Creating AISystem for world Untitled
[2020.01.10-16.11.18:187][  0]LogInit: XAudio2 using 'Acer V246HL (NVIDIA High Definition Audio)' : 2 channels at 48 kHz using 16 bits per sample (channel mask 0x3)
[2020.01.10-16.11.18:275][  0]LogInit: FAudioDevice initialized.
[2020.01.10-16.11.18:275][  0]LogNetVersion: Set ProjectVersion to 1.0.0.0. Version Checksum will be recalculated on next use.
[2020.01.10-16.11.18:387][  0]LogDerivedDataCache: Saved boot cache 0.11s 77MB C:/Users/v.arabi/AppData/Local/UnrealEngine/4.23/DerivedDataCache/Boot.ddc.
[2020.01.10-16.11.18:389][  0]LogInit: Texture streaming: Enabled
[2020.01.10-16.11.18:419][  0]LogEngineSessionManager: EngineSessionManager initialized
[2020.01.10-16.11.18:419][  0]LogEditorSessionSummary: Verbose: Initializing EditorSessionSummaryWriter for editor session tracking
[2020.01.10-16.11.18:421][  0]LogEditorSessionSummary: EditorSessionSummaryWriter initialized
[2020.01.10-16.11.18:489][  0]LogInit: Transaction tracking system initialized
[2020.01.10-16.11.18:544][  0]BlueprintLog: New page: Cargar el editor
[2020.01.10-16.11.18:681][  0]LocalizationService: Localization service is disabled
[2020.01.10-16.11.19:010][  0]LogFileCache: Scanning file cache for directory 'C:/Users/v.arabi/Documents/GitHub/The-Last/The Last/GameAlpha/TheLast/Content/' took 0.01s
[2020.01.10-16.11.19:010][  0]LogCook: Display: Max memory allowance for cook 16384mb min free memory 0mb
[2020.01.10-16.11.19:011][  0]LogCook: Display: Mobile HDR setting 1
[2020.01.10-16.11.19:258][  0]SourceControl: El control de código fuente está desactivado
[2020.01.10-16.11.19:258][  0]Cmd: MAP LOAD FILE="../../../../../../Users/v.arabi/Documents/GitHub/The-Last/The Last/GameAlpha/TheLast/Content/Maps/Pantano.umap" TEMPLATE=0 SHOWPROGRESS=1 FEATURELEVEL=3
[2020.01.10-16.11.19:259][  0]LightingResults: New page: Diseñar la iluminación
[2020.01.10-16.11.19:264][  0]LogWorld: UWorld::CleanupWorld for Untitled, bSessionEnded=true, bCleanupResources=true
[2020.01.10-16.11.19:265][  0]MapCheck: New page: Revisión del mapa
[2020.01.10-16.11.19:265][  0]LightingResults: New page: Diseñar la iluminación
[2020.01.10-16.11.19:291][  0]LogUObjectHash: Compacting FUObjectHashTables data took   2.03ms
[2020.01.10-16.11.19:355][  0]LogLinker: Warning: While loading '../../../../../../Users/v.arabi/Documents/GitHub/The-Last/The Last/GameAlpha/TheLast/Content/Maps/Pantano.umap' failed to load '/Game/Maps/Pantano_BuiltData': No puede encontrar el archivo
[2020.01.10-16.11.19:355][  0]LogLinker: Warning: While loading '../../../../../../Users/v.arabi/Documents/GitHub/The-Last/The Last/GameAlpha/TheLast/Content/Maps/Pantano.umap' failed to load '/Game/Maps/Pantano_BuiltData': No puede encontrar el archivo para el activo.
[2020.01.10-16.11.19:389][  0]LogLinker: Warning: While loading '../../../../../../Users/v.arabi/Documents/GitHub/The-Last/The Last/GameAlpha/TheLast/Content/Maps/Pantano.umap' failed to load '/Game/Maps/Pantano_BuiltData': No puede encontrar el archivo
[2020.01.10-16.11.19:389][  0]LogLinker: Warning: While loading '../../../../../../Users/v.arabi/Documents/GitHub/The-Last/The Last/GameAlpha/TheLast/Content/Maps/Pantano.umap' failed to load '/Game/Maps/Pantano_BuiltData': No puede encontrar el archivo para el activo.
[2020.01.10-16.11.19:393][  0]LogLinker: Warning: Error al cargar '{FileName}': No puede encontrar el archivo
[2020.01.10-16.11.19:393][  0]LogLinker: Warning: Error al cargar '{FileName}': No puede encontrar el archivo para el activo.
[2020.01.10-16.11.19:393][  0]LogLinker: Warning: Error al cargar '{FileName}': No puede encontrar el archivo
[2020.01.10-16.11.19:394][  0]LogLinker: Warning: Error al cargar '{FileName}': No puede encontrar el archivo para el activo.
[2020.01.10-16.11.19:405][  0]LogLinker: Warning: While loading '../../../../../../Users/v.arabi/Documents/GitHub/The-Last/The Last/GameAlpha/TheLast/Content/Maps/Pantano.umap' failed to load '/Game/Maps/Pantano_BuiltData': No puede encontrar el archivo
[2020.01.10-16.11.19:405][  0]LoadErrors: Error al cargar /Game/Maps/Pantano_BuiltData.Pantano_BuiltData Referenciado por PersistentLevel
[2020.01.10-16.11.19:405][  0]LogLinker: Warning: While loading '../../../../../../Users/v.arabi/Documents/GitHub/The-Last/The Last/GameAlpha/TheLast/Content/Maps/Pantano.umap' failed to load '/Game/Maps/Pantano_BuiltData': No puede encontrar el archivo para el activo.
[2020.01.10-16.11.19:406][  0]LoadErrors: Error al cargar /Game/Maps/Pantano_BuiltData.Pantano_BuiltData Referenciado por PersistentLevel
[2020.01.10-16.11.19:979][  0]LogAIModule: Creating AISystem for world Pantano
[2020.01.10-16.11.19:992][  0]LogEditorServer: Finished looking for orphan Actors (0.000 secs)
[2020.01.10-16.11.20:023][  0]LogUObjectHash: Compacting FUObjectHashTables data took   2.39ms
[2020.01.10-16.11.20:023][  0]Cmd: MAP CHECKDEP NOCLEARLOG
[2020.01.10-16.11.20:023][  0]MapCheck: Map check complete: 0 Error(s), 0 Warning(s), took 0,24ms to complete.
[2020.01.10-16.11.20:023][  0]LogFileHelpers: Loading map 'Pantano' took 0.765
[2020.01.10-16.11.20:166][  0]LogSlate: Updating window title bar state: overlay mode, drag disabled, window buttons hidden, title bar hidden
[2020.01.10-16.11.20:175][  0]LogSlate: Updating window title bar state: overlay mode, drag disabled, window buttons hidden, title bar hidden
[2020.01.10-16.11.20:184][  0]LogSlate: Updating window title bar state: overlay mode, drag disabled, window buttons hidden, title bar hidden
[2020.01.10-16.11.20:192][  0]LogSlate: Updating window title bar state: overlay mode, drag disabled, window buttons hidden, title bar hidden
[2020.01.10-16.11.20:205][  0]LogCollectionManager: Loaded 0 collections in 0.003694 seconds
[2020.01.10-16.11.20:216][  0]LogFileCache: Scanning file cache for directory 'C:/Users/v.arabi/Documents/GitHub/The-Last/The Last/GameAlpha/TheLast/Saved/Collections/' took 0.00s
[2020.01.10-16.11.20:216][  0]LogFileCache: Scanning file cache for directory 'C:/Users/v.arabi/Documents/GitHub/The-Last/The Last/GameAlpha/TheLast/Content/Developers/varabi/Collections/' took 0.00s
[2020.01.10-16.11.20:216][  0]LogFileCache: Scanning file cache for directory 'C:/Users/v.arabi/Documents/GitHub/The-Last/The Last/GameAlpha/TheLast/Content/Collections/' took 0.00s
[2020.01.10-16.11.20:216][  0]LogCollectionManager: Rebuilt the GUID cache for 0 collections in 0.000001 seconds
[2020.01.10-16.11.20:227][  0]LogContentBrowser: Native class hierarchy populated in 0.0108 seconds. Added 2863 classes and 680 folders.
[2020.01.10-16.11.20:240][  0]LogContentBrowser: Native class hierarchy updated for 'WidgetCarousel' in 0.0016 seconds. Added 0 classes and 0 folders.
[2020.01.10-16.11.20:401][  0]LogContentBrowser: Native class hierarchy updated for 'AddContentDialog' in 0.0022 seconds. Added 0 classes and 0 folders.
[2020.01.10-16.11.20:424][  0]LogContentBrowser: Native class hierarchy updated for 'SceneOutliner' in 0.0017 seconds. Added 1 classes and 2 folders.
[2020.01.10-16.11.20:445][  0]LogSlate: Took 0.000225 seconds to synchronously load lazily loaded font '../../../Engine/Content/Slate/Fonts/Roboto-Regular.ttf' (155K)
[2020.01.10-16.11.20:447][  0]LogSlate: Took 0.000181 seconds to synchronously load lazily loaded font '../../../Engine/Content/Slate/Fonts/Roboto-Bold.ttf' (160K)
[2020.01.10-16.11.20:454][  0]LogSlate: Took 0.001716 seconds to synchronously load lazily loaded font '../../../Engine/Content/Editor/Slate/Fonts/FontAwesome.ttf' (139K)
[2020.01.10-16.11.20:542][  0]LogRenderer: Reallocating scene render targets to support 1016x552 Format 10 NumSamples 1 (Frame:1).
[2020.01.10-16.11.20:704][  0]LogContentBrowser: Native class hierarchy updated for 'HierarchicalLODOutliner' in 0.0017 seconds. Added 0 classes and 0 folders.
[2020.01.10-16.11.20:705][  0]LogLoad: (Engine Initialization) Total time: 10.99 seconds
[2020.01.10-16.11.20:705][  0]LogLoad: (Engine Initialization) Total Blueprint compile time: 0.00 seconds
[2020.01.10-16.11.20:715][  0]LogWindowsTextInputMethodSystem: Display: IME system now deactivated.
[2020.01.10-16.11.20:762][  0]LogContentStreaming: Texture pool size now 1000 MB
[2020.01.10-16.11.20:767][  0]LogSlate: FSceneViewport::OnFocusLost() reason 5
[2020.01.10-16.11.20:855][  0]LogSlate: Took 0.001500 seconds to synchronously load lazily loaded font '../../../Engine/Content/Slate/Fonts/Roboto-Light.ttf' (167K)
[2020.01.10-16.11.20:904][  1]LogAssetRegistry: Asset discovery search completed in 6.4259 seconds
[2020.01.10-16.11.20:911][  1]LogCollectionManager: Rebuilt the object cache for 0 collections in 0.000006 seconds (found 0 objects)
[2020.01.10-16.11.20:911][  1]LogCollectionManager: Fixed up redirectors for 0 collections in 0.000066 seconds (updated 0 objects)
[2020.01.10-16.11.24:602][426]LogSlate: Window 'Registro del mensaje' being destroyed
[2020.01.10-16.11.24:606][426]LogSlate: Window 'Registro del mensaje' being destroyed
[2020.01.10-16.13.21:461][641]LogSlate: FSceneViewport::OnFocusLost() reason 0
[2020.01.10-16.13.21:528][649]LogTemp: Repeating last play command: Selected Viewport
[2020.01.10-16.13.21:542][649]LogBlueprintUserMessages: Early PlayInEditor Detection: Level '/Game/Maps/Pantano.Pantano:PersistentLevel' has LevelScriptBlueprint '/Game/Maps/Pantano.Pantano:PersistentLevel.Pantano' with GeneratedClass '/Game/Maps/Pantano.Pantano_C' with ClassGeneratedBy '/Game/Maps/Pantano.Pantano:PersistentLevel.Pantano'
[2020.01.10-16.13.21:542][649]LogPlayLevel: PlayLevel: No blueprints needed recompiling
[2020.01.10-16.13.21:543][649]PIE: New page: Sesión PIE (reproducción en el editor): Pantano (10/1/2020 18:13:21)
[2020.01.10-16.13.21:544][649]LogOnline: OSS: Creating online subsystem instance for: NULL
[2020.01.10-16.13.21:545][649]LogPlayLevel: Creating play world package: /Game/Maps/UEDPIE_0_Pantano
[2020.01.10-16.13.21:580][649]LogPlayLevel: PIE: StaticDuplicateObject took: (0.034123s)
[2020.01.10-16.13.21:581][649]LogAIModule: Creating AISystem for world Pantano
[2020.01.10-16.13.21:582][649]LogPlayLevel: PIE: World Init took: (0.001873s)
[2020.01.10-16.13.21:582][649]LogPlayLevel: PIE: Created PIE world by copying editor world from /Game/Maps/Pantano.Pantano to /Game/Maps/UEDPIE_0_Pantano.Pantano (0.036435s)
[2020.01.10-16.13.21:610][649]LogUObjectHash: Compacting FUObjectHashTables data took   2.39ms
[2020.01.10-16.13.21:627][649]LogInit: XAudio2 using 'Acer V246HL (NVIDIA High Definition Audio)' : 2 channels at 48 kHz using 16 bits per sample (channel mask 0x3)
[2020.01.10-16.13.21:643][649]LogInit: FAudioDevice initialized.
[2020.01.10-16.13.21:834][649]LogLoad: Game class is 'ThirdPersonGameMode_C'
[2020.01.10-16.13.21:842][649]LogWorld: Bringing World /Game/Maps/UEDPIE_0_Pantano.Pantano up for play (max tick rate 0) at 2020.01.10-17.13.21
[2020.01.10-16.13.21:843][649]LogWorld: Bringing up level for play took: 0.005521
[2020.01.10-16.13.21:843][649]LogOnline: OSS: Creating online subsystem instance for: :Context_1
[2020.01.10-16.13.21:864][649]LogContentBrowser: Native class hierarchy updated for 'MovieSceneCapture' in 0.0023 seconds. Added 20 classes and 0 folders.
[2020.01.10-16.13.21:871][649]PIE: Tiempo de inicio de la reproducción en el editor para  /Game/Maps/UEDPIE_0_Pantano -0,364
[2020.01.10-16.13.21:871][649]LogBlueprintUserMessages: Late PlayInEditor Detection: Level '/Game/Maps/Pantano.Pantano:PersistentLevel' has LevelScriptBlueprint '/Game/Maps/Pantano.Pantano:PersistentLevel.Pantano' with GeneratedClass '/Game/Maps/Pantano.Pantano_C' with ClassGeneratedBy '/Game/Maps/Pantano.Pantano:PersistentLevel.Pantano'
