Log file open, 01/10/20 17:16:14
LogWindows: Failed to load 'aqProf.dll' (GetLastError=126)
LogWindows: File 'aqProf.dll' does not exist
LogWindows: Failed to load 'VtuneApi.dll' (GetLastError=126)
LogWindows: File 'VtuneApi.dll' does not exist
LogWindows: Failed to load 'VtuneApi32e.dll' (GetLastError=126)
LogWindows: File 'VtuneApi32e.dll' does not exist
LogConsoleResponse: Display: Failed to find resolution value strings in scalability ini. Falling back to default.
LogInit: Display: Running engine for game: TheLast
LogPlatformFile: Not using cached read wrapper
LogTaskGraph: Started task graph with 5 named threads and 14 total threads with 3 sets of task threads.
LogStats: Stats thread started at 0.122622
LogD3D11RHI: Loaded GFSDK_Aftermath_Lib.x64.dll
LogICUInternationalization: ICU TimeZone Detection - Raw Offset: +1:00, Platform Override: ''
LogPluginManager: Mounting plugin Paper2D
LogPluginManager: Mounting plugin AISupport
LogPluginManager: Mounting plugin LightPropagationVolume
LogPluginManager: Mounting plugin ActorLayerUtilities
LogPluginManager: Mounting plugin AnimationSharing
LogPluginManager: Mounting plugin CLionSourceCodeAccess
LogPluginManager: Mounting plugin CodeLiteSourceCodeAccess
LogPluginManager: Mounting plugin GitSourceControl
LogPluginManager: Mounting plugin KDevelopSourceCodeAccess
LogPluginManager: Mounting plugin NullSourceCodeAccess
LogPluginManager: Mounting plugin PerforceSourceControl
LogPluginManager: Mounting plugin SubversionSourceControl
LogPluginManager: Mounting plugin UObjectPlugin
LogPluginManager: Mounting plugin VisualStudioCodeSourceCodeAccess
LogPluginManager: Mounting plugin VisualStudioSourceCodeAccess
LogPluginManager: Mounting plugin XCodeSourceCodeAccess
LogPluginManager: Mounting plugin AssetManagerEditor
LogPluginManager: Mounting plugin CryptoKeys
LogPluginManager: Mounting plugin CurveEditorTools
LogPluginManager: Mounting plugin DataValidation
LogPluginManager: Mounting plugin FacialAnimation
LogPluginManager: Mounting plugin GameplayTagsEditor
LogPluginManager: Mounting plugin MacGraphicsSwitching
LogPluginManager: Mounting plugin MaterialAnalyzer
LogPluginManager: Mounting plugin MobileLauncherProfileWizard
LogPluginManager: Mounting plugin PluginBrowser
LogPluginManager: Mounting plugin SpeedTreeImporter
LogPluginManager: Mounting plugin DatasmithContent
LogPluginManager: Mounting plugin VariantManagerContent
LogPluginManager: Mounting plugin AlembicImporter
LogPluginManager: Mounting plugin AutomationUtils
LogPluginManager: Mounting plugin BackChannel
LogPluginManager: Mounting plugin CharacterAI
LogPluginManager: Mounting plugin GeometryCache
LogPluginManager: Mounting plugin HTML5Networking
LogPluginManager: Mounting plugin PlatformCrypto
LogPluginManager: Mounting plugin ProxyLODPlugin
LogPluginManager: Mounting plugin SkeletalReduction
LogPluginManager: Mounting plugin MagicLeap
LogPluginManager: Mounting plugin MagicLeapMedia
LogPluginManager: Mounting plugin AndroidMedia
LogPluginManager: Mounting plugin AvfMedia
LogPluginManager: Mounting plugin ImgMedia
LogPluginManager: Mounting plugin MediaCompositing
LogPluginManager: Mounting plugin MediaPlayerEditor
LogPluginManager: Mounting plugin WebMMedia
LogPluginManager: Mounting plugin WmfMedia
LogPluginManager: Mounting plugin TcpMessaging
LogPluginManager: Mounting plugin UdpMessaging
LogPluginManager: Mounting plugin ActorSequence
LogPluginManager: Mounting plugin LevelSequenceEditor
LogPluginManager: Mounting plugin MatineeToLevelSequence
LogPluginManager: Mounting plugin NetcodeUnitTest
LogPluginManager: Mounting plugin NUTUnrealEngine4
LogPluginManager: Mounting plugin OnlineSubsystemGooglePlay
LogPluginManager: Mounting plugin OnlineSubsystemIOS
LogPluginManager: Mounting plugin OnlineSubsystem
LogPluginManager: Mounting plugin OnlineSubsystemNull
LogPluginManager: Mounting plugin OnlineSubsystemUtils
LogPluginManager: Mounting plugin LauncherChunkInstaller
LogPluginManager: Mounting plugin AndroidDeviceProfileSelector
LogPluginManager: Mounting plugin AndroidMoviePlayer
LogPluginManager: Mounting plugin AndroidPermission
LogPluginManager: Mounting plugin AppleImageUtils
LogPluginManager: Mounting plugin AppleMoviePlayer
LogPluginManager: Mounting plugin ArchVisCharacter
LogPluginManager: Mounting plugin AudioCapture
LogPluginManager: Mounting plugin CableComponent
LogPluginManager: Mounting plugin CustomMeshComponent
LogPluginManager: Mounting plugin EditableMesh
LogPluginManager: Mounting plugin ExampleDeviceProfileSelector
LogPluginManager: Mounting plugin GoogleCloudMessaging
LogPluginManager: Mounting plugin IOSDeviceProfileSelector
LogPluginManager: Mounting plugin LinuxDeviceProfileSelector
LogPluginManager: Mounting plugin LocationServicesBPLibrary
LogPluginManager: Mounting plugin MobilePatchingUtils
LogPluginManager: Mounting plugin OculusVR
LogPluginManager: Mounting plugin PhysXVehicles
LogPluginManager: Mounting plugin ProceduralMeshComponent
LogPluginManager: Mounting plugin RuntimePhysXCooking
LogPluginManager: Mounting plugin SignificanceManager
LogPluginManager: Mounting plugin SteamVR
LogPluginManager: Mounting plugin WebMMoviePlayer
LogPluginManager: Mounting plugin WindowsMoviePlayer
LogPluginManager: Mounting plugin ScreenshotTools
LogInit: Using libcurl 7.55.1-DEV
LogInit:  - built for x86_64-pc-win32
LogInit:  - supports SSL with OpenSSL/1.1.1
LogInit:  - supports HTTP deflate (compression) using libz 1.2.8
LogInit:  - other features:
LogInit:      CURL_VERSION_SSL
LogInit:      CURL_VERSION_LIBZ
LogInit:      CURL_VERSION_IPV6
LogInit:      CURL_VERSION_ASYNCHDNS
LogInit:      CURL_VERSION_LARGEFILE
LogInit:      CURL_VERSION_IDN
LogInit:  CurlRequestOptions (configurable via config and command line):
LogInit:  - bVerifyPeer = true  - Libcurl will verify peer certificate
LogInit:  - bUseHttpProxy = false  - Libcurl will NOT use HTTP proxy
LogInit:  - bDontReuseConnections = false  - Libcurl will reuse connections
LogInit:  - MaxHostConnections = 16  - Libcurl will limit the number of connections to a host
LogInit:  - LocalHostAddr = Default
LogInit:  - BufferSize = 65536
LogOnline: OSS: Creating online subsystem instance for: NULL
LogInit: WinSock: version 1.1 (2.2), MaxSocks=32767, MaxUdp=65467
LogHMD: Failed initializing OVRPlugin 1.37.0
LogInit: Build: ++UE4+Release-4.23-CL-9631420
LogInit: Engine Version: 4.23.1-9631420+++UE4+Release-4.23
LogInit: Compatible Engine Version: 4.23.0-8386587+++UE4+Release-4.23
LogInit: Net CL: 8386587
LogInit: OS: Windows 10 (Release 1803) (), CPU: Intel(R) Core(TM) i5-4460  CPU @ 3.20GHz, GPU: NVIDIA GeForce RTX 2060
LogInit: Compiled (64-bit): Oct 18 2019 02:07:44
LogInit: Compiled with Visual C++: 19.16.27030.01
LogInit: Build Configuration: Development
LogInit: Branch Name: ++UE4+Release-4.23
LogInit: Command Line: 
LogInit: Base Directory: C:/Program Files/Epic Games/UE_4.23/Engine/Binaries/Win64/
LogInit: Installed Engine Build: 1
LogDevObjectVersion: Number of dev versions registered: 23
LogDevObjectVersion:   Dev-Blueprints (B0D832E4-1F89-4F0D-ACCF-7EB736FD4AA2): 10
LogDevObjectVersion:   Dev-Build (E1C64328-A22C-4D53-A36C-8E866417BD8C): 0
LogDevObjectVersion:   Dev-Core (375EC13C-06E4-48FB-B500-84F0262A717E): 3
LogDevObjectVersion:   Dev-Editor (E4B068ED-F494-42E9-A231-DA0B2E46BB41): 34
LogDevObjectVersion:   Dev-Framework (CFFC743F-43B0-4480-9391-14DF171D2073): 35
LogDevObjectVersion:   Dev-Mobile (B02B49B5-BB20-44E9-A304-32B752E40360): 2
LogDevObjectVersion:   Dev-Networking (A4E4105C-59A1-49B5-A7C5-40C4547EDFEE): 0
LogDevObjectVersion:   Dev-Online (39C831C9-5AE6-47DC-9A44-9C173E1C8E7C): 0
LogDevObjectVersion:   Dev-Physics (78F01B33-EBEA-4F98-B9B4-84EACCB95AA2): 0
LogDevObjectVersion:   Dev-Platform (6631380F-2D4D-43E0-8009-CF276956A95A): 0
LogDevObjectVersion:   Dev-Rendering (12F88B9F-8875-4AFC-A67C-D90C383ABD29): 31
LogDevObjectVersion:   Dev-Sequencer (7B5AE74C-D270-4C10-A958-57980B212A5A): 11
LogDevObjectVersion:   Dev-VR (D7296918-1DD6-4BDD-9DE2-64A83CC13884): 2
LogDevObjectVersion:   Dev-LoadTimes (C2A15278-BFE7-4AFE-6C17-90FF531DF755): 1
LogDevObjectVersion:   Private-Geometry (6EACA3D4-40EC-4CC1-B786-8BED09428FC5): 3
LogDevObjectVersion:   Dev-AnimPhys (29E575DD-E0A3-4627-9D10-D276232CDCEA): 17
LogDevObjectVersion:   Dev-Anim (AF43A65D-7FD3-4947-9873-3E8ED9C1BB05): 2
LogDevObjectVersion:   Dev-ReflectionCapture (6B266CEC-1EC7-4B8F-A30B-E4D90942FC07): 1
LogDevObjectVersion:   Dev-Automation (0DF73D61-A23F-47EA-B727-89E90C41499A): 1
LogDevObjectVersion:   FortniteMain (601D1886-AC64-4F84-AA16-D3DE0DEAC7D6): 27
LogDevObjectVersion:   Dev-Enterprise (9DFFBCD6-494F-0158-E221-12823C92A888): 6
LogDevObjectVersion:   Dev-Niagara (F2AED0AC-9AFE-416F-8664-AA7FFA26D6FC): 1
LogDevObjectVersion:   Dev-Destruction (174F1F0B-B4C6-45A5-B13F-2EE8D0FB917D): 9
LogInit: Presizing for max 16777216 objects, including 0 objects not considered by GC, pre-allocating 0 bytes for permanent pool.
LogInit: Object subsystem initialized
LogConfig: Setting CVar [[con.DebugEarlyDefault:1]]
LogConfig: Setting CVar [[r.setres:1280x720]]
[2020.01.10-16.16.15:744][  0]LogConfig: Setting CVar [[r.VSync:0]]
[2020.01.10-16.16.15:744][  0]LogConfig: Setting CVar [[r.RHICmdBypass:0]]
[2020.01.10-16.16.15:744][  0]LogConfig: Applying CVar settings from Section [/Script/Engine.RendererSettings] File [C:/Users/v.arabi/Documents/GitHub/The-Last/The Last/GameAlpha/TheLast/Saved/Config/Windows/Engine.ini]
[2020.01.10-16.16.15:744][  0]LogConfig: Setting CVar [[r.GPUCrashDebugging:0]]
[2020.01.10-16.16.15:744][  0]LogConfig: Applying CVar settings from Section [/Script/Engine.RendererOverrideSettings] File [C:/Users/v.arabi/Documents/GitHub/The-Last/The Last/GameAlpha/TheLast/Saved/Config/Windows/Engine.ini]
[2020.01.10-16.16.15:744][  0]LogConfig: Applying CVar settings from Section [/Script/Engine.StreamingSettings] File [C:/Users/v.arabi/Documents/GitHub/The-Last/The Last/GameAlpha/TheLast/Saved/Config/Windows/Engine.ini]
[2020.01.10-16.16.15:744][  0]LogConfig: Setting CVar [[s.MinBulkDataSizeForAsyncLoading:131072]]
[2020.01.10-16.16.15:744][  0]LogConfig: Setting CVar [[s.AsyncLoadingThreadEnabled:0]]
[2020.01.10-16.16.15:744][  0]LogConfig: Setting CVar [[s.EventDrivenLoaderEnabled:1]]
[2020.01.10-16.16.15:744][  0]LogConfig: Setting CVar [[s.WarnIfTimeLimitExceeded:0]]
[2020.01.10-16.16.15:744][  0]LogConfig: Setting CVar [[s.TimeLimitExceededMultiplier:1.5]]
[2020.01.10-16.16.15:744][  0]LogConfig: Setting CVar [[s.TimeLimitExceededMinTime:0.005]]
[2020.01.10-16.16.15:744][  0]LogConfig: Setting CVar [[s.UseBackgroundLevelStreaming:1]]
[2020.01.10-16.16.15:744][  0]LogConfig: Setting CVar [[s.PriorityAsyncLoadingExtraTime:15.0]]
[2020.01.10-16.16.15:744][  0]LogConfig: Setting CVar [[s.LevelStreamingActorsUpdateTimeLimit:5.0]]
[2020.01.10-16.16.15:744][  0]LogConfig: Setting CVar [[s.PriorityLevelStreamingActorsUpdateExtraTime:5.0]]
[2020.01.10-16.16.15:744][  0]LogConfig: Setting CVar [[s.LevelStreamingComponentsRegistrationGranularity:10]]
[2020.01.10-16.16.15:744][  0]LogConfig: Setting CVar [[s.UnregisterComponentsTimeLimit:1.0]]
[2020.01.10-16.16.15:744][  0]LogConfig: Setting CVar [[s.LevelStreamingComponentsUnregistrationGranularity:5]]
[2020.01.10-16.16.15:744][  0]LogConfig: Applying CVar settings from Section [/Script/Engine.GarbageCollectionSettings] File [C:/Users/v.arabi/Documents/GitHub/The-Last/The Last/GameAlpha/TheLast/Saved/Config/Windows/Engine.ini]
[2020.01.10-16.16.15:744][  0]LogConfig: Setting CVar [[gc.MaxObjectsNotConsideredByGC:1]]
[2020.01.10-16.16.15:744][  0]LogConfig: Setting CVar [[gc.SizeOfPermanentObjectPool:0]]
[2020.01.10-16.16.15:744][  0]LogConfig: Setting CVar [[gc.FlushStreamingOnGC:0]]
[2020.01.10-16.16.15:744][  0]LogConfig: Setting CVar [[gc.NumRetriesBeforeForcingGC:10]]
[2020.01.10-16.16.15:744][  0]LogConfig: Setting CVar [[gc.AllowParallelGC:1]]
[2020.01.10-16.16.15:744][  0]LogConfig: Setting CVar [[gc.TimeBetweenPurgingPendingKillObjects:61.1]]
[2020.01.10-16.16.15:744][  0]LogConfig: Setting CVar [[gc.MaxObjectsInEditor:16777216]]
[2020.01.10-16.16.15:744][  0]LogConfig: Setting CVar [[gc.IncrementalBeginDestroyEnabled:1]]
[2020.01.10-16.16.15:744][  0]LogConfig: Setting CVar [[gc.CreateGCClusters:1]]
[2020.01.10-16.16.15:744][  0]LogConfig: Setting CVar [[gc.MinGCClusterSize:5]]
[2020.01.10-16.16.15:744][  0]LogConfig: Setting CVar [[gc.ActorClusteringEnabled:0]]
[2020.01.10-16.16.15:744][  0]LogConfig: Setting CVar [[gc.BlueprintClusteringEnabled:0]]
[2020.01.10-16.16.15:744][  0]LogConfig: Setting CVar [[gc.UseDisregardForGCOnDedicatedServers:0]]
[2020.01.10-16.16.15:744][  0]LogConfig: Applying CVar settings from Section [/Script/Engine.NetworkSettings] File [C:/Users/v.arabi/Documents/GitHub/The-Last/The Last/GameAlpha/TheLast/Saved/Config/Windows/Engine.ini]
[2020.01.10-16.16.15:745][  0]LogConfig: Applying CVar settings from Section [/Script/UnrealEd.CookerSettings] File [C:/Users/v.arabi/Documents/GitHub/The-Last/The Last/GameAlpha/TheLast/Saved/Config/Windows/Engine.ini]
[2020.01.10-16.16.15:747][  0]LogConfig: Applying CVar settings from Section [ViewDistanceQuality@3] File [C:/Users/v.arabi/Documents/GitHub/The-Last/The Last/GameAlpha/TheLast/Saved/Config/Windows/Scalability.ini]
[2020.01.10-16.16.15:747][  0]LogConfig: Setting CVar [[r.SkeletalMeshLODBias:0]]
[2020.01.10-16.16.15:747][  0]LogConfig: Setting CVar [[r.ViewDistanceScale:1.0]]
[2020.01.10-16.16.15:747][  0]LogConfig: Applying CVar settings from Section [AntiAliasingQuality@3] File [C:/Users/v.arabi/Documents/GitHub/The-Last/The Last/GameAlpha/TheLast/Saved/Config/Windows/Scalability.ini]
[2020.01.10-16.16.15:747][  0]LogConfig: Setting CVar [[r.PostProcessAAQuality:4]]
[2020.01.10-16.16.15:747][  0]LogConfig: Applying CVar settings from Section [ShadowQuality@3] File [C:/Users/v.arabi/Documents/GitHub/The-Last/The Last/GameAlpha/TheLast/Saved/Config/Windows/Scalability.ini]
[2020.01.10-16.16.15:747][  0]LogConfig: Setting CVar [[r.LightFunctionQuality:1]]
[2020.01.10-16.16.15:747][  0]LogConfig: Setting CVar [[r.ShadowQuality:5]]
[2020.01.10-16.16.15:747][  0]LogConfig: Setting CVar [[r.Shadow.CSM.MaxCascades:10]]
[2020.01.10-16.16.15:747][  0]LogConfig: Setting CVar [[r.Shadow.MaxResolution:2048]]
[2020.01.10-16.16.15:747][  0]LogConfig: Setting CVar [[r.Shadow.MaxCSMResolution:2048]]
[2020.01.10-16.16.15:747][  0]LogConfig: Setting CVar [[r.Shadow.RadiusThreshold:0.01]]
[2020.01.10-16.16.15:747][  0]LogConfig: Setting CVar [[r.Shadow.DistanceScale:1.0]]
[2020.01.10-16.16.15:747][  0]LogConfig: Setting CVar [[r.Shadow.CSM.TransitionScale:1.0]]
[2020.01.10-16.16.15:747][  0]LogConfig: Setting CVar [[r.Shadow.PreShadowResolutionFactor:1.0]]
[2020.01.10-16.16.15:747][  0]LogConfig: Setting CVar [[r.DistanceFieldShadowing:1]]
[2020.01.10-16.16.15:748][  0]LogConfig: Setting CVar [[r.DistanceFieldAO:1]]
[2020.01.10-16.16.15:748][  0]LogConfig: Setting CVar [[r.AOQuality:2]]
[2020.01.10-16.16.15:748][  0]LogConfig: Setting CVar [[r.VolumetricFog:1]]
[2020.01.10-16.16.15:748][  0]LogConfig: Setting CVar [[r.VolumetricFog.GridPixelSize:8]]
[2020.01.10-16.16.15:748][  0]LogConfig: Setting CVar [[r.VolumetricFog.GridSizeZ:128]]
[2020.01.10-16.16.15:748][  0]LogConfig: Setting CVar [[r.VolumetricFog.HistoryMissSupersampleCount:4]]
[2020.01.10-16.16.15:748][  0]LogConfig: Setting CVar [[r.LightMaxDrawDistanceScale:1]]
[2020.01.10-16.16.15:748][  0]LogConfig: Setting CVar [[r.CapsuleShadows:1]]
[2020.01.10-16.16.15:748][  0]LogConfig: Applying CVar settings from Section [PostProcessQuality@3] File [C:/Users/v.arabi/Documents/GitHub/The-Last/The Last/GameAlpha/TheLast/Saved/Config/Windows/Scalability.ini]
[2020.01.10-16.16.15:748][  0]LogConfig: Setting CVar [[r.MotionBlurQuality:4]]
[2020.01.10-16.16.15:748][  0]LogConfig: Setting CVar [[r.AmbientOcclusionMipLevelFactor:0.4]]
[2020.01.10-16.16.15:748][  0]LogConfig: Setting CVar [[r.AmbientOcclusionMaxQuality:100]]
[2020.01.10-16.16.15:748][  0]LogConfig: Setting CVar [[r.AmbientOcclusionLevels:-1]]
[2020.01.10-16.16.15:748][  0]LogConfig: Setting CVar [[r.AmbientOcclusionRadiusScale:1.0]]
[2020.01.10-16.16.15:748][  0]LogConfig: Setting CVar [[r.DepthOfFieldQuality:2]]
[2020.01.10-16.16.15:748][  0]LogConfig: Setting CVar [[r.RenderTargetPoolMin:400]]
[2020.01.10-16.16.15:748][  0]LogConfig: Setting CVar [[r.LensFlareQuality:2]]
[2020.01.10-16.16.15:748][  0]LogConfig: Setting CVar [[r.SceneColorFringeQuality:1]]
[2020.01.10-16.16.15:748][  0]LogConfig: Setting CVar [[r.EyeAdaptationQuality:2]]
[2020.01.10-16.16.15:748][  0]LogConfig: Setting CVar [[r.BloomQuality:5]]
[2020.01.10-16.16.15:748][  0]LogConfig: Setting CVar [[r.FastBlurThreshold:100]]
[2020.01.10-16.16.15:748][  0]LogConfig: Setting CVar [[r.Upscale.Quality:3]]
[2020.01.10-16.16.15:748][  0]LogConfig: Setting CVar [[r.Tonemapper.GrainQuantization:1]]
[2020.01.10-16.16.15:748][  0]LogConfig: Setting CVar [[r.LightShaftQuality:1]]
[2020.01.10-16.16.15:748][  0]LogConfig: Setting CVar [[r.Filter.SizeScale:1]]
[2020.01.10-16.16.15:748][  0]LogConfig: Setting CVar [[r.Tonemapper.Quality:5]]
[2020.01.10-16.16.15:748][  0]LogConfig: Setting CVar [[r.DOF.Gather.AccumulatorQuality:1        ; higher gathering accumulator quality]]
[2020.01.10-16.16.15:748][  0]LogConfig: Setting CVar [[r.DOF.Gather.PostfilterMethod:1          ; Median3x3 postfilering method]]
[2020.01.10-16.16.15:748][  0]LogConfig: Setting CVar [[r.DOF.Gather.EnableBokehSettings:0       ; no bokeh simulation when gathering]]
[2020.01.10-16.16.15:748][  0]LogConfig: Setting CVar [[r.DOF.Gather.RingCount:4                 ; medium number of samples when gathering]]
[2020.01.10-16.16.15:748][  0]LogConfig: Setting CVar [[r.DOF.Scatter.ForegroundCompositing:1    ; additive foreground scattering]]
[2020.01.10-16.16.15:748][  0]LogConfig: Setting CVar [[r.DOF.Scatter.BackgroundCompositing:2    ; additive background scattering]]
[2020.01.10-16.16.15:748][  0]LogConfig: Setting CVar [[r.DOF.Scatter.EnableBokehSettings:1      ; bokeh simulation when scattering]]
[2020.01.10-16.16.15:748][  0]LogConfig: Setting CVar [[r.DOF.Scatter.MaxSpriteRatio:0.1         ; only a maximum of 10% of scattered bokeh]]
[2020.01.10-16.16.15:748][  0]LogConfig: Setting CVar [[r.DOF.Recombine.Quality:1                ; cheap slight out of focus]]
[2020.01.10-16.16.15:748][  0]LogConfig: Setting CVar [[r.DOF.Recombine.EnableBokehSettings:0    ; no bokeh simulation on slight out of focus]]
[2020.01.10-16.16.15:748][  0]LogConfig: Setting CVar [[r.DOF.TemporalAAQuality:1                ; more stable temporal accumulation]]
[2020.01.10-16.16.15:748][  0]LogConfig: Setting CVar [[r.DOF.Kernel.MaxForegroundRadius:0.025]]
[2020.01.10-16.16.15:748][  0]LogConfig: Setting CVar [[r.DOF.Kernel.MaxBackgroundRadius:0.025]]
[2020.01.10-16.16.15:748][  0]LogConfig: Applying CVar settings from Section [TextureQuality@3] File [C:/Users/v.arabi/Documents/GitHub/The-Last/The Last/GameAlpha/TheLast/Saved/Config/Windows/Scalability.ini]
[2020.01.10-16.16.15:748][  0]LogConfig: Setting CVar [[r.Streaming.MipBias:0]]
[2020.01.10-16.16.15:748][  0]LogConfig: Setting CVar [[r.Streaming.AmortizeCPUToGPUCopy:0]]
[2020.01.10-16.16.15:748][  0]LogConfig: Setting CVar [[r.Streaming.MaxNumTexturesToStreamPerFrame:0]]
[2020.01.10-16.16.15:748][  0]LogConfig: Setting CVar [[r.Streaming.Boost:1]]
[2020.01.10-16.16.15:748][  0]LogConfig: Setting CVar [[r.MaxAnisotropy:8]]
[2020.01.10-16.16.15:748][  0]LogConfig: Setting CVar [[r.Streaming.LimitPoolSizeToVRAM:0]]
[2020.01.10-16.16.15:748][  0]LogConfig: Setting CVar [[r.Streaming.PoolSize:1000]]
[2020.01.10-16.16.15:748][  0]LogConfig: Setting CVar [[r.Streaming.MaxEffectiveScreenSize:0]]
[2020.01.10-16.16.15:748][  0]LogConfig: Applying CVar settings from Section [EffectsQuality@3] File [C:/Users/v.arabi/Documents/GitHub/The-Last/The Last/GameAlpha/TheLast/Saved/Config/Windows/Scalability.ini]
[2020.01.10-16.16.15:748][  0]LogConfig: Setting CVar [[r.TranslucencyLightingVolumeDim:64]]
[2020.01.10-16.16.15:748][  0]LogConfig: Setting CVar [[r.RefractionQuality:2]]
[2020.01.10-16.16.15:748][  0]LogConfig: Setting CVar [[r.SSR.Quality:3]]
[2020.01.10-16.16.15:748][  0]LogConfig: Setting CVar [[r.SceneColorFormat:4]]
[2020.01.10-16.16.15:748][  0]LogConfig: Setting CVar [[r.DetailMode:2]]
[2020.01.10-16.16.15:748][  0]LogConfig: Setting CVar [[r.TranslucencyVolumeBlur:1]]
[2020.01.10-16.16.15:748][  0]LogConfig: Setting CVar [[r.MaterialQualityLevel:1 ; High quality]]
[2020.01.10-16.16.15:748][  0]LogConfig: Setting CVar [[r.SSS.Scale:1]]
[2020.01.10-16.16.15:748][  0]LogConfig: Setting CVar [[r.SSS.SampleSet:2]]
[2020.01.10-16.16.15:748][  0]LogConfig: Setting CVar [[r.SSS.Quality:1]]
[2020.01.10-16.16.15:748][  0]LogConfig: Setting CVar [[r.SSS.HalfRes:1]]
[2020.01.10-16.16.15:748][  0]LogConfig: Setting CVar [[r.EmitterSpawnRateScale:1.0]]
[2020.01.10-16.16.15:748][  0]LogConfig: Setting CVar [[r.ParticleLightQuality:2]]
[2020.01.10-16.16.15:748][  0]LogConfig: Applying CVar settings from Section [FoliageQuality@3] File [C:/Users/v.arabi/Documents/GitHub/The-Last/The Last/GameAlpha/TheLast/Saved/Config/Windows/Scalability.ini]
[2020.01.10-16.16.15:748][  0]LogConfig: Setting CVar [[foliage.DensityScale:1.0]]
[2020.01.10-16.16.15:748][  0]LogConfig: Setting CVar [[grass.DensityScale:1.0]]
[2020.01.10-16.16.15:748][  0]LogInit: Selected Device Profile: [Windows]
[2020.01.10-16.16.15:748][  0]LogInit: Applying CVar settings loaded from the selected device profile: [Windows]
[2020.01.10-16.16.15:753][  0]LogHAL: Display: Platform has ~ 16 GB [17107812352 / 17179869184 / 16], which maps to Larger [LargestMinGB=32, LargerMinGB=12, DefaultMinGB=8, SmallerMinGB=6, SmallestMinGB=0)
[2020.01.10-16.16.15:753][  0]LogInit: Going up to parent DeviceProfile []
[2020.01.10-16.16.15:753][  0]LogConfig: Applying CVar settings from Section [ViewDistanceQuality@3] File [C:/Users/v.arabi/Documents/GitHub/The-Last/The Last/GameAlpha/TheLast/Saved/Config/Windows/Scalability.ini]
[2020.01.10-16.16.15:753][  0]LogConfig: Setting CVar [[r.SkeletalMeshLODBias:0]]
[2020.01.10-16.16.15:753][  0]LogConfig: Setting CVar [[r.ViewDistanceScale:1.0]]
[2020.01.10-16.16.15:753][  0]LogConfig: Applying CVar settings from Section [AntiAliasingQuality@3] File [C:/Users/v.arabi/Documents/GitHub/The-Last/The Last/GameAlpha/TheLast/Saved/Config/Windows/Scalability.ini]
[2020.01.10-16.16.15:753][  0]LogConfig: Setting CVar [[r.PostProcessAAQuality:4]]
[2020.01.10-16.16.15:753][  0]LogConfig: Applying CVar settings from Section [ShadowQuality@3] File [C:/Users/v.arabi/Documents/GitHub/The-Last/The Last/GameAlpha/TheLast/Saved/Config/Windows/Scalability.ini]
[2020.01.10-16.16.15:753][  0]LogConfig: Setting CVar [[r.LightFunctionQuality:1]]
[2020.01.10-16.16.15:753][  0]LogConfig: Setting CVar [[r.ShadowQuality:5]]
[2020.01.10-16.16.15:753][  0]LogConfig: Setting CVar [[r.Shadow.CSM.MaxCascades:10]]
[2020.01.10-16.16.15:753][  0]LogConfig: Setting CVar [[r.Shadow.MaxResolution:2048]]
[2020.01.10-16.16.15:753][  0]LogConfig: Setting CVar [[r.Shadow.MaxCSMResolution:2048]]
[2020.01.10-16.16.15:753][  0]LogConfig: Setting CVar [[r.Shadow.RadiusThreshold:0.01]]
[2020.01.10-16.16.15:753][  0]LogConfig: Setting CVar [[r.Shadow.DistanceScale:1.0]]
[2020.01.10-16.16.15:753][  0]LogConfig: Setting CVar [[r.Shadow.CSM.TransitionScale:1.0]]
[2020.01.10-16.16.15:753][  0]LogConfig: Setting CVar [[r.Shadow.PreShadowResolutionFactor:1.0]]
[2020.01.10-16.16.15:753][  0]LogConfig: Setting CVar [[r.DistanceFieldShadowing:1]]
[2020.01.10-16.16.15:753][  0]LogConfig: Setting CVar [[r.DistanceFieldAO:1]]
[2020.01.10-16.16.15:753][  0]LogConfig: Setting CVar [[r.AOQuality:2]]
[2020.01.10-16.16.15:753][  0]LogConfig: Setting CVar [[r.VolumetricFog:1]]
[2020.01.10-16.16.15:753][  0]LogConfig: Setting CVar [[r.VolumetricFog.GridPixelSize:8]]
[2020.01.10-16.16.15:753][  0]LogConfig: Setting CVar [[r.VolumetricFog.GridSizeZ:128]]
[2020.01.10-16.16.15:753][  0]LogConfig: Setting CVar [[r.VolumetricFog.HistoryMissSupersampleCount:4]]
[2020.01.10-16.16.15:753][  0]LogConfig: Setting CVar [[r.LightMaxDrawDistanceScale:1]]
[2020.01.10-16.16.15:753][  0]LogConfig: Setting CVar [[r.CapsuleShadows:1]]
[2020.01.10-16.16.15:753][  0]LogConfig: Applying CVar settings from Section [PostProcessQuality@3] File [C:/Users/v.arabi/Documents/GitHub/The-Last/The Last/GameAlpha/TheLast/Saved/Config/Windows/Scalability.ini]
[2020.01.10-16.16.15:753][  0]LogConfig: Setting CVar [[r.MotionBlurQuality:4]]
[2020.01.10-16.16.15:753][  0]LogConfig: Setting CVar [[r.AmbientOcclusionMipLevelFactor:0.4]]
[2020.01.10-16.16.15:753][  0]LogConfig: Setting CVar [[r.AmbientOcclusionMaxQuality:100]]
[2020.01.10-16.16.15:753][  0]LogConfig: Setting CVar [[r.AmbientOcclusionLevels:-1]]
[2020.01.10-16.16.15:753][  0]LogConfig: Setting CVar [[r.AmbientOcclusionRadiusScale:1.0]]
[2020.01.10-16.16.15:753][  0]LogConfig: Setting CVar [[r.DepthOfFieldQuality:2]]
[2020.01.10-16.16.15:753][  0]LogConfig: Setting CVar [[r.RenderTargetPoolMin:400]]
[2020.01.10-16.16.15:753][  0]LogConfig: Setting CVar [[r.LensFlareQuality:2]]
[2020.01.10-16.16.15:753][  0]LogConfig: Setting CVar [[r.SceneColorFringeQuality:1]]
[2020.01.10-16.16.15:753][  0]LogConfig: Setting CVar [[r.EyeAdaptationQuality:2]]
[2020.01.10-16.16.15:753][  0]LogConfig: Setting CVar [[r.BloomQuality:5]]
[2020.01.10-16.16.15:753][  0]LogConfig: Setting CVar [[r.FastBlurThreshold:100]]
[2020.01.10-16.16.15:753][  0]LogConfig: Setting CVar [[r.Upscale.Quality:3]]
[2020.01.10-16.16.15:753][  0]LogConfig: Setting CVar [[r.Tonemapper.GrainQuantization:1]]
[2020.01.10-16.16.15:753][  0]LogConfig: Setting CVar [[r.LightShaftQuality:1]]
[2020.01.10-16.16.15:753][  0]LogConfig: Setting CVar [[r.Filter.SizeScale:1]]
[2020.01.10-16.16.15:753][  0]LogConfig: Setting CVar [[r.Tonemapper.Quality:5]]
[2020.01.10-16.16.15:753][  0]LogConfig: Setting CVar [[r.DOF.Gather.AccumulatorQuality:1        ; higher gathering accumulator quality]]
[2020.01.10-16.16.15:753][  0]LogConfig: Setting CVar [[r.DOF.Gather.PostfilterMethod:1          ; Median3x3 postfilering method]]
[2020.01.10-16.16.15:753][  0]LogConfig: Setting CVar [[r.DOF.Gather.EnableBokehSettings:0       ; no bokeh simulation when gathering]]
[2020.01.10-16.16.15:753][  0]LogConfig: Setting CVar [[r.DOF.Gather.RingCount:4                 ; medium number of samples when gathering]]
[2020.01.10-16.16.15:753][  0]LogConfig: Setting CVar [[r.DOF.Scatter.ForegroundCompositing:1    ; additive foreground scattering]]
[2020.01.10-16.16.15:753][  0]LogConfig: Setting CVar [[r.DOF.Scatter.BackgroundCompositing:2    ; additive background scattering]]
[2020.01.10-16.16.15:753][  0]LogConfig: Setting CVar [[r.DOF.Scatter.EnableBokehSettings:1      ; bokeh simulation when scattering]]
[2020.01.10-16.16.15:753][  0]LogConfig: Setting CVar [[r.DOF.Scatter.MaxSpriteRatio:0.1         ; only a maximum of 10% of scattered bokeh]]
[2020.01.10-16.16.15:753][  0]LogConfig: Setting CVar [[r.DOF.Recombine.Quality:1                ; cheap slight out of focus]]
[2020.01.10-16.16.15:753][  0]LogConfig: Setting CVar [[r.DOF.Recombine.EnableBokehSettings:0    ; no bokeh simulation on slight out of focus]]
[2020.01.10-16.16.15:753][  0]LogConfig: Setting CVar [[r.DOF.TemporalAAQuality:1                ; more stable temporal accumulation]]
[2020.01.10-16.16.15:754][  0]LogConfig: Setting CVar [[r.DOF.Kernel.MaxForegroundRadius:0.025]]
[2020.01.10-16.16.15:754][  0]LogConfig: Setting CVar [[r.DOF.Kernel.MaxBackgroundRadius:0.025]]
[2020.01.10-16.16.15:754][  0]LogConfig: Applying CVar settings from Section [TextureQuality@3] File [C:/Users/v.arabi/Documents/GitHub/The-Last/The Last/GameAlpha/TheLast/Saved/Config/Windows/Scalability.ini]
[2020.01.10-16.16.15:754][  0]LogConfig: Setting CVar [[r.Streaming.MipBias:0]]
[2020.01.10-16.16.15:754][  0]LogConfig: Setting CVar [[r.Streaming.AmortizeCPUToGPUCopy:0]]
[2020.01.10-16.16.15:754][  0]LogConfig: Setting CVar [[r.Streaming.MaxNumTexturesToStreamPerFrame:0]]
[2020.01.10-16.16.15:754][  0]LogConfig: Setting CVar [[r.Streaming.Boost:1]]
[2020.01.10-16.16.15:754][  0]LogConfig: Setting CVar [[r.MaxAnisotropy:8]]
[2020.01.10-16.16.15:754][  0]LogConfig: Setting CVar [[r.Streaming.LimitPoolSizeToVRAM:0]]
[2020.01.10-16.16.15:754][  0]LogConfig: Setting CVar [[r.Streaming.PoolSize:1000]]
[2020.01.10-16.16.15:754][  0]LogConfig: Setting CVar [[r.Streaming.MaxEffectiveScreenSize:0]]
[2020.01.10-16.16.15:754][  0]LogConfig: Applying CVar settings from Section [EffectsQuality@3] File [C:/Users/v.arabi/Documents/GitHub/The-Last/The Last/GameAlpha/TheLast/Saved/Config/Windows/Scalability.ini]
[2020.01.10-16.16.15:754][  0]LogConfig: Setting CVar [[r.TranslucencyLightingVolumeDim:64]]
[2020.01.10-16.16.15:754][  0]LogConfig: Setting CVar [[r.RefractionQuality:2]]
[2020.01.10-16.16.15:754][  0]LogConfig: Setting CVar [[r.SSR.Quality:3]]
[2020.01.10-16.16.15:754][  0]LogConfig: Setting CVar [[r.SceneColorFormat:4]]
[2020.01.10-16.16.15:754][  0]LogConfig: Setting CVar [[r.DetailMode:2]]
[2020.01.10-16.16.15:754][  0]LogConfig: Setting CVar [[r.TranslucencyVolumeBlur:1]]
[2020.01.10-16.16.15:754][  0]LogConfig: Setting CVar [[r.MaterialQualityLevel:1 ; High quality]]
[2020.01.10-16.16.15:754][  0]LogConfig: Setting CVar [[r.SSS.Scale:1]]
[2020.01.10-16.16.15:754][  0]LogConfig: Setting CVar [[r.SSS.SampleSet:2]]
[2020.01.10-16.16.15:754][  0]LogConfig: Setting CVar [[r.SSS.Quality:1]]
[2020.01.10-16.16.15:754][  0]LogConfig: Setting CVar [[r.SSS.HalfRes:1]]
[2020.01.10-16.16.15:754][  0]LogConfig: Setting CVar [[r.EmitterSpawnRateScale:1.0]]
[2020.01.10-16.16.15:754][  0]LogConfig: Setting CVar [[r.ParticleLightQuality:2]]
[2020.01.10-16.16.15:754][  0]LogConfig: Applying CVar settings from Section [FoliageQuality@3] File [C:/Users/v.arabi/Documents/GitHub/The-Last/The Last/GameAlpha/TheLast/Saved/Config/Windows/Scalability.ini]
[2020.01.10-16.16.15:754][  0]LogConfig: Setting CVar [[foliage.DensityScale:1.0]]
[2020.01.10-16.16.15:754][  0]LogConfig: Setting CVar [[grass.DensityScale:1.0]]
[2020.01.10-16.16.15:754][  0]LogConfig: Applying CVar settings from Section [Startup] File [../../../Engine/Config/ConsoleVariables.ini]
[2020.01.10-16.16.15:754][  0]LogConfig: Setting CVar [[net.UseAdaptiveNetUpdateFrequency:0]]
[2020.01.10-16.16.15:754][  0]LogConfig: Setting CVar [[p.chaos.AllowCreatePhysxBodies:1]]
[2020.01.10-16.16.15:754][  0]LogConfig: Applying CVar settings from Section [ConsoleVariables] File [C:/Users/v.arabi/Documents/GitHub/The-Last/The Last/GameAlpha/TheLast/Saved/Config/Windows/Engine.ini]
[2020.01.10-16.16.15:755][  0]LogInit: Computer: SA21CICLOS21
[2020.01.10-16.16.15:755][  0]LogInit: User: varabi
[2020.01.10-16.16.15:755][  0]LogInit: CPU Page size=4096, Cores=4
[2020.01.10-16.16.15:755][  0]LogInit: High frequency timer resolution =10.000000 MHz
[2020.01.10-16.16.15:755][  0]LogMemory: Memory total: Physical=15.9GB (16GB approx)
[2020.01.10-16.16.15:755][  0]LogMemory: Platform Memory Stats for Windows
[2020.01.10-16.16.15:755][  0]LogMemory: Process Physical Memory: 105.07 MB used, 105.07 MB peak
[2020.01.10-16.16.15:755][  0]LogMemory: Process Virtual Memory: 103.90 MB used, 103.90 MB peak
[2020.01.10-16.16.15:755][  0]LogMemory: Physical Memory: 4235.76 MB used,  12079.52 MB free, 16315.28 MB total
[2020.01.10-16.16.15:755][  0]LogMemory: Virtual Memory: 4693.02 MB used,  134213032.00 MB free, 134217728.00 MB total
[2020.01.10-16.16.15:759][  0]LogWindows: WindowsPlatformFeatures enabled
[2020.01.10-16.16.15:805][  0]LogInit: Using OS detected language (es-ES).
[2020.01.10-16.16.15:805][  0]LogInit: Using OS detected locale (es-ES).
[2020.01.10-16.16.15:806][  0]LogTextLocalizationManager: No specific localization for 'es-ES' exists, so the 'es' localization will be used.
[2020.01.10-16.16.15:864][  0]LogInit: Setting process to per monitor DPI aware
[2020.01.10-16.16.15:911][  0]LogSlate: New Slate User Created.  User Index 0, Is Virtual User: 0
[2020.01.10-16.16.15:911][  0]LogSlate: Slate User Registered.  User Index 0, Is Virtual User: 0
[2020.01.10-16.16.16:112][  0]LogHMD: Failed to initialize OpenVR with code 110
[2020.01.10-16.16.16:112][  0]LogD3D11RHI: D3D11 adapters:
[2020.01.10-16.16.16:203][  0]LogD3D11RHI:    0. 'NVIDIA GeForce RTX 2060' (Feature Level 11_0)
[2020.01.10-16.16.16:203][  0]LogD3D11RHI:       5980/0/8157 MB DedicatedVideo/DedicatedSystem/SharedSystem, Outputs:1, VendorId:0x10de
[2020.01.10-16.16.16:206][  0]LogD3D11RHI:    1. 'Microsoft Basic Render Driver' (Feature Level 11_0)
[2020.01.10-16.16.16:206][  0]LogD3D11RHI:       0/0/8157 MB DedicatedVideo/DedicatedSystem/SharedSystem, Outputs:0, VendorId:0x1414
[2020.01.10-16.16.16:206][  0]LogD3D11RHI: Chosen D3D11 Adapter: 0
[2020.01.10-16.16.16:216][  0]LogD3D11RHI: Creating new Direct3DDevice
[2020.01.10-16.16.16:216][  0]LogD3D11RHI:     GPU DeviceId: 0x1f08 (for the marketing name, search the web for "GPU Device Id")
[2020.01.10-16.16.16:216][  0]LogWindows: EnumDisplayDevices:
[2020.01.10-16.16.16:217][  0]LogWindows:    0. 'NVIDIA GeForce RTX 2060' (P:1 D:1)
[2020.01.10-16.16.16:217][  0]LogWindows:    1. 'NVIDIA GeForce RTX 2060' (P:0 D:0)
[2020.01.10-16.16.16:218][  0]LogWindows:    2. 'NVIDIA GeForce RTX 2060' (P:0 D:0)
[2020.01.10-16.16.16:218][  0]LogWindows:    3. 'NVIDIA GeForce RTX 2060' (P:0 D:0)
[2020.01.10-16.16.16:218][  0]LogWindows: DebugString: FoundDriverCount:4 
[2020.01.10-16.16.16:218][  0]LogD3D11RHI:     Adapter Name: NVIDIA GeForce RTX 2060
[2020.01.10-16.16.16:218][  0]LogD3D11RHI:   Driver Version: 441.20 (internal:26.21.14.4120, unified:441.20)
[2020.01.10-16.16.16:218][  0]LogD3D11RHI:      Driver Date: 11-6-2019
[2020.01.10-16.16.16:218][  0]LogRHI: Texture pool is 4186 MB (70% of 5980 MB)
[2020.01.10-16.16.16:285][  0]LogD3D11RHI: Async texture creation enabled
[2020.01.10-16.16.16:305][  0]LogD3D11RHI: GPU Timing Frequency: 1000.000000 (Debug: 2 1)
[2020.01.10-16.16.16:659][  0]LogTemp: Display: Module 'AllDesktopTargetPlatform' loaded TargetPlatform 'AllDesktop'
[2020.01.10-16.16.16:672][  0]LogTemp: Display: Module 'MacClientTargetPlatform' loaded TargetPlatform 'MacClient'
[2020.01.10-16.16.16:684][  0]LogTemp: Display: Module 'MacNoEditorTargetPlatform' loaded TargetPlatform 'MacNoEditor'
[2020.01.10-16.16.16:696][  0]LogTemp: Display: Module 'MacServerTargetPlatform' loaded TargetPlatform 'MacServer'
[2020.01.10-16.16.16:709][  0]LogTemp: Display: Module 'MacTargetPlatform' loaded TargetPlatform 'Mac'
[2020.01.10-16.16.16:721][  0]LogTemp: Display: Module 'WindowsClientTargetPlatform' loaded TargetPlatform 'WindowsClient'
[2020.01.10-16.16.16:734][  0]LogTemp: Display: Module 'WindowsNoEditorTargetPlatform' loaded TargetPlatform 'WindowsNoEditor'
[2020.01.10-16.16.16:747][  0]LogTemp: Display: Module 'WindowsServerTargetPlatform' loaded TargetPlatform 'WindowsServer'
[2020.01.10-16.16.16:754][  0]LogTemp: Display: Module 'WindowsTargetPlatform' loaded TargetPlatform 'Windows'
[2020.01.10-16.16.16:796][  0]LogTemp: Display: Module 'AndroidTargetPlatform' loaded TargetPlatform 'Android'
[2020.01.10-16.16.16:796][  0]LogTemp: Display: Module 'AndroidTargetPlatform' loaded TargetPlatform 'Android_ASTC'
[2020.01.10-16.16.16:796][  0]LogTemp: Display: Module 'AndroidTargetPlatform' loaded TargetPlatform 'Android_ATC'
[2020.01.10-16.16.16:796][  0]LogTemp: Display: Module 'AndroidTargetPlatform' loaded TargetPlatform 'Android_DXT'
[2020.01.10-16.16.16:796][  0]LogTemp: Display: Module 'AndroidTargetPlatform' loaded TargetPlatform 'Android_ETC1'
[2020.01.10-16.16.16:796][  0]LogTemp: Display: Module 'AndroidTargetPlatform' loaded TargetPlatform 'Android_ETC1a'
[2020.01.10-16.16.16:796][  0]LogTemp: Display: Module 'AndroidTargetPlatform' loaded TargetPlatform 'Android_ETC2'
[2020.01.10-16.16.16:796][  0]LogTemp: Display: Module 'AndroidTargetPlatform' loaded TargetPlatform 'Android_PVRTC'
[2020.01.10-16.16.16:796][  0]LogTemp: Display: Module 'AndroidTargetPlatform' loaded TargetPlatform 'AndroidClient'
[2020.01.10-16.16.16:796][  0]LogTemp: Display: Module 'AndroidTargetPlatform' loaded TargetPlatform 'Android_ASTCClient'
[2020.01.10-16.16.16:796][  0]LogTemp: Display: Module 'AndroidTargetPlatform' loaded TargetPlatform 'Android_ATCClient'
[2020.01.10-16.16.16:796][  0]LogTemp: Display: Module 'AndroidTargetPlatform' loaded TargetPlatform 'Android_DXTClient'
[2020.01.10-16.16.16:796][  0]LogTemp: Display: Module 'AndroidTargetPlatform' loaded TargetPlatform 'Android_ETC1Client'
[2020.01.10-16.16.16:796][  0]LogTemp: Display: Module 'AndroidTargetPlatform' loaded TargetPlatform 'Android_ETC1aClient'
[2020.01.10-16.16.16:796][  0]LogTemp: Display: Module 'AndroidTargetPlatform' loaded TargetPlatform 'Android_ETC2Client'
[2020.01.10-16.16.16:796][  0]LogTemp: Display: Module 'AndroidTargetPlatform' loaded TargetPlatform 'Android_PVRTCClient'
[2020.01.10-16.16.16:796][  0]LogTemp: Display: Module 'AndroidTargetPlatform' loaded TargetPlatform 'Android_Multi'
[2020.01.10-16.16.16:796][  0]LogTemp: Display: Module 'AndroidTargetPlatform' loaded TargetPlatform 'Android_MultiClient'
[2020.01.10-16.16.16:799][  0]LogTemp: Display: Module 'HTML5TargetPlatform' loaded TargetPlatform 'HTML5'
[2020.01.10-16.16.16:823][  0]LogTemp: Display: Module 'IOSTargetPlatform' loaded TargetPlatform 'IOSClient'
[2020.01.10-16.16.16:823][  0]LogTemp: Display: Module 'IOSTargetPlatform' loaded TargetPlatform 'IOS'
[2020.01.10-16.16.16:842][  0]LogTemp: Display: Module 'TVOSTargetPlatform' loaded TargetPlatform 'TVOSClient'
[2020.01.10-16.16.16:842][  0]LogTemp: Display: Module 'TVOSTargetPlatform' loaded TargetPlatform 'TVOS'
[2020.01.10-16.16.16:851][  0]LogTemp: Display: Module 'LinuxClientTargetPlatform' loaded TargetPlatform 'LinuxClient'
[2020.01.10-16.16.16:861][  0]LogTemp: Display: Module 'LinuxNoEditorTargetPlatform' loaded TargetPlatform 'LinuxNoEditor'
[2020.01.10-16.16.16:870][  0]LogTemp: Display: Module 'LinuxServerTargetPlatform' loaded TargetPlatform 'LinuxServer'
[2020.01.10-16.16.16:881][  0]LogTemp: Display: Module 'LinuxTargetPlatform' loaded TargetPlatform 'Linux'
[2020.01.10-16.16.16:913][  0]LogTemp: Display: Module 'LuminTargetPlatform' loaded TargetPlatform 'Lumin'
[2020.01.10-16.16.16:913][  0]LogTemp: Display: Module 'LuminTargetPlatform' loaded TargetPlatform 'LuminClient'
[2020.01.10-16.16.16:913][  0]LogTargetPlatformManager: Display: Building Assets For Windows
[2020.01.10-16.16.16:927][  0]LogAudioDebug: Display: Lib vorbis DLL was dynamically loaded.
[2020.01.10-16.16.17:027][  0]LogShaderCompilers: Guid format shader working directory is -37 characters bigger than the processId version (../../../../../../Users/v.arabi/Documents/GitHub/The-Last/The Last/GameAlpha/TheLast/Intermediate/Shaders/WorkingDirectory/16848/).
[2020.01.10-16.16.17:027][  0]LogShaderCompilers: Cleaned the shader compiler working directory 'C:/Users/v.arabi/AppData/Local/Temp/UnrealShaderWorkingDir/2546D2A541378330E972F3A334BEDA34/'.
[2020.01.10-16.16.17:031][  0]LogXGEController: Cannot use XGE Controller as Incredibuild is not installed on this machine.
[2020.01.10-16.16.17:031][  0]LogShaderCompilers: Cannot use XGE Shader Compiler as Incredibuild is not installed on this machine.
[2020.01.10-16.16.17:031][  0]LogShaderCompilers: Display: Using Local Shader Compiler.
[2020.01.10-16.16.17:750][  0]LogDerivedDataCache: Display: Max Cache Size: 512 MB
[2020.01.10-16.16.17:847][  0]LogDerivedDataCache: Loaded boot cache 0.10s 77MB C:/Users/v.arabi/AppData/Local/UnrealEngine/4.23/DerivedDataCache/Boot.ddc.
[2020.01.10-16.16.17:847][  0]LogDerivedDataCache: Display: Loaded Boot cache: C:/Users/v.arabi/AppData/Local/UnrealEngine/4.23/DerivedDataCache/Boot.ddc
[2020.01.10-16.16.17:847][  0]LogDerivedDataCache: FDerivedDataBackendGraph:  Pak pak cache file ../../../../../../Users/v.arabi/Documents/GitHub/The-Last/The Last/GameAlpha/TheLast/DerivedDataCache/DDC.ddp not found, will not use a pak cache.
[2020.01.10-16.16.17:847][  0]LogDerivedDataCache: Unable to find inner node Pak for hierarchical cache Hierarchy.
[2020.01.10-16.16.17:847][  0]LogDerivedDataCache: FDerivedDataBackendGraph:  CompressedPak pak cache file ../../../../../../Users/v.arabi/Documents/GitHub/The-Last/The Last/GameAlpha/TheLast/DerivedDataCache/Compressed.ddp not found, will not use a pak cache.
[2020.01.10-16.16.17:847][  0]LogDerivedDataCache: Unable to find inner node CompressedPak for hierarchical cache Hierarchy.
[2020.01.10-16.16.17:861][  0]LogDerivedDataCache: Display: Pak cache opened for reading ../../../Engine/DerivedDataCache/Compressed.ddp.
[2020.01.10-16.16.17:861][  0]LogDerivedDataCache: FDerivedDataBackendGraph:  EnterprisePak pak cache file ../../../Enterprise/DerivedDataCache/Compressed.ddp not found, will not use a pak cache.
[2020.01.10-16.16.17:861][  0]LogDerivedDataCache: Unable to find inner node EnterprisePak for hierarchical cache Hierarchy.
[2020.01.10-16.16.17:863][  0]LogDerivedDataCache: Using Local data cache path C:/Users/v.arabi/AppData/Local/UnrealEngine/Common/DerivedDataCache: Writable
[2020.01.10-16.16.17:863][  0]LogDerivedDataCache: Shared data cache path not found in *engine.ini, will not use an Shared cache.
[2020.01.10-16.16.17:863][  0]LogDerivedDataCache: Unable to find inner node Shared for hierarchical cache Hierarchy.
[2020.01.10-16.16.17:888][  0]LogMaterial: Verifying Global Shaders for PCD3D_SM5
[2020.01.10-16.16.17:891][  0]LogSlate: Using FreeType 2.6.0
[2020.01.10-16.16.17:892][  0]LogSlate: SlateFontServices - WITH_FREETYPE: 1, WITH_HARFBUZZ: 1
[2020.01.10-16.16.17:964][  0]LogAssetRegistry: FAssetRegistry took 0.0029 seconds to start up
[2020.01.10-16.16.18:274][  0]LogInit: Selected Device Profile: [Windows]
[2020.01.10-16.16.18:464][  0]LogMeshReduction: Using QuadricMeshReduction for automatic static mesh reduction
[2020.01.10-16.16.18:464][  0]LogMeshReduction: Using SimplygonMeshReduction for automatic skeletal mesh reduction
[2020.01.10-16.16.18:464][  0]LogMeshReduction: Using ProxyLODMeshReduction for automatic mesh merging
[2020.01.10-16.16.18:464][  0]LogMeshReduction: No distributed automatic mesh merging module available
[2020.01.10-16.16.18:464][  0]LogMeshMerging: No distributed automatic mesh merging module available
[2020.01.10-16.16.18:476][  0]LogNetVersion: TheLast 1.0.0, NetCL: 8386587, EngineNetVer: 11, GameNetVer: 0 (Checksum: 2690468633)
[2020.01.10-16.16.19:001][  0]LogPackageLocalizationCache: Processed 12 localized package path(s) for 1 prioritized culture(s) in 0.051170 seconds
[2020.01.10-16.16.19:009][  0]LogUObjectArray: 43444 objects as part of root set at end of initial load.
[2020.01.10-16.16.19:009][  0]LogUObjectAllocator: 7548648 out of 0 bytes used by permanent object pool.
[2020.01.10-16.16.19:009][  0]LogUObjectArray: CloseDisregardForGC: 0/0 objects in disregard for GC pool
[2020.01.10-16.16.20:120][  0]LogTcpMessaging: Initializing TcpMessaging bridge
[2020.01.10-16.16.20:124][  0]LogUdpMessaging: Initializing bridge on interface 0.0.0.0:0 to multicast group 230.0.0.1:6666.
[2020.01.10-16.16.20:195][  0]SourceControl: El control de código fuente está desactivado
[2020.01.10-16.16.20:195][  0]SourceControl: El control de código fuente está desactivado
[2020.01.10-16.16.20:198][  0]SourceControl: El control de código fuente está desactivado
[2020.01.10-16.16.20:200][  0]SourceControl: El control de código fuente está desactivado
[2020.01.10-16.16.20:331][  0]LogAndroidPermission: UAndroidPermissionCallbackProxy::GetInstance
[2020.01.10-16.16.20:501][  0]LogOcInput: OculusInput pre-init called
[2020.01.10-16.16.21:304][  0]LogEngine: Initializing Engine...
[2020.01.10-16.16.21:306][  0]LogHMD: Failed to initialize OpenVR with code 110
[2020.01.10-16.16.21:307][  0]LogStats: UGameplayTagsManager::InitializeManager -  0.000 s
[2020.01.10-16.16.21:594][  0]LogInit: Initializing FReadOnlyCVARCache
[2020.01.10-16.16.21:623][  0]LogAIModule: Creating AISystem for world Untitled
[2020.01.10-16.16.21:668][  0]LogInit: XAudio2 using 'Acer V246HL (NVIDIA High Definition Audio)' : 2 channels at 48 kHz using 16 bits per sample (channel mask 0x3)
[2020.01.10-16.16.21:757][  0]LogInit: FAudioDevice initialized.
[2020.01.10-16.16.21:758][  0]LogNetVersion: Set ProjectVersion to 1.0.0.0. Version Checksum will be recalculated on next use.
[2020.01.10-16.16.21:860][  0]LogDerivedDataCache: Saved boot cache 0.10s 77MB C:/Users/v.arabi/AppData/Local/UnrealEngine/4.23/DerivedDataCache/Boot.ddc.
[2020.01.10-16.16.21:864][  0]LogInit: Texture streaming: Enabled
[2020.01.10-16.16.21:902][  0]LogEngineSessionManager: EngineSessionManager initialized
[2020.01.10-16.16.21:902][  0]LogEngineSessionManager: EngineSessionManager sent abnormal shutdown report. Type=AbnormalShutdown, SessionId={3128D309-4F9F-C0B3-F4CB-26BA4645A88E}
[2020.01.10-16.16.21:902][  0]LogEditorSessionSummary: Verbose: Initializing EditorSessionSummaryWriter for editor session tracking
[2020.01.10-16.16.21:904][  0]LogEditorSessionSummary: EditorSessionSummaryWriter initialized
[2020.01.10-16.16.21:974][  0]LogInit: Transaction tracking system initialized
[2020.01.10-16.16.22:027][  0]BlueprintLog: New page: Cargar el editor
[2020.01.10-16.16.22:161][  0]LocalizationService: Localization service is disabled
[2020.01.10-16.16.22:493][  0]LogFileCache: Scanning file cache for directory 'C:/Users/v.arabi/Documents/GitHub/The-Last/The Last/GameAlpha/TheLast/Content/' took 0.01s
[2020.01.10-16.16.22:493][  0]LogCook: Display: Max memory allowance for cook 16384mb min free memory 0mb
[2020.01.10-16.16.22:493][  0]LogCook: Display: Mobile HDR setting 1
[2020.01.10-16.16.22:740][  0]SourceControl: El control de código fuente está desactivado
[2020.01.10-16.16.22:741][  0]Cmd: MAP LOAD FILE="../../../../../../Users/v.arabi/Documents/GitHub/The-Last/The Last/GameAlpha/TheLast/Content/Maps/Pantano.umap" TEMPLATE=0 SHOWPROGRESS=1 FEATURELEVEL=3
[2020.01.10-16.16.22:742][  0]LightingResults: New page: Diseñar la iluminación
[2020.01.10-16.16.22:747][  0]LogWorld: UWorld::CleanupWorld for Untitled, bSessionEnded=true, bCleanupResources=true
[2020.01.10-16.16.22:747][  0]MapCheck: New page: Revisión del mapa
[2020.01.10-16.16.22:747][  0]LightingResults: New page: Diseñar la iluminación
[2020.01.10-16.16.22:773][  0]LogUObjectHash: Compacting FUObjectHashTables data took   2.27ms
[2020.01.10-16.16.22:837][  0]LogLinker: Warning: While loading '../../../../../../Users/v.arabi/Documents/GitHub/The-Last/The Last/GameAlpha/TheLast/Content/Maps/Pantano.umap' failed to load '/Game/Maps/Pantano_BuiltData': No puede encontrar el archivo
[2020.01.10-16.16.22:838][  0]LogLinker: Warning: While loading '../../../../../../Users/v.arabi/Documents/GitHub/The-Last/The Last/GameAlpha/TheLast/Content/Maps/Pantano.umap' failed to load '/Game/Maps/Pantano_BuiltData': No puede encontrar el archivo para el activo.
[2020.01.10-16.16.22:881][  0]LogLinker: Warning: While loading '../../../../../../Users/v.arabi/Documents/GitHub/The-Last/The Last/GameAlpha/TheLast/Content/Maps/Pantano.umap' failed to load '/Game/Maps/Pantano_BuiltData': No puede encontrar el archivo
[2020.01.10-16.16.22:881][  0]LogLinker: Warning: While loading '../../../../../../Users/v.arabi/Documents/GitHub/The-Last/The Last/GameAlpha/TheLast/Content/Maps/Pantano.umap' failed to load '/Game/Maps/Pantano_BuiltData': No puede encontrar el archivo para el activo.
[2020.01.10-16.16.22:885][  0]LogLinker: Warning: Error al cargar '{FileName}': No puede encontrar el archivo
[2020.01.10-16.16.22:885][  0]LogLinker: Warning: Error al cargar '{FileName}': No puede encontrar el archivo para el activo.
[2020.01.10-16.16.22:885][  0]LogLinker: Warning: Error al cargar '{FileName}': No puede encontrar el archivo
[2020.01.10-16.16.22:885][  0]LogLinker: Warning: Error al cargar '{FileName}': No puede encontrar el archivo para el activo.
[2020.01.10-16.16.22:901][  0]LogLinker: Warning: While loading '../../../../../../Users/v.arabi/Documents/GitHub/The-Last/The Last/GameAlpha/TheLast/Content/Maps/Pantano.umap' failed to load '/Game/Maps/Pantano_BuiltData': No puede encontrar el archivo
[2020.01.10-16.16.22:901][  0]LoadErrors: Error al cargar /Game/Maps/Pantano_BuiltData.Pantano_BuiltData Referenciado por PersistentLevel
[2020.01.10-16.16.22:902][  0]LogLinker: Warning: While loading '../../../../../../Users/v.arabi/Documents/GitHub/The-Last/The Last/GameAlpha/TheLast/Content/Maps/Pantano.umap' failed to load '/Game/Maps/Pantano_BuiltData': No puede encontrar el archivo para el activo.
[2020.01.10-16.16.22:902][  0]LoadErrors: Error al cargar /Game/Maps/Pantano_BuiltData.Pantano_BuiltData Referenciado por PersistentLevel
[2020.01.10-16.16.23:439][  0]LogAIModule: Creating AISystem for world Pantano
[2020.01.10-16.16.23:459][  0]LogEditorServer: Finished looking for orphan Actors (0.000 secs)
[2020.01.10-16.16.23:489][  0]LogUObjectHash: Compacting FUObjectHashTables data took   2.70ms
[2020.01.10-16.16.23:489][  0]Cmd: MAP CHECKDEP NOCLEARLOG
[2020.01.10-16.16.23:490][  0]MapCheck: Map check complete: 0 Error(s), 0 Warning(s), took 0,258ms to complete.
[2020.01.10-16.16.23:490][  0]LogFileHelpers: Loading map 'Pantano' took 0.750
[2020.01.10-16.16.23:644][  0]LogSlate: Updating window title bar state: overlay mode, drag disabled, window buttons hidden, title bar hidden
[2020.01.10-16.16.23:653][  0]LogSlate: Updating window title bar state: overlay mode, drag disabled, window buttons hidden, title bar hidden
[2020.01.10-16.16.23:661][  0]LogSlate: Updating window title bar state: overlay mode, drag disabled, window buttons hidden, title bar hidden
[2020.01.10-16.16.23:670][  0]LogSlate: Updating window title bar state: overlay mode, drag disabled, window buttons hidden, title bar hidden
[2020.01.10-16.16.23:685][  0]LogCollectionManager: Loaded 0 collections in 0.003466 seconds
[2020.01.10-16.16.23:706][  0]LogFileCache: Scanning file cache for directory 'C:/Users/v.arabi/Documents/GitHub/The-Last/The Last/GameAlpha/TheLast/Saved/Collections/' took 0.00s
[2020.01.10-16.16.23:706][  0]LogFileCache: Scanning file cache for directory 'C:/Users/v.arabi/Documents/GitHub/The-Last/The Last/GameAlpha/TheLast/Content/Developers/varabi/Collections/' took 0.00s
[2020.01.10-16.16.23:706][  0]LogFileCache: Scanning file cache for directory 'C:/Users/v.arabi/Documents/GitHub/The-Last/The Last/GameAlpha/TheLast/Content/Collections/' took 0.00s
[2020.01.10-16.16.23:706][  0]LogCollectionManager: Rebuilt the GUID cache for 0 collections in 0.000002 seconds
[2020.01.10-16.16.23:719][  0]LogContentBrowser: Native class hierarchy populated in 0.0114 seconds. Added 2863 classes and 680 folders.
[2020.01.10-16.16.23:736][  0]LogContentBrowser: Native class hierarchy updated for 'WidgetCarousel' in 0.0018 seconds. Added 0 classes and 0 folders.
[2020.01.10-16.16.23:923][  0]LogContentBrowser: Native class hierarchy updated for 'AddContentDialog' in 0.0020 seconds. Added 0 classes and 0 folders.
[2020.01.10-16.16.23:945][  0]LogContentBrowser: Native class hierarchy updated for 'SceneOutliner' in 0.0018 seconds. Added 1 classes and 2 folders.
[2020.01.10-16.16.23:987][  0]LogSlate: Took 0.000364 seconds to synchronously load lazily loaded font '../../../Engine/Content/Slate/Fonts/Roboto-Regular.ttf' (155K)
[2020.01.10-16.16.23:989][  0]LogSlate: Took 0.000190 seconds to synchronously load lazily loaded font '../../../Engine/Content/Slate/Fonts/Roboto-Bold.ttf' (160K)
[2020.01.10-16.16.23:997][  0]LogSlate: Took 0.001528 seconds to synchronously load lazily loaded font '../../../Engine/Content/Editor/Slate/Fonts/FontAwesome.ttf' (139K)
[2020.01.10-16.16.24:093][  0]LogRenderer: Reallocating scene render targets to support 1016x552 Format 10 NumSamples 1 (Frame:1).
[2020.01.10-16.16.24:269][  0]LogContentBrowser: Native class hierarchy updated for 'HierarchicalLODOutliner' in 0.0017 seconds. Added 0 classes and 0 folders.
[2020.01.10-16.16.24:269][  0]LogLoad: (Engine Initialization) Total time: 11.17 seconds
[2020.01.10-16.16.24:269][  0]LogLoad: (Engine Initialization) Total Blueprint compile time: 0.00 seconds
[2020.01.10-16.16.24:279][  0]LogWindowsTextInputMethodSystem: Display: IME system now deactivated.
[2020.01.10-16.16.24:326][  0]LogContentStreaming: Texture pool size now 1000 MB
[2020.01.10-16.16.24:331][  0]LogSlate: FSceneViewport::OnFocusLost() reason 5
[2020.01.10-16.16.24:354][  0]LogSlate: Took 0.001535 seconds to synchronously load lazily loaded font '../../../Engine/Content/Slate/Fonts/Roboto-Light.ttf' (167K)
[2020.01.10-16.16.24:411][  1]LogAssetRegistry: Asset discovery search completed in 6.4484 seconds
[2020.01.10-16.16.24:416][  1]LogCollectionManager: Rebuilt the object cache for 0 collections in 0.000006 seconds (found 0 objects)
[2020.01.10-16.16.24:416][  1]LogCollectionManager: Fixed up redirectors for 0 collections in 0.000064 seconds (updated 0 objects)
[2020.01.10-16.16.26:145][194]LogSlate: Window 'Registro del mensaje' being destroyed
[2020.01.10-16.16.26:150][194]LogSlate: Window 'Registro del mensaje' being destroyed
[2020.01.10-16.16.28:089][424]LogSlate: FSceneViewport::OnFocusLost() reason 2
[2020.01.10-16.16.28:712][499]LogTemp: Repeating last play command: Selected Viewport
[2020.01.10-16.16.28:727][499]LogBlueprintUserMessages: Early PlayInEditor Detection: Level '/Game/Maps/Pantano.Pantano:PersistentLevel' has LevelScriptBlueprint '/Game/Maps/Pantano.Pantano:PersistentLevel.Pantano' with GeneratedClass '/Game/Maps/Pantano.Pantano_C' with ClassGeneratedBy '/Game/Maps/Pantano.Pantano:PersistentLevel.Pantano'
[2020.01.10-16.16.28:727][499]LogPlayLevel: PlayLevel: No blueprints needed recompiling
[2020.01.10-16.16.28:728][499]PIE: New page: Sesión PIE (reproducción en el editor): Pantano (10/1/2020 18:16:28)
[2020.01.10-16.16.28:729][499]LogOnline: OSS: Creating online subsystem instance for: NULL
[2020.01.10-16.16.28:731][499]LogPlayLevel: Creating play world package: /Game/Maps/UEDPIE_0_Pantano
[2020.01.10-16.16.28:768][499]LogPlayLevel: PIE: StaticDuplicateObject took: (0.036551s)
[2020.01.10-16.16.28:770][499]LogAIModule: Creating AISystem for world Pantano
[2020.01.10-16.16.28:771][499]LogPlayLevel: PIE: World Init took: (0.002804s)
[2020.01.10-16.16.28:771][499]LogPlayLevel: PIE: Created PIE world by copying editor world from /Game/Maps/Pantano.Pantano to /Game/Maps/UEDPIE_0_Pantano.Pantano (0.040046s)
[2020.01.10-16.16.28:798][499]LogUObjectHash: Compacting FUObjectHashTables data took   1.57ms
[2020.01.10-16.16.28:812][499]LogInit: XAudio2 using 'Acer V246HL (NVIDIA High Definition Audio)' : 2 channels at 48 kHz using 16 bits per sample (channel mask 0x3)
[2020.01.10-16.16.28:826][499]LogInit: FAudioDevice initialized.
[2020.01.10-16.16.29:018][499]LogLoad: Game class is 'ThirdPersonGameMode_C'
[2020.01.10-16.16.29:025][499]LogWorld: Bringing World /Game/Maps/UEDPIE_0_Pantano.Pantano up for play (max tick rate 0) at 2020.01.10-17.16.29
[2020.01.10-16.16.29:025][499]LogWorld: Bringing up level for play took: 0.005748
[2020.01.10-16.16.29:026][499]LogOnline: OSS: Creating online subsystem instance for: :Context_1
[2020.01.10-16.16.29:046][499]LogContentBrowser: Native class hierarchy updated for 'MovieSceneCapture' in 0.0018 seconds. Added 20 classes and 0 folders.
[2020.01.10-16.16.29:052][499]PIE: Tiempo de inicio de la reproducción en el editor para  /Game/Maps/UEDPIE_0_Pantano 0,843
[2020.01.10-16.16.29:052][499]LogBlueprintUserMessages: Late PlayInEditor Detection: Level '/Game/Maps/Pantano.Pantano:PersistentLevel' has LevelScriptBlueprint '/Game/Maps/Pantano.Pantano:PersistentLevel.Pantano' with GeneratedClass '/Game/Maps/Pantano.Pantano_C' with ClassGeneratedBy '/Game/Maps/Pantano.Pantano:PersistentLevel.Pantano'
[2020.01.10-16.16.36:019][298]Cmd: LevelEditor.ToggleImmersive
[2020.01.10-16.16.36:039][298]LogSlate: Took 0.000238 seconds to synchronously load lazily loaded font '../../../Engine/Content/Slate/Fonts/Roboto-Light.ttf' (167K)
[2020.01.10-16.16.36:078][299]LogRenderer: Reallocating scene render targets to support 1268x688 Format 10 NumSamples 1 (Frame:801).
[2020.01.10-16.16.36:106][300]LogRenderer: Reallocating scene render targets to support 1780x964 Format 10 NumSamples 1 (Frame:803).
[2020.01.10-16.16.36:134][301]LogRenderer: Reallocating scene render targets to support 1880x1020 Format 10 NumSamples 1 (Frame:805).
[2020.01.10-16.16.36:159][302]LogRenderer: Reallocating scene render targets to support 1916x1040 Format 10 NumSamples 1 (Frame:807).
[2020.01.10-16.16.36:211][303]LogRenderer: Reallocating scene render targets to support 1920x1040 Format 10 NumSamples 1 (Frame:809).
[2020.01.10-16.16.36:212][303]LogSlate: FSceneViewport::OnFocusLost() reason 2
