Log file open, 06/03/20 15:56:46
LogWindows: Failed to load 'aqProf.dll' (GetLastError=126)
LogWindows: File 'aqProf.dll' does not exist
LogWindows: Failed to load 'VtuneApi.dll' (GetLastError=126)
LogWindows: File 'VtuneApi.dll' does not exist
LogWindows: Failed to load 'VtuneApi32e.dll' (GetLastError=126)
LogWindows: File 'VtuneApi32e.dll' does not exist
LogConsoleResponse: Display: Failed to find resolution value strings in scalability ini. Falling back to default.
LogInit: Display: Running engine for game: TheLast
LogPlatformFile: Not using cached read wrapper
LogTaskGraph: Started task graph with 5 named threads and 23 total threads with 3 sets of task threads.
LogStats: Stats thread started at 0.118006
LogD3D11RHI: Loaded GFSDK_Aftermath_Lib.x64.dll
LogICUInternationalization: ICU TimeZone Detection - Raw Offset: +1:00, Platform Override: ''
LogPluginManager: Mounting plugin Paper2D
LogPluginManager: Mounting plugin AISupport
LogPluginManager: Mounting plugin LightPropagationVolume
LogPluginManager: Mounting plugin ActorLayerUtilities
LogPluginManager: Mounting plugin AnimationSharing
LogPluginManager: Mounting plugin CLionSourceCodeAccess
LogPluginManager: Mounting plugin CodeLiteSourceCodeAccess
LogPluginManager: Mounting plugin GitSourceControl
LogPluginManager: Mounting plugin KDevelopSourceCodeAccess
LogPluginManager: Mounting plugin NullSourceCodeAccess
LogPluginManager: Mounting plugin PerforceSourceControl
LogPluginManager: Mounting plugin SubversionSourceControl
LogPluginManager: Mounting plugin UObjectPlugin
LogPluginManager: Mounting plugin VisualStudioCodeSourceCodeAccess
LogPluginManager: Mounting plugin VisualStudioSourceCodeAccess
LogPluginManager: Mounting plugin XCodeSourceCodeAccess
LogPluginManager: Mounting plugin AssetManagerEditor
LogPluginManager: Mounting plugin CryptoKeys
LogPluginManager: Mounting plugin CurveEditorTools
LogPluginManager: Mounting plugin DataValidation
LogPluginManager: Mounting plugin FacialAnimation
LogPluginManager: Mounting plugin GameplayTagsEditor
LogPluginManager: Mounting plugin MacGraphicsSwitching
LogPluginManager: Mounting plugin MaterialAnalyzer
LogPluginManager: Mounting plugin MobileLauncherProfileWizard
LogPluginManager: Mounting plugin PluginBrowser
LogPluginManager: Mounting plugin SpeedTreeImporter
LogPluginManager: Mounting plugin DatasmithContent
LogPluginManager: Mounting plugin VariantManagerContent
LogPluginManager: Mounting plugin AlembicImporter
LogPluginManager: Mounting plugin AutomationUtils
LogPluginManager: Mounting plugin BackChannel
LogPluginManager: Mounting plugin CharacterAI
LogPluginManager: Mounting plugin GeometryCache
LogPluginManager: Mounting plugin HTML5Networking
LogPluginManager: Mounting plugin PlatformCrypto
LogPluginManager: Mounting plugin ProxyLODPlugin
LogPluginManager: Mounting plugin SkeletalReduction
LogPluginManager: Mounting plugin MagicLeap
LogPluginManager: Mounting plugin MagicLeapMedia
LogPluginManager: Mounting plugin AndroidMedia
LogPluginManager: Mounting plugin AvfMedia
LogPluginManager: Mounting plugin ImgMedia
LogPluginManager: Mounting plugin MediaCompositing
LogPluginManager: Mounting plugin MediaPlayerEditor
LogPluginManager: Mounting plugin WebMMedia
LogPluginManager: Mounting plugin WmfMedia
LogPluginManager: Mounting plugin TcpMessaging
LogPluginManager: Mounting plugin UdpMessaging
LogPluginManager: Mounting plugin ActorSequence
LogPluginManager: Mounting plugin LevelSequenceEditor
LogPluginManager: Mounting plugin MatineeToLevelSequence
LogPluginManager: Mounting plugin NetcodeUnitTest
LogPluginManager: Mounting plugin NUTUnrealEngine4
LogPluginManager: Mounting plugin OnlineSubsystemGooglePlay
LogPluginManager: Mounting plugin OnlineSubsystemIOS
LogPluginManager: Mounting plugin OnlineSubsystem
LogPluginManager: Mounting plugin OnlineSubsystemNull
LogPluginManager: Mounting plugin OnlineSubsystemUtils
LogPluginManager: Mounting plugin LauncherChunkInstaller
LogPluginManager: Mounting plugin AndroidDeviceProfileSelector
LogPluginManager: Mounting plugin AndroidMoviePlayer
LogPluginManager: Mounting plugin AndroidPermission
LogPluginManager: Mounting plugin AppleImageUtils
LogPluginManager: Mounting plugin AppleMoviePlayer
LogPluginManager: Mounting plugin ArchVisCharacter
LogPluginManager: Mounting plugin AudioCapture
LogPluginManager: Mounting plugin CableComponent
LogPluginManager: Mounting plugin CustomMeshComponent
LogPluginManager: Mounting plugin EditableMesh
LogPluginManager: Mounting plugin ExampleDeviceProfileSelector
LogPluginManager: Mounting plugin GoogleCloudMessaging
LogPluginManager: Mounting plugin HoudiniEngine
LogPluginManager: Mounting plugin IOSDeviceProfileSelector
LogPluginManager: Mounting plugin LinuxDeviceProfileSelector
LogPluginManager: Mounting plugin LocationServicesBPLibrary
LogPluginManager: Mounting plugin MobilePatchingUtils
LogPluginManager: Mounting plugin OculusVR
LogPluginManager: Mounting plugin PhysXVehicles
LogPluginManager: Mounting plugin ProceduralMeshComponent
LogPluginManager: Mounting plugin RuntimePhysXCooking
LogPluginManager: Mounting plugin SignificanceManager
LogPluginManager: Mounting plugin SteamVR
LogPluginManager: Mounting plugin WebMMoviePlayer
LogPluginManager: Mounting plugin WindowsMoviePlayer
LogPluginManager: Mounting plugin ScreenshotTools
LogInit: Using libcurl 7.55.1-DEV
LogInit:  - built for x86_64-pc-win32
LogInit:  - supports SSL with OpenSSL/1.1.1
LogInit:  - supports HTTP deflate (compression) using libz 1.2.8
LogInit:  - other features:
LogInit:      CURL_VERSION_SSL
LogInit:      CURL_VERSION_LIBZ
LogInit:      CURL_VERSION_IPV6
LogInit:      CURL_VERSION_ASYNCHDNS
LogInit:      CURL_VERSION_LARGEFILE
LogInit:      CURL_VERSION_IDN
LogInit:  CurlRequestOptions (configurable via config and command line):
LogInit:  - bVerifyPeer = true  - Libcurl will verify peer certificate
LogInit:  - bUseHttpProxy = false  - Libcurl will NOT use HTTP proxy
LogInit:  - bDontReuseConnections = false  - Libcurl will reuse connections
LogInit:  - MaxHostConnections = 16  - Libcurl will limit the number of connections to a host
LogInit:  - LocalHostAddr = Default
LogInit:  - BufferSize = 65536
LogOnline: OSS: Creating online subsystem instance for: NULL
LogInit: WinSock: version 1.1 (2.2), MaxSocks=32767, MaxUdp=65467
LogHMD: Failed initializing OVRPlugin 1.37.0
LogInit: Build: ++UE4+Release-4.23-CL-9631420
LogInit: Engine Version: 4.23.1-9631420+++UE4+Release-4.23
LogInit: Compatible Engine Version: 4.23.0-8386587+++UE4+Release-4.23
LogInit: Net CL: 8386587
LogInit: OS: Windows 10 (Release 1903) (), CPU: Intel(R) Core(TM) i7-7700HQ CPU @ 2.80GHz, GPU: NVIDIA GeForce GTX 1070
LogInit: Compiled (64-bit): Oct 18 2019 02:07:44
LogInit: Compiled with Visual C++: 19.16.27030.01
LogInit: Build Configuration: Development
LogInit: Branch Name: ++UE4+Release-4.23
LogInit: Command Line: 
LogInit: Base Directory: D:/Epic Games/UE_4.23/Engine/Binaries/Win64/
LogInit: Installed Engine Build: 1
LogDevObjectVersion: Number of dev versions registered: 23
LogDevObjectVersion:   Dev-Blueprints (B0D832E4-1F89-4F0D-ACCF-7EB736FD4AA2): 10
LogDevObjectVersion:   Dev-Build (E1C64328-A22C-4D53-A36C-8E866417BD8C): 0
LogDevObjectVersion:   Dev-Core (375EC13C-06E4-48FB-B500-84F0262A717E): 3
LogDevObjectVersion:   Dev-Editor (E4B068ED-F494-42E9-A231-DA0B2E46BB41): 34
LogDevObjectVersion:   Dev-Framework (CFFC743F-43B0-4480-9391-14DF171D2073): 35
LogDevObjectVersion:   Dev-Mobile (B02B49B5-BB20-44E9-A304-32B752E40360): 2
LogDevObjectVersion:   Dev-Networking (A4E4105C-59A1-49B5-A7C5-40C4547EDFEE): 0
LogDevObjectVersion:   Dev-Online (39C831C9-5AE6-47DC-9A44-9C173E1C8E7C): 0
LogDevObjectVersion:   Dev-Physics (78F01B33-EBEA-4F98-B9B4-84EACCB95AA2): 0
LogDevObjectVersion:   Dev-Platform (6631380F-2D4D-43E0-8009-CF276956A95A): 0
LogDevObjectVersion:   Dev-Rendering (12F88B9F-8875-4AFC-A67C-D90C383ABD29): 31
LogDevObjectVersion:   Dev-Sequencer (7B5AE74C-D270-4C10-A958-57980B212A5A): 11
LogDevObjectVersion:   Dev-VR (D7296918-1DD6-4BDD-9DE2-64A83CC13884): 2
LogDevObjectVersion:   Dev-LoadTimes (C2A15278-BFE7-4AFE-6C17-90FF531DF755): 1
LogDevObjectVersion:   Private-Geometry (6EACA3D4-40EC-4CC1-B786-8BED09428FC5): 3
LogDevObjectVersion:   Dev-AnimPhys (29E575DD-E0A3-4627-9D10-D276232CDCEA): 17
LogDevObjectVersion:   Dev-Anim (AF43A65D-7FD3-4947-9873-3E8ED9C1BB05): 2
LogDevObjectVersion:   Dev-ReflectionCapture (6B266CEC-1EC7-4B8F-A30B-E4D90942FC07): 1
LogDevObjectVersion:   Dev-Automation (0DF73D61-A23F-47EA-B727-89E90C41499A): 1
LogDevObjectVersion:   FortniteMain (601D1886-AC64-4F84-AA16-D3DE0DEAC7D6): 27
LogDevObjectVersion:   Dev-Enterprise (9DFFBCD6-494F-0158-E221-12823C92A888): 6
LogDevObjectVersion:   Dev-Niagara (F2AED0AC-9AFE-416F-8664-AA7FFA26D6FC): 1
LogDevObjectVersion:   Dev-Destruction (174F1F0B-B4C6-45A5-B13F-2EE8D0FB917D): 9
LogInit: Presizing for max 16777216 objects, including 0 objects not considered by GC, pre-allocating 0 bytes for permanent pool.
LogInit: Object subsystem initialized
LogConfig: Setting CVar [[con.DebugEarlyDefault:1]]
LogConfig: Setting CVar [[r.setres:1280x720]]
[2020.06.03-13.56.47:274][  0]LogConfig: Setting CVar [[r.VSync:0]]
[2020.06.03-13.56.47:274][  0]LogConfig: Setting CVar [[r.RHICmdBypass:0]]
[2020.06.03-13.56.47:274][  0]LogConfig: Applying CVar settings from Section [/Script/Engine.RendererSettings] File [C:/Users/victo/OneDrive/Documents/GitHub/The-Last/The Last/GameAlpha/TheLast/Saved/Config/Windows/Engine.ini]
[2020.06.03-13.56.47:274][  0]LogConfig: Setting CVar [[r.GPUCrashDebugging:0]]
[2020.06.03-13.56.47:274][  0]LogConfig: Applying CVar settings from Section [/Script/Engine.RendererOverrideSettings] File [C:/Users/victo/OneDrive/Documents/GitHub/The-Last/The Last/GameAlpha/TheLast/Saved/Config/Windows/Engine.ini]
[2020.06.03-13.56.47:274][  0]LogConfig: Applying CVar settings from Section [/Script/Engine.StreamingSettings] File [C:/Users/victo/OneDrive/Documents/GitHub/The-Last/The Last/GameAlpha/TheLast/Saved/Config/Windows/Engine.ini]
[2020.06.03-13.56.47:274][  0]LogConfig: Setting CVar [[s.MinBulkDataSizeForAsyncLoading:131072]]
[2020.06.03-13.56.47:274][  0]LogConfig: Setting CVar [[s.AsyncLoadingThreadEnabled:0]]
[2020.06.03-13.56.47:274][  0]LogConfig: Setting CVar [[s.EventDrivenLoaderEnabled:1]]
[2020.06.03-13.56.47:274][  0]LogConfig: Setting CVar [[s.WarnIfTimeLimitExceeded:0]]
[2020.06.03-13.56.47:274][  0]LogConfig: Setting CVar [[s.TimeLimitExceededMultiplier:1.5]]
[2020.06.03-13.56.47:274][  0]LogConfig: Setting CVar [[s.TimeLimitExceededMinTime:0.005]]
[2020.06.03-13.56.47:274][  0]LogConfig: Setting CVar [[s.UseBackgroundLevelStreaming:1]]
[2020.06.03-13.56.47:274][  0]LogConfig: Setting CVar [[s.PriorityAsyncLoadingExtraTime:15.0]]
[2020.06.03-13.56.47:274][  0]LogConfig: Setting CVar [[s.LevelStreamingActorsUpdateTimeLimit:5.0]]
[2020.06.03-13.56.47:274][  0]LogConfig: Setting CVar [[s.PriorityLevelStreamingActorsUpdateExtraTime:5.0]]
[2020.06.03-13.56.47:274][  0]LogConfig: Setting CVar [[s.LevelStreamingComponentsRegistrationGranularity:10]]
[2020.06.03-13.56.47:274][  0]LogConfig: Setting CVar [[s.UnregisterComponentsTimeLimit:1.0]]
[2020.06.03-13.56.47:274][  0]LogConfig: Setting CVar [[s.LevelStreamingComponentsUnregistrationGranularity:5]]
[2020.06.03-13.56.47:274][  0]LogConfig: Applying CVar settings from Section [/Script/Engine.GarbageCollectionSettings] File [C:/Users/victo/OneDrive/Documents/GitHub/The-Last/The Last/GameAlpha/TheLast/Saved/Config/Windows/Engine.ini]
[2020.06.03-13.56.47:274][  0]LogConfig: Setting CVar [[gc.MaxObjectsNotConsideredByGC:1]]
[2020.06.03-13.56.47:274][  0]LogConfig: Setting CVar [[gc.SizeOfPermanentObjectPool:0]]
[2020.06.03-13.56.47:274][  0]LogConfig: Setting CVar [[gc.FlushStreamingOnGC:0]]
[2020.06.03-13.56.47:274][  0]LogConfig: Setting CVar [[gc.NumRetriesBeforeForcingGC:10]]
[2020.06.03-13.56.47:274][  0]LogConfig: Setting CVar [[gc.AllowParallelGC:1]]
[2020.06.03-13.56.47:274][  0]LogConfig: Setting CVar [[gc.TimeBetweenPurgingPendingKillObjects:61.1]]
[2020.06.03-13.56.47:274][  0]LogConfig: Setting CVar [[gc.MaxObjectsInEditor:16777216]]
[2020.06.03-13.56.47:274][  0]LogConfig: Setting CVar [[gc.IncrementalBeginDestroyEnabled:1]]
[2020.06.03-13.56.47:274][  0]LogConfig: Setting CVar [[gc.CreateGCClusters:1]]
[2020.06.03-13.56.47:275][  0]LogConfig: Setting CVar [[gc.MinGCClusterSize:5]]
[2020.06.03-13.56.47:275][  0]LogConfig: Setting CVar [[gc.ActorClusteringEnabled:0]]
[2020.06.03-13.56.47:275][  0]LogConfig: Setting CVar [[gc.BlueprintClusteringEnabled:0]]
[2020.06.03-13.56.47:275][  0]LogConfig: Setting CVar [[gc.UseDisregardForGCOnDedicatedServers:0]]
[2020.06.03-13.56.47:275][  0]LogConfig: Applying CVar settings from Section [/Script/Engine.NetworkSettings] File [C:/Users/victo/OneDrive/Documents/GitHub/The-Last/The Last/GameAlpha/TheLast/Saved/Config/Windows/Engine.ini]
[2020.06.03-13.56.47:275][  0]LogConfig: Applying CVar settings from Section [/Script/UnrealEd.CookerSettings] File [C:/Users/victo/OneDrive/Documents/GitHub/The-Last/The Last/GameAlpha/TheLast/Saved/Config/Windows/Engine.ini]
[2020.06.03-13.56.47:284][  0]LogConfig: Applying CVar settings from Section [ViewDistanceQuality@3] File [C:/Users/victo/OneDrive/Documents/GitHub/The-Last/The Last/GameAlpha/TheLast/Saved/Config/Windows/Scalability.ini]
[2020.06.03-13.56.47:284][  0]LogConfig: Setting CVar [[r.SkeletalMeshLODBias:0]]
[2020.06.03-13.56.47:284][  0]LogConfig: Setting CVar [[r.ViewDistanceScale:1.0]]
[2020.06.03-13.56.47:284][  0]LogConfig: Applying CVar settings from Section [AntiAliasingQuality@3] File [C:/Users/victo/OneDrive/Documents/GitHub/The-Last/The Last/GameAlpha/TheLast/Saved/Config/Windows/Scalability.ini]
[2020.06.03-13.56.47:284][  0]LogConfig: Setting CVar [[r.PostProcessAAQuality:4]]
[2020.06.03-13.56.47:284][  0]LogConfig: Applying CVar settings from Section [ShadowQuality@3] File [C:/Users/victo/OneDrive/Documents/GitHub/The-Last/The Last/GameAlpha/TheLast/Saved/Config/Windows/Scalability.ini]
[2020.06.03-13.56.47:285][  0]LogConfig: Setting CVar [[r.LightFunctionQuality:1]]
[2020.06.03-13.56.47:285][  0]LogConfig: Setting CVar [[r.ShadowQuality:5]]
[2020.06.03-13.56.47:285][  0]LogConfig: Setting CVar [[r.Shadow.CSM.MaxCascades:10]]
[2020.06.03-13.56.47:285][  0]LogConfig: Setting CVar [[r.Shadow.MaxResolution:2048]]
[2020.06.03-13.56.47:285][  0]LogConfig: Setting CVar [[r.Shadow.MaxCSMResolution:2048]]
[2020.06.03-13.56.47:285][  0]LogConfig: Setting CVar [[r.Shadow.RadiusThreshold:0.01]]
[2020.06.03-13.56.47:285][  0]LogConfig: Setting CVar [[r.Shadow.DistanceScale:1.0]]
[2020.06.03-13.56.47:285][  0]LogConfig: Setting CVar [[r.Shadow.CSM.TransitionScale:1.0]]
[2020.06.03-13.56.47:285][  0]LogConfig: Setting CVar [[r.Shadow.PreShadowResolutionFactor:1.0]]
[2020.06.03-13.56.47:285][  0]LogConfig: Setting CVar [[r.DistanceFieldShadowing:1]]
[2020.06.03-13.56.47:285][  0]LogConfig: Setting CVar [[r.DistanceFieldAO:1]]
[2020.06.03-13.56.47:285][  0]LogConfig: Setting CVar [[r.AOQuality:2]]
[2020.06.03-13.56.47:285][  0]LogConfig: Setting CVar [[r.VolumetricFog:1]]
[2020.06.03-13.56.47:285][  0]LogConfig: Setting CVar [[r.VolumetricFog.GridPixelSize:8]]
[2020.06.03-13.56.47:285][  0]LogConfig: Setting CVar [[r.VolumetricFog.GridSizeZ:128]]
[2020.06.03-13.56.47:285][  0]LogConfig: Setting CVar [[r.VolumetricFog.HistoryMissSupersampleCount:4]]
[2020.06.03-13.56.47:285][  0]LogConfig: Setting CVar [[r.LightMaxDrawDistanceScale:1]]
[2020.06.03-13.56.47:285][  0]LogConfig: Setting CVar [[r.CapsuleShadows:1]]
[2020.06.03-13.56.47:286][  0]LogConfig: Applying CVar settings from Section [PostProcessQuality@3] File [C:/Users/victo/OneDrive/Documents/GitHub/The-Last/The Last/GameAlpha/TheLast/Saved/Config/Windows/Scalability.ini]
[2020.06.03-13.56.47:286][  0]LogConfig: Setting CVar [[r.MotionBlurQuality:4]]
[2020.06.03-13.56.47:286][  0]LogConfig: Setting CVar [[r.AmbientOcclusionMipLevelFactor:0.4]]
[2020.06.03-13.56.47:286][  0]LogConfig: Setting CVar [[r.AmbientOcclusionMaxQuality:100]]
[2020.06.03-13.56.47:286][  0]LogConfig: Setting CVar [[r.AmbientOcclusionLevels:-1]]
[2020.06.03-13.56.47:286][  0]LogConfig: Setting CVar [[r.AmbientOcclusionRadiusScale:1.0]]
[2020.06.03-13.56.47:286][  0]LogConfig: Setting CVar [[r.DepthOfFieldQuality:2]]
[2020.06.03-13.56.47:286][  0]LogConfig: Setting CVar [[r.RenderTargetPoolMin:400]]
[2020.06.03-13.56.47:286][  0]LogConfig: Setting CVar [[r.LensFlareQuality:2]]
[2020.06.03-13.56.47:286][  0]LogConfig: Setting CVar [[r.SceneColorFringeQuality:1]]
[2020.06.03-13.56.47:286][  0]LogConfig: Setting CVar [[r.EyeAdaptationQuality:2]]
[2020.06.03-13.56.47:286][  0]LogConfig: Setting CVar [[r.BloomQuality:5]]
[2020.06.03-13.56.47:286][  0]LogConfig: Setting CVar [[r.FastBlurThreshold:100]]
[2020.06.03-13.56.47:286][  0]LogConfig: Setting CVar [[r.Upscale.Quality:3]]
[2020.06.03-13.56.47:286][  0]LogConfig: Setting CVar [[r.Tonemapper.GrainQuantization:1]]
[2020.06.03-13.56.47:286][  0]LogConfig: Setting CVar [[r.LightShaftQuality:1]]
[2020.06.03-13.56.47:286][  0]LogConfig: Setting CVar [[r.Filter.SizeScale:1]]
[2020.06.03-13.56.47:286][  0]LogConfig: Setting CVar [[r.Tonemapper.Quality:5]]
[2020.06.03-13.56.47:286][  0]LogConfig: Setting CVar [[r.DOF.Gather.AccumulatorQuality:1        ; higher gathering accumulator quality]]
[2020.06.03-13.56.47:286][  0]LogConfig: Setting CVar [[r.DOF.Gather.PostfilterMethod:1          ; Median3x3 postfilering method]]
[2020.06.03-13.56.47:286][  0]LogConfig: Setting CVar [[r.DOF.Gather.EnableBokehSettings:0       ; no bokeh simulation when gathering]]
[2020.06.03-13.56.47:286][  0]LogConfig: Setting CVar [[r.DOF.Gather.RingCount:4                 ; medium number of samples when gathering]]
[2020.06.03-13.56.47:286][  0]LogConfig: Setting CVar [[r.DOF.Scatter.ForegroundCompositing:1    ; additive foreground scattering]]
[2020.06.03-13.56.47:286][  0]LogConfig: Setting CVar [[r.DOF.Scatter.BackgroundCompositing:2    ; additive background scattering]]
[2020.06.03-13.56.47:286][  0]LogConfig: Setting CVar [[r.DOF.Scatter.EnableBokehSettings:1      ; bokeh simulation when scattering]]
[2020.06.03-13.56.47:287][  0]LogConfig: Setting CVar [[r.DOF.Scatter.MaxSpriteRatio:0.1         ; only a maximum of 10% of scattered bokeh]]
[2020.06.03-13.56.47:287][  0]LogConfig: Setting CVar [[r.DOF.Recombine.Quality:1                ; cheap slight out of focus]]
[2020.06.03-13.56.47:287][  0]LogConfig: Setting CVar [[r.DOF.Recombine.EnableBokehSettings:0    ; no bokeh simulation on slight out of focus]]
[2020.06.03-13.56.47:287][  0]LogConfig: Setting CVar [[r.DOF.TemporalAAQuality:1                ; more stable temporal accumulation]]
[2020.06.03-13.56.47:287][  0]LogConfig: Setting CVar [[r.DOF.Kernel.MaxForegroundRadius:0.025]]
[2020.06.03-13.56.47:287][  0]LogConfig: Setting CVar [[r.DOF.Kernel.MaxBackgroundRadius:0.025]]
[2020.06.03-13.56.47:287][  0]LogConfig: Applying CVar settings from Section [TextureQuality@3] File [C:/Users/victo/OneDrive/Documents/GitHub/The-Last/The Last/GameAlpha/TheLast/Saved/Config/Windows/Scalability.ini]
[2020.06.03-13.56.47:287][  0]LogConfig: Setting CVar [[r.Streaming.MipBias:0]]
[2020.06.03-13.56.47:287][  0]LogConfig: Setting CVar [[r.Streaming.AmortizeCPUToGPUCopy:0]]
[2020.06.03-13.56.47:287][  0]LogConfig: Setting CVar [[r.Streaming.MaxNumTexturesToStreamPerFrame:0]]
[2020.06.03-13.56.47:287][  0]LogConfig: Setting CVar [[r.Streaming.Boost:1]]
[2020.06.03-13.56.47:287][  0]LogConfig: Setting CVar [[r.MaxAnisotropy:8]]
[2020.06.03-13.56.47:287][  0]LogConfig: Setting CVar [[r.Streaming.LimitPoolSizeToVRAM:0]]
[2020.06.03-13.56.47:287][  0]LogConfig: Setting CVar [[r.Streaming.PoolSize:1000]]
[2020.06.03-13.56.47:287][  0]LogConfig: Setting CVar [[r.Streaming.MaxEffectiveScreenSize:0]]
[2020.06.03-13.56.47:287][  0]LogConfig: Applying CVar settings from Section [EffectsQuality@3] File [C:/Users/victo/OneDrive/Documents/GitHub/The-Last/The Last/GameAlpha/TheLast/Saved/Config/Windows/Scalability.ini]
[2020.06.03-13.56.47:287][  0]LogConfig: Setting CVar [[r.TranslucencyLightingVolumeDim:64]]
[2020.06.03-13.56.47:287][  0]LogConfig: Setting CVar [[r.RefractionQuality:2]]
[2020.06.03-13.56.47:287][  0]LogConfig: Setting CVar [[r.SSR.Quality:3]]
[2020.06.03-13.56.47:287][  0]LogConfig: Setting CVar [[r.SceneColorFormat:4]]
[2020.06.03-13.56.47:287][  0]LogConfig: Setting CVar [[r.DetailMode:2]]
[2020.06.03-13.56.47:287][  0]LogConfig: Setting CVar [[r.TranslucencyVolumeBlur:1]]
[2020.06.03-13.56.47:287][  0]LogConfig: Setting CVar [[r.MaterialQualityLevel:1 ; High quality]]
[2020.06.03-13.56.47:287][  0]LogConfig: Setting CVar [[r.SSS.Scale:1]]
[2020.06.03-13.56.47:288][  0]LogConfig: Setting CVar [[r.SSS.SampleSet:2]]
[2020.06.03-13.56.47:288][  0]LogConfig: Setting CVar [[r.SSS.Quality:1]]
[2020.06.03-13.56.47:288][  0]LogConfig: Setting CVar [[r.SSS.HalfRes:1]]
[2020.06.03-13.56.47:288][  0]LogConfig: Setting CVar [[r.EmitterSpawnRateScale:1.0]]
[2020.06.03-13.56.47:288][  0]LogConfig: Setting CVar [[r.ParticleLightQuality:2]]
[2020.06.03-13.56.47:288][  0]LogConfig: Applying CVar settings from Section [FoliageQuality@3] File [C:/Users/victo/OneDrive/Documents/GitHub/The-Last/The Last/GameAlpha/TheLast/Saved/Config/Windows/Scalability.ini]
[2020.06.03-13.56.47:288][  0]LogConfig: Setting CVar [[foliage.DensityScale:1.0]]
[2020.06.03-13.56.47:288][  0]LogConfig: Setting CVar [[grass.DensityScale:1.0]]
[2020.06.03-13.56.47:288][  0]LogInit: Selected Device Profile: [Windows]
[2020.06.03-13.56.47:288][  0]LogInit: Applying CVar settings loaded from the selected device profile: [Windows]
[2020.06.03-13.56.47:293][  0]LogHAL: Display: Platform has ~ 16 GB [17136562176 / 17179869184 / 16], which maps to Larger [LargestMinGB=32, LargerMinGB=12, DefaultMinGB=8, SmallerMinGB=6, SmallestMinGB=0)
[2020.06.03-13.56.47:293][  0]LogInit: Going up to parent DeviceProfile []
[2020.06.03-13.56.47:293][  0]LogConfig: Applying CVar settings from Section [ViewDistanceQuality@3] File [C:/Users/victo/OneDrive/Documents/GitHub/The-Last/The Last/GameAlpha/TheLast/Saved/Config/Windows/Scalability.ini]
[2020.06.03-13.56.47:293][  0]LogConfig: Setting CVar [[r.SkeletalMeshLODBias:0]]
[2020.06.03-13.56.47:293][  0]LogConfig: Setting CVar [[r.ViewDistanceScale:1.0]]
[2020.06.03-13.56.47:293][  0]LogConfig: Applying CVar settings from Section [AntiAliasingQuality@3] File [C:/Users/victo/OneDrive/Documents/GitHub/The-Last/The Last/GameAlpha/TheLast/Saved/Config/Windows/Scalability.ini]
[2020.06.03-13.56.47:294][  0]LogConfig: Setting CVar [[r.PostProcessAAQuality:4]]
[2020.06.03-13.56.47:294][  0]LogConfig: Applying CVar settings from Section [ShadowQuality@3] File [C:/Users/victo/OneDrive/Documents/GitHub/The-Last/The Last/GameAlpha/TheLast/Saved/Config/Windows/Scalability.ini]
[2020.06.03-13.56.47:294][  0]LogConfig: Setting CVar [[r.LightFunctionQuality:1]]
[2020.06.03-13.56.47:294][  0]LogConfig: Setting CVar [[r.ShadowQuality:5]]
[2020.06.03-13.56.47:294][  0]LogConfig: Setting CVar [[r.Shadow.CSM.MaxCascades:10]]
[2020.06.03-13.56.47:294][  0]LogConfig: Setting CVar [[r.Shadow.MaxResolution:2048]]
[2020.06.03-13.56.47:294][  0]LogConfig: Setting CVar [[r.Shadow.MaxCSMResolution:2048]]
[2020.06.03-13.56.47:294][  0]LogConfig: Setting CVar [[r.Shadow.RadiusThreshold:0.01]]
[2020.06.03-13.56.47:294][  0]LogConfig: Setting CVar [[r.Shadow.DistanceScale:1.0]]
[2020.06.03-13.56.47:294][  0]LogConfig: Setting CVar [[r.Shadow.CSM.TransitionScale:1.0]]
[2020.06.03-13.56.47:294][  0]LogConfig: Setting CVar [[r.Shadow.PreShadowResolutionFactor:1.0]]
[2020.06.03-13.56.47:294][  0]LogConfig: Setting CVar [[r.DistanceFieldShadowing:1]]
[2020.06.03-13.56.47:294][  0]LogConfig: Setting CVar [[r.DistanceFieldAO:1]]
[2020.06.03-13.56.47:294][  0]LogConfig: Setting CVar [[r.AOQuality:2]]
[2020.06.03-13.56.47:294][  0]LogConfig: Setting CVar [[r.VolumetricFog:1]]
[2020.06.03-13.56.47:294][  0]LogConfig: Setting CVar [[r.VolumetricFog.GridPixelSize:8]]
[2020.06.03-13.56.47:294][  0]LogConfig: Setting CVar [[r.VolumetricFog.GridSizeZ:128]]
[2020.06.03-13.56.47:294][  0]LogConfig: Setting CVar [[r.VolumetricFog.HistoryMissSupersampleCount:4]]
[2020.06.03-13.56.47:294][  0]LogConfig: Setting CVar [[r.LightMaxDrawDistanceScale:1]]
[2020.06.03-13.56.47:294][  0]LogConfig: Setting CVar [[r.CapsuleShadows:1]]
[2020.06.03-13.56.47:294][  0]LogConfig: Applying CVar settings from Section [PostProcessQuality@3] File [C:/Users/victo/OneDrive/Documents/GitHub/The-Last/The Last/GameAlpha/TheLast/Saved/Config/Windows/Scalability.ini]
[2020.06.03-13.56.47:294][  0]LogConfig: Setting CVar [[r.MotionBlurQuality:4]]
[2020.06.03-13.56.47:294][  0]LogConfig: Setting CVar [[r.AmbientOcclusionMipLevelFactor:0.4]]
[2020.06.03-13.56.47:294][  0]LogConfig: Setting CVar [[r.AmbientOcclusionMaxQuality:100]]
[2020.06.03-13.56.47:294][  0]LogConfig: Setting CVar [[r.AmbientOcclusionLevels:-1]]
[2020.06.03-13.56.47:294][  0]LogConfig: Setting CVar [[r.AmbientOcclusionRadiusScale:1.0]]
[2020.06.03-13.56.47:294][  0]LogConfig: Setting CVar [[r.DepthOfFieldQuality:2]]
[2020.06.03-13.56.47:294][  0]LogConfig: Setting CVar [[r.RenderTargetPoolMin:400]]
[2020.06.03-13.56.47:294][  0]LogConfig: Setting CVar [[r.LensFlareQuality:2]]
[2020.06.03-13.56.47:294][  0]LogConfig: Setting CVar [[r.SceneColorFringeQuality:1]]
[2020.06.03-13.56.47:294][  0]LogConfig: Setting CVar [[r.EyeAdaptationQuality:2]]
[2020.06.03-13.56.47:294][  0]LogConfig: Setting CVar [[r.BloomQuality:5]]
[2020.06.03-13.56.47:294][  0]LogConfig: Setting CVar [[r.FastBlurThreshold:100]]
[2020.06.03-13.56.47:294][  0]LogConfig: Setting CVar [[r.Upscale.Quality:3]]
[2020.06.03-13.56.47:294][  0]LogConfig: Setting CVar [[r.Tonemapper.GrainQuantization:1]]
[2020.06.03-13.56.47:294][  0]LogConfig: Setting CVar [[r.LightShaftQuality:1]]
[2020.06.03-13.56.47:295][  0]LogConfig: Setting CVar [[r.Filter.SizeScale:1]]
[2020.06.03-13.56.47:295][  0]LogConfig: Setting CVar [[r.Tonemapper.Quality:5]]
[2020.06.03-13.56.47:295][  0]LogConfig: Setting CVar [[r.DOF.Gather.AccumulatorQuality:1        ; higher gathering accumulator quality]]
[2020.06.03-13.56.47:295][  0]LogConfig: Setting CVar [[r.DOF.Gather.PostfilterMethod:1          ; Median3x3 postfilering method]]
[2020.06.03-13.56.47:295][  0]LogConfig: Setting CVar [[r.DOF.Gather.EnableBokehSettings:0       ; no bokeh simulation when gathering]]
[2020.06.03-13.56.47:295][  0]LogConfig: Setting CVar [[r.DOF.Gather.RingCount:4                 ; medium number of samples when gathering]]
[2020.06.03-13.56.47:295][  0]LogConfig: Setting CVar [[r.DOF.Scatter.ForegroundCompositing:1    ; additive foreground scattering]]
[2020.06.03-13.56.47:295][  0]LogConfig: Setting CVar [[r.DOF.Scatter.BackgroundCompositing:2    ; additive background scattering]]
[2020.06.03-13.56.47:295][  0]LogConfig: Setting CVar [[r.DOF.Scatter.EnableBokehSettings:1      ; bokeh simulation when scattering]]
[2020.06.03-13.56.47:295][  0]LogConfig: Setting CVar [[r.DOF.Scatter.MaxSpriteRatio:0.1         ; only a maximum of 10% of scattered bokeh]]
[2020.06.03-13.56.47:295][  0]LogConfig: Setting CVar [[r.DOF.Recombine.Quality:1                ; cheap slight out of focus]]
[2020.06.03-13.56.47:295][  0]LogConfig: Setting CVar [[r.DOF.Recombine.EnableBokehSettings:0    ; no bokeh simulation on slight out of focus]]
[2020.06.03-13.56.47:295][  0]LogConfig: Setting CVar [[r.DOF.TemporalAAQuality:1                ; more stable temporal accumulation]]
[2020.06.03-13.56.47:295][  0]LogConfig: Setting CVar [[r.DOF.Kernel.MaxForegroundRadius:0.025]]
[2020.06.03-13.56.47:295][  0]LogConfig: Setting CVar [[r.DOF.Kernel.MaxBackgroundRadius:0.025]]
[2020.06.03-13.56.47:295][  0]LogConfig: Applying CVar settings from Section [TextureQuality@3] File [C:/Users/victo/OneDrive/Documents/GitHub/The-Last/The Last/GameAlpha/TheLast/Saved/Config/Windows/Scalability.ini]
[2020.06.03-13.56.47:295][  0]LogConfig: Setting CVar [[r.Streaming.MipBias:0]]
[2020.06.03-13.56.47:295][  0]LogConfig: Setting CVar [[r.Streaming.AmortizeCPUToGPUCopy:0]]
[2020.06.03-13.56.47:295][  0]LogConfig: Setting CVar [[r.Streaming.MaxNumTexturesToStreamPerFrame:0]]
[2020.06.03-13.56.47:295][  0]LogConfig: Setting CVar [[r.Streaming.Boost:1]]
[2020.06.03-13.56.47:295][  0]LogConfig: Setting CVar [[r.MaxAnisotropy:8]]
[2020.06.03-13.56.47:295][  0]LogConfig: Setting CVar [[r.Streaming.LimitPoolSizeToVRAM:0]]
[2020.06.03-13.56.47:295][  0]LogConfig: Setting CVar [[r.Streaming.PoolSize:1000]]
[2020.06.03-13.56.47:295][  0]LogConfig: Setting CVar [[r.Streaming.MaxEffectiveScreenSize:0]]
[2020.06.03-13.56.47:295][  0]LogConfig: Applying CVar settings from Section [EffectsQuality@3] File [C:/Users/victo/OneDrive/Documents/GitHub/The-Last/The Last/GameAlpha/TheLast/Saved/Config/Windows/Scalability.ini]
[2020.06.03-13.56.47:295][  0]LogConfig: Setting CVar [[r.TranslucencyLightingVolumeDim:64]]
[2020.06.03-13.56.47:295][  0]LogConfig: Setting CVar [[r.RefractionQuality:2]]
[2020.06.03-13.56.47:295][  0]LogConfig: Setting CVar [[r.SSR.Quality:3]]
[2020.06.03-13.56.47:295][  0]LogConfig: Setting CVar [[r.SceneColorFormat:4]]
[2020.06.03-13.56.47:295][  0]LogConfig: Setting CVar [[r.DetailMode:2]]
[2020.06.03-13.56.47:296][  0]LogConfig: Setting CVar [[r.TranslucencyVolumeBlur:1]]
[2020.06.03-13.56.47:296][  0]LogConfig: Setting CVar [[r.MaterialQualityLevel:1 ; High quality]]
[2020.06.03-13.56.47:296][  0]LogConfig: Setting CVar [[r.SSS.Scale:1]]
[2020.06.03-13.56.47:296][  0]LogConfig: Setting CVar [[r.SSS.SampleSet:2]]
[2020.06.03-13.56.47:296][  0]LogConfig: Setting CVar [[r.SSS.Quality:1]]
[2020.06.03-13.56.47:296][  0]LogConfig: Setting CVar [[r.SSS.HalfRes:1]]
[2020.06.03-13.56.47:296][  0]LogConfig: Setting CVar [[r.EmitterSpawnRateScale:1.0]]
[2020.06.03-13.56.47:296][  0]LogConfig: Setting CVar [[r.ParticleLightQuality:2]]
[2020.06.03-13.56.47:296][  0]LogConfig: Applying CVar settings from Section [FoliageQuality@3] File [C:/Users/victo/OneDrive/Documents/GitHub/The-Last/The Last/GameAlpha/TheLast/Saved/Config/Windows/Scalability.ini]
[2020.06.03-13.56.47:296][  0]LogConfig: Setting CVar [[foliage.DensityScale:1.0]]
[2020.06.03-13.56.47:296][  0]LogConfig: Setting CVar [[grass.DensityScale:1.0]]
[2020.06.03-13.56.47:296][  0]LogConfig: Applying CVar settings from Section [Startup] File [../../../Engine/Config/ConsoleVariables.ini]
[2020.06.03-13.56.47:296][  0]LogConfig: Setting CVar [[net.UseAdaptiveNetUpdateFrequency:0]]
[2020.06.03-13.56.47:296][  0]LogConfig: Setting CVar [[p.chaos.AllowCreatePhysxBodies:1]]
[2020.06.03-13.56.47:297][  0]LogConfig: Applying CVar settings from Section [ConsoleVariables] File [C:/Users/victo/OneDrive/Documents/GitHub/The-Last/The Last/GameAlpha/TheLast/Saved/Config/Windows/Engine.ini]
[2020.06.03-13.56.47:297][  0]LogInit: Computer: LAPTOP-BOFI2E2T
[2020.06.03-13.56.47:297][  0]LogInit: User: victo
[2020.06.03-13.56.47:297][  0]LogInit: CPU Page size=4096, Cores=4
[2020.06.03-13.56.47:297][  0]LogInit: High frequency timer resolution =10.000000 MHz
[2020.06.03-13.56.47:297][  0]LogMemory: Memory total: Physical=16.0GB (16GB approx)
[2020.06.03-13.56.47:297][  0]LogMemory: Platform Memory Stats for Windows
[2020.06.03-13.56.47:297][  0]LogMemory: Process Physical Memory: 104.34 MB used, 104.34 MB peak
[2020.06.03-13.56.47:297][  0]LogMemory: Process Virtual Memory: 92.41 MB used, 92.42 MB peak
[2020.06.03-13.56.47:297][  0]LogMemory: Physical Memory: 8012.73 MB used,  8329.97 MB free, 16342.70 MB total
[2020.06.03-13.56.47:297][  0]LogMemory: Virtual Memory: 4664.46 MB used,  134213064.00 MB free, 134217728.00 MB total
[2020.06.03-13.56.47:303][  0]LogWindows: WindowsPlatformFeatures enabled
[2020.06.03-13.56.47:351][  0]LogInit: Overriding language with editor language configuration option (en).
[2020.06.03-13.56.47:352][  0]LogInit: Overriding locale with editor locale configuration option (en).
[2020.06.03-13.56.47:641][  0]LogInit: Setting process to per monitor DPI aware
[2020.06.03-13.56.47:692][  0]LogSlate: New Slate User Created.  User Index 0, Is Virtual User: 0
[2020.06.03-13.56.47:692][  0]LogSlate: Slate User Registered.  User Index 0, Is Virtual User: 0
[2020.06.03-13.56.48:048][  0]LogHMD: Failed to initialize OpenVR with code 126
[2020.06.03-13.56.48:048][  0]LogD3D11RHI: D3D11 adapters:
[2020.06.03-13.56.48:145][  0]LogD3D11RHI:    0. 'NVIDIA GeForce GTX 1070' (Feature Level 11_0)
[2020.06.03-13.56.48:145][  0]LogD3D11RHI:       8081/0/8171 MB DedicatedVideo/DedicatedSystem/SharedSystem, Outputs:2, VendorId:0x10de
[2020.06.03-13.56.48:150][  0]LogD3D11RHI:    1. 'Microsoft Basic Render Driver' (Feature Level 11_0)
[2020.06.03-13.56.48:150][  0]LogD3D11RHI:       0/0/8171 MB DedicatedVideo/DedicatedSystem/SharedSystem, Outputs:0, VendorId:0x1414
[2020.06.03-13.56.48:150][  0]LogD3D11RHI: Chosen D3D11 Adapter: 0
[2020.06.03-13.56.48:165][  0]LogD3D11RHI: Creating new Direct3DDevice
[2020.06.03-13.56.48:166][  0]LogD3D11RHI:     GPU DeviceId: 0x1be1 (for the marketing name, search the web for "GPU Device Id")
[2020.06.03-13.56.48:166][  0]LogWindows: EnumDisplayDevices:
[2020.06.03-13.56.48:166][  0]LogWindows:    0. 'NVIDIA GeForce GTX 1070' (P:0 D:1)
[2020.06.03-13.56.48:167][  0]LogWindows:    1. 'NVIDIA GeForce GTX 1070' (P:1 D:1)
[2020.06.03-13.56.48:167][  0]LogWindows:    2. 'NVIDIA GeForce GTX 1070' (P:0 D:0)
[2020.06.03-13.56.48:168][  0]LogWindows:    3. 'NVIDIA GeForce GTX 1070' (P:0 D:0)
[2020.06.03-13.56.48:169][  0]LogWindows: DebugString: FoundDriverCount:4 
[2020.06.03-13.56.48:169][  0]LogD3D11RHI:     Adapter Name: NVIDIA GeForce GTX 1070
[2020.06.03-13.56.48:169][  0]LogD3D11RHI:   Driver Version: 445.87 (internal:26.21.14.4587, unified:445.87)
[2020.06.03-13.56.48:169][  0]LogD3D11RHI:      Driver Date: 4-3-2020
[2020.06.03-13.56.48:169][  0]LogRHI: Texture pool is 5656 MB (70% of 8081 MB)
[2020.06.03-13.56.48:242][  0]LogD3D11RHI: Async texture creation enabled
[2020.06.03-13.56.48:263][  0]LogD3D11RHI: GPU Timing Frequency: 1000.000000 (Debug: 2 1)
[2020.06.03-13.56.48:859][  0]LogTemp: Display: Module 'AllDesktopTargetPlatform' loaded TargetPlatform 'AllDesktop'
[2020.06.03-13.56.48:873][  0]LogTemp: Display: Module 'MacClientTargetPlatform' loaded TargetPlatform 'MacClient'
[2020.06.03-13.56.48:887][  0]LogTemp: Display: Module 'MacNoEditorTargetPlatform' loaded TargetPlatform 'MacNoEditor'
[2020.06.03-13.56.48:902][  0]LogTemp: Display: Module 'MacServerTargetPlatform' loaded TargetPlatform 'MacServer'
[2020.06.03-13.56.48:917][  0]LogTemp: Display: Module 'MacTargetPlatform' loaded TargetPlatform 'Mac'
[2020.06.03-13.56.48:929][  0]LogTemp: Display: Module 'WindowsClientTargetPlatform' loaded TargetPlatform 'WindowsClient'
[2020.06.03-13.56.48:940][  0]LogTemp: Display: Module 'WindowsNoEditorTargetPlatform' loaded TargetPlatform 'WindowsNoEditor'
[2020.06.03-13.56.48:951][  0]LogTemp: Display: Module 'WindowsServerTargetPlatform' loaded TargetPlatform 'WindowsServer'
[2020.06.03-13.56.48:958][  0]LogTemp: Display: Module 'WindowsTargetPlatform' loaded TargetPlatform 'Windows'
[2020.06.03-13.56.49:022][  0]LogTemp: Display: Module 'AndroidTargetPlatform' loaded TargetPlatform 'Android'
[2020.06.03-13.56.49:022][  0]LogTemp: Display: Module 'AndroidTargetPlatform' loaded TargetPlatform 'Android_ASTC'
[2020.06.03-13.56.49:022][  0]LogTemp: Display: Module 'AndroidTargetPlatform' loaded TargetPlatform 'Android_ATC'
[2020.06.03-13.56.49:023][  0]LogTemp: Display: Module 'AndroidTargetPlatform' loaded TargetPlatform 'Android_DXT'
[2020.06.03-13.56.49:023][  0]LogTemp: Display: Module 'AndroidTargetPlatform' loaded TargetPlatform 'Android_ETC1'
[2020.06.03-13.56.49:023][  0]LogTemp: Display: Module 'AndroidTargetPlatform' loaded TargetPlatform 'Android_ETC1a'
[2020.06.03-13.56.49:023][  0]LogTemp: Display: Module 'AndroidTargetPlatform' loaded TargetPlatform 'Android_ETC2'
[2020.06.03-13.56.49:023][  0]LogTemp: Display: Module 'AndroidTargetPlatform' loaded TargetPlatform 'Android_PVRTC'
[2020.06.03-13.56.49:023][  0]LogTemp: Display: Module 'AndroidTargetPlatform' loaded TargetPlatform 'AndroidClient'
[2020.06.03-13.56.49:023][  0]LogTemp: Display: Module 'AndroidTargetPlatform' loaded TargetPlatform 'Android_ASTCClient'
[2020.06.03-13.56.49:023][  0]LogTemp: Display: Module 'AndroidTargetPlatform' loaded TargetPlatform 'Android_ATCClient'
[2020.06.03-13.56.49:023][  0]LogTemp: Display: Module 'AndroidTargetPlatform' loaded TargetPlatform 'Android_DXTClient'
[2020.06.03-13.56.49:023][  0]LogTemp: Display: Module 'AndroidTargetPlatform' loaded TargetPlatform 'Android_ETC1Client'
[2020.06.03-13.56.49:023][  0]LogTemp: Display: Module 'AndroidTargetPlatform' loaded TargetPlatform 'Android_ETC1aClient'
[2020.06.03-13.56.49:023][  0]LogTemp: Display: Module 'AndroidTargetPlatform' loaded TargetPlatform 'Android_ETC2Client'
[2020.06.03-13.56.49:023][  0]LogTemp: Display: Module 'AndroidTargetPlatform' loaded TargetPlatform 'Android_PVRTCClient'
[2020.06.03-13.56.49:023][  0]LogTemp: Display: Module 'AndroidTargetPlatform' loaded TargetPlatform 'Android_Multi'
[2020.06.03-13.56.49:024][  0]LogTemp: Display: Module 'AndroidTargetPlatform' loaded TargetPlatform 'Android_MultiClient'
[2020.06.03-13.56.49:027][  0]LogTemp: Display: Module 'HTML5TargetPlatform' loaded TargetPlatform 'HTML5'
[2020.06.03-13.56.49:066][  0]LogTemp: Display: Module 'IOSTargetPlatform' loaded TargetPlatform 'IOSClient'
[2020.06.03-13.56.49:066][  0]LogTemp: Display: Module 'IOSTargetPlatform' loaded TargetPlatform 'IOS'
[2020.06.03-13.56.49:092][  0]LogTemp: Display: Module 'TVOSTargetPlatform' loaded TargetPlatform 'TVOSClient'
[2020.06.03-13.56.49:092][  0]LogTemp: Display: Module 'TVOSTargetPlatform' loaded TargetPlatform 'TVOS'
[2020.06.03-13.56.49:107][  0]LogTemp: Display: Module 'LinuxClientTargetPlatform' loaded TargetPlatform 'LinuxClient'
[2020.06.03-13.56.49:121][  0]LogTemp: Display: Module 'LinuxNoEditorTargetPlatform' loaded TargetPlatform 'LinuxNoEditor'
[2020.06.03-13.56.49:136][  0]LogTemp: Display: Module 'LinuxServerTargetPlatform' loaded TargetPlatform 'LinuxServer'
[2020.06.03-13.56.49:148][  0]LogTemp: Display: Module 'LinuxTargetPlatform' loaded TargetPlatform 'Linux'
[2020.06.03-13.56.49:197][  0]LogTemp: Display: Module 'LuminTargetPlatform' loaded TargetPlatform 'Lumin'
[2020.06.03-13.56.49:197][  0]LogTemp: Display: Module 'LuminTargetPlatform' loaded TargetPlatform 'LuminClient'
[2020.06.03-13.56.49:198][  0]LogTargetPlatformManager: Display: Building Assets For Windows
[2020.06.03-13.56.49:221][  0]LogAudioDebug: Display: Lib vorbis DLL was dynamically loaded.
[2020.06.03-13.56.49:329][  0]LogShaderCompilers: Guid format shader working directory is -31 characters bigger than the processId version (C:/Users/victo/OneDrive/Documents/GitHub/The-Last/The Last/GameAlpha/TheLast/Intermediate/Shaders/WorkingDirectory/19824/).
[2020.06.03-13.56.49:329][  0]LogShaderCompilers: Cleaned the shader compiler working directory 'C:/Users/victo/AppData/Local/Temp/UnrealShaderWorkingDir/181D862847D620D0099DC181A46D6D98/'.
[2020.06.03-13.56.49:334][  0]LogXGEController: Cannot use XGE Controller as Incredibuild is not installed on this machine.
[2020.06.03-13.56.49:334][  0]LogShaderCompilers: Cannot use XGE Shader Compiler as Incredibuild is not installed on this machine.
[2020.06.03-13.56.49:334][  0]LogShaderCompilers: Display: Using Local Shader Compiler.
[2020.06.03-13.56.50:616][  0]LogDerivedDataCache: Display: Max Cache Size: 512 MB
[2020.06.03-13.56.50:695][  0]LogDerivedDataCache: Loaded boot cache 0.08s 77MB C:/Users/victo/AppData/Local/UnrealEngine/4.23/DerivedDataCache/Boot.ddc.
[2020.06.03-13.56.50:695][  0]LogDerivedDataCache: Display: Loaded Boot cache: C:/Users/victo/AppData/Local/UnrealEngine/4.23/DerivedDataCache/Boot.ddc
[2020.06.03-13.56.50:695][  0]LogDerivedDataCache: FDerivedDataBackendGraph:  Pak pak cache file C:/Users/victo/OneDrive/Documents/GitHub/The-Last/The Last/GameAlpha/TheLast/DerivedDataCache/DDC.ddp not found, will not use a pak cache.
[2020.06.03-13.56.50:695][  0]LogDerivedDataCache: Unable to find inner node Pak for hierarchical cache Hierarchy.
[2020.06.03-13.56.50:695][  0]LogDerivedDataCache: FDerivedDataBackendGraph:  CompressedPak pak cache file C:/Users/victo/OneDrive/Documents/GitHub/The-Last/The Last/GameAlpha/TheLast/DerivedDataCache/Compressed.ddp not found, will not use a pak cache.
[2020.06.03-13.56.50:695][  0]LogDerivedDataCache: Unable to find inner node CompressedPak for hierarchical cache Hierarchy.
[2020.06.03-13.56.50:715][  0]LogDerivedDataCache: Display: Pak cache opened for reading ../../../Engine/DerivedDataCache/Compressed.ddp.
[2020.06.03-13.56.50:716][  0]LogDerivedDataCache: FDerivedDataBackendGraph:  EnterprisePak pak cache file ../../../Enterprise/DerivedDataCache/Compressed.ddp not found, will not use a pak cache.
[2020.06.03-13.56.50:716][  0]LogDerivedDataCache: Unable to find inner node EnterprisePak for hierarchical cache Hierarchy.
[2020.06.03-13.56.50:718][  0]LogDerivedDataCache: Using Local data cache path C:/Users/victo/AppData/Local/UnrealEngine/Common/DerivedDataCache: Writable
[2020.06.03-13.56.50:718][  0]LogDerivedDataCache: Shared data cache path not found in *engine.ini, will not use an Shared cache.
[2020.06.03-13.56.50:718][  0]LogDerivedDataCache: Unable to find inner node Shared for hierarchical cache Hierarchy.
[2020.06.03-13.56.50:770][  0]LogMaterial: Verifying Global Shaders for PCD3D_SM5
[2020.06.03-13.56.50:775][  0]LogSlate: Using FreeType 2.6.0
[2020.06.03-13.56.50:776][  0]LogSlate: SlateFontServices - WITH_FREETYPE: 1, WITH_HARFBUZZ: 1
[2020.06.03-13.56.50:894][  0]LogAssetRegistry: FAssetRegistry took 0.0071 seconds to start up
[2020.06.03-13.56.51:290][  0]LogInit: Selected Device Profile: [Windows]
[2020.06.03-13.56.51:470][  0]LogMeshReduction: Using QuadricMeshReduction for automatic static mesh reduction
[2020.06.03-13.56.51:470][  0]LogMeshReduction: Using SimplygonMeshReduction for automatic skeletal mesh reduction
[2020.06.03-13.56.51:471][  0]LogMeshReduction: Using ProxyLODMeshReduction for automatic mesh merging
[2020.06.03-13.56.51:471][  0]LogMeshReduction: No distributed automatic mesh merging module available
[2020.06.03-13.56.51:471][  0]LogMeshMerging: No distributed automatic mesh merging module available
[2020.06.03-13.56.51:493][  0]LogNetVersion: TheLast 1.0.0, NetCL: 8386587, EngineNetVer: 11, GameNetVer: 0 (Checksum: 2690468633)
[2020.06.03-13.56.52:081][  0]LogPackageLocalizationCache: Processed 13 localized package path(s) for 1 prioritized culture(s) in 0.066216 seconds
[2020.06.03-13.56.52:088][  0]LogUObjectArray: 43444 objects as part of root set at end of initial load.
[2020.06.03-13.56.52:088][  0]LogUObjectAllocator: 7548648 out of 0 bytes used by permanent object pool.
[2020.06.03-13.56.52:089][  0]LogUObjectArray: CloseDisregardForGC: 0/0 objects in disregard for GC pool
[2020.06.03-13.56.53:358][  0]LogTcpMessaging: Initializing TcpMessaging bridge
[2020.06.03-13.56.53:362][  0]LogUdpMessaging: Initializing bridge on interface 0.0.0.0:0 to multicast group 230.0.0.1:6666.
[2020.06.03-13.56.53:429][  0]SourceControl: Source control is disabled
[2020.06.03-13.56.53:429][  0]SourceControl: Source control is disabled
[2020.06.03-13.56.53:431][  0]SourceControl: Source control is disabled
[2020.06.03-13.56.53:433][  0]SourceControl: Source control is disabled
[2020.06.03-13.56.53:558][  0]LogAndroidPermission: UAndroidPermissionCallbackProxy::GetInstance
[2020.06.03-13.56.53:995][  0]LogHoudiniEngine: Starting the Houdini Engine module.
[2020.06.03-13.56.53:997][  0]LogHoudiniEngine: Loaded libHAPIL.dll from Registry path C:/Program Files/Side Effects Software/Houdini 18.0.416/bin
[2020.06.03-13.56.53:997][  0]LogLinker: Warning: Asset '../../Plugins/Runtime/HoudiniEngine/Content/houdini_logo.uasset' has been saved with empty engine version. The asset will be loaded but may be incompatible.
[2020.06.03-13.56.53:999][  0]LogLinker: Warning: Asset '../../Plugins/Runtime/HoudiniEngine/Content/houdini_default_material.uasset' has been saved with empty engine version. The asset will be loaded but may be incompatible.
[2020.06.03-13.56.54:008][  0]LogLinker: Warning: Asset '../../Plugins/Runtime/HoudiniEngine/Content/houdini_bgeo_import.uasset' has been saved with empty engine version. The asset will be loaded but may be incompatible.
[2020.06.03-13.56.54:014][  0]LogOcInput: OculusInput pre-init called
[2020.06.03-13.56.55:033][  0]LogEngine: Initializing Engine...
[2020.06.03-13.56.55:125][  0]LogHMD: Failed to initialize OpenVR with code 108
[2020.06.03-13.56.55:127][  0]LogStats: UGameplayTagsManager::InitializeManager -  0.000 s
[2020.06.03-13.56.56:105][  0]LogInit: Initializing FReadOnlyCVARCache
[2020.06.03-13.56.56:122][  0]LogAIModule: Creating AISystem for world Untitled
[2020.06.03-13.56.56:223][  0]LogInit: XAudio2 using 'Audífono de los auriculares con micrófono (4- CORSAIR VOID RGB Wireless Gaming Headset)' : 2 channels at 48 kHz using 16 bits per sample (channel mask 0x3)
[2020.06.03-13.56.56:520][  0]LogInit: FAudioDevice initialized.
[2020.06.03-13.56.56:520][  0]LogNetVersion: Set ProjectVersion to 1.0.0.0. Version Checksum will be recalculated on next use.
[2020.06.03-13.56.56:588][  0]LogDerivedDataCache: Saved boot cache 0.07s 77MB C:/Users/victo/AppData/Local/UnrealEngine/4.23/DerivedDataCache/Boot.ddc.
[2020.06.03-13.56.56:589][  0]LogInit: Texture streaming: Enabled
[2020.06.03-13.56.56:624][  0]LogEngineSessionManager: EngineSessionManager initialized
[2020.06.03-13.56.56:624][  0]LogEditorSessionSummary: Verbose: Initializing EditorSessionSummaryWriter for editor session tracking
[2020.06.03-13.56.56:631][  0]LogEditorSessionSummary: EditorSessionSummaryWriter initialized
[2020.06.03-13.56.56:763][  0]LogInit: Transaction tracking system initialized
[2020.06.03-13.56.56:806][  0]BlueprintLog: New page: Editor Load
[2020.06.03-13.56.56:928][  0]LocalizationService: Localization service is disabled
[2020.06.03-13.56.57:665][  0]LogCook: Display: Max memory allowance for cook 16384mb min free memory 0mb
[2020.06.03-13.56.57:665][  0]LogCook: Display: Mobile HDR setting 1
[2020.06.03-13.56.57:859][  0]LogFileCache: Scanning file cache for directory 'C:/Users/victo/OneDrive/Documents/GitHub/The-Last/The Last/GameAlpha/TheLast/Content/' took 0.03s
[2020.06.03-13.56.57:859][  0]LogHoudiniEngineEditor: Starting the Houdini Engine Editor module.
[2020.06.03-13.56.57:862][  0]LogHoudiniEngineEditor: Houdini Engine Editor module startup complete.
[2020.06.03-13.56.58:039][  0]SourceControl: Source control is disabled
[2020.06.03-13.56.58:039][  0]Cmd: MAP LOAD FILE="C:/Users/victo/OneDrive/Documents/GitHub/The-Last/The Last/GameAlpha/TheLast/Content/Maps/Pantano.umap" TEMPLATE=0 SHOWPROGRESS=1 FEATURELEVEL=3
[2020.06.03-13.56.58:040][  0]LightingResults: New page: Lighting Build
[2020.06.03-13.56.58:044][  0]LogWorld: UWorld::CleanupWorld for Untitled, bSessionEnded=true, bCleanupResources=true
[2020.06.03-13.56.58:045][  0]MapCheck: New page: Map Check
[2020.06.03-13.56.58:045][  0]LightingResults: New page: Lighting Build
[2020.06.03-13.56.58:075][  0]LogUObjectHash: Compacting FUObjectHashTables data took   2.15ms
[2020.06.03-13.57.00:766][  0]LogAIModule: Creating AISystem for world Pantano
[2020.06.03-13.57.01:049][  0]LogEditorServer: Finished looking for orphan Actors (0.000 secs)
[2020.06.03-13.57.01:106][  0]LogUObjectHash: Compacting FUObjectHashTables data took   3.15ms
[2020.06.03-13.57.01:106][  0]Cmd: MAP CHECKDEP NOCLEARLOG
[2020.06.03-13.57.01:106][  0]MapCheck: Map check complete: 0 Error(s), 0 Warning(s), took 0.212ms to complete.
[2020.06.03-13.57.01:106][  0]LogFileHelpers: Loading map 'Pantano' took 3.067
[2020.06.03-13.57.01:849][  0]LogSlate: Updating window title bar state: overlay mode, drag disabled, window buttons hidden, title bar hidden
[2020.06.03-13.57.01:862][  0]LogSlate: Updating window title bar state: overlay mode, drag disabled, window buttons hidden, title bar hidden
[2020.06.03-13.57.01:873][  0]LogSlate: Updating window title bar state: overlay mode, drag disabled, window buttons hidden, title bar hidden
[2020.06.03-13.57.01:886][  0]LogSlate: Updating window title bar state: overlay mode, drag disabled, window buttons hidden, title bar hidden
[2020.06.03-13.57.01:955][  0]LogCollectionManager: Loaded 0 collections in 0.002405 seconds
[2020.06.03-13.57.02:111][  0]LogFileCache: Scanning file cache for directory 'C:/Users/victo/OneDrive/Documents/GitHub/The-Last/The Last/GameAlpha/TheLast/Saved/Collections/' took 0.00s
[2020.06.03-13.57.02:112][  0]LogFileCache: Scanning file cache for directory 'C:/Users/victo/OneDrive/Documents/GitHub/The-Last/The Last/GameAlpha/TheLast/Content/Developers/victo/Collections/' took 0.00s
[2020.06.03-13.57.02:112][  0]LogFileCache: Scanning file cache for directory 'C:/Users/victo/OneDrive/Documents/GitHub/The-Last/The Last/GameAlpha/TheLast/Content/Collections/' took 0.00s
[2020.06.03-13.57.02:112][  0]LogCollectionManager: Rebuilt the GUID cache for 0 collections in 0.000015 seconds
[2020.06.03-13.57.02:134][  0]LogContentBrowser: Native class hierarchy populated in 0.0188 seconds. Added 2900 classes and 687 folders.
[2020.06.03-13.57.02:249][  0]LogContentBrowser: Native class hierarchy updated for 'WidgetCarousel' in 0.0035 seconds. Added 0 classes and 0 folders.
[2020.06.03-13.57.03:776][  0]LogContentBrowser: Native class hierarchy updated for 'AddContentDialog' in 0.0033 seconds. Added 0 classes and 0 folders.
[2020.06.03-13.57.03:848][  0]LogContentBrowser: Native class hierarchy updated for 'SceneOutliner' in 0.0045 seconds. Added 1 classes and 2 folders.
[2020.06.03-13.57.04:367][  0]LogSlate: Took 0.000201 seconds to synchronously load lazily loaded font '../../../Engine/Content/Slate/Fonts/Roboto-Regular.ttf' (155K)
[2020.06.03-13.57.04:371][  0]LogSlate: Took 0.000277 seconds to synchronously load lazily loaded font '../../../Engine/Content/Slate/Fonts/Roboto-Bold.ttf' (160K)
[2020.06.03-13.57.04:463][  0]LogSlate: Took 0.016124 seconds to synchronously load lazily loaded font '../../../Engine/Content/Editor/Slate/Fonts/FontAwesome.ttf' (139K)
[2020.06.03-13.57.04:957][  0]LogRenderer: Reallocating scene render targets to support 512x512 Format 10 NumSamples 1 (Frame:1).
[2020.06.03-13.57.05:137][  0]LogRenderer: Reallocating scene render targets to support 1188x668 Format 10 NumSamples 1 (Frame:1).
[2020.06.03-13.57.05:576][  0]LogContentBrowser: Native class hierarchy updated for 'HierarchicalLODOutliner' in 0.0034 seconds. Added 0 classes and 0 folders.
[2020.06.03-13.57.05:576][  0]LogLoad: (Engine Initialization) Total time: 21.23 seconds
[2020.06.03-13.57.05:576][  0]LogLoad: (Engine Initialization) Total Blueprint compile time: 0.00 seconds
[2020.06.03-13.57.05:692][  0]LogContentStreaming: Texture pool size now 1000 MB
[2020.06.03-13.57.05:775][  0]LogSlate: Took 0.011323 seconds to synchronously load lazily loaded font '../../../Engine/Content/Slate/Fonts/Roboto-Light.ttf' (167K)
[2020.06.03-13.57.06:312][  2]LogAssetRegistry: Asset discovery search completed in 15.4222 seconds
[2020.06.03-13.57.06:328][  2]LogCollectionManager: Rebuilt the object cache for 0 collections in 0.000005 seconds (found 0 objects)
[2020.06.03-13.57.06:328][  2]LogCollectionManager: Fixed up redirectors for 0 collections in 0.000103 seconds (updated 0 objects)
[2020.06.03-13.57.41:595][338]LogSlate: FSceneViewport::OnFocusLost() reason 0
[2020.06.03-13.58.06:004][413]LogEditorSessionSummary: EditorSessionSummary sent report. Type=Shutdown, SessionId={065657F3-4498-4949-D742-73A0B6F97331}
[2020.06.03-14.07.07:455][818]LogEditorSessionSummary: EditorSessionSummary sent report. Type=Shutdown, SessionId={C588274B-413F-2FEE-01E9-DC95566D99BC}
[2020.06.03-14.16.03:068][556]LogSlate: FSceneViewport::OnFocusLost() reason 0
[2020.06.03-14.53.11:024][232]LogHttp: Warning: 0000022081B20E00: invalid HTTP response code received. URL: https://datarouter.ol.epicgames.com/datarouter/api/v1/public/data?SessionID=%7B235AC43B-4F8B-68D0-8356-24937FAFF13F%7D&AppID=UEEditor.Rocket.Release&AppVersion=4.23.1-9631420%2B%2B%2BUE4%2BRelease-4.23&UserID=45f3b50f4e38139972a88385d93b9e84%7C91c59a34eb29440fb7a3f57cca11bef8%7C9d3d983a-ac2b-4b68-8efc-e790603c5062&AppEnvironment=datacollector-binary&UploadType=eteventstream, HTTP code: 0, content length: -1, actual payload size: 0
[2020.06.03-14.53.11:024][232]LogHttp: Warning: 0000022081B20E00: request failed, libcurl error: 0 (No error)
[2020.06.03-14.53.11:024][232]LogHttp: Warning: 0000022081B20E00: libcurl info message cache 0 (Found bundle for host datarouter.ol.epicgames.com: 0x220e4a3bf70 [can pipeline])
[2020.06.03-14.53.11:024][232]LogHttp: Warning: 0000022081B20E00: libcurl info message cache 1 (Re-using existing connection! (#17) with host datarouter.ol.epicgames.com)
[2020.06.03-14.53.11:024][232]LogHttp: Warning: 0000022081B20E00: libcurl info message cache 2 (Connected to datarouter.ol.epicgames.com (52.7.223.84) port 443 (#17))
[2020.06.03-14.53.11:024][232]LogHttp: Warning: 0000022081B20E00: libcurl info message cache 3 (We are completely uploaded and fine)
[2020.06.03-14.53.11:025][232]LogHttp: Warning: 0000022081B20E00: libcurl info message cache 4 (TLSv1.2 (IN), TLS alert, Client hello (1):)
[2020.06.03-14.53.11:025][232]LogHttp: Warning: 0000022081B20E00: libcurl info message cache 5 (Connection died, retrying a fresh connect)
[2020.06.03-14.53.11:025][232]LogHttp: Warning: 0000022081B20E00: libcurl info message cache 6 (necessary data rewind wasn't possible)
[2020.06.03-14.53.11:025][232]LogHttp: Warning: 0000022081B20E00: libcurl info message cache 7 (Closing connection 17)
[2020.06.03-14.53.11:025][232]LogHttp: Warning: 0000022081B20E00: libcurl info message cache 8 (TLSv1.2 (OUT), TLS alert, Client hello (1):)
[2020.06.03-14.53.11:025][232]LogHttp: Warning: Retry exhausted on https://datarouter.ol.epicgames.com/datarouter/api/v1/public/data?SessionID=%7B235AC43B-4F8B-68D0-8356-24937FAFF13F%7D&AppID=UEEditor.Rocket.Release&AppVersion=4.23.1-9631420%2B%2B%2BUE4%2BRelease-4.23&UserID=45f3b50f4e38139972a88385d93b9e84%7C91c59a34eb29440fb7a3f57cca11bef8%7C9d3d983a-ac2b-4b68-8efc-e790603c5062&AppEnvironment=datacollector-binary&UploadType=eteventstream
[2020.06.03-20.07.04:322][687]LogUObjectHash: Compacting FUObjectHashTables data took  10.12ms
[2020.06.03-20.07.04:618][687]LogSlate: Window 'TheLast - Unreal Editor' being destroyed
[2020.06.03-20.07.04:627][687]LogWindowsTextInputMethodSystem: Display: IME system now deactivated.
[2020.06.03-20.07.05:307][688]Cmd: QUIT_EDITOR
[2020.06.03-20.07.05:753][688]LogExit: Preparing to exit.
[2020.06.03-20.07.07:635][688]LogActorComponent: UnregisterComponent: (None.None) Not registered. Aborting.
[2020.06.03-20.07.07:635][688]LogActorComponent: UnregisterComponent: (None.None) Not registered. Aborting.
[2020.06.03-20.07.07:635][688]LogActorComponent: UnregisterComponent: (None.None) Not registered. Aborting.
[2020.06.03-20.07.07:635][688]LogActorComponent: UnregisterComponent: (None.None) Not registered. Aborting.
[2020.06.03-20.07.07:635][688]LogActorComponent: UnregisterComponent: (None.None) Not registered. Aborting.
[2020.06.03-20.07.07:635][688]LogActorComponent: UnregisterComponent: (None.None) Not registered. Aborting.
[2020.06.03-20.07.07:635][688]LogActorComponent: UnregisterComponent: (None.None) Not registered. Aborting.
[2020.06.03-20.07.07:635][688]LogWorld: UWorld::CleanupWorld for None, bSessionEnded=true, bCleanupResources=true
[2020.06.03-20.07.07:636][688]LogActorComponent: UnregisterComponent: (None.None) Not registered. Aborting.
[2020.06.03-20.07.07:636][688]LogActorComponent: UnregisterComponent: (None.None) Not registered. Aborting.
[2020.06.03-20.07.07:636][688]LogActorComponent: UnregisterComponent: (None.None) Not registered. Aborting.
[2020.06.03-20.07.07:636][688]LogActorComponent: UnregisterComponent: (None.None) Not registered. Aborting.
[2020.06.03-20.07.07:636][688]LogActorComponent: UnregisterComponent: (None.None) Not registered. Aborting.
[2020.06.03-20.07.07:636][688]LogActorComponent: UnregisterComponent: (None.None) Not registered. Aborting.
[2020.06.03-20.07.07:636][688]LogActorComponent: UnregisterComponent: (None.None) Not registered. Aborting.
[2020.06.03-20.07.07:636][688]LogWorld: UWorld::CleanupWorld for None, bSessionEnded=true, bCleanupResources=true
[2020.06.03-20.07.07:636][688]LogActorComponent: UnregisterComponent: (None.None) Not registered. Aborting.
[2020.06.03-20.07.07:636][688]LogActorComponent: UnregisterComponent: (None.None) Not registered. Aborting.
[2020.06.03-20.07.07:636][688]LogActorComponent: UnregisterComponent: (None.None) Not registered. Aborting.
[2020.06.03-20.07.07:636][688]LogActorComponent: UnregisterComponent: (None.None) Not registered. Aborting.
[2020.06.03-20.07.07:636][688]LogActorComponent: UnregisterComponent: (None.None) Not registered. Aborting.
[2020.06.03-20.07.07:636][688]LogActorComponent: UnregisterComponent: (None.None) Not registered. Aborting.
[2020.06.03-20.07.07:637][688]LogActorComponent: UnregisterComponent: (None.None) Not registered. Aborting.
[2020.06.03-20.07.07:637][688]LogWorld: UWorld::CleanupWorld for None, bSessionEnded=true, bCleanupResources=true
[2020.06.03-20.07.07:637][688]LogActorComponent: UnregisterComponent: (None.None) Not registered. Aborting.
[2020.06.03-20.07.07:637][688]LogActorComponent: UnregisterComponent: (None.None) Not registered. Aborting.
[2020.06.03-20.07.07:637][688]LogActorComponent: UnregisterComponent: (None.None) Not registered. Aborting.
[2020.06.03-20.07.07:637][688]LogActorComponent: UnregisterComponent: (None.None) Not registered. Aborting.
[2020.06.03-20.07.07:637][688]LogActorComponent: UnregisterComponent: (None.None) Not registered. Aborting.
[2020.06.03-20.07.07:637][688]LogActorComponent: UnregisterComponent: (None.None) Not registered. Aborting.
[2020.06.03-20.07.07:637][688]LogActorComponent: UnregisterComponent: (None.None) Not registered. Aborting.
[2020.06.03-20.07.07:637][688]LogWorld: UWorld::CleanupWorld for None, bSessionEnded=true, bCleanupResources=true
[2020.06.03-20.07.07:637][688]LogActorComponent: UnregisterComponent: (None.None) Not registered. Aborting.
[2020.06.03-20.07.07:637][688]LogActorComponent: UnregisterComponent: (None.None) Not registered. Aborting.
[2020.06.03-20.07.07:637][688]LogActorComponent: UnregisterComponent: (None.None) Not registered. Aborting.
[2020.06.03-20.07.07:637][688]LogActorComponent: UnregisterComponent: (None.None) Not registered. Aborting.
[2020.06.03-20.07.07:637][688]LogActorComponent: UnregisterComponent: (None.None) Not registered. Aborting.
[2020.06.03-20.07.07:637][688]LogActorComponent: UnregisterComponent: (None.None) Not registered. Aborting.
[2020.06.03-20.07.07:637][688]LogActorComponent: UnregisterComponent: (None.None) Not registered. Aborting.
[2020.06.03-20.07.07:637][688]LogWorld: UWorld::CleanupWorld for None, bSessionEnded=true, bCleanupResources=true
[2020.06.03-20.07.07:637][688]LogActorComponent: UnregisterComponent: (None.None) Not registered. Aborting.
[2020.06.03-20.07.07:637][688]LogActorComponent: UnregisterComponent: (None.None) Not registered. Aborting.
[2020.06.03-20.07.07:637][688]LogActorComponent: UnregisterComponent: (None.None) Not registered. Aborting.
[2020.06.03-20.07.07:637][688]LogActorComponent: UnregisterComponent: (None.None) Not registered. Aborting.
[2020.06.03-20.07.07:637][688]LogActorComponent: UnregisterComponent: (None.None) Not registered. Aborting.
[2020.06.03-20.07.07:637][688]LogActorComponent: UnregisterComponent: (None.None) Not registered. Aborting.
[2020.06.03-20.07.07:637][688]LogActorComponent: UnregisterComponent: (None.None) Not registered. Aborting.
[2020.06.03-20.07.07:637][688]LogWorld: UWorld::CleanupWorld for None, bSessionEnded=true, bCleanupResources=true
[2020.06.03-20.07.07:735][688]LogWorld: UWorld::CleanupWorld for None, bSessionEnded=true, bCleanupResources=true
[2020.06.03-20.07.07:740][688]LogExit: Editor shut down
[2020.06.03-20.07.07:741][688]LogExit: Transaction tracking system shut down
[2020.06.03-20.07.07:785][688]LogDemo: Cleaned up 0 splitscreen connections with owner deletion
[2020.06.03-20.07.10:013][688]LogExit: Object subsystem successfully closed.
[2020.06.03-20.07.10:188][688]LogShaderCompilers: Display: Shaders left to compile 0
[2020.06.03-20.07.11:452][688]LogModuleManager: Shutting down and abandoning module HierarchicalLODOutliner (672)
[2020.06.03-20.07.11:452][688]LogModuleManager: Shutting down and abandoning module SceneOutliner (670)
[2020.06.03-20.07.11:464][688]LogModuleManager: Shutting down and abandoning module AddContentDialog (668)
[2020.06.03-20.07.11:479][688]LogModuleManager: Shutting down and abandoning module WidgetCarousel (667)
[2020.06.03-20.07.11:479][688]LogModuleManager: Shutting down and abandoning module EditorWidgets (664)
[2020.06.03-20.07.11:479][688]LogModuleManager: Shutting down and abandoning module CollectionManager (662)
[2020.06.03-20.07.11:500][688]LogModuleManager: Shutting down and abandoning module StatsViewer (660)
[2020.06.03-20.07.11:519][688]LogModuleManager: Shutting down and abandoning module VirtualTexturingEditor (658)
[2020.06.03-20.07.11:519][688]LogModuleManager: Shutting down and abandoning module FoliageEdit (656)
[2020.06.03-20.07.11:540][688]LogModuleManager: Shutting down and abandoning module LandscapeEditor (654)
[2020.06.03-20.07.11:559][688]LogModuleManager: Shutting down and abandoning module MeshPaintMode (652)
[2020.06.03-20.07.11:559][688]LogModuleManager: Shutting down and abandoning module SceneDepthPickerMode (650)
[2020.06.03-20.07.11:559][688]LogModuleManager: Shutting down and abandoning module ActorPickerMode (648)
[2020.06.03-20.07.11:559][688]LogModuleManager: Shutting down and abandoning module GeometryMode (646)
[2020.06.03-20.07.11:569][688]LogModuleManager: Shutting down and abandoning module TextureAlignMode (644)
[2020.06.03-20.07.11:569][688]LogModuleManager: Shutting down and abandoning module BspMode (642)
[2020.06.03-20.07.11:569][688]LogModuleManager: Shutting down and abandoning module PIEPreviewDeviceProfileSelector (640)
[2020.06.03-20.07.11:582][688]LogModuleManager: Shutting down and abandoning module SequenceRecorderSections (638)
[2020.06.03-20.07.11:592][688]LogModuleManager: Shutting down and abandoning module AutomationWorker (636)
[2020.06.03-20.07.11:592][688]LogModuleManager: Shutting down and abandoning module OculusMR (634)
[2020.06.03-20.07.11:592][688]LogModuleManager: Shutting down and abandoning module HoudiniEngineEditor (632)
[2020.06.03-20.07.11:592][688]LogHoudiniEngineEditor: Shutting down the Houdini Engine Editor module.
[2020.06.03-20.07.11:593][688]LogHoudiniEngineEditor: Houdini Engine Editor module shutdown complete.
[2020.06.03-20.07.11:593][688]LogModuleManager: Shutting down and abandoning module AudioCaptureEditor (630)
[2020.06.03-20.07.11:594][688]LogModuleManager: Shutting down and abandoning module MatineeToLevelSequence (628)
[2020.06.03-20.07.11:602][688]LogModuleManager: Shutting down and abandoning module LevelSequenceEditor (626)
[2020.06.03-20.07.11:626][688]LogModuleManager: Shutting down and abandoning module PlacementMode (625)
[2020.06.03-20.07.11:627][688]LogModuleManager: Shutting down and abandoning module MaterialEditor (624)
[2020.06.03-20.07.11:643][688]LogModuleManager: Shutting down and abandoning module ActorSequenceEditor (620)
[2020.06.03-20.07.11:652][688]LogModuleManager: Shutting down and abandoning module WmfMediaFactory (618)
[2020.06.03-20.07.11:653][688]LogModuleManager: Shutting down and abandoning module WmfMediaEditor (616)
[2020.06.03-20.07.11:653][688]LogModuleManager: Shutting down and abandoning module WebMMediaFactory (614)
[2020.06.03-20.07.11:653][688]LogModuleManager: Shutting down and abandoning module WebMMediaEditor (612)
[2020.06.03-20.07.11:653][688]LogModuleManager: Shutting down and abandoning module WebMMedia (610)
[2020.06.03-20.07.11:665][688]LogModuleManager: Shutting down and abandoning module MediaPlayerEditor (608)
[2020.06.03-20.07.11:669][688]LogModuleManager: Shutting down and abandoning module MediaCompositingEditor (606)
[2020.06.03-20.07.11:683][688]LogModuleManager: Shutting down and abandoning module SequenceRecorder (605)
[2020.06.03-20.07.11:684][688]LogModuleManager: Shutting down and abandoning module OpenExrWrapper (602)
[2020.06.03-20.07.11:684][688]LogModuleManager: Shutting down and abandoning module ImgMediaFactory (600)
[2020.06.03-20.07.11:684][688]LogModuleManager: Shutting down and abandoning module ImgMediaEditor (598)
[2020.06.03-20.07.11:684][688]LogModuleManager: Shutting down and abandoning module AvfMediaFactory (596)
[2020.06.03-20.07.11:684][688]LogModuleManager: Shutting down and abandoning module AvfMediaEditor (594)
[2020.06.03-20.07.11:684][688]LogModuleManager: Shutting down and abandoning module AndroidMediaFactory (592)
[2020.06.03-20.07.11:684][688]LogModuleManager: Shutting down and abandoning module AndroidMediaEditor (590)
[2020.06.03-20.07.11:684][688]LogModuleManager: Shutting down and abandoning module MagicLeapCameraPreviewFactory (588)
[2020.06.03-20.07.11:684][688]LogModuleManager: Shutting down and abandoning module MagicLeapMediaCodecFactory (586)
[2020.06.03-20.07.11:684][688]LogModuleManager: Shutting down and abandoning module MagicLeapMediaFactory (584)
[2020.06.03-20.07.11:684][688]LogModuleManager: Shutting down and abandoning module MagicLeapMediaEditor (582)
[2020.06.03-20.07.11:684][688]LogModuleManager: Shutting down and abandoning module CharacterAI (580)
[2020.06.03-20.07.11:684][688]LogModuleManager: Shutting down and abandoning module SmartSnapping (578)
[2020.06.03-20.07.11:684][688]LogModuleManager: Shutting down and abandoning module SessionServices (576)
[2020.06.03-20.07.11:684][688]LogModuleManager: Shutting down and abandoning module MeshPaint (574)
[2020.06.03-20.07.11:703][688]LogModuleManager: Shutting down and abandoning module ViewportSnapping (572)
[2020.06.03-20.07.11:703][688]LogModuleManager: Shutting down and abandoning module ViewportInteraction (570)
[2020.06.03-20.07.11:703][688]LogModuleManager: Shutting down and abandoning module ClothPainter (568)
[2020.06.03-20.07.11:720][688]LogModuleManager: Shutting down and abandoning module SkeletalMeshEditor (567)
[2020.06.03-20.07.11:737][688]LogModuleManager: Shutting down and abandoning module LogVisualizer (564)
[2020.06.03-20.07.11:755][688]LogModuleManager: Shutting down and abandoning module IntroTutorials (562)
[2020.06.03-20.07.11:755][688]LogModuleManager: Shutting down and abandoning module GameProjectGeneration (561)
[2020.06.03-20.07.11:756][688]LogModuleManager: Shutting down and abandoning module LuminPlatformEditor (558)
[2020.06.03-20.07.11:756][688]LogModuleManager: Shutting down and abandoning module IOSPlatformEditor (556)
[2020.06.03-20.07.11:773][688]LogModuleManager: Shutting down and abandoning module HTML5PlatformEditor (554)
[2020.06.03-20.07.11:773][688]LogModuleManager: Shutting down and abandoning module AndroidPlatformEditor (552)
[2020.06.03-20.07.11:773][688]LogModuleManager: Shutting down and abandoning module AndroidDeviceDetection (551)
[2020.06.03-20.07.12:281][688]LogModuleManager: Shutting down and abandoning module WindowsPlatformEditor (548)
[2020.06.03-20.07.12:281][688]LogModuleManager: Shutting down and abandoning module LuminRuntimeSettings (546)
[2020.06.03-20.07.12:281][688]LogModuleManager: Shutting down and abandoning module IOSRuntimeSettings (544)
[2020.06.03-20.07.12:281][688]LogModuleManager: Shutting down and abandoning module AndroidRuntimeSettings (542)
[2020.06.03-20.07.12:281][688]LogModuleManager: Shutting down and abandoning module TimeManagementEditor (540)
[2020.06.03-20.07.12:281][688]LogModuleManager: Shutting down and abandoning module InputBindingEditor (538)
[2020.06.03-20.07.12:454][688]LogModuleManager: Shutting down and abandoning module MergeActors (536)
[2020.06.03-20.07.12:621][688]LogModuleManager: Shutting down and abandoning module LocalizationDashboard (534)
[2020.06.03-20.07.12:824][688]LogModuleManager: Shutting down and abandoning module LocalizationService (533)
[2020.06.03-20.07.13:037][688]LogModuleManager: Shutting down and abandoning module HardwareTargeting (530)
[2020.06.03-20.07.13:037][688]LogModuleManager: Shutting down and abandoning module DeviceProfileEditor (528)
[2020.06.03-20.07.13:092][688]LogModuleManager: Shutting down and abandoning module UndoHistory (526)
[2020.06.03-20.07.13:176][688]LogModuleManager: Shutting down and abandoning module XmlParser (524)
[2020.06.03-20.07.13:257][688]LogModuleManager: Shutting down and abandoning module Blutility (522)
[2020.06.03-20.07.13:272][688]LogModuleManager: Shutting down and abandoning module ProjectSettingsViewer (520)
[2020.06.03-20.07.13:272][688]LogModuleManager: Shutting down and abandoning module ProjectTargetPlatformEditor (519)
[2020.06.03-20.07.13:272][688]LogModuleManager: Shutting down and abandoning module EditorSettingsViewer (516)
[2020.06.03-20.07.13:273][688]LogModuleManager: Shutting down and abandoning module SettingsEditor (514)
[2020.06.03-20.07.13:311][688]LogModuleManager: Shutting down and abandoning module ProjectLauncher (512)
[2020.06.03-20.07.13:330][688]LogModuleManager: Shutting down and abandoning module SessionFrontend (510)
[2020.06.03-20.07.13:344][688]LogModuleManager: Shutting down and abandoning module ProfilerClient (508)
[2020.06.03-20.07.13:355][688]LogModuleManager: Shutting down and abandoning module DeviceManager (506)
[2020.06.03-20.07.13:374][688]LogModuleManager: Shutting down and abandoning module TargetDeviceServices (505)
[2020.06.03-20.07.13:439][688]LogModuleManager: Shutting down and abandoning module AutomationController (502)
[2020.06.03-20.07.13:459][688]LogModuleManager: Shutting down and abandoning module AutomationWindow (500)
[2020.06.03-20.07.13:470][688]LogModuleManager: Shutting down and abandoning module Layers (498)
[2020.06.03-20.07.13:485][688]LogModuleManager: Shutting down and abandoning module ComponentVisualizers (496)
[2020.06.03-20.07.13:485][688]LogModuleManager: Shutting down and abandoning module DetailCustomizations (494)
[2020.06.03-20.07.13:506][688]LogModuleManager: Shutting down and abandoning module PackagesDialog (492)
[2020.06.03-20.07.13:525][688]LogModuleManager: Shutting down and abandoning module AnimationBlueprintEditor (490)
[2020.06.03-20.07.13:570][688]LogModuleManager: Shutting down and abandoning module Persona (488)
[2020.06.03-20.07.13:593][688]LogModuleManager: Shutting down and abandoning module AdvancedPreviewScene (487)
[2020.06.03-20.07.13:594][688]LogModuleManager: Shutting down and abandoning module AnimGraph (485)
[2020.06.03-20.07.13:594][688]LogModuleManager: Shutting down and abandoning module Kismet (482)
[2020.06.03-20.07.13:631][688]LogModuleManager: Shutting down and abandoning module KismetWidgets (481)
[2020.06.03-20.07.13:635][688]LogModuleManager: Shutting down and abandoning module GraphEditor (478)
[2020.06.03-20.07.13:657][688]LogModuleManager: Shutting down and abandoning module StructViewer (476)
[2020.06.03-20.07.13:657][688]LogModuleManager: Shutting down and abandoning module ClassViewer (474)
[2020.06.03-20.07.13:657][688]LogModuleManager: Shutting down and abandoning module Toolbox (472)
[2020.06.03-20.07.13:658][688]LogModuleManager: Shutting down and abandoning module ModuleUI (470)
[2020.06.03-20.07.13:666][688]LogModuleManager: Shutting down and abandoning module MovieSceneTools (468)
[2020.06.03-20.07.13:701][688]LogModuleManager: Shutting down and abandoning module OutputLog (466)
[2020.06.03-20.07.13:714][688]LogModuleManager: Shutting down and abandoning module GammaUI (464)
[2020.06.03-20.07.13:720][688]LogModuleManager: Shutting down and abandoning module Documentation (462)
[2020.06.03-20.07.13:721][688]LogModuleManager: Shutting down and abandoning module LiveCoding (460)
[2020.06.03-20.07.13:729][688]LogModuleManager: Shutting down and abandoning module LevelSequence (458)
[2020.06.03-20.07.13:730][688]LogModuleManager: Shutting down and abandoning module MovieSceneTracks (456)
[2020.06.03-20.07.13:730][688]LogModuleManager: Shutting down and abandoning module MovieScene (454)
[2020.06.03-20.07.13:745][688]LogModuleManager: Shutting down and abandoning module StreamingPauseRendering (452)
[2020.06.03-20.07.13:746][688]LogModuleManager: Shutting down and abandoning module LauncherPlatform (450)
[2020.06.03-20.07.13:746][688]LogModuleManager: Shutting down and abandoning module AnalyticsET (448)
[2020.06.03-20.07.13:746][688]LogModuleManager: Shutting down and abandoning module PortalServices (446)
[2020.06.03-20.07.13:746][688]LogModuleManager: Shutting down and abandoning module PortalRpc (444)
[2020.06.03-20.07.13:746][688]LogModuleManager: Shutting down and abandoning module MessagingRpc (442)
[2020.06.03-20.07.13:746][688]LogModuleManager: Shutting down and abandoning module AIModule (440)
[2020.06.03-20.07.13:760][688]LogModuleManager: Shutting down and abandoning module GameplayDebugger (439)
[2020.06.03-20.07.13:772][688]LogModuleManager: Shutting down and abandoning module AITestSuite (437)
[2020.06.03-20.07.13:772][688]LogModuleManager: Shutting down and abandoning module NavigationSystem (435)
[2020.06.03-20.07.13:772][688]LogModuleManager: Shutting down and abandoning module DesktopPlatform (432)
[2020.06.03-20.07.13:779][688]LogModuleManager: Shutting down and abandoning module ImageWriteQueue (430)
[2020.06.03-20.07.13:783][688]LogModuleManager: Shutting down and abandoning module ProfilerService (428)
[2020.06.03-20.07.13:798][688]LogModuleManager: Shutting down and abandoning module TaskGraph (426)
[2020.06.03-20.07.13:816][688]LogModuleManager: Shutting down and abandoning module ScreenshotTools (424)
[2020.06.03-20.07.13:816][688]LogModuleManager: Shutting down and abandoning module SteamVRController (422)
[2020.06.03-20.07.13:816][688]LogModuleManager: Shutting down and abandoning module ProceduralMeshComponentEditor (420)
[2020.06.03-20.07.13:816][688]LogModuleManager: Shutting down and abandoning module ProceduralMeshComponent (418)
[2020.06.03-20.07.13:831][688]LogModuleManager: Shutting down and abandoning module OculusEditor (416)
[2020.06.03-20.07.13:835][688]LogModuleManager: Shutting down and abandoning module OculusInput (414)
[2020.06.03-20.07.13:835][688]LogModuleManager: Shutting down and abandoning module MobilePatchingUtils (412)
[2020.06.03-20.07.13:835][688]LogModuleManager: Shutting down and abandoning module HoudiniEngineRuntime (410)
[2020.06.03-20.07.13:835][688]LogHoudiniEngine: Shutting down the Houdini Engine module.
[2020.06.03-20.07.13:855][688]LogModuleManager: Shutting down and abandoning module EditableMesh (408)
[2020.06.03-20.07.13:873][688]LogModuleManager: Shutting down and abandoning module CustomMeshComponent (406)
[2020.06.03-20.07.13:873][688]LogModuleManager: Shutting down and abandoning module CableComponent (404)
[2020.06.03-20.07.13:873][688]LogModuleManager: Shutting down and abandoning module AudioCapture (402)
[2020.06.03-20.07.13:873][688]LogModuleManager: Shutting down and abandoning module ArchVisCharacter (400)
[2020.06.03-20.07.13:873][688]LogModuleManager: Shutting down and abandoning module AppleImageUtilsBlueprintSupport (398)
[2020.06.03-20.07.13:873][688]LogModuleManager: Shutting down and abandoning module AppleImageUtils (396)
[2020.06.03-20.07.13:873][688]LogModuleManager: Shutting down and abandoning module AndroidPermission (394)
[2020.06.03-20.07.13:873][688]LogModuleManager: Shutting down and abandoning module NUTUnrealEngine4 (392)
[2020.06.03-20.07.13:883][688]LogModuleManager: Shutting down and abandoning module NetcodeUnitTest (390)
[2020.06.03-20.07.13:900][688]LogModuleManager: Shutting down and abandoning module MediaCompositing (388)
[2020.06.03-20.07.13:900][688]LogModuleManager: Shutting down and abandoning module ImgMedia (386)
[2020.06.03-20.07.13:912][688]LogModuleManager: Shutting down and abandoning module MagicLeapHelperVulkan (384)
[2020.06.03-20.07.13:912][688]LogModuleManager: Shutting down and abandoning module MagicLeapHelperOpenGL (382)
[2020.06.03-20.07.13:912][688]LogModuleManager: Shutting down and abandoning module MagicLeapAudio (380)
[2020.06.03-20.07.13:923][688]LogModuleManager: Shutting down and abandoning module HTML5Networking (378)
[2020.06.03-20.07.13:923][688]LogModuleManager: Shutting down and abandoning module GeometryCacheTracks (376)
[2020.06.03-20.07.13:923][688]LogModuleManager: Shutting down and abandoning module GeometryCacheSequencer (374)
[2020.06.03-20.07.13:923][688]LogModuleManager: Shutting down and abandoning module BackChannel (372)
[2020.06.03-20.07.13:929][688]LogModuleManager: Shutting down and abandoning module AutomationUtilsEditor (370)
[2020.06.03-20.07.13:929][688]LogModuleManager: Shutting down and abandoning module AutomationUtils (368)
[2020.06.03-20.07.13:929][688]LogModuleManager: Shutting down and abandoning module AlembicImporter (366)
[2020.06.03-20.07.13:938][688]LogModuleManager: Shutting down and abandoning module AlembicLibrary (365)
[2020.06.03-20.07.13:938][688]LogModuleManager: Shutting down and abandoning module GeometryCache (364)
[2020.06.03-20.07.13:938][688]LogModuleManager: Shutting down and abandoning module GeometryCacheEd (363)
[2020.06.03-20.07.13:938][688]LogModuleManager: Shutting down and abandoning module VariantManagerContent (358)
[2020.06.03-20.07.13:939][688]LogModuleManager: Shutting down and abandoning module DatasmithContentEditor (356)
[2020.06.03-20.07.13:939][688]LogModuleManager: Shutting down and abandoning module SpeedTreeImporter (354)
[2020.06.03-20.07.13:939][688]LogModuleManager: Shutting down and abandoning module PluginBrowser (352)
[2020.06.03-20.07.13:960][688]LogModuleManager: Shutting down and abandoning module MobileLauncherProfileWizard (350)
[2020.06.03-20.07.13:969][688]LogModuleManager: Shutting down and abandoning module MaterialAnalyzer (348)
[2020.06.03-20.07.13:976][688]LogModuleManager: Shutting down and abandoning module CurveEditorTools (346)
[2020.06.03-20.07.13:992][688]LogModuleManager: Shutting down and abandoning module CurveEditor (345)
[2020.06.03-20.07.14:000][688]LogModuleManager: Shutting down and abandoning module CryptoKeysOpenSSL (342)
[2020.06.03-20.07.14:000][688]LogModuleManager: Shutting down and abandoning module CryptoKeys (340)
[2020.06.03-20.07.14:000][688]LogModuleManager: Shutting down and abandoning module VisualStudioSourceCodeAccess (338)
[2020.06.03-20.07.14:009][688]LogModuleManager: Shutting down and abandoning module VisualStudioCodeSourceCodeAccess (336)
[2020.06.03-20.07.14:009][688]LogModuleManager: Shutting down and abandoning module UObjectPlugin (334)
[2020.06.03-20.07.14:009][688]LogModuleManager: Shutting down and abandoning module SubversionSourceControl (332)
[2020.06.03-20.07.14:026][688]LogModuleManager: Shutting down and abandoning module PerforceSourceControl (330)
[2020.06.03-20.07.14:040][688]LogModuleManager: Shutting down and abandoning module GitSourceControl (328)
[2020.06.03-20.07.14:051][688]LogModuleManager: Shutting down and abandoning module SourceControl (327)
[2020.06.03-20.07.14:051][688]LogModuleManager: Shutting down and abandoning module CLionSourceCodeAccess (324)
[2020.06.03-20.07.14:051][688]LogModuleManager: Shutting down and abandoning module AnimationSharingEd (322)
[2020.06.03-20.07.14:051][688]LogModuleManager: Shutting down and abandoning module ActorLayerUtilitiesEditor (320)
[2020.06.03-20.07.14:051][688]LogModuleManager: Shutting down and abandoning module ActorLayerUtilities (318)
[2020.06.03-20.07.14:051][688]LogModuleManager: Shutting down and abandoning module LightPropagationVolumeEditor (316)
[2020.06.03-20.07.14:051][688]LogModuleManager: Shutting down and abandoning module PaperTiledImporter (314)
[2020.06.03-20.07.14:051][688]LogModuleManager: Shutting down and abandoning module PaperSpriteSheetImporter (312)
[2020.06.03-20.07.14:051][688]LogModuleManager: Shutting down and abandoning module Paper2DEditor (310)
[2020.06.03-20.07.14:076][688]LogModuleManager: Shutting down and abandoning module SignificanceManager (308)
[2020.06.03-20.07.14:077][688]LogModuleManager: Shutting down and abandoning module RuntimePhysXCooking (306)
[2020.06.03-20.07.14:077][688]LogModuleManager: Shutting down and abandoning module PhysXVehiclesEditor (304)
[2020.06.03-20.07.14:077][688]LogModuleManager: Shutting down and abandoning module LocationServicesBPLibrary (300)
[2020.06.03-20.07.14:077][688]LogModuleManager: Shutting down and abandoning module ActorSequence (298)
[2020.06.03-20.07.14:077][688]LogModuleManager: Shutting down and abandoning module UdpMessaging (296)
[2020.06.03-20.07.14:177][688]LogModuleManager: Shutting down and abandoning module TcpMessaging (294)
[2020.06.03-20.07.14:291][688]LogModuleManager: Shutting down and abandoning module MagicLeapIdentity (292)
[2020.06.03-20.07.14:291][688]LogModuleManager: Shutting down and abandoning module MagicLeapSecureStorage (290)
[2020.06.03-20.07.14:291][688]LogModuleManager: Shutting down and abandoning module MagicLeapHandTracking (288)
[2020.06.03-20.07.14:298][688]LogModuleManager: Shutting down and abandoning module MagicLeapEyeTracker (286)
[2020.06.03-20.07.14:298][688]LogModuleManager: Shutting down and abandoning module MagicLeapController (284)
[2020.06.03-20.07.14:308][688]LogSlate: Slate User Destroyed.  User Index 0, Is Virtual User: 0
[2020.06.03-20.07.14:309][688]LogModuleManager: Shutting down and abandoning module MagicLeapAR (282)
[2020.06.03-20.07.14:309][688]LogModuleManager: Shutting down and abandoning module AugmentedReality (281)
[2020.06.03-20.07.14:309][688]LogModuleManager: Shutting down and abandoning module GameplayTagsEditor (278)
[2020.06.03-20.07.14:317][688]LogModuleManager: Shutting down and abandoning module FacialAnimationEditor (276)
[2020.06.03-20.07.14:317][688]LogModuleManager: Shutting down and abandoning module FacialAnimation (274)
[2020.06.03-20.07.14:317][688]LogModuleManager: Shutting down and abandoning module DataValidation (272)
[2020.06.03-20.07.14:332][688]LogModuleManager: Shutting down and abandoning module AssetManagerEditor (270)
[2020.06.03-20.07.14:352][688]LogModuleManager: Shutting down and abandoning module LevelEditor (269)
[2020.06.03-20.07.14:418][688]LogModuleManager: Shutting down and abandoning module PixelInspectorModule (268)
[2020.06.03-20.07.14:434][688]LogModuleManager: Shutting down and abandoning module CommonMenuExtensions (266)
[2020.06.03-20.07.14:435][688]LogModuleManager: Shutting down and abandoning module MainFrame (264)
[2020.06.03-20.07.14:435][688]LogModuleManager: Shutting down and abandoning module HotReload (263)
[2020.06.03-20.07.14:442][688]LogModuleManager: Shutting down and abandoning module ContentBrowser (259)
[2020.06.03-20.07.14:445][688]LogModuleManager: Shutting down and abandoning module TreeMap (257)
[2020.06.03-20.07.14:458][688]LogModuleManager: Shutting down and abandoning module AnimationSharing (254)
[2020.06.03-20.07.14:458][688]LogModuleManager: Shutting down and abandoning module LightPropagationVolumeRuntime (252)
[2020.06.03-20.07.14:458][688]LogModuleManager: Shutting down and abandoning module Paper2D (250)
[2020.06.03-20.07.14:467][688]LogModuleManager: Shutting down and abandoning module WindowsMoviePlayer (248)
[2020.06.03-20.07.14:478][688]LogModuleManager: Shutting down and abandoning module WebMMoviePlayer (246)
[2020.06.03-20.07.14:497][688]LogModuleManager: Shutting down and abandoning module NetworkReplayStreaming (244)
[2020.06.03-20.07.14:497][688]LogModuleManager: Shutting down and abandoning module PacketHandler (242)
[2020.06.03-20.07.14:497][688]LogModuleManager: Shutting down and abandoning module ClothingSystemEditor (240)
[2020.06.03-20.07.14:497][688]LogModuleManager: Shutting down and abandoning module ClothingSystemRuntime (238)
[2020.06.03-20.07.14:517][688]LogModuleManager: Shutting down and abandoning module MediaAssets (236)
[2020.06.03-20.07.14:517][688]LogModuleManager: Shutting down and abandoning module Overlay (234)
[2020.06.03-20.07.14:517][688]LogModuleManager: Shutting down and abandoning module OverlayEditor (233)
[2020.06.03-20.07.14:517][688]LogModuleManager: Shutting down and abandoning module VREditor (230)
[2020.06.03-20.07.14:539][688]LogModuleManager: Shutting down and abandoning module StringTableEditor (228)
[2020.06.03-20.07.14:549][688]LogModuleManager: Shutting down and abandoning module GameplayTasksEditor (226)
[2020.06.03-20.07.14:549][688]LogModuleManager: Shutting down and abandoning module BehaviorTreeEditor (224)
[2020.06.03-20.07.14:575][688]LogModuleManager: Shutting down and abandoning module FunctionalTesting (222)
[2020.06.03-20.07.14:583][688]LogModuleManager: Shutting down and abandoning module CollisionAnalyzer (220)
[2020.06.03-20.07.14:596][688]LogModuleManager: Shutting down and abandoning module WorkspaceMenuStructure (219)
[2020.06.03-20.07.14:596][688]LogModuleManager: Shutting down and abandoning module UMG (216)
[2020.06.03-20.07.14:612][688]LogModuleManager: Shutting down and abandoning module UMGEditor (215)
[2020.06.03-20.07.14:623][688]LogModuleManager: Shutting down and abandoning module Sequencer (214)
[2020.06.03-20.07.14:657][688]LogModuleManager: Shutting down and abandoning module MessageLog (211)
[2020.06.03-20.07.14:657][688]LogModuleManager: Shutting down and abandoning module SlateReflector (206)
[2020.06.03-20.07.14:677][688]LogModuleManager: Shutting down and abandoning module Slate (204)
[2020.06.03-20.07.14:677][688]LogModuleManager: Shutting down and abandoning module LandscapeEditorUtilities (202)
[2020.06.03-20.07.14:677][688]LogModuleManager: Shutting down and abandoning module EditorStyle (200)
[2020.06.03-20.07.14:698][688]LogModuleManager: Shutting down and abandoning module UnrealEd (198)
[2020.06.03-20.07.14:707][688]LogModuleManager: Shutting down and abandoning module MRMesh (196)
[2020.06.03-20.07.14:707][688]LogModuleManager: Shutting down and abandoning module SourceCodeAccess (194)
[2020.06.03-20.07.14:707][688]LogModuleManager: Shutting down and abandoning module HeadMountedDisplay (192)
[2020.06.03-20.07.14:707][688]LogModuleManager: Shutting down and abandoning module XAudio2 (190)
[2020.06.03-20.07.14:707][688]LogModuleManager: Shutting down and abandoning module Networking (188)
[2020.06.03-20.07.14:707][688]LogModuleManager: Shutting down and abandoning module Core (186)
[2020.06.03-20.07.14:707][688]LogModuleManager: Shutting down and abandoning module KismetCompiler (184)
[2020.06.03-20.07.14:707][688]LogModuleManager: Shutting down and abandoning module MeshUtilities (182)
[2020.06.03-20.07.14:707][688]LogModuleManager: Shutting down and abandoning module MeshMergeUtilities (181)
[2020.06.03-20.07.14:723][688]LogModuleManager: Shutting down and abandoning module MeshReductionInterface (180)
[2020.06.03-20.07.14:723][688]LogModuleManager: Shutting down and abandoning module SkeletalMeshReduction (179)
[2020.06.03-20.07.14:742][688]LogModuleManager: Shutting down and abandoning module ProxyLODMeshReduction (177)
[2020.06.03-20.07.14:761][688]LogModuleManager: Shutting down and abandoning module QuadricMeshReduction (175)
[2020.06.03-20.07.14:766][688]LogModuleManager: Shutting down and abandoning module MaterialBaking (171)
[2020.06.03-20.07.14:767][688]LogModuleManager: Shutting down and abandoning module NullInstallBundleManager (166)
[2020.06.03-20.07.14:767][688]LogModuleManager: Shutting down and abandoning module DerivedDataCache (164)
[2020.06.03-20.07.14:767][688]LogDerivedDataCache: Shutdown
[2020.06.03-20.07.14:767][688]LogModuleManager: Shutting down and abandoning module XGEController (162)
[2020.06.03-20.07.14:768][688]LogModuleManager: Shutting down and abandoning module TargetPlatform (160)
[2020.06.03-20.07.14:769][688]LogModuleManager: Shutting down and abandoning module VulkanShaderFormat (159)
[2020.06.03-20.07.14:781][688]LogModuleManager: Shutting down and abandoning module ShaderFormatVectorVM (157)
[2020.06.03-20.07.14:794][688]LogModuleManager: Shutting down and abandoning module ShaderFormatOpenGL (155)
[2020.06.03-20.07.14:816][688]LogModuleManager: Shutting down and abandoning module ShaderFormatD3D (153)
[2020.06.03-20.07.14:837][688]LogModuleManager: Shutting down and abandoning module MetalShaderFormat (151)
[2020.06.03-20.07.14:859][688]LogModuleManager: Shutting down and abandoning module TextureFormatUncompressed (149)
[2020.06.03-20.07.14:859][688]LogModuleManager: Shutting down and abandoning module TextureFormatPVR (147)
[2020.06.03-20.07.14:859][688]LogModuleManager: Shutting down and abandoning module TextureFormatDXT (145)
[2020.06.03-20.07.14:877][688]LogModuleManager: Shutting down and abandoning module TextureFormatIntelISPCTexComp (143)
[2020.06.03-20.07.14:878][688]LogModuleManager: Shutting down and abandoning module TextureFormatASTC (141)
[2020.06.03-20.07.14:878][688]LogModuleManager: Shutting down and abandoning module ImageWrapper (140)
[2020.06.03-20.07.14:879][688]LogModuleManager: Shutting down and abandoning module TextureFormatAndroid (137)
[2020.06.03-20.07.14:879][688]LogModuleManager: Shutting down and abandoning module AudioFormatOpus (135)
[2020.06.03-20.07.14:894][688]LogModuleManager: Shutting down and abandoning module AudioFormatOgg (133)
[2020.06.03-20.07.14:894][688]LogModuleManager: Shutting down and abandoning module AudioFormatADPCM (131)
[2020.06.03-20.07.14:894][688]LogModuleManager: Shutting down and abandoning module LuminTargetPlatform (129)
[2020.06.03-20.07.14:912][688]LogModuleManager: Shutting down and abandoning module LinuxTargetPlatform (127)
[2020.06.03-20.07.14:913][688]LogModuleManager: Shutting down and abandoning module LinuxServerTargetPlatform (125)
[2020.06.03-20.07.14:924][688]LogModuleManager: Shutting down and abandoning module LinuxNoEditorTargetPlatform (123)
[2020.06.03-20.07.14:926][688]LogModuleManager: Shutting down and abandoning module LinuxClientTargetPlatform (121)
[2020.06.03-20.07.14:926][688]LogModuleManager: Shutting down and abandoning module TVOSTargetPlatform (119)
[2020.06.03-20.07.14:983][688]LogModuleManager: Shutting down and abandoning module Messaging (117)
[2020.06.03-20.07.14:983][688]LogModuleManager: Shutting down and abandoning module IOSTargetPlatform (115)
[2020.06.03-20.07.15:025][688]LogModuleManager: Shutting down and abandoning module HTML5TargetPlatform (113)
[2020.06.03-20.07.15:025][688]LogModuleManager: Shutting down and abandoning module AndroidTargetPlatform (111)
[2020.06.03-20.07.15:303][688]LogModuleManager: Shutting down and abandoning module WindowsTargetPlatform (109)
[2020.06.03-20.07.15:303][688]LogModuleManager: Shutting down and abandoning module WindowsServerTargetPlatform (107)
[2020.06.03-20.07.15:303][688]LogModuleManager: Shutting down and abandoning module WindowsNoEditorTargetPlatform (105)
[2020.06.03-20.07.15:303][688]LogModuleManager: Shutting down and abandoning module WindowsClientTargetPlatform (103)
[2020.06.03-20.07.15:303][688]LogModuleManager: Shutting down and abandoning module MacTargetPlatform (101)
[2020.06.03-20.07.15:303][688]LogModuleManager: Shutting down and abandoning module MacServerTargetPlatform (99)
[2020.06.03-20.07.15:303][688]LogModuleManager: Shutting down and abandoning module MacNoEditorTargetPlatform (97)
[2020.06.03-20.07.15:303][688]LogModuleManager: Shutting down and abandoning module MacClientTargetPlatform (95)
[2020.06.03-20.07.15:303][688]LogModuleManager: Shutting down and abandoning module AllDesktopTargetPlatform (93)
[2020.06.03-20.07.15:303][688]LogModuleManager: Shutting down and abandoning module InputCore (90)
[2020.06.03-20.07.15:303][688]LogModuleManager: Shutting down and abandoning module Settings (88)
[2020.06.03-20.07.15:303][688]LogModuleManager: Shutting down and abandoning module DirectoryWatcher (86)
[2020.06.03-20.07.15:304][688]LogModuleManager: Shutting down and abandoning module PhysXCooking (84)
[2020.06.03-20.07.15:304][688]LogModuleManager: Shutting down and abandoning module WindowsPlatformFeatures (82)
[2020.06.03-20.07.15:304][688]LogModuleManager: Shutting down and abandoning module GameplayMediaEncoder (81)
[2020.06.03-20.07.15:395][688]LogModuleManager: Shutting down and abandoning module SteamVR (78)
[2020.06.03-20.07.15:444][688]LogHMD: Freeing OpenVRDLLHandle.
[2020.06.03-20.07.15:444][688]LogModuleManager: Shutting down and abandoning module OculusHMD (76)
[2020.06.03-20.07.15:486][688]LogModuleManager: Shutting down and abandoning module ExampleDeviceProfileSelector (74)
[2020.06.03-20.07.15:486][688]LogModuleManager: Shutting down and abandoning module LauncherChunkInstaller (72)
[2020.06.03-20.07.15:486][688]LogModuleManager: Shutting down and abandoning module OnlineBlueprintSupport (70)
[2020.06.03-20.07.15:486][688]LogModuleManager: Shutting down and abandoning module OnlineSubsystem (66)
[2020.06.03-20.07.15:954][688]LogModuleManager: Shutting down and abandoning module XMPP (61)
[2020.06.03-20.07.15:970][688]LogModuleManager: Shutting down and abandoning module WebSockets (60)
[2020.06.03-20.07.16:039][688]LogModuleManager: Shutting down and abandoning module HTTP (57)
[2020.06.03-20.07.16:039][688]LogHttp: Display: Http module shutting down, but needs to wait on 1 outstanding Http requests:
[2020.06.03-20.07.16:039][688]LogHttp: Display: 	verb=[POST] url=[https://datarouter.ol.epicgames.com/datarouter/api/v1/public/data?SessionID=%7B235AC43B-4F8B-68D0-8356-24937FAFF13F%7D&AppID=UEEditor.Rocket.Release&AppVersion=4.23.1-9631420%2B%2B%2BUE4%2BRelease-4.23&UserID=45f3b50f4e38139972a88385d93b9e84%7C91c59a34eb29440fb7a3f57cca11bef8%7C9d3d983a-ac2b-4b68-8efc-e790603c5062&AppEnvironment=datacollector-binary&UploadType=eteventstream] status=Processing
[2020.06.03-20.07.16:060][688]LogModuleManager: Shutting down and abandoning module SSL (56)
[2020.06.03-20.07.16:063][688]LogModuleManager: Shutting down and abandoning module WmfMedia (52)
[2020.06.03-20.07.16:084][688]LogModuleManager: Shutting down and abandoning module Media (51)
[2020.06.03-20.07.16:086][688]LogModuleManager: Shutting down and abandoning module MagicLeap (48)
[2020.06.03-20.07.16:086][688]LogModuleManager: Shutting down and abandoning module DatasmithContent (46)
[2020.06.03-20.07.16:087][688]LogModuleManager: Shutting down and abandoning module AISupportModule (44)
[2020.06.03-20.07.16:087][688]LogModuleManager: Shutting down and abandoning module PlatformCryptoOpenSSL (42)
[2020.06.03-20.07.16:098][688]LogModuleManager: Shutting down and abandoning module PlatformCrypto (40)
[2020.06.03-20.07.16:098][688]LogModuleManager: Shutting down and abandoning module AnimationModifiers (38)
[2020.06.03-20.07.16:110][688]LogModuleManager: Shutting down and abandoning module PropertyEditor (37)
[2020.06.03-20.07.16:187][688]LogModuleManager: Shutting down and abandoning module AudioEditor (34)
[2020.06.03-20.07.16:214][688]LogModuleManager: Shutting down and abandoning module TextureCompressor (32)
[2020.06.03-20.07.16:227][688]LogModuleManager: Shutting down and abandoning module RenderCore (30)
[2020.06.03-20.07.16:227][688]LogModuleManager: Shutting down and abandoning module Landscape (28)
[2020.06.03-20.07.16:227][688]LogModuleManager: Shutting down and abandoning module SlateRHIRenderer (26)
[2020.06.03-20.07.16:246][688]LogModuleManager: Shutting down and abandoning module OpenGLDrv (24)
[2020.06.03-20.07.16:263][688]LogModuleManager: Shutting down and abandoning module D3D11RHI (22)
[2020.06.03-20.07.16:263][688]LogModuleManager: Shutting down and abandoning module AnimGraphRuntime (20)
[2020.06.03-20.07.16:282][688]LogModuleManager: Shutting down and abandoning module Renderer (18)
[2020.06.03-20.07.16:282][688]LogModuleManager: Shutting down and abandoning module Engine (16)
[2020.06.03-20.07.16:290][688]LogModuleManager: Shutting down and abandoning module CoreUObject (14)
[2020.06.03-20.07.16:290][688]LogModuleManager: Shutting down and abandoning module NetworkFile (12)
[2020.06.03-20.07.16:302][688]LogModuleManager: Shutting down and abandoning module CookedIterativeFile (10)
[2020.06.03-20.07.16:302][688]LogModuleManager: Shutting down and abandoning module StreamingFile (8)
[2020.06.03-20.07.16:317][688]LogModuleManager: Shutting down and abandoning module SandboxFile (6)
[2020.06.03-20.07.16:317][688]LogModuleManager: Shutting down and abandoning module PakFile (4)
[2020.06.03-20.07.16:327][688]LogModuleManager: Shutting down and abandoning module RSA (3)
[2020.06.03-20.07.16:338][688]LogD3D11RHI: Shutdown
[2020.06.03-20.07.16:350][688]LogD3D11RHI: CleanupD3DDevice
[2020.06.03-20.07.16:404][688]LogRendererCore: FGlobalDynamicReadBuffer::Cleanup()
[2020.06.03-20.07.16:408][688]LogRendererCore: FGlobalDynamicReadBuffer::Cleanup()
[2020.06.03-20.07.16:408][688]LogRendererCore: FGlobalDynamicReadBuffer::Cleanup()
[2020.06.03-20.07.16:530][688]LogD3D11RHI: ~FD3D11DynamicRHI
[2020.06.03-20.07.16:583][688]LogExit: Exiting.
[2020.06.03-20.07.16:623][688]Log file closed, 06/03/20 22:07:16
