Log file open, 12/17/19 15:26:01
LogWindows: Failed to load 'aqProf.dll' (GetLastError=126)
LogWindows: File 'aqProf.dll' does not exist
LogWindows: Failed to load 'VtuneApi.dll' (GetLastError=126)
LogWindows: File 'VtuneApi.dll' does not exist
LogWindows: Failed to load 'VtuneApi32e.dll' (GetLastError=126)
LogWindows: File 'VtuneApi32e.dll' does not exist
LogConsoleResponse: Display: Failed to find resolution value strings in scalability ini. Falling back to default.
LogInit: Display: Running engine for game: TheLast
LogPlatformFile: Not using cached read wrapper
LogTaskGraph: Started task graph with 5 named threads and 14 total threads with 3 sets of task threads.
LogStats: Stats thread started at 0.115337
LogD3D11RHI: Loaded GFSDK_Aftermath_Lib.x64.dll
LogICUInternationalization: ICU TimeZone Detection - Raw Offset: +1:00, Platform Override: ''
LogPluginManager: Mounting plugin Paper2D
LogPluginManager: Mounting plugin AISupport
LogPluginManager: Mounting plugin LightPropagationVolume
LogPluginManager: Mounting plugin ActorLayerUtilities
LogPluginManager: Mounting plugin AnimationSharing
LogPluginManager: Mounting plugin CLionSourceCodeAccess
LogPluginManager: Mounting plugin CodeLiteSourceCodeAccess
LogPluginManager: Mounting plugin GitSourceControl
LogPluginManager: Mounting plugin KDevelopSourceCodeAccess
LogPluginManager: Mounting plugin NullSourceCodeAccess
LogPluginManager: Mounting plugin PerforceSourceControl
LogPluginManager: Mounting plugin SubversionSourceControl
LogPluginManager: Mounting plugin UObjectPlugin
LogPluginManager: Mounting plugin VisualStudioCodeSourceCodeAccess
LogPluginManager: Mounting plugin VisualStudioSourceCodeAccess
LogPluginManager: Mounting plugin XCodeSourceCodeAccess
LogPluginManager: Mounting plugin AssetManagerEditor
LogPluginManager: Mounting plugin CryptoKeys
LogPluginManager: Mounting plugin CurveEditorTools
LogPluginManager: Mounting plugin DataValidation
LogPluginManager: Mounting plugin FacialAnimation
LogPluginManager: Mounting plugin GameplayTagsEditor
LogPluginManager: Mounting plugin MacGraphicsSwitching
LogPluginManager: Mounting plugin MaterialAnalyzer
LogPluginManager: Mounting plugin MobileLauncherProfileWizard
LogPluginManager: Mounting plugin PluginBrowser
LogPluginManager: Mounting plugin SpeedTreeImporter
LogPluginManager: Mounting plugin DatasmithContent
LogPluginManager: Mounting plugin VariantManagerContent
LogPluginManager: Mounting plugin AlembicImporter
LogPluginManager: Mounting plugin AutomationUtils
LogPluginManager: Mounting plugin BackChannel
LogPluginManager: Mounting plugin CharacterAI
LogPluginManager: Mounting plugin GeometryCache
LogPluginManager: Mounting plugin HTML5Networking
LogPluginManager: Mounting plugin PlatformCrypto
LogPluginManager: Mounting plugin ProxyLODPlugin
LogPluginManager: Mounting plugin SkeletalReduction
LogPluginManager: Mounting plugin MagicLeap
LogPluginManager: Mounting plugin MagicLeapMedia
LogPluginManager: Mounting plugin AndroidMedia
LogPluginManager: Mounting plugin AvfMedia
LogPluginManager: Mounting plugin ImgMedia
LogPluginManager: Mounting plugin MediaCompositing
LogPluginManager: Mounting plugin MediaPlayerEditor
LogPluginManager: Mounting plugin WebMMedia
LogPluginManager: Mounting plugin WmfMedia
LogPluginManager: Mounting plugin TcpMessaging
LogPluginManager: Mounting plugin UdpMessaging
LogPluginManager: Mounting plugin ActorSequence
LogPluginManager: Mounting plugin LevelSequenceEditor
LogPluginManager: Mounting plugin MatineeToLevelSequence
LogPluginManager: Mounting plugin NetcodeUnitTest
LogPluginManager: Mounting plugin NUTUnrealEngine4
LogPluginManager: Mounting plugin OnlineSubsystemGooglePlay
LogPluginManager: Mounting plugin OnlineSubsystemIOS
LogPluginManager: Mounting plugin OnlineSubsystem
LogPluginManager: Mounting plugin OnlineSubsystemNull
LogPluginManager: Mounting plugin OnlineSubsystemUtils
LogPluginManager: Mounting plugin LauncherChunkInstaller
LogPluginManager: Mounting plugin AndroidDeviceProfileSelector
LogPluginManager: Mounting plugin AndroidMoviePlayer
LogPluginManager: Mounting plugin AndroidPermission
LogPluginManager: Mounting plugin AppleImageUtils
LogPluginManager: Mounting plugin AppleMoviePlayer
LogPluginManager: Mounting plugin ArchVisCharacter
LogPluginManager: Mounting plugin AudioCapture
LogPluginManager: Mounting plugin CableComponent
LogPluginManager: Mounting plugin CustomMeshComponent
LogPluginManager: Mounting plugin EditableMesh
LogPluginManager: Mounting plugin ExampleDeviceProfileSelector
LogPluginManager: Mounting plugin GoogleCloudMessaging
LogPluginManager: Mounting plugin IOSDeviceProfileSelector
LogPluginManager: Mounting plugin LinuxDeviceProfileSelector
LogPluginManager: Mounting plugin LocationServicesBPLibrary
LogPluginManager: Mounting plugin MobilePatchingUtils
LogPluginManager: Mounting plugin OculusVR
LogPluginManager: Mounting plugin PhysXVehicles
LogPluginManager: Mounting plugin ProceduralMeshComponent
LogPluginManager: Mounting plugin RuntimePhysXCooking
LogPluginManager: Mounting plugin SignificanceManager
LogPluginManager: Mounting plugin SteamVR
LogPluginManager: Mounting plugin WebMMoviePlayer
LogPluginManager: Mounting plugin WindowsMoviePlayer
LogPluginManager: Mounting plugin ScreenshotTools
LogInit: Using libcurl 7.55.1-DEV
LogInit:  - built for x86_64-pc-win32
LogInit:  - supports SSL with OpenSSL/1.1.1
LogInit:  - supports HTTP deflate (compression) using libz 1.2.8
LogInit:  - other features:
LogInit:      CURL_VERSION_SSL
LogInit:      CURL_VERSION_LIBZ
LogInit:      CURL_VERSION_IPV6
LogInit:      CURL_VERSION_ASYNCHDNS
LogInit:      CURL_VERSION_LARGEFILE
LogInit:      CURL_VERSION_IDN
LogInit:  CurlRequestOptions (configurable via config and command line):
LogInit:  - bVerifyPeer = true  - Libcurl will verify peer certificate
LogInit:  - bUseHttpProxy = false  - Libcurl will NOT use HTTP proxy
LogInit:  - bDontReuseConnections = false  - Libcurl will reuse connections
LogInit:  - MaxHostConnections = 16  - Libcurl will limit the number of connections to a host
LogInit:  - LocalHostAddr = Default
LogInit:  - BufferSize = 65536
LogOnline: OSS: Creating online subsystem instance for: NULL
LogInit: WinSock: version 1.1 (2.2), MaxSocks=32767, MaxUdp=65467
LogHMD: Failed initializing OVRPlugin 1.37.0
LogInit: Build: ++UE4+Release-4.23-CL-9631420
LogInit: Engine Version: 4.23.1-9631420+++UE4+Release-4.23
LogInit: Compatible Engine Version: 4.23.0-8386587+++UE4+Release-4.23
LogInit: Net CL: 8386587
LogInit: OS: Windows 10 (Release 1803) (), CPU: Intel(R) Core(TM) i5-4460  CPU @ 3.20GHz, GPU: NVIDIA GeForce RTX 2060
LogInit: Compiled (64-bit): Oct 18 2019 02:07:44
LogInit: Compiled with Visual C++: 19.16.27030.01
LogInit: Build Configuration: Development
LogInit: Branch Name: ++UE4+Release-4.23
LogInit: Command Line:  -EpicPortal -epicusername=RofiriL99 -epicuserid=91c59a34eb29440fb7a3f57cca11bef8 -epiclocale=es-ES
LogInit: Base Directory: C:/Program Files/Epic Games/UE_4.23/Engine/Binaries/Win64/
LogInit: Installed Engine Build: 1
LogDevObjectVersion: Number of dev versions registered: 23
LogDevObjectVersion:   Dev-Blueprints (B0D832E4-1F89-4F0D-ACCF-7EB736FD4AA2): 10
LogDevObjectVersion:   Dev-Build (E1C64328-A22C-4D53-A36C-8E866417BD8C): 0
LogDevObjectVersion:   Dev-Core (375EC13C-06E4-48FB-B500-84F0262A717E): 3
LogDevObjectVersion:   Dev-Editor (E4B068ED-F494-42E9-A231-DA0B2E46BB41): 34
LogDevObjectVersion:   Dev-Framework (CFFC743F-43B0-4480-9391-14DF171D2073): 35
LogDevObjectVersion:   Dev-Mobile (B02B49B5-BB20-44E9-A304-32B752E40360): 2
LogDevObjectVersion:   Dev-Networking (A4E4105C-59A1-49B5-A7C5-40C4547EDFEE): 0
LogDevObjectVersion:   Dev-Online (39C831C9-5AE6-47DC-9A44-9C173E1C8E7C): 0
LogDevObjectVersion:   Dev-Physics (78F01B33-EBEA-4F98-B9B4-84EACCB95AA2): 0
LogDevObjectVersion:   Dev-Platform (6631380F-2D4D-43E0-8009-CF276956A95A): 0
LogDevObjectVersion:   Dev-Rendering (12F88B9F-8875-4AFC-A67C-D90C383ABD29): 31
LogDevObjectVersion:   Dev-Sequencer (7B5AE74C-D270-4C10-A958-57980B212A5A): 11
LogDevObjectVersion:   Dev-VR (D7296918-1DD6-4BDD-9DE2-64A83CC13884): 2
LogDevObjectVersion:   Dev-LoadTimes (C2A15278-BFE7-4AFE-6C17-90FF531DF755): 1
LogDevObjectVersion:   Private-Geometry (6EACA3D4-40EC-4CC1-B786-8BED09428FC5): 3
LogDevObjectVersion:   Dev-AnimPhys (29E575DD-E0A3-4627-9D10-D276232CDCEA): 17
LogDevObjectVersion:   Dev-Anim (AF43A65D-7FD3-4947-9873-3E8ED9C1BB05): 2
LogDevObjectVersion:   Dev-ReflectionCapture (6B266CEC-1EC7-4B8F-A30B-E4D90942FC07): 1
LogDevObjectVersion:   Dev-Automation (0DF73D61-A23F-47EA-B727-89E90C41499A): 1
LogDevObjectVersion:   FortniteMain (601D1886-AC64-4F84-AA16-D3DE0DEAC7D6): 27
LogDevObjectVersion:   Dev-Enterprise (9DFFBCD6-494F-0158-E221-12823C92A888): 6
LogDevObjectVersion:   Dev-Niagara (F2AED0AC-9AFE-416F-8664-AA7FFA26D6FC): 1
LogDevObjectVersion:   Dev-Destruction (174F1F0B-B4C6-45A5-B13F-2EE8D0FB917D): 9
LogInit: Presizing for max 16777216 objects, including 0 objects not considered by GC, pre-allocating 0 bytes for permanent pool.
LogInit: Object subsystem initialized
LogConfig: Setting CVar [[con.DebugEarlyDefault:1]]
LogConfig: Setting CVar [[r.setres:1280x720]]
[2019.12.17-14.26.02:680][  0]LogConfig: Setting CVar [[r.VSync:0]]
[2019.12.17-14.26.02:680][  0]LogConfig: Setting CVar [[r.RHICmdBypass:0]]
[2019.12.17-14.26.02:680][  0]LogConfig: Applying CVar settings from Section [/Script/Engine.RendererSettings] File [C:/Users/v.arabi/Documents/GitHub/The-Last/The Last/GameAlpha/TheLast/Saved/Config/Windows/Engine.ini]
[2019.12.17-14.26.02:680][  0]LogConfig: Setting CVar [[r.GPUCrashDebugging:0]]
[2019.12.17-14.26.02:680][  0]LogConfig: Applying CVar settings from Section [/Script/Engine.RendererOverrideSettings] File [C:/Users/v.arabi/Documents/GitHub/The-Last/The Last/GameAlpha/TheLast/Saved/Config/Windows/Engine.ini]
[2019.12.17-14.26.02:680][  0]LogConfig: Applying CVar settings from Section [/Script/Engine.StreamingSettings] File [C:/Users/v.arabi/Documents/GitHub/The-Last/The Last/GameAlpha/TheLast/Saved/Config/Windows/Engine.ini]
[2019.12.17-14.26.02:680][  0]LogConfig: Setting CVar [[s.MinBulkDataSizeForAsyncLoading:131072]]
[2019.12.17-14.26.02:680][  0]LogConfig: Setting CVar [[s.AsyncLoadingThreadEnabled:0]]
[2019.12.17-14.26.02:680][  0]LogConfig: Setting CVar [[s.EventDrivenLoaderEnabled:1]]
[2019.12.17-14.26.02:680][  0]LogConfig: Setting CVar [[s.WarnIfTimeLimitExceeded:0]]
[2019.12.17-14.26.02:680][  0]LogConfig: Setting CVar [[s.TimeLimitExceededMultiplier:1.5]]
[2019.12.17-14.26.02:680][  0]LogConfig: Setting CVar [[s.TimeLimitExceededMinTime:0.005]]
[2019.12.17-14.26.02:680][  0]LogConfig: Setting CVar [[s.UseBackgroundLevelStreaming:1]]
[2019.12.17-14.26.02:680][  0]LogConfig: Setting CVar [[s.PriorityAsyncLoadingExtraTime:15.0]]
[2019.12.17-14.26.02:680][  0]LogConfig: Setting CVar [[s.LevelStreamingActorsUpdateTimeLimit:5.0]]
[2019.12.17-14.26.02:680][  0]LogConfig: Setting CVar [[s.PriorityLevelStreamingActorsUpdateExtraTime:5.0]]
[2019.12.17-14.26.02:680][  0]LogConfig: Setting CVar [[s.LevelStreamingComponentsRegistrationGranularity:10]]
[2019.12.17-14.26.02:680][  0]LogConfig: Setting CVar [[s.UnregisterComponentsTimeLimit:1.0]]
[2019.12.17-14.26.02:680][  0]LogConfig: Setting CVar [[s.LevelStreamingComponentsUnregistrationGranularity:5]]
[2019.12.17-14.26.02:680][  0]LogConfig: Applying CVar settings from Section [/Script/Engine.GarbageCollectionSettings] File [C:/Users/v.arabi/Documents/GitHub/The-Last/The Last/GameAlpha/TheLast/Saved/Config/Windows/Engine.ini]
[2019.12.17-14.26.02:680][  0]LogConfig: Setting CVar [[gc.MaxObjectsNotConsideredByGC:1]]
[2019.12.17-14.26.02:680][  0]LogConfig: Setting CVar [[gc.SizeOfPermanentObjectPool:0]]
[2019.12.17-14.26.02:680][  0]LogConfig: Setting CVar [[gc.FlushStreamingOnGC:0]]
[2019.12.17-14.26.02:680][  0]LogConfig: Setting CVar [[gc.NumRetriesBeforeForcingGC:10]]
[2019.12.17-14.26.02:680][  0]LogConfig: Setting CVar [[gc.AllowParallelGC:1]]
[2019.12.17-14.26.02:680][  0]LogConfig: Setting CVar [[gc.TimeBetweenPurgingPendingKillObjects:61.1]]
[2019.12.17-14.26.02:680][  0]LogConfig: Setting CVar [[gc.MaxObjectsInEditor:16777216]]
[2019.12.17-14.26.02:680][  0]LogConfig: Setting CVar [[gc.IncrementalBeginDestroyEnabled:1]]
[2019.12.17-14.26.02:680][  0]LogConfig: Setting CVar [[gc.CreateGCClusters:1]]
[2019.12.17-14.26.02:680][  0]LogConfig: Setting CVar [[gc.MinGCClusterSize:5]]
[2019.12.17-14.26.02:680][  0]LogConfig: Setting CVar [[gc.ActorClusteringEnabled:0]]
[2019.12.17-14.26.02:680][  0]LogConfig: Setting CVar [[gc.BlueprintClusteringEnabled:0]]
[2019.12.17-14.26.02:681][  0]LogConfig: Setting CVar [[gc.UseDisregardForGCOnDedicatedServers:0]]
[2019.12.17-14.26.02:681][  0]LogConfig: Applying CVar settings from Section [/Script/Engine.NetworkSettings] File [C:/Users/v.arabi/Documents/GitHub/The-Last/The Last/GameAlpha/TheLast/Saved/Config/Windows/Engine.ini]
[2019.12.17-14.26.02:681][  0]LogConfig: Applying CVar settings from Section [/Script/UnrealEd.CookerSettings] File [C:/Users/v.arabi/Documents/GitHub/The-Last/The Last/GameAlpha/TheLast/Saved/Config/Windows/Engine.ini]
[2019.12.17-14.26.02:683][  0]LogConfig: Applying CVar settings from Section [ViewDistanceQuality@3] File [C:/Users/v.arabi/Documents/GitHub/The-Last/The Last/GameAlpha/TheLast/Saved/Config/Windows/Scalability.ini]
[2019.12.17-14.26.02:683][  0]LogConfig: Setting CVar [[r.SkeletalMeshLODBias:0]]
[2019.12.17-14.26.02:683][  0]LogConfig: Setting CVar [[r.ViewDistanceScale:1.0]]
[2019.12.17-14.26.02:684][  0]LogConfig: Applying CVar settings from Section [AntiAliasingQuality@3] File [C:/Users/v.arabi/Documents/GitHub/The-Last/The Last/GameAlpha/TheLast/Saved/Config/Windows/Scalability.ini]
[2019.12.17-14.26.02:684][  0]LogConfig: Setting CVar [[r.PostProcessAAQuality:4]]
[2019.12.17-14.26.02:684][  0]LogConfig: Applying CVar settings from Section [ShadowQuality@3] File [C:/Users/v.arabi/Documents/GitHub/The-Last/The Last/GameAlpha/TheLast/Saved/Config/Windows/Scalability.ini]
[2019.12.17-14.26.02:684][  0]LogConfig: Setting CVar [[r.LightFunctionQuality:1]]
[2019.12.17-14.26.02:684][  0]LogConfig: Setting CVar [[r.ShadowQuality:5]]
[2019.12.17-14.26.02:684][  0]LogConfig: Setting CVar [[r.Shadow.CSM.MaxCascades:10]]
[2019.12.17-14.26.02:684][  0]LogConfig: Setting CVar [[r.Shadow.MaxResolution:2048]]
[2019.12.17-14.26.02:684][  0]LogConfig: Setting CVar [[r.Shadow.MaxCSMResolution:2048]]
[2019.12.17-14.26.02:684][  0]LogConfig: Setting CVar [[r.Shadow.RadiusThreshold:0.01]]
[2019.12.17-14.26.02:684][  0]LogConfig: Setting CVar [[r.Shadow.DistanceScale:1.0]]
[2019.12.17-14.26.02:684][  0]LogConfig: Setting CVar [[r.Shadow.CSM.TransitionScale:1.0]]
[2019.12.17-14.26.02:684][  0]LogConfig: Setting CVar [[r.Shadow.PreShadowResolutionFactor:1.0]]
[2019.12.17-14.26.02:684][  0]LogConfig: Setting CVar [[r.DistanceFieldShadowing:1]]
[2019.12.17-14.26.02:684][  0]LogConfig: Setting CVar [[r.DistanceFieldAO:1]]
[2019.12.17-14.26.02:684][  0]LogConfig: Setting CVar [[r.AOQuality:2]]
[2019.12.17-14.26.02:684][  0]LogConfig: Setting CVar [[r.VolumetricFog:1]]
[2019.12.17-14.26.02:684][  0]LogConfig: Setting CVar [[r.VolumetricFog.GridPixelSize:8]]
[2019.12.17-14.26.02:684][  0]LogConfig: Setting CVar [[r.VolumetricFog.GridSizeZ:128]]
[2019.12.17-14.26.02:684][  0]LogConfig: Setting CVar [[r.VolumetricFog.HistoryMissSupersampleCount:4]]
[2019.12.17-14.26.02:684][  0]LogConfig: Setting CVar [[r.LightMaxDrawDistanceScale:1]]
[2019.12.17-14.26.02:684][  0]LogConfig: Setting CVar [[r.CapsuleShadows:1]]
[2019.12.17-14.26.02:684][  0]LogConfig: Applying CVar settings from Section [PostProcessQuality@3] File [C:/Users/v.arabi/Documents/GitHub/The-Last/The Last/GameAlpha/TheLast/Saved/Config/Windows/Scalability.ini]
[2019.12.17-14.26.02:684][  0]LogConfig: Setting CVar [[r.MotionBlurQuality:4]]
[2019.12.17-14.26.02:684][  0]LogConfig: Setting CVar [[r.AmbientOcclusionMipLevelFactor:0.4]]
[2019.12.17-14.26.02:684][  0]LogConfig: Setting CVar [[r.AmbientOcclusionMaxQuality:100]]
[2019.12.17-14.26.02:684][  0]LogConfig: Setting CVar [[r.AmbientOcclusionLevels:-1]]
[2019.12.17-14.26.02:684][  0]LogConfig: Setting CVar [[r.AmbientOcclusionRadiusScale:1.0]]
[2019.12.17-14.26.02:684][  0]LogConfig: Setting CVar [[r.DepthOfFieldQuality:2]]
[2019.12.17-14.26.02:684][  0]LogConfig: Setting CVar [[r.RenderTargetPoolMin:400]]
[2019.12.17-14.26.02:684][  0]LogConfig: Setting CVar [[r.LensFlareQuality:2]]
[2019.12.17-14.26.02:684][  0]LogConfig: Setting CVar [[r.SceneColorFringeQuality:1]]
[2019.12.17-14.26.02:684][  0]LogConfig: Setting CVar [[r.EyeAdaptationQuality:2]]
[2019.12.17-14.26.02:684][  0]LogConfig: Setting CVar [[r.BloomQuality:5]]
[2019.12.17-14.26.02:684][  0]LogConfig: Setting CVar [[r.FastBlurThreshold:100]]
[2019.12.17-14.26.02:684][  0]LogConfig: Setting CVar [[r.Upscale.Quality:3]]
[2019.12.17-14.26.02:684][  0]LogConfig: Setting CVar [[r.Tonemapper.GrainQuantization:1]]
[2019.12.17-14.26.02:684][  0]LogConfig: Setting CVar [[r.LightShaftQuality:1]]
[2019.12.17-14.26.02:684][  0]LogConfig: Setting CVar [[r.Filter.SizeScale:1]]
[2019.12.17-14.26.02:684][  0]LogConfig: Setting CVar [[r.Tonemapper.Quality:5]]
[2019.12.17-14.26.02:684][  0]LogConfig: Setting CVar [[r.DOF.Gather.AccumulatorQuality:1        ; higher gathering accumulator quality]]
[2019.12.17-14.26.02:684][  0]LogConfig: Setting CVar [[r.DOF.Gather.PostfilterMethod:1          ; Median3x3 postfilering method]]
[2019.12.17-14.26.02:684][  0]LogConfig: Setting CVar [[r.DOF.Gather.EnableBokehSettings:0       ; no bokeh simulation when gathering]]
[2019.12.17-14.26.02:684][  0]LogConfig: Setting CVar [[r.DOF.Gather.RingCount:4                 ; medium number of samples when gathering]]
[2019.12.17-14.26.02:684][  0]LogConfig: Setting CVar [[r.DOF.Scatter.ForegroundCompositing:1    ; additive foreground scattering]]
[2019.12.17-14.26.02:684][  0]LogConfig: Setting CVar [[r.DOF.Scatter.BackgroundCompositing:2    ; additive background scattering]]
[2019.12.17-14.26.02:684][  0]LogConfig: Setting CVar [[r.DOF.Scatter.EnableBokehSettings:1      ; bokeh simulation when scattering]]
[2019.12.17-14.26.02:684][  0]LogConfig: Setting CVar [[r.DOF.Scatter.MaxSpriteRatio:0.1         ; only a maximum of 10% of scattered bokeh]]
[2019.12.17-14.26.02:684][  0]LogConfig: Setting CVar [[r.DOF.Recombine.Quality:1                ; cheap slight out of focus]]
[2019.12.17-14.26.02:684][  0]LogConfig: Setting CVar [[r.DOF.Recombine.EnableBokehSettings:0    ; no bokeh simulation on slight out of focus]]
[2019.12.17-14.26.02:684][  0]LogConfig: Setting CVar [[r.DOF.TemporalAAQuality:1                ; more stable temporal accumulation]]
[2019.12.17-14.26.02:684][  0]LogConfig: Setting CVar [[r.DOF.Kernel.MaxForegroundRadius:0.025]]
[2019.12.17-14.26.02:684][  0]LogConfig: Setting CVar [[r.DOF.Kernel.MaxBackgroundRadius:0.025]]
[2019.12.17-14.26.02:684][  0]LogConfig: Applying CVar settings from Section [TextureQuality@3] File [C:/Users/v.arabi/Documents/GitHub/The-Last/The Last/GameAlpha/TheLast/Saved/Config/Windows/Scalability.ini]
[2019.12.17-14.26.02:684][  0]LogConfig: Setting CVar [[r.Streaming.MipBias:0]]
[2019.12.17-14.26.02:684][  0]LogConfig: Setting CVar [[r.Streaming.AmortizeCPUToGPUCopy:0]]
[2019.12.17-14.26.02:684][  0]LogConfig: Setting CVar [[r.Streaming.MaxNumTexturesToStreamPerFrame:0]]
[2019.12.17-14.26.02:684][  0]LogConfig: Setting CVar [[r.Streaming.Boost:1]]
[2019.12.17-14.26.02:684][  0]LogConfig: Setting CVar [[r.MaxAnisotropy:8]]
[2019.12.17-14.26.02:684][  0]LogConfig: Setting CVar [[r.Streaming.LimitPoolSizeToVRAM:0]]
[2019.12.17-14.26.02:684][  0]LogConfig: Setting CVar [[r.Streaming.PoolSize:1000]]
[2019.12.17-14.26.02:684][  0]LogConfig: Setting CVar [[r.Streaming.MaxEffectiveScreenSize:0]]
[2019.12.17-14.26.02:684][  0]LogConfig: Applying CVar settings from Section [EffectsQuality@3] File [C:/Users/v.arabi/Documents/GitHub/The-Last/The Last/GameAlpha/TheLast/Saved/Config/Windows/Scalability.ini]
[2019.12.17-14.26.02:684][  0]LogConfig: Setting CVar [[r.TranslucencyLightingVolumeDim:64]]
[2019.12.17-14.26.02:684][  0]LogConfig: Setting CVar [[r.RefractionQuality:2]]
[2019.12.17-14.26.02:684][  0]LogConfig: Setting CVar [[r.SSR.Quality:3]]
[2019.12.17-14.26.02:684][  0]LogConfig: Setting CVar [[r.SceneColorFormat:4]]
[2019.12.17-14.26.02:684][  0]LogConfig: Setting CVar [[r.DetailMode:2]]
[2019.12.17-14.26.02:684][  0]LogConfig: Setting CVar [[r.TranslucencyVolumeBlur:1]]
[2019.12.17-14.26.02:684][  0]LogConfig: Setting CVar [[r.MaterialQualityLevel:1 ; High quality]]
[2019.12.17-14.26.02:684][  0]LogConfig: Setting CVar [[r.SSS.Scale:1]]
[2019.12.17-14.26.02:685][  0]LogConfig: Setting CVar [[r.SSS.SampleSet:2]]
[2019.12.17-14.26.02:685][  0]LogConfig: Setting CVar [[r.SSS.Quality:1]]
[2019.12.17-14.26.02:685][  0]LogConfig: Setting CVar [[r.SSS.HalfRes:1]]
[2019.12.17-14.26.02:685][  0]LogConfig: Setting CVar [[r.EmitterSpawnRateScale:1.0]]
[2019.12.17-14.26.02:685][  0]LogConfig: Setting CVar [[r.ParticleLightQuality:2]]
[2019.12.17-14.26.02:685][  0]LogConfig: Applying CVar settings from Section [FoliageQuality@3] File [C:/Users/v.arabi/Documents/GitHub/The-Last/The Last/GameAlpha/TheLast/Saved/Config/Windows/Scalability.ini]
[2019.12.17-14.26.02:685][  0]LogConfig: Setting CVar [[foliage.DensityScale:1.0]]
[2019.12.17-14.26.02:685][  0]LogConfig: Setting CVar [[grass.DensityScale:1.0]]
[2019.12.17-14.26.02:685][  0]LogInit: Selected Device Profile: [Windows]
[2019.12.17-14.26.02:685][  0]LogInit: Applying CVar settings loaded from the selected device profile: [Windows]
[2019.12.17-14.26.02:688][  0]LogHAL: Display: Platform has ~ 16 GB [17107812352 / 17179869184 / 16], which maps to Larger [LargestMinGB=32, LargerMinGB=12, DefaultMinGB=8, SmallerMinGB=6, SmallestMinGB=0)
[2019.12.17-14.26.02:688][  0]LogInit: Going up to parent DeviceProfile []
[2019.12.17-14.26.02:688][  0]LogConfig: Applying CVar settings from Section [ViewDistanceQuality@3] File [C:/Users/v.arabi/Documents/GitHub/The-Last/The Last/GameAlpha/TheLast/Saved/Config/Windows/Scalability.ini]
[2019.12.17-14.26.02:688][  0]LogConfig: Setting CVar [[r.SkeletalMeshLODBias:0]]
[2019.12.17-14.26.02:689][  0]LogConfig: Setting CVar [[r.ViewDistanceScale:1.0]]
[2019.12.17-14.26.02:689][  0]LogConfig: Applying CVar settings from Section [AntiAliasingQuality@3] File [C:/Users/v.arabi/Documents/GitHub/The-Last/The Last/GameAlpha/TheLast/Saved/Config/Windows/Scalability.ini]
[2019.12.17-14.26.02:689][  0]LogConfig: Setting CVar [[r.PostProcessAAQuality:4]]
[2019.12.17-14.26.02:689][  0]LogConfig: Applying CVar settings from Section [ShadowQuality@3] File [C:/Users/v.arabi/Documents/GitHub/The-Last/The Last/GameAlpha/TheLast/Saved/Config/Windows/Scalability.ini]
[2019.12.17-14.26.02:689][  0]LogConfig: Setting CVar [[r.LightFunctionQuality:1]]
[2019.12.17-14.26.02:689][  0]LogConfig: Setting CVar [[r.ShadowQuality:5]]
[2019.12.17-14.26.02:689][  0]LogConfig: Setting CVar [[r.Shadow.CSM.MaxCascades:10]]
[2019.12.17-14.26.02:689][  0]LogConfig: Setting CVar [[r.Shadow.MaxResolution:2048]]
[2019.12.17-14.26.02:689][  0]LogConfig: Setting CVar [[r.Shadow.MaxCSMResolution:2048]]
[2019.12.17-14.26.02:689][  0]LogConfig: Setting CVar [[r.Shadow.RadiusThreshold:0.01]]
[2019.12.17-14.26.02:689][  0]LogConfig: Setting CVar [[r.Shadow.DistanceScale:1.0]]
[2019.12.17-14.26.02:689][  0]LogConfig: Setting CVar [[r.Shadow.CSM.TransitionScale:1.0]]
[2019.12.17-14.26.02:689][  0]LogConfig: Setting CVar [[r.Shadow.PreShadowResolutionFactor:1.0]]
[2019.12.17-14.26.02:689][  0]LogConfig: Setting CVar [[r.DistanceFieldShadowing:1]]
[2019.12.17-14.26.02:689][  0]LogConfig: Setting CVar [[r.DistanceFieldAO:1]]
[2019.12.17-14.26.02:689][  0]LogConfig: Setting CVar [[r.AOQuality:2]]
[2019.12.17-14.26.02:689][  0]LogConfig: Setting CVar [[r.VolumetricFog:1]]
[2019.12.17-14.26.02:689][  0]LogConfig: Setting CVar [[r.VolumetricFog.GridPixelSize:8]]
[2019.12.17-14.26.02:689][  0]LogConfig: Setting CVar [[r.VolumetricFog.GridSizeZ:128]]
[2019.12.17-14.26.02:689][  0]LogConfig: Setting CVar [[r.VolumetricFog.HistoryMissSupersampleCount:4]]
[2019.12.17-14.26.02:689][  0]LogConfig: Setting CVar [[r.LightMaxDrawDistanceScale:1]]
[2019.12.17-14.26.02:689][  0]LogConfig: Setting CVar [[r.CapsuleShadows:1]]
[2019.12.17-14.26.02:689][  0]LogConfig: Applying CVar settings from Section [PostProcessQuality@3] File [C:/Users/v.arabi/Documents/GitHub/The-Last/The Last/GameAlpha/TheLast/Saved/Config/Windows/Scalability.ini]
[2019.12.17-14.26.02:689][  0]LogConfig: Setting CVar [[r.MotionBlurQuality:4]]
[2019.12.17-14.26.02:689][  0]LogConfig: Setting CVar [[r.AmbientOcclusionMipLevelFactor:0.4]]
[2019.12.17-14.26.02:689][  0]LogConfig: Setting CVar [[r.AmbientOcclusionMaxQuality:100]]
[2019.12.17-14.26.02:689][  0]LogConfig: Setting CVar [[r.AmbientOcclusionLevels:-1]]
[2019.12.17-14.26.02:689][  0]LogConfig: Setting CVar [[r.AmbientOcclusionRadiusScale:1.0]]
[2019.12.17-14.26.02:689][  0]LogConfig: Setting CVar [[r.DepthOfFieldQuality:2]]
[2019.12.17-14.26.02:689][  0]LogConfig: Setting CVar [[r.RenderTargetPoolMin:400]]
[2019.12.17-14.26.02:689][  0]LogConfig: Setting CVar [[r.LensFlareQuality:2]]
[2019.12.17-14.26.02:689][  0]LogConfig: Setting CVar [[r.SceneColorFringeQuality:1]]
[2019.12.17-14.26.02:689][  0]LogConfig: Setting CVar [[r.EyeAdaptationQuality:2]]
[2019.12.17-14.26.02:689][  0]LogConfig: Setting CVar [[r.BloomQuality:5]]
[2019.12.17-14.26.02:689][  0]LogConfig: Setting CVar [[r.FastBlurThreshold:100]]
[2019.12.17-14.26.02:689][  0]LogConfig: Setting CVar [[r.Upscale.Quality:3]]
[2019.12.17-14.26.02:689][  0]LogConfig: Setting CVar [[r.Tonemapper.GrainQuantization:1]]
[2019.12.17-14.26.02:689][  0]LogConfig: Setting CVar [[r.LightShaftQuality:1]]
[2019.12.17-14.26.02:689][  0]LogConfig: Setting CVar [[r.Filter.SizeScale:1]]
[2019.12.17-14.26.02:689][  0]LogConfig: Setting CVar [[r.Tonemapper.Quality:5]]
[2019.12.17-14.26.02:689][  0]LogConfig: Setting CVar [[r.DOF.Gather.AccumulatorQuality:1        ; higher gathering accumulator quality]]
[2019.12.17-14.26.02:689][  0]LogConfig: Setting CVar [[r.DOF.Gather.PostfilterMethod:1          ; Median3x3 postfilering method]]
[2019.12.17-14.26.02:689][  0]LogConfig: Setting CVar [[r.DOF.Gather.EnableBokehSettings:0       ; no bokeh simulation when gathering]]
[2019.12.17-14.26.02:689][  0]LogConfig: Setting CVar [[r.DOF.Gather.RingCount:4                 ; medium number of samples when gathering]]
[2019.12.17-14.26.02:689][  0]LogConfig: Setting CVar [[r.DOF.Scatter.ForegroundCompositing:1    ; additive foreground scattering]]
[2019.12.17-14.26.02:689][  0]LogConfig: Setting CVar [[r.DOF.Scatter.BackgroundCompositing:2    ; additive background scattering]]
[2019.12.17-14.26.02:689][  0]LogConfig: Setting CVar [[r.DOF.Scatter.EnableBokehSettings:1      ; bokeh simulation when scattering]]
[2019.12.17-14.26.02:689][  0]LogConfig: Setting CVar [[r.DOF.Scatter.MaxSpriteRatio:0.1         ; only a maximum of 10% of scattered bokeh]]
[2019.12.17-14.26.02:689][  0]LogConfig: Setting CVar [[r.DOF.Recombine.Quality:1                ; cheap slight out of focus]]
[2019.12.17-14.26.02:689][  0]LogConfig: Setting CVar [[r.DOF.Recombine.EnableBokehSettings:0    ; no bokeh simulation on slight out of focus]]
[2019.12.17-14.26.02:689][  0]LogConfig: Setting CVar [[r.DOF.TemporalAAQuality:1                ; more stable temporal accumulation]]
[2019.12.17-14.26.02:689][  0]LogConfig: Setting CVar [[r.DOF.Kernel.MaxForegroundRadius:0.025]]
[2019.12.17-14.26.02:689][  0]LogConfig: Setting CVar [[r.DOF.Kernel.MaxBackgroundRadius:0.025]]
[2019.12.17-14.26.02:689][  0]LogConfig: Applying CVar settings from Section [TextureQuality@3] File [C:/Users/v.arabi/Documents/GitHub/The-Last/The Last/GameAlpha/TheLast/Saved/Config/Windows/Scalability.ini]
[2019.12.17-14.26.02:689][  0]LogConfig: Setting CVar [[r.Streaming.MipBias:0]]
[2019.12.17-14.26.02:689][  0]LogConfig: Setting CVar [[r.Streaming.AmortizeCPUToGPUCopy:0]]
[2019.12.17-14.26.02:689][  0]LogConfig: Setting CVar [[r.Streaming.MaxNumTexturesToStreamPerFrame:0]]
[2019.12.17-14.26.02:689][  0]LogConfig: Setting CVar [[r.Streaming.Boost:1]]
[2019.12.17-14.26.02:689][  0]LogConfig: Setting CVar [[r.MaxAnisotropy:8]]
[2019.12.17-14.26.02:689][  0]LogConfig: Setting CVar [[r.Streaming.LimitPoolSizeToVRAM:0]]
[2019.12.17-14.26.02:689][  0]LogConfig: Setting CVar [[r.Streaming.PoolSize:1000]]
[2019.12.17-14.26.02:689][  0]LogConfig: Setting CVar [[r.Streaming.MaxEffectiveScreenSize:0]]
[2019.12.17-14.26.02:689][  0]LogConfig: Applying CVar settings from Section [EffectsQuality@3] File [C:/Users/v.arabi/Documents/GitHub/The-Last/The Last/GameAlpha/TheLast/Saved/Config/Windows/Scalability.ini]
[2019.12.17-14.26.02:689][  0]LogConfig: Setting CVar [[r.TranslucencyLightingVolumeDim:64]]
[2019.12.17-14.26.02:689][  0]LogConfig: Setting CVar [[r.RefractionQuality:2]]
[2019.12.17-14.26.02:689][  0]LogConfig: Setting CVar [[r.SSR.Quality:3]]
[2019.12.17-14.26.02:689][  0]LogConfig: Setting CVar [[r.SceneColorFormat:4]]
[2019.12.17-14.26.02:689][  0]LogConfig: Setting CVar [[r.DetailMode:2]]
[2019.12.17-14.26.02:689][  0]LogConfig: Setting CVar [[r.TranslucencyVolumeBlur:1]]
[2019.12.17-14.26.02:690][  0]LogConfig: Setting CVar [[r.MaterialQualityLevel:1 ; High quality]]
[2019.12.17-14.26.02:690][  0]LogConfig: Setting CVar [[r.SSS.Scale:1]]
[2019.12.17-14.26.02:690][  0]LogConfig: Setting CVar [[r.SSS.SampleSet:2]]
[2019.12.17-14.26.02:690][  0]LogConfig: Setting CVar [[r.SSS.Quality:1]]
[2019.12.17-14.26.02:690][  0]LogConfig: Setting CVar [[r.SSS.HalfRes:1]]
[2019.12.17-14.26.02:690][  0]LogConfig: Setting CVar [[r.EmitterSpawnRateScale:1.0]]
[2019.12.17-14.26.02:690][  0]LogConfig: Setting CVar [[r.ParticleLightQuality:2]]
[2019.12.17-14.26.02:690][  0]LogConfig: Applying CVar settings from Section [FoliageQuality@3] File [C:/Users/v.arabi/Documents/GitHub/The-Last/The Last/GameAlpha/TheLast/Saved/Config/Windows/Scalability.ini]
[2019.12.17-14.26.02:690][  0]LogConfig: Setting CVar [[foliage.DensityScale:1.0]]
[2019.12.17-14.26.02:690][  0]LogConfig: Setting CVar [[grass.DensityScale:1.0]]
[2019.12.17-14.26.02:690][  0]LogConfig: Applying CVar settings from Section [Startup] File [../../../Engine/Config/ConsoleVariables.ini]
[2019.12.17-14.26.02:690][  0]LogConfig: Setting CVar [[net.UseAdaptiveNetUpdateFrequency:0]]
[2019.12.17-14.26.02:690][  0]LogConfig: Setting CVar [[p.chaos.AllowCreatePhysxBodies:1]]
[2019.12.17-14.26.02:690][  0]LogConfig: Applying CVar settings from Section [ConsoleVariables] File [C:/Users/v.arabi/Documents/GitHub/The-Last/The Last/GameAlpha/TheLast/Saved/Config/Windows/Engine.ini]
[2019.12.17-14.26.02:690][  0]LogInit: Computer: SA21CICLOS21
[2019.12.17-14.26.02:690][  0]LogInit: User: varabi
[2019.12.17-14.26.02:690][  0]LogInit: CPU Page size=4096, Cores=4
[2019.12.17-14.26.02:690][  0]LogInit: High frequency timer resolution =10.000000 MHz
[2019.12.17-14.26.02:690][  0]LogMemory: Memory total: Physical=15.9GB (16GB approx)
[2019.12.17-14.26.02:690][  0]LogMemory: Platform Memory Stats for Windows
[2019.12.17-14.26.02:690][  0]LogMemory: Process Physical Memory: 104.42 MB used, 104.42 MB peak
[2019.12.17-14.26.02:690][  0]LogMemory: Process Virtual Memory: 103.93 MB used, 103.93 MB peak
[2019.12.17-14.26.02:690][  0]LogMemory: Physical Memory: 5399.41 MB used,  10915.87 MB free, 16315.28 MB total
[2019.12.17-14.26.02:690][  0]LogMemory: Virtual Memory: 4693.02 MB used,  134213032.00 MB free, 134217728.00 MB total
[2019.12.17-14.26.02:695][  0]LogWindows: WindowsPlatformFeatures enabled
[2019.12.17-14.26.02:743][  0]LogInit: Using OS detected language (es-ES).
[2019.12.17-14.26.02:743][  0]LogInit: Using OS detected locale (es-ES).
[2019.12.17-14.26.02:744][  0]LogTextLocalizationManager: No specific localization for 'es-ES' exists, so the 'es' localization will be used.
[2019.12.17-14.26.02:801][  0]LogInit: Setting process to per monitor DPI aware
[2019.12.17-14.26.02:852][  0]LogSlate: New Slate User Created.  User Index 0, Is Virtual User: 0
[2019.12.17-14.26.02:852][  0]LogSlate: Slate User Registered.  User Index 0, Is Virtual User: 0
[2019.12.17-14.26.03:055][  0]LogHMD: Failed to initialize OpenVR with code 110
[2019.12.17-14.26.03:055][  0]LogD3D11RHI: D3D11 adapters:
[2019.12.17-14.26.03:148][  0]LogD3D11RHI:    0. 'NVIDIA GeForce RTX 2060' (Feature Level 11_0)
[2019.12.17-14.26.03:148][  0]LogD3D11RHI:       5980/0/8157 MB DedicatedVideo/DedicatedSystem/SharedSystem, Outputs:1, VendorId:0x10de
[2019.12.17-14.26.03:151][  0]LogD3D11RHI:    1. 'Microsoft Basic Render Driver' (Feature Level 11_0)
[2019.12.17-14.26.03:151][  0]LogD3D11RHI:       0/0/8157 MB DedicatedVideo/DedicatedSystem/SharedSystem, Outputs:0, VendorId:0x1414
[2019.12.17-14.26.03:151][  0]LogD3D11RHI: Chosen D3D11 Adapter: 0
[2019.12.17-14.26.03:161][  0]LogD3D11RHI: Creating new Direct3DDevice
[2019.12.17-14.26.03:161][  0]LogD3D11RHI:     GPU DeviceId: 0x1f08 (for the marketing name, search the web for "GPU Device Id")
[2019.12.17-14.26.03:161][  0]LogWindows: EnumDisplayDevices:
[2019.12.17-14.26.03:161][  0]LogWindows:    0. 'NVIDIA GeForce RTX 2060' (P:1 D:1)
[2019.12.17-14.26.03:162][  0]LogWindows:    1. 'NVIDIA GeForce RTX 2060' (P:0 D:0)
[2019.12.17-14.26.03:162][  0]LogWindows:    2. 'NVIDIA GeForce RTX 2060' (P:0 D:0)
[2019.12.17-14.26.03:163][  0]LogWindows:    3. 'NVIDIA GeForce RTX 2060' (P:0 D:0)
[2019.12.17-14.26.03:163][  0]LogWindows: DebugString: FoundDriverCount:4 
[2019.12.17-14.26.03:163][  0]LogD3D11RHI:     Adapter Name: NVIDIA GeForce RTX 2060
[2019.12.17-14.26.03:163][  0]LogD3D11RHI:   Driver Version: 441.20 (internal:26.21.14.4120, unified:441.20)
[2019.12.17-14.26.03:163][  0]LogD3D11RHI:      Driver Date: 11-6-2019
[2019.12.17-14.26.03:163][  0]LogRHI: Texture pool is 4186 MB (70% of 5980 MB)
[2019.12.17-14.26.03:229][  0]LogD3D11RHI: Async texture creation enabled
[2019.12.17-14.26.03:250][  0]LogD3D11RHI: GPU Timing Frequency: 1000.000000 (Debug: 2 1)
[2019.12.17-14.26.03:602][  0]LogTemp: Display: Module 'AllDesktopTargetPlatform' loaded TargetPlatform 'AllDesktop'
[2019.12.17-14.26.03:615][  0]LogTemp: Display: Module 'MacClientTargetPlatform' loaded TargetPlatform 'MacClient'
[2019.12.17-14.26.03:627][  0]LogTemp: Display: Module 'MacNoEditorTargetPlatform' loaded TargetPlatform 'MacNoEditor'
[2019.12.17-14.26.03:639][  0]LogTemp: Display: Module 'MacServerTargetPlatform' loaded TargetPlatform 'MacServer'
[2019.12.17-14.26.03:652][  0]LogTemp: Display: Module 'MacTargetPlatform' loaded TargetPlatform 'Mac'
[2019.12.17-14.26.03:664][  0]LogTemp: Display: Module 'WindowsClientTargetPlatform' loaded TargetPlatform 'WindowsClient'
[2019.12.17-14.26.03:677][  0]LogTemp: Display: Module 'WindowsNoEditorTargetPlatform' loaded TargetPlatform 'WindowsNoEditor'
[2019.12.17-14.26.03:689][  0]LogTemp: Display: Module 'WindowsServerTargetPlatform' loaded TargetPlatform 'WindowsServer'
[2019.12.17-14.26.03:696][  0]LogTemp: Display: Module 'WindowsTargetPlatform' loaded TargetPlatform 'Windows'
[2019.12.17-14.26.03:740][  0]LogTemp: Display: Module 'AndroidTargetPlatform' loaded TargetPlatform 'Android'
[2019.12.17-14.26.03:740][  0]LogTemp: Display: Module 'AndroidTargetPlatform' loaded TargetPlatform 'Android_ASTC'
[2019.12.17-14.26.03:740][  0]LogTemp: Display: Module 'AndroidTargetPlatform' loaded TargetPlatform 'Android_ATC'
[2019.12.17-14.26.03:740][  0]LogTemp: Display: Module 'AndroidTargetPlatform' loaded TargetPlatform 'Android_DXT'
[2019.12.17-14.26.03:740][  0]LogTemp: Display: Module 'AndroidTargetPlatform' loaded TargetPlatform 'Android_ETC1'
[2019.12.17-14.26.03:740][  0]LogTemp: Display: Module 'AndroidTargetPlatform' loaded TargetPlatform 'Android_ETC1a'
[2019.12.17-14.26.03:740][  0]LogTemp: Display: Module 'AndroidTargetPlatform' loaded TargetPlatform 'Android_ETC2'
[2019.12.17-14.26.03:740][  0]LogTemp: Display: Module 'AndroidTargetPlatform' loaded TargetPlatform 'Android_PVRTC'
[2019.12.17-14.26.03:740][  0]LogTemp: Display: Module 'AndroidTargetPlatform' loaded TargetPlatform 'AndroidClient'
[2019.12.17-14.26.03:740][  0]LogTemp: Display: Module 'AndroidTargetPlatform' loaded TargetPlatform 'Android_ASTCClient'
[2019.12.17-14.26.03:740][  0]LogTemp: Display: Module 'AndroidTargetPlatform' loaded TargetPlatform 'Android_ATCClient'
[2019.12.17-14.26.03:740][  0]LogTemp: Display: Module 'AndroidTargetPlatform' loaded TargetPlatform 'Android_DXTClient'
[2019.12.17-14.26.03:740][  0]LogTemp: Display: Module 'AndroidTargetPlatform' loaded TargetPlatform 'Android_ETC1Client'
[2019.12.17-14.26.03:740][  0]LogTemp: Display: Module 'AndroidTargetPlatform' loaded TargetPlatform 'Android_ETC1aClient'
[2019.12.17-14.26.03:740][  0]LogTemp: Display: Module 'AndroidTargetPlatform' loaded TargetPlatform 'Android_ETC2Client'
[2019.12.17-14.26.03:740][  0]LogTemp: Display: Module 'AndroidTargetPlatform' loaded TargetPlatform 'Android_PVRTCClient'
[2019.12.17-14.26.03:740][  0]LogTemp: Display: Module 'AndroidTargetPlatform' loaded TargetPlatform 'Android_Multi'
[2019.12.17-14.26.03:740][  0]LogTemp: Display: Module 'AndroidTargetPlatform' loaded TargetPlatform 'Android_MultiClient'
[2019.12.17-14.26.03:743][  0]LogTemp: Display: Module 'HTML5TargetPlatform' loaded TargetPlatform 'HTML5'
[2019.12.17-14.26.03:766][  0]LogTemp: Display: Module 'IOSTargetPlatform' loaded TargetPlatform 'IOSClient'
[2019.12.17-14.26.03:766][  0]LogTemp: Display: Module 'IOSTargetPlatform' loaded TargetPlatform 'IOS'
[2019.12.17-14.26.03:784][  0]LogTemp: Display: Module 'TVOSTargetPlatform' loaded TargetPlatform 'TVOSClient'
[2019.12.17-14.26.03:784][  0]LogTemp: Display: Module 'TVOSTargetPlatform' loaded TargetPlatform 'TVOS'
[2019.12.17-14.26.03:793][  0]LogTemp: Display: Module 'LinuxClientTargetPlatform' loaded TargetPlatform 'LinuxClient'
[2019.12.17-14.26.03:803][  0]LogTemp: Display: Module 'LinuxNoEditorTargetPlatform' loaded TargetPlatform 'LinuxNoEditor'
[2019.12.17-14.26.03:812][  0]LogTemp: Display: Module 'LinuxServerTargetPlatform' loaded TargetPlatform 'LinuxServer'
[2019.12.17-14.26.03:822][  0]LogTemp: Display: Module 'LinuxTargetPlatform' loaded TargetPlatform 'Linux'
[2019.12.17-14.26.03:853][  0]LogTemp: Display: Module 'LuminTargetPlatform' loaded TargetPlatform 'Lumin'
[2019.12.17-14.26.03:853][  0]LogTemp: Display: Module 'LuminTargetPlatform' loaded TargetPlatform 'LuminClient'
[2019.12.17-14.26.03:853][  0]LogTargetPlatformManager: Display: Building Assets For Windows
[2019.12.17-14.26.03:869][  0]LogAudioDebug: Display: Lib vorbis DLL was dynamically loaded.
[2019.12.17-14.26.03:961][  0]LogShaderCompilers: Guid format shader working directory is -37 characters bigger than the processId version (../../../../../../Users/v.arabi/Documents/GitHub/The-Last/The Last/GameAlpha/TheLast/Intermediate/Shaders/WorkingDirectory/13500/).
[2019.12.17-14.26.03:961][  0]LogShaderCompilers: Cleaned the shader compiler working directory 'C:/Users/v.arabi/AppData/Local/Temp/UnrealShaderWorkingDir/FDDC58794B82377AC5C082BEBFD6FF98/'.
[2019.12.17-14.26.03:966][  0]LogXGEController: Cannot use XGE Controller as Incredibuild is not installed on this machine.
[2019.12.17-14.26.03:966][  0]LogShaderCompilers: Cannot use XGE Shader Compiler as Incredibuild is not installed on this machine.
[2019.12.17-14.26.03:966][  0]LogShaderCompilers: Display: Using Local Shader Compiler.
[2019.12.17-14.26.04:678][  0]LogDerivedDataCache: Display: Max Cache Size: 512 MB
[2019.12.17-14.26.04:777][  0]LogDerivedDataCache: Loaded boot cache 0.10s 76MB C:/Users/v.arabi/AppData/Local/UnrealEngine/4.23/DerivedDataCache/Boot.ddc.
[2019.12.17-14.26.04:783][  0]LogDerivedDataCache: Display: Loaded Boot cache: C:/Users/v.arabi/AppData/Local/UnrealEngine/4.23/DerivedDataCache/Boot.ddc
[2019.12.17-14.26.04:783][  0]LogDerivedDataCache: FDerivedDataBackendGraph:  Pak pak cache file ../../../../../../Users/v.arabi/Documents/GitHub/The-Last/The Last/GameAlpha/TheLast/DerivedDataCache/DDC.ddp not found, will not use a pak cache.
[2019.12.17-14.26.04:783][  0]LogDerivedDataCache: Unable to find inner node Pak for hierarchical cache Hierarchy.
[2019.12.17-14.26.04:783][  0]LogDerivedDataCache: FDerivedDataBackendGraph:  CompressedPak pak cache file ../../../../../../Users/v.arabi/Documents/GitHub/The-Last/The Last/GameAlpha/TheLast/DerivedDataCache/Compressed.ddp not found, will not use a pak cache.
[2019.12.17-14.26.04:784][  0]LogDerivedDataCache: Unable to find inner node CompressedPak for hierarchical cache Hierarchy.
[2019.12.17-14.26.04:797][  0]LogDerivedDataCache: Display: Pak cache opened for reading ../../../Engine/DerivedDataCache/Compressed.ddp.
[2019.12.17-14.26.04:797][  0]LogDerivedDataCache: FDerivedDataBackendGraph:  EnterprisePak pak cache file ../../../Enterprise/DerivedDataCache/Compressed.ddp not found, will not use a pak cache.
[2019.12.17-14.26.04:797][  0]LogDerivedDataCache: Unable to find inner node EnterprisePak for hierarchical cache Hierarchy.
[2019.12.17-14.26.04:799][  0]LogDerivedDataCache: Using Local data cache path C:/Users/v.arabi/AppData/Local/UnrealEngine/Common/DerivedDataCache: Writable
[2019.12.17-14.26.04:799][  0]LogDerivedDataCache: Shared data cache path not found in *engine.ini, will not use an Shared cache.
[2019.12.17-14.26.04:799][  0]LogDerivedDataCache: Unable to find inner node Shared for hierarchical cache Hierarchy.
[2019.12.17-14.26.04:823][  0]LogMaterial: Verifying Global Shaders for PCD3D_SM5
[2019.12.17-14.26.04:826][  0]LogSlate: Using FreeType 2.6.0
[2019.12.17-14.26.04:826][  0]LogSlate: SlateFontServices - WITH_FREETYPE: 1, WITH_HARFBUZZ: 1
[2019.12.17-14.26.04:900][  0]LogAssetRegistry: FAssetRegistry took 0.0029 seconds to start up
[2019.12.17-14.26.05:211][  0]LogInit: Selected Device Profile: [Windows]
[2019.12.17-14.26.05:396][  0]LogMeshReduction: Using QuadricMeshReduction for automatic static mesh reduction
[2019.12.17-14.26.05:396][  0]LogMeshReduction: Using SimplygonMeshReduction for automatic skeletal mesh reduction
[2019.12.17-14.26.05:396][  0]LogMeshReduction: Using ProxyLODMeshReduction for automatic mesh merging
[2019.12.17-14.26.05:396][  0]LogMeshReduction: No distributed automatic mesh merging module available
[2019.12.17-14.26.05:396][  0]LogMeshMerging: No distributed automatic mesh merging module available
[2019.12.17-14.26.05:408][  0]LogNetVersion: TheLast 1.0.0, NetCL: 8386587, EngineNetVer: 11, GameNetVer: 0 (Checksum: 2690468633)
[2019.12.17-14.26.05:910][  0]LogPackageLocalizationCache: Processed 12 localized package path(s) for 1 prioritized culture(s) in 0.047963 seconds
[2019.12.17-14.26.05:918][  0]LogUObjectArray: 43444 objects as part of root set at end of initial load.
[2019.12.17-14.26.05:918][  0]LogUObjectAllocator: 7548648 out of 0 bytes used by permanent object pool.
[2019.12.17-14.26.05:918][  0]LogUObjectArray: CloseDisregardForGC: 0/0 objects in disregard for GC pool
[2019.12.17-14.26.07:042][  0]LogTcpMessaging: Initializing TcpMessaging bridge
[2019.12.17-14.26.07:046][  0]LogUdpMessaging: Initializing bridge on interface 0.0.0.0:0 to multicast group 230.0.0.1:6666.
[2019.12.17-14.26.07:118][  0]SourceControl: El control de código fuente está desactivado
[2019.12.17-14.26.07:118][  0]SourceControl: El control de código fuente está desactivado
[2019.12.17-14.26.07:121][  0]SourceControl: El control de código fuente está desactivado
[2019.12.17-14.26.07:122][  0]SourceControl: El control de código fuente está desactivado
[2019.12.17-14.26.07:251][  0]LogAndroidPermission: UAndroidPermissionCallbackProxy::GetInstance
[2019.12.17-14.26.07:420][  0]LogOcInput: OculusInput pre-init called
[2019.12.17-14.26.08:236][  0]LogEngine: Initializing Engine...
[2019.12.17-14.26.08:236][  0]LogHMD: Failed to initialize OpenVR with code 110
[2019.12.17-14.26.08:238][  0]LogStats: UGameplayTagsManager::InitializeManager -  0.000 s
[2019.12.17-14.26.08:497][  0]LogInit: Initializing FReadOnlyCVARCache
[2019.12.17-14.26.08:520][  0]LogAIModule: Creating AISystem for world Untitled
[2019.12.17-14.26.08:558][  0]LogInit: XAudio2 using 'Acer V246HL (NVIDIA High Definition Audio)' : 2 channels at 48 kHz using 16 bits per sample (channel mask 0x3)
[2019.12.17-14.26.08:644][  0]LogInit: FAudioDevice initialized.
[2019.12.17-14.26.08:644][  0]LogNetVersion: Set ProjectVersion to 1.0.0.0. Version Checksum will be recalculated on next use.
[2019.12.17-14.26.08:747][  0]LogDerivedDataCache: Saved boot cache 0.10s 76MB C:/Users/v.arabi/AppData/Local/UnrealEngine/4.23/DerivedDataCache/Boot.ddc.
[2019.12.17-14.26.08:761][  0]LogInit: Texture streaming: Enabled
[2019.12.17-14.26.08:792][  0]LogEngineSessionManager: EngineSessionManager initialized
[2019.12.17-14.26.08:792][  0]LogEditorSessionSummary: Verbose: Initializing EditorSessionSummaryWriter for editor session tracking
[2019.12.17-14.26.08:793][  0]LogEditorSessionSummary: EditorSessionSummaryWriter initialized
[2019.12.17-14.26.08:855][  0]LogInit: Transaction tracking system initialized
[2019.12.17-14.26.08:923][  0]BlueprintLog: New page: Cargar el editor
[2019.12.17-14.26.09:062][  0]LocalizationService: Localization service is disabled
[2019.12.17-14.26.09:367][  0]LogFileCache: Scanning file cache for directory 'C:/Users/v.arabi/Documents/GitHub/The-Last/The Last/GameAlpha/TheLast/Content/' took 0.01s
[2019.12.17-14.26.09:367][  0]LogCook: Display: Max memory allowance for cook 16384mb min free memory 0mb
[2019.12.17-14.26.09:368][  0]LogCook: Display: Mobile HDR setting 1
[2019.12.17-14.26.09:631][  0]SourceControl: El control de código fuente está desactivado
[2019.12.17-14.26.09:631][  0]Cmd: MAP LOAD FILE="../../../../../../Users/v.arabi/Documents/GitHub/The-Last/The Last/GameAlpha/TheLast/Content/ThirdPersonBP/Maps/ThirdPersonExampleMap.umap" TEMPLATE=0 SHOWPROGRESS=1 FEATURELEVEL=3
[2019.12.17-14.26.09:631][  0]LightingResults: New page: Diseñar la iluminación
[2019.12.17-14.26.09:636][  0]LogWorld: UWorld::CleanupWorld for Untitled, bSessionEnded=true, bCleanupResources=true
[2019.12.17-14.26.09:636][  0]MapCheck: New page: Revisión del mapa
[2019.12.17-14.26.09:636][  0]LightingResults: New page: Diseñar la iluminación
[2019.12.17-14.26.09:662][  0]LogUObjectHash: Compacting FUObjectHashTables data took   1.95ms
[2019.12.17-14.26.09:993][  0]LogAIModule: Creating AISystem for world ThirdPersonExampleMap
[2019.12.17-14.26.10:004][  0]LogEditorServer: Finished looking for orphan Actors (0.000 secs)
[2019.12.17-14.26.10:031][  0]LogUObjectHash: Compacting FUObjectHashTables data took   2.50ms
[2019.12.17-14.26.10:032][  0]Cmd: MAP CHECKDEP NOCLEARLOG
[2019.12.17-14.26.10:032][  0]MapCheck: Map check complete: 0 Error(s), 0 Warning(s), took 0,253ms to complete.
[2019.12.17-14.26.10:032][  0]LogFileHelpers: Loading map 'ThirdPersonExampleMap' took 0.401
[2019.12.17-14.26.10:189][  0]LogSlate: Updating window title bar state: overlay mode, drag disabled, window buttons hidden, title bar hidden
[2019.12.17-14.26.10:197][  0]LogSlate: Updating window title bar state: overlay mode, drag disabled, window buttons hidden, title bar hidden
[2019.12.17-14.26.10:206][  0]LogSlate: Updating window title bar state: overlay mode, drag disabled, window buttons hidden, title bar hidden
[2019.12.17-14.26.10:215][  0]LogSlate: Updating window title bar state: overlay mode, drag disabled, window buttons hidden, title bar hidden
[2019.12.17-14.26.10:231][  0]LogCollectionManager: Loaded 0 collections in 0.003450 seconds
[2019.12.17-14.26.10:258][  0]LogFileCache: Scanning file cache for directory 'C:/Users/v.arabi/Documents/GitHub/The-Last/The Last/GameAlpha/TheLast/Saved/Collections/' took 0.00s
[2019.12.17-14.26.10:259][  0]LogFileCache: Scanning file cache for directory 'C:/Users/v.arabi/Documents/GitHub/The-Last/The Last/GameAlpha/TheLast/Content/Developers/varabi/Collections/' took 0.00s
[2019.12.17-14.26.10:259][  0]LogFileCache: Scanning file cache for directory 'C:/Users/v.arabi/Documents/GitHub/The-Last/The Last/GameAlpha/TheLast/Content/Collections/' took 0.00s
[2019.12.17-14.26.10:259][  0]LogCollectionManager: Rebuilt the GUID cache for 0 collections in 0.000002 seconds
[2019.12.17-14.26.10:271][  0]LogContentBrowser: Native class hierarchy populated in 0.0110 seconds. Added 2863 classes and 680 folders.
[2019.12.17-14.26.10:288][  0]LogContentBrowser: Native class hierarchy updated for 'WidgetCarousel' in 0.0020 seconds. Added 0 classes and 0 folders.
[2019.12.17-14.26.10:445][  0]LogContentBrowser: Native class hierarchy updated for 'AddContentDialog' in 0.0016 seconds. Added 0 classes and 0 folders.
[2019.12.17-14.26.10:461][  0]LogContentBrowser: Native class hierarchy updated for 'SceneOutliner' in 0.0017 seconds. Added 1 classes and 2 folders.
[2019.12.17-14.26.10:506][  0]LogSlate: Took 0.000191 seconds to synchronously load lazily loaded font '../../../Engine/Content/Slate/Fonts/Roboto-Regular.ttf' (155K)
[2019.12.17-14.26.10:510][  0]LogSlate: Took 0.000408 seconds to synchronously load lazily loaded font '../../../Engine/Content/Slate/Fonts/Roboto-Bold.ttf' (160K)
[2019.12.17-14.26.10:518][  0]LogSlate: Took 0.001717 seconds to synchronously load lazily loaded font '../../../Engine/Content/Editor/Slate/Fonts/FontAwesome.ttf' (139K)
[2019.12.17-14.26.10:613][  0]LogRenderer: Reallocating scene render targets to support 1208x572 Format 10 NumSamples 1 (Frame:1).
[2019.12.17-14.26.10:780][  0]LogContentBrowser: Native class hierarchy updated for 'HierarchicalLODOutliner' in 0.0016 seconds. Added 0 classes and 0 folders.
[2019.12.17-14.26.10:780][  0]LogLoad: (Engine Initialization) Total time: 10.63 seconds
[2019.12.17-14.26.10:780][  0]LogLoad: (Engine Initialization) Total Blueprint compile time: 0.00 seconds
[2019.12.17-14.26.10:790][  0]LogWindowsTextInputMethodSystem: Display: IME system now deactivated.
[2019.12.17-14.26.10:840][  0]LogContentStreaming: Texture pool size now 1000 MB
[2019.12.17-14.26.10:870][  0]LogSlate: Took 0.001488 seconds to synchronously load lazily loaded font '../../../Engine/Content/Slate/Fonts/Roboto-Light.ttf' (167K)
[2019.12.17-14.26.10:900][  1]LogAssetRegistry: Asset discovery search completed in 6.0010 seconds
[2019.12.17-14.26.10:904][  1]LogCollectionManager: Rebuilt the object cache for 0 collections in 0.000009 seconds (found 0 objects)
[2019.12.17-14.26.10:904][  1]LogCollectionManager: Fixed up redirectors for 0 collections in 0.000069 seconds (updated 0 objects)
[2019.12.17-14.27.10:787][166]LogEditorSessionSummary: EditorSessionSummary sent report. Type=Shutdown, SessionId={675BA4FD-43EB-B11F-121F-F8848606D8E9}
[2019.12.17-14.36.12:496][391]LogEditorSessionSummary: EditorSessionSummary sent report. Type=Shutdown, SessionId={42FAD62F-4C51-71EF-976E-D0B223F0E6F2}
[2019.12.17-14.37.05:786][511]LogSlate: Took 0.000263 seconds to synchronously load lazily loaded font '../../../Engine/Content/Slate/Fonts/Roboto-Light.ttf' (167K)
[2019.12.17-14.37.05:790][511]LogSlate: FSceneViewport::OnFocusLost() reason 5
[2019.12.17-14.37.05:811][511]LogFactory: FactoryCreateFile: StaticMesh with FbxFactory (0 0 C:\Users\v.arabi\Downloads\Animacions The Last\Slash.fbx)
[2019.12.17-14.37.05:849][511]LogFbx: Loading FBX Scene from C:\Users\v.arabi\Downloads\Animacions The Last\Slash.fbx
[2019.12.17-14.37.05:914][511]LogFbx: FBX Scene Loaded Succesfully
[2019.12.17-14.37.19:107][511]LogSlate: Window 'Opciones de importación de FBX' being destroyed
[2019.12.17-14.37.19:174][511]LogFbx: Warning: Not valid bind pose for Pose (skinCluster1) - Node Beta_Joints : The relative matrices do not match
[2019.12.17-14.37.19:175][511]LogFbx: Warning: Not valid bind pose for Pose (skinCluster1) - Node Beta_Surface : The relative matrices do not match
[2019.12.17-14.37.19:175][511]LogFbx: Warning: Not valid bind pose for Pose (skinCluster2) - Node Beta_Joints : The relative matrices do not match
[2019.12.17-14.37.19:176][511]LogFbx: Warning: Not valid bind pose for Pose (skinCluster2) - Node Beta_Surface : The relative matrices do not match
[2019.12.17-14.37.19:176][511]LogFbx: Warning: Getting valid bind pose failed. Try to recreate bind pose
[2019.12.17-14.37.19:177][511]LogFbx: Valid bind pose for Pose (FbxSDKBindPose) - Beta_Joints
[2019.12.17-14.37.19:177][511]LogFbx: Warning: Recreating bind pose succeeded.
[2019.12.17-14.37.19:380][511]LogMaterial: Display: Material /Game/MCO_Mocap_Basics/Animation/Beta_Joints_MAT.Beta_Joints_MAT needed to have new flag set bUsedWithSkeletalMesh !
[2019.12.17-14.37.19:383][511]LogMaterial: Display: Missing cached shader map for material Beta_Joints_MAT, compiling. 
[2019.12.17-14.37.19:475][511]LogShaderCompilers: Display: Worker (1/3): shaders left to compile 60
[2019.12.17-14.37.19:475][511]LogShaderCompilers: Display: Worker (2/3): shaders left to compile 50
[2019.12.17-14.37.19:475][511]LogShaderCompilers: Display: Worker (3/3): shaders left to compile 40
[2019.12.17-14.37.19:480][511]LogMaterial: Display: Missing cached shader map for material Beta_Joints_MAT, compiling. 
[2019.12.17-14.37.19:520][511]LogFbx: Triangulating skeletal mesh Beta_Joints
[2019.12.17-14.37.22:314][511]LogMaterial: Display: Material /Game/MCO_Mocap_Basics/Animation/Beta_HighLimbsGeoSG2.Beta_HighLimbsGeoSG2 needed to have new flag set bUsedWithSkeletalMesh !
[2019.12.17-14.37.22:317][511]LogMaterial: Display: Missing cached shader map for material Beta_HighLimbsGeoSG2, compiling. 
[2019.12.17-14.37.22:364][511]LogMaterial: Display: Missing cached shader map for material Beta_HighLimbsGeoSG2, compiling. 
[2019.12.17-14.37.22:405][511]LogFbx: Triangulating skeletal mesh Beta_Surface
[2019.12.17-14.37.25:864][511]LogFbx: Warning: Bones digested - 67  Depth of hierarchy - 12
[2019.12.17-14.37.26:969][511]LogShaderCompilers: Display: Worker (1/3): shaders left to compile 120
[2019.12.17-14.37.26:969][511]LogShaderCompilers: Display: Worker (3/3): shaders left to compile 110
[2019.12.17-14.37.27:227][511]LogSkeletalMesh: Section 0: 12473 vertices, 37 active bones
[2019.12.17-14.37.27:231][511]LogSkeletalMesh: Section 1: 15839 vertices, 50 active bones
[2019.12.17-14.37.27:236][511]LogSkeletalMesh: Section 0: Material=0, 20840 triangles
[2019.12.17-14.37.27:236][511]LogSkeletalMesh: Section 1: Material=1, 28272 triangles
[2019.12.17-14.37.27:244][511]LogSkeletalMesh: Building Skeletal Mesh Slash...
[2019.12.17-14.37.27:335][511]LogSkeletalMesh: Built Skeletal Mesh [0.09s] /Game/MCO_Mocap_Basics/Animation/Slash.Slash
[2019.12.17-14.37.28:730][511]LogShaderCompilers: Display: Worker (2/3): shaders left to compile 100
[2019.12.17-14.37.29:852][511]LogShaderCompilers: Display: Worker (1/3): shaders left to compile 90
[2019.12.17-14.37.31:790][511]LogShaderCompilers: Display: Worker (2/3): shaders left to compile 80
[2019.12.17-14.37.31:926][511]LogShaderCompilers: Display: Worker (3/3): shaders left to compile 70
[2019.12.17-14.37.33:662][511]LogShaderCompilers: Display: Worker (1/3): shaders left to compile 60
[2019.12.17-14.37.34:731][511]LogShaderCompilers: Display: Worker (2/3): shaders left to compile 50
[2019.12.17-14.37.35:601][511]LogShaderCompilers: Display: Worker (3/3): shaders left to compile 40
[2019.12.17-14.37.36:787][511]LogShaderCompilers: Display: Worker (1/3): shaders left to compile 30
[2019.12.17-14.37.38:555][511]LogShaderCompilers: Display: Worker (3/3): shaders left to compile 20
[2019.12.17-14.37.39:727][511]LogShaderCompilers: Display: Worker (2/3): shaders left to compile 13
[2019.12.17-14.37.39:933][511]LogSlate: Window 'Mensaje' being destroyed
[2019.12.17-14.37.39:943][511]LogAnimationCompression: Building Anim DDC data for AnimSequence /Game/Mannequin/Animations/ThirdPersonIdle.ThirdPersonIdle
[2019.12.17-14.37.39:944][511]LogAnimationCompression: Recompressing (AnimSequence /Game/Mannequin/Animations/ThirdPersonIdle.ThirdPersonIdle) using current/default (AnimCompress_RemoveLinearKeys_1) bFirstRecompressUsingCurrentOrDefault(1) bTryAlternateCompressor(0) IsCompressedDataValid(0)
[2019.12.17-14.37.39:949][511]LogAnimationCompression: Building Anim DDC data for AnimSequence /Game/Mannequin/Animations/ThirdPersonWalk.ThirdPersonWalk
[2019.12.17-14.37.39:949][511]LogAnimationCompression: Recompressing (AnimSequence /Game/Mannequin/Animations/ThirdPersonWalk.ThirdPersonWalk) using current/default (AnimCompress_RemoveLinearKeys_5) bFirstRecompressUsingCurrentOrDefault(1) bTryAlternateCompressor(0) IsCompressedDataValid(0)
[2019.12.17-14.37.39:951][511]LogAnimationCompression: Building Anim DDC data for AnimSequence /Game/Mannequin/Animations/ThirdPersonRun.ThirdPersonRun
[2019.12.17-14.37.39:951][511]LogAnimationCompression: Recompressing (AnimSequence /Game/Mannequin/Animations/ThirdPersonRun.ThirdPersonRun) using current/default (AnimCompress_RemoveLinearKeys_4) bFirstRecompressUsingCurrentOrDefault(1) bTryAlternateCompressor(0) IsCompressedDataValid(0)
[2019.12.17-14.37.39:964][511]LogAnimationCompression: Building Anim DDC data for AnimSequence /Game/Mannequin/Animations/ThirdPerson_Jump.ThirdPerson_Jump
[2019.12.17-14.37.39:964][511]LogAnimationCompression: Recompressing (AnimSequence /Game/Mannequin/Animations/ThirdPerson_Jump.ThirdPerson_Jump) using current/default (AnimCompress_RemoveLinearKeys_0) bFirstRecompressUsingCurrentOrDefault(1) bTryAlternateCompressor(0) IsCompressedDataValid(0)
[2019.12.17-14.37.39:966][511]LogAnimationCompression: Building Anim DDC data for AnimSequence /Game/Mannequin/Animations/ThirdPersonJump_Loop.ThirdPersonJump_Loop
[2019.12.17-14.37.39:966][511]LogAnimationCompression: Recompressing (AnimSequence /Game/Mannequin/Animations/ThirdPersonJump_Loop.ThirdPersonJump_Loop) using current/default (AnimCompress_RemoveLinearKeys_2) bFirstRecompressUsingCurrentOrDefault(1) bTryAlternateCompressor(0) IsCompressedDataValid(0)
[2019.12.17-14.37.39:969][511]LogAnimationCompression: Building Anim DDC data for AnimSequence /Game/Mannequin/Animations/ThirdPersonJump_Start.ThirdPersonJump_Start
[2019.12.17-14.37.39:969][511]LogAnimationCompression: Recompressing (AnimSequence /Game/Mannequin/Animations/ThirdPersonJump_Start.ThirdPersonJump_Start) using current/default (AnimCompress_RemoveLinearKeys_3) bFirstRecompressUsingCurrentOrDefault(1) bTryAlternateCompressor(0) IsCompressedDataValid(0)
[2019.12.17-14.37.40:272][511]LogShaderCompilers: Display: Worker (3/3): shaders left to compile 8
[2019.12.17-14.37.40:646][511]LogShaderCompilers: Display: Worker (1/3): shaders left to compile 5
[2019.12.17-14.37.41:409][511]LogShaderCompilers: Display: Worker (1/3): shaders left to compile 3
[2019.12.17-14.37.41:630][511]LogShaderCompilers: Display: Worker (3/3): shaders left to compile 1
[2019.12.17-14.37.41:869][511]LogSlate: Window 'Mensaje' being destroyed
[2019.12.17-14.37.43:235][511]LogSlate: Window 'Mensaje' being destroyed
[2019.12.17-14.37.43:250][511]LogLinker: Error al cargar '{FileName}': No puede encontrar el archivo
[2019.12.17-14.37.43:250][511]LogLinker: Error al cargar '{FileName}': No puede encontrar el archivo
[2019.12.17-14.37.43:263][511]LogWorld: UWorld::CleanupWorld for World_0, bSessionEnded=true, bCleanupResources=true
[2019.12.17-14.37.43:272][511]LogSkeletalMesh: Building Skeletal Mesh Slash...
[2019.12.17-14.37.43:361][511]LogSkeletalMesh: Built Skeletal Mesh [0.09s] /Game/MCO_Mocap_Basics/Animation/Slash.Slash
[2019.12.17-14.37.43:383][511]FBXImport: Warning: No smoothing group information was found in this FBX scene.  Please make sure to enable the 'Export Smoothing Groups' option in the FBX Exporter plug-in before exporting the file.  Even for tools that don't support smoothing groups, the FBX Exporter will generate appropriate smoothing data at export-time so that correct vertex normals can be inferred while importing. 
[2019.12.17-14.37.43:384][511]FBXImport: Warning: The following bones are missing from the bind pose:
mixamorig:HeadTop_End  
mixamorig:LeftEye  
mixamorig:RightEye  
mixamorig:LeftHandThumb4  
mixamorig:LeftHandIndex4  
mixamorig:LeftHandMiddle4  
mixamorig:LeftHandRing4  
mixamorig:LeftHandPinky4  
mixamorig:RightHandPinky4  
mixamorig:RightHandRing4  
mixamorig:RightHandMiddle4  
mixamorig:RightHandIndex4  
mixamorig:RightHandThumb4  
mixamorig:LeftToe_End  
mixamorig:RightToe_End  

This can happen for bones that are not vert weighted. If they are not in the correct orientation after importing,
please set the "Use T0 as ref pose" option or add them to the bind pose and reimport the skeletal mesh. 
[2019.12.17-14.37.43:396][511]LogSkeletalMesh: Building Skeletal Mesh Slash...
[2019.12.17-14.37.43:481][511]LogSkeletalMesh: Built Skeletal Mesh [0.09s] /Game/MCO_Mocap_Basics/Animation/Slash.Slash
[2019.12.17-14.37.45:447][709]LogSlate: Window 'Registro del mensaje' being destroyed
[2019.12.17-14.37.45:452][709]LogSlate: Window 'Registro del mensaje' being destroyed
[2019.12.17-14.37.46:668][820]LogUObjectHash: Compacting FUObjectHashTables data took   1.92ms
[2019.12.17-14.37.46:668][820]LogFileHelpers: Editor autosave (incl. sublevels) for '/Game/ThirdPersonBP/Maps/ThirdPersonExampleMap' took 0.025
[2019.12.17-14.37.46:670][820]OBJ SavePackage: Generating thumbnails for [1] asset(s) in package [/Game/Mannequin/Animations/ThirdPerson_Jump] ([1] browsable assets)...
[2019.12.17-14.37.48:621][820]LogSlate: Window 'Mensaje' being destroyed
[2019.12.17-14.37.48:629][820]LoadErrors: Error: The Skeleton  UE4_Mannequin_Skeleton is missing bones that SkeletalMesh  SK_Mannequin needs. They will be added now. Please save the Skeleton!
[2019.12.17-14.37.48:697][820]OBJ SavePackage:     Rendered thumbnail for [AnimSequence /Game/Mannequin/Animations/ThirdPerson_Jump.ThirdPerson_Jump]
[2019.12.17-14.37.48:697][820]OBJ SavePackage: Finished generating thumbnails for package [/Game/Mannequin/Animations/ThirdPerson_Jump]
[2019.12.17-14.37.48:719][820]LogSavePackage: Moving '../../../../../../Users/v.arabi/Documents/GitHub/The-Last/The Last/GameAlpha/TheLast/Saved/ThirdPerson_Jump_Auto1849F0FE64A950D175E8EC48FB3B20386.tmp' to '../../../../../../Users/v.arabi/Documents/GitHub/The-Last/The Last/GameAlpha/TheLast/Saved/Autosaves/Game/Mannequin/Animations/ThirdPerson_Jump_Auto1.uasset'
[2019.12.17-14.37.48:721][820]OBJ SavePackage: Generating thumbnails for [0] asset(s) in package [/Game/Mannequin/Character/Mesh/UE4_Mannequin_Skeleton] ([1] browsable assets)...
[2019.12.17-14.37.48:721][820]OBJ SavePackage: Finished generating thumbnails for package [/Game/Mannequin/Character/Mesh/UE4_Mannequin_Skeleton]
[2019.12.17-14.37.48:729][820]LogSavePackage: Moving '../../../../../../Users/v.arabi/Documents/GitHub/The-Last/The Last/GameAlpha/TheLast/Saved/UE4_Mannequin_Skeleton_Auto16DE6C0444F63B49843DF58BCEBB802D0.tmp' to '../../../../../../Users/v.arabi/Documents/GitHub/The-Last/The Last/GameAlpha/TheLast/Saved/Autosaves/Game/Mannequin/Character/Mesh/UE4_Mannequin_Skeleton_Auto1.uasset'
[2019.12.17-14.37.48:730][820]OBJ SavePackage: Generating thumbnails for [1] asset(s) in package [/Game/Mannequin/Animations/ThirdPersonJump_Loop] ([1] browsable assets)...
[2019.12.17-14.37.48:742][820]OBJ SavePackage:     Rendered thumbnail for [AnimSequence /Game/Mannequin/Animations/ThirdPersonJump_Loop.ThirdPersonJump_Loop]
[2019.12.17-14.37.48:742][820]OBJ SavePackage: Finished generating thumbnails for package [/Game/Mannequin/Animations/ThirdPersonJump_Loop]
[2019.12.17-14.37.48:758][820]LogSavePackage: Moving '../../../../../../Users/v.arabi/Documents/GitHub/The-Last/The Last/GameAlpha/TheLast/Saved/ThirdPersonJump_Loop_Auto196DDE45040009FE910CA20A46008B2C2.tmp' to '../../../../../../Users/v.arabi/Documents/GitHub/The-Last/The Last/GameAlpha/TheLast/Saved/Autosaves/Game/Mannequin/Animations/ThirdPersonJump_Loop_Auto1.uasset'
[2019.12.17-14.37.48:760][820]OBJ SavePackage: Generating thumbnails for [1] asset(s) in package [/Game/Mannequin/Animations/ThirdPersonJump_Start] ([1] browsable assets)...
[2019.12.17-14.37.48:771][820]OBJ SavePackage:     Rendered thumbnail for [AnimSequence /Game/Mannequin/Animations/ThirdPersonJump_Start.ThirdPersonJump_Start]
[2019.12.17-14.37.48:771][820]OBJ SavePackage: Finished generating thumbnails for package [/Game/Mannequin/Animations/ThirdPersonJump_Start]
[2019.12.17-14.37.48:788][820]LogSavePackage: Moving '../../../../../../Users/v.arabi/Documents/GitHub/The-Last/The Last/GameAlpha/TheLast/Saved/ThirdPersonJump_Start_Auto1214993FC47F4E6137CE39C853E15BF35.tmp' to '../../../../../../Users/v.arabi/Documents/GitHub/The-Last/The Last/GameAlpha/TheLast/Saved/Autosaves/Game/Mannequin/Animations/ThirdPersonJump_Start_Auto1.uasset'
[2019.12.17-14.37.48:789][820]OBJ SavePackage: Generating thumbnails for [1] asset(s) in package [/Game/Mannequin/Animations/ThirdPerson_IdleRun_2D] ([1] browsable assets)...
[2019.12.17-14.37.48:807][820]OBJ SavePackage:     Rendered thumbnail for [BlendSpace1D /Game/Mannequin/Animations/ThirdPerson_IdleRun_2D.ThirdPerson_IdleRun_2D]
[2019.12.17-14.37.48:807][820]OBJ SavePackage: Finished generating thumbnails for package [/Game/Mannequin/Animations/ThirdPerson_IdleRun_2D]
[2019.12.17-14.37.48:823][820]LogSavePackage: Moving '../../../../../../Users/v.arabi/Documents/GitHub/The-Last/The Last/GameAlpha/TheLast/Saved/ThirdPerson_IdleRun_2D_Auto1F418A59244F617AB5B4EF5BED050C6F3.tmp' to '../../../../../../Users/v.arabi/Documents/GitHub/The-Last/The Last/GameAlpha/TheLast/Saved/Autosaves/Game/Mannequin/Animations/ThirdPerson_IdleRun_2D_Auto1.uasset'
[2019.12.17-14.37.48:824][820]OBJ SavePackage: Generating thumbnails for [1] asset(s) in package [/Game/Mannequin/Animations/ThirdPersonIdle] ([1] browsable assets)...
[2019.12.17-14.37.48:837][820]OBJ SavePackage:     Rendered thumbnail for [AnimSequence /Game/Mannequin/Animations/ThirdPersonIdle.ThirdPersonIdle]
[2019.12.17-14.37.48:837][820]OBJ SavePackage: Finished generating thumbnails for package [/Game/Mannequin/Animations/ThirdPersonIdle]
[2019.12.17-14.37.48:854][820]LogSavePackage: Moving '../../../../../../Users/v.arabi/Documents/GitHub/The-Last/The Last/GameAlpha/TheLast/Saved/ThirdPersonIdle_Auto17427C0A04C438DD8CDDFF284438858CA.tmp' to '../../../../../../Users/v.arabi/Documents/GitHub/The-Last/The Last/GameAlpha/TheLast/Saved/Autosaves/Game/Mannequin/Animations/ThirdPersonIdle_Auto1.uasset'
[2019.12.17-14.37.48:855][820]OBJ SavePackage: Generating thumbnails for [1] asset(s) in package [/Game/Mannequin/Animations/ThirdPersonRun] ([1] browsable assets)...
[2019.12.17-14.37.48:869][820]OBJ SavePackage:     Rendered thumbnail for [AnimSequence /Game/Mannequin/Animations/ThirdPersonRun.ThirdPersonRun]
[2019.12.17-14.37.48:869][820]OBJ SavePackage: Finished generating thumbnails for package [/Game/Mannequin/Animations/ThirdPersonRun]
[2019.12.17-14.37.48:886][820]LogSavePackage: Moving '../../../../../../Users/v.arabi/Documents/GitHub/The-Last/The Last/GameAlpha/TheLast/Saved/ThirdPersonRun_Auto11E30BF7B48D50C1CB2E55193735B3310.tmp' to '../../../../../../Users/v.arabi/Documents/GitHub/The-Last/The Last/GameAlpha/TheLast/Saved/Autosaves/Game/Mannequin/Animations/ThirdPersonRun_Auto1.uasset'
[2019.12.17-14.37.48:888][820]OBJ SavePackage: Generating thumbnails for [1] asset(s) in package [/Game/Mannequin/Animations/ThirdPersonWalk] ([1] browsable assets)...
[2019.12.17-14.37.48:902][820]OBJ SavePackage:     Rendered thumbnail for [AnimSequence /Game/Mannequin/Animations/ThirdPersonWalk.ThirdPersonWalk]
[2019.12.17-14.37.48:902][820]OBJ SavePackage: Finished generating thumbnails for package [/Game/Mannequin/Animations/ThirdPersonWalk]
[2019.12.17-14.37.48:927][820]LogSavePackage: Moving '../../../../../../Users/v.arabi/Documents/GitHub/The-Last/The Last/GameAlpha/TheLast/Saved/ThirdPersonWalk_Auto1ADCD850645904FD6A4DBD9A8AC933E32.tmp' to '../../../../../../Users/v.arabi/Documents/GitHub/The-Last/The Last/GameAlpha/TheLast/Saved/Autosaves/Game/Mannequin/Animations/ThirdPersonWalk_Auto1.uasset'
[2019.12.17-14.37.48:928][820]OBJ SavePackage: Generating thumbnails for [1] asset(s) in package [/Game/MCO_Mocap_Basics/Animation/Slash] ([1] browsable assets)...
[2019.12.17-14.37.48:939][820]OBJ SavePackage:     Rendered thumbnail for [SkeletalMesh /Game/MCO_Mocap_Basics/Animation/Slash.Slash]
[2019.12.17-14.37.48:940][820]OBJ SavePackage: Finished generating thumbnails for package [/Game/MCO_Mocap_Basics/Animation/Slash]
[2019.12.17-14.37.49:024][820]LogSavePackage: Moving '../../../../../../Users/v.arabi/Documents/GitHub/The-Last/The Last/GameAlpha/TheLast/Saved/Slash_Auto10E70CB55410D1F9FC314B0BAB0A85ECC.tmp' to '../../../../../../Users/v.arabi/Documents/GitHub/The-Last/The Last/GameAlpha/TheLast/Saved/Autosaves/Game/MCO_Mocap_Basics/Animation/Slash_Auto1.uasset'
[2019.12.17-14.37.49:026][820]OBJ SavePackage: Generating thumbnails for [1] asset(s) in package [/Game/MCO_Mocap_Basics/Animation/Beta_Joints_MAT] ([1] browsable assets)...
[2019.12.17-14.37.49:037][820]OBJ SavePackage:     Rendered thumbnail for [Material /Game/MCO_Mocap_Basics/Animation/Beta_Joints_MAT.Beta_Joints_MAT]
[2019.12.17-14.37.49:037][820]OBJ SavePackage: Finished generating thumbnails for package [/Game/MCO_Mocap_Basics/Animation/Beta_Joints_MAT]
[2019.12.17-14.37.49:050][820]LogSavePackage: Moving '../../../../../../Users/v.arabi/Documents/GitHub/The-Last/The Last/GameAlpha/TheLast/Saved/Beta_Joints_MAT_Auto16E809B3345494C5B8F9D14BDFD7635E9.tmp' to '../../../../../../Users/v.arabi/Documents/GitHub/The-Last/The Last/GameAlpha/TheLast/Saved/Autosaves/Game/MCO_Mocap_Basics/Animation/Beta_Joints_MAT_Auto1.uasset'
[2019.12.17-14.37.49:052][820]OBJ SavePackage: Generating thumbnails for [1] asset(s) in package [/Game/MCO_Mocap_Basics/Animation/Beta_HighLimbsGeoSG2] ([1] browsable assets)...
[2019.12.17-14.37.49:064][820]OBJ SavePackage:     Rendered thumbnail for [Material /Game/MCO_Mocap_Basics/Animation/Beta_HighLimbsGeoSG2.Beta_HighLimbsGeoSG2]
[2019.12.17-14.37.49:064][820]OBJ SavePackage: Finished generating thumbnails for package [/Game/MCO_Mocap_Basics/Animation/Beta_HighLimbsGeoSG2]
[2019.12.17-14.37.49:077][820]LogSavePackage: Moving '../../../../../../Users/v.arabi/Documents/GitHub/The-Last/The Last/GameAlpha/TheLast/Saved/Beta_HighLimbsGeoSG2_Auto134B5DCA74879CC0D571AE0979F172503.tmp' to '../../../../../../Users/v.arabi/Documents/GitHub/The-Last/The Last/GameAlpha/TheLast/Saved/Autosaves/Game/MCO_Mocap_Basics/Animation/Beta_HighLimbsGeoSG2_Auto1.uasset'
[2019.12.17-14.37.49:078][820]OBJ SavePackage: Generating thumbnails for [1] asset(s) in package [/Game/MCO_Mocap_Basics/Animation/Slash_PhysicsAsset] ([1] browsable assets)...
[2019.12.17-14.37.49:089][820]OBJ SavePackage:     Rendered thumbnail for [PhysicsAsset /Game/MCO_Mocap_Basics/Animation/Slash_PhysicsAsset.Slash_PhysicsAsset]
[2019.12.17-14.37.49:090][820]OBJ SavePackage: Finished generating thumbnails for package [/Game/MCO_Mocap_Basics/Animation/Slash_PhysicsAsset]
[2019.12.17-14.37.49:111][820]LogSavePackage: Moving '../../../../../../Users/v.arabi/Documents/GitHub/The-Last/The Last/GameAlpha/TheLast/Saved/Slash_PhysicsAsset_Auto1D512018E4E1FF00C4537EF968443FE6A.tmp' to '../../../../../../Users/v.arabi/Documents/GitHub/The-Last/The Last/GameAlpha/TheLast/Saved/Autosaves/Game/MCO_Mocap_Basics/Animation/Slash_PhysicsAsset_Auto1.uasset'
[2019.12.17-14.37.49:112][820]LogFileHelpers: Auto-saving content packages took 2.443
[2019.12.17-14.37.51:111][ 32]LogSlate: Window 'Registro del mensaje' being destroyed
[2019.12.17-14.37.51:116][ 32]LogSlate: Window 'Registro del mensaje' being destroyed
[2019.12.17-14.37.52:325][159]LogAssetEditorManager: Opening Asset editor for SkeletalMesh /Game/MCO_Mocap_Basics/Animation/Slash.Slash
[2019.12.17-14.37.52:340][159]LogContentBrowser: Native class hierarchy updated for 'SkeletonEditor' in 0.0017 seconds. Added 1 classes and 2 folders.
[2019.12.17-14.37.52:615][159]LogActorComponent: RegisterComponentWithWorld: (/Engine/Transient.World_6:PersistentLevel.AnimationEditorPreviewActor_0.DebugSkelMeshComponent_0) Already registered. Aborting.
[2019.12.17-14.37.52:626][159]LogContentBrowser: Native class hierarchy updated for 'PinnedCommandList' in 0.0017 seconds. Added 1 classes and 0 folders.
[2019.12.17-14.37.52:690][159]LogSkeletalMesh: USkeletalMeshComponent::InitArticulated : Bodies already created (/Engine/Transient.World_6:PersistentLevel.AnimationEditorPreviewActor_0.DebugSkelMeshComponent_0) - call TermArticulated first.
[2019.12.17-14.37.52:977][159]LogSlate: Took 0.001945 seconds to synchronously load lazily loaded font '../../../Engine/Content/Slate/Fonts/Roboto-Italic.ttf' (157K)
[2019.12.17-14.37.53:002][159]LogRenderer: Reallocating scene render targets to support 1208x884 Format 10 NumSamples 1 (Frame:1).
[2019.12.17-14.37.56:790][456]LogSlate: FSceneViewport::OnFocusLost() reason 0
[2019.12.17-14.37.56:905][466]LogAssetEditorManager: Opening Asset editor for BlendSpace1D /Game/Mannequin/Animations/ThirdPerson_IdleRun_2D.ThirdPerson_IdleRun_2D
[2019.12.17-14.37.58:506][466]LogSlate: Window 'Mensaje' being destroyed
[2019.12.17-14.37.58:515][466]LogAnimationCompression: Building Anim DDC data for AnimSequence /Game/Mannequin/Animations/ThirdPersonIdle.ThirdPersonIdle
[2019.12.17-14.37.58:515][466]LogAnimationCompression: Recompressing (AnimSequence /Game/Mannequin/Animations/ThirdPersonIdle.ThirdPersonIdle) using current/default (AnimCompress_RemoveLinearKeys_1) bFirstRecompressUsingCurrentOrDefault(1) bTryAlternateCompressor(0) IsCompressedDataValid(0)
[2019.12.17-14.37.58:517][466]LogAnimationCompression: Building Anim DDC data for AnimSequence /Game/Mannequin/Animations/ThirdPersonWalk.ThirdPersonWalk
[2019.12.17-14.37.58:517][466]LogAnimationCompression: Recompressing (AnimSequence /Game/Mannequin/Animations/ThirdPersonWalk.ThirdPersonWalk) using current/default (AnimCompress_RemoveLinearKeys_5) bFirstRecompressUsingCurrentOrDefault(1) bTryAlternateCompressor(0) IsCompressedDataValid(0)
[2019.12.17-14.37.58:518][466]LogAnimationCompression: Building Anim DDC data for AnimSequence /Game/Mannequin/Animations/ThirdPersonRun.ThirdPersonRun
[2019.12.17-14.37.58:518][466]LogAnimationCompression: Recompressing (AnimSequence /Game/Mannequin/Animations/ThirdPersonRun.ThirdPersonRun) using current/default (AnimCompress_RemoveLinearKeys_4) bFirstRecompressUsingCurrentOrDefault(1) bTryAlternateCompressor(0) IsCompressedDataValid(0)
[2019.12.17-14.37.58:519][466]LogAnimationCompression: Building Anim DDC data for AnimSequence /Game/Mannequin/Animations/ThirdPerson_Jump.ThirdPerson_Jump
[2019.12.17-14.37.58:519][466]LogAnimationCompression: Recompressing (AnimSequence /Game/Mannequin/Animations/ThirdPerson_Jump.ThirdPerson_Jump) using current/default (AnimCompress_RemoveLinearKeys_0) bFirstRecompressUsingCurrentOrDefault(1) bTryAlternateCompressor(0) IsCompressedDataValid(0)
[2019.12.17-14.37.58:519][466]LogAnimationCompression: Building Anim DDC data for AnimSequence /Game/Mannequin/Animations/ThirdPersonJump_Loop.ThirdPersonJump_Loop
[2019.12.17-14.37.58:520][466]LogAnimationCompression: Recompressing (AnimSequence /Game/Mannequin/Animations/ThirdPersonJump_Loop.ThirdPersonJump_Loop) using current/default (AnimCompress_RemoveLinearKeys_2) bFirstRecompressUsingCurrentOrDefault(1) bTryAlternateCompressor(0) IsCompressedDataValid(0)
[2019.12.17-14.37.58:521][466]LogAnimationCompression: Building Anim DDC data for AnimSequence /Game/Mannequin/Animations/ThirdPersonJump_Start.ThirdPersonJump_Start
[2019.12.17-14.37.58:521][466]LogAnimationCompression: Recompressing (AnimSequence /Game/Mannequin/Animations/ThirdPersonJump_Start.ThirdPersonJump_Start) using current/default (AnimCompress_RemoveLinearKeys_3) bFirstRecompressUsingCurrentOrDefault(1) bTryAlternateCompressor(0) IsCompressedDataValid(0)
[2019.12.17-14.37.58:527][466]LogActorComponent: RegisterComponentWithWorld: (/Engine/Transient.World_8:PersistentLevel.AnimationEditorPreviewActor_0.DebugSkelMeshComponent_0) Already registered. Aborting.
[2019.12.17-14.37.58:554][466]LogSkeletalMesh: USkeletalMeshComponent::InitArticulated : Bodies already created (/Engine/Transient.World_8:PersistentLevel.AnimationEditorPreviewActor_0.DebugSkelMeshComponent_0) - call TermArticulated first.
[2019.12.17-14.37.58:909][466]LogContentBrowser: Verbose: The majority of assets in the view are of type: AnimSequence
[2019.12.17-14.38.02:068][709]LogSlate: FSceneViewport::OnFocusLost() reason 0
[2019.12.17-14.38.02:143][716]LogSlate: Window 'ThirdPerson_IdleRun_2D' being destroyed
[2019.12.17-14.38.02:148][716]LogSlate: Window 'ThirdPerson_IdleRun_2D' being destroyed
[2019.12.17-14.38.02:148][716]LogWorld: UWorld::CleanupWorld for World_6, bSessionEnded=true, bCleanupResources=true
[2019.12.17-14.38.02:232][716]LogWorld: UWorld::CleanupWorld for World_8, bSessionEnded=true, bCleanupResources=true
[2019.12.17-14.38.02:313][716]LogWorld: UWorld::CleanupWorld for World_9, bSessionEnded=true, bCleanupResources=true
[2019.12.17-14.38.03:837][873]LogAssetEditorManager: Opening Asset editor for PhysicsAsset /Game/MCO_Mocap_Basics/Animation/Slash_PhysicsAsset.Slash_PhysicsAsset
[2019.12.17-14.38.03:856][873]LogContentBrowser: Native class hierarchy updated for 'PhysicsAssetEditor' in 0.0016 seconds. Added 7 classes and 3 folders.
[2019.12.17-14.38.05:041][873]LogSlate: Window 'Mensaje' being destroyed
[2019.12.17-14.38.05:048][873]LoadErrors: Error: The Skeleton  UE4_Mannequin_Skeleton is missing bones that SkeletalMesh  Slash needs. They will be added now. Please save the Skeleton!
[2019.12.17-14.38.05:939][873]LogSlate: Window 'Mensaje' being destroyed
[2019.12.17-14.38.05:950][873]LogAnimationCompression: Building Anim DDC data for AnimSequence /Game/Mannequin/Animations/ThirdPersonIdle.ThirdPersonIdle
[2019.12.17-14.38.05:950][873]LogAnimationCompression: Recompressing (AnimSequence /Game/Mannequin/Animations/ThirdPersonIdle.ThirdPersonIdle) using current/default (AnimCompress_RemoveLinearKeys_1) bFirstRecompressUsingCurrentOrDefault(1) bTryAlternateCompressor(0) IsCompressedDataValid(0)
[2019.12.17-14.38.05:951][873]LogAnimationCompression: Building Anim DDC data for AnimSequence /Game/Mannequin/Animations/ThirdPersonWalk.ThirdPersonWalk
[2019.12.17-14.38.05:951][873]LogAnimationCompression: Recompressing (AnimSequence /Game/Mannequin/Animations/ThirdPersonWalk.ThirdPersonWalk) using current/default (AnimCompress_RemoveLinearKeys_5) bFirstRecompressUsingCurrentOrDefault(1) bTryAlternateCompressor(0) IsCompressedDataValid(0)
[2019.12.17-14.38.05:952][873]LogAnimationCompression: Building Anim DDC data for AnimSequence /Game/Mannequin/Animations/ThirdPersonRun.ThirdPersonRun
[2019.12.17-14.38.05:952][873]LogAnimationCompression: Recompressing (AnimSequence /Game/Mannequin/Animations/ThirdPersonRun.ThirdPersonRun) using current/default (AnimCompress_RemoveLinearKeys_4) bFirstRecompressUsingCurrentOrDefault(1) bTryAlternateCompressor(0) IsCompressedDataValid(0)
[2019.12.17-14.38.05:953][873]LogAnimationCompression: Building Anim DDC data for AnimSequence /Game/Mannequin/Animations/ThirdPerson_Jump.ThirdPerson_Jump
[2019.12.17-14.38.05:953][873]LogAnimationCompression: Recompressing (AnimSequence /Game/Mannequin/Animations/ThirdPerson_Jump.ThirdPerson_Jump) using current/default (AnimCompress_RemoveLinearKeys_0) bFirstRecompressUsingCurrentOrDefault(1) bTryAlternateCompressor(0) IsCompressedDataValid(0)
[2019.12.17-14.38.05:954][873]LogAnimationCompression: Building Anim DDC data for AnimSequence /Game/Mannequin/Animations/ThirdPersonJump_Loop.ThirdPersonJump_Loop
[2019.12.17-14.38.05:954][873]LogAnimationCompression: Recompressing (AnimSequence /Game/Mannequin/Animations/ThirdPersonJump_Loop.ThirdPersonJump_Loop) using current/default (AnimCompress_RemoveLinearKeys_2) bFirstRecompressUsingCurrentOrDefault(1) bTryAlternateCompressor(0) IsCompressedDataValid(0)
[2019.12.17-14.38.05:955][873]LogAnimationCompression: Building Anim DDC data for AnimSequence /Game/Mannequin/Animations/ThirdPersonJump_Start.ThirdPersonJump_Start
[2019.12.17-14.38.05:955][873]LogAnimationCompression: Recompressing (AnimSequence /Game/Mannequin/Animations/ThirdPersonJump_Start.ThirdPersonJump_Start) using current/default (AnimCompress_RemoveLinearKeys_3) bFirstRecompressUsingCurrentOrDefault(1) bTryAlternateCompressor(0) IsCompressedDataValid(0)
[2019.12.17-14.38.05:964][873]LogActorComponent: RegisterComponentWithWorld: (/Engine/Transient.World_10:PersistentLevel.AnimationEditorPreviewActor_0.PhysicsAssetEditorSkeletalMeshComponent_0) Already registered. Aborting.
[2019.12.17-14.38.06:975][873]LogSlate: Window 'Mensaje' being destroyed
[2019.12.17-14.38.07:031][873]LogSlate: Took 0.001885 seconds to synchronously load lazily loaded font '../../../Engine/Content/Slate/Fonts/Roboto-BoldCondensed.ttf' (158K)
[2019.12.17-14.38.08:545][968]LogSlate: Window 'Registro del mensaje' being destroyed
[2019.12.17-14.38.08:552][968]LogSlate: Window 'Registro del mensaje' being destroyed
[2019.12.17-14.38.13:465][269]LogSlate: FSceneViewport::OnFocusLost() reason 0
[2019.12.17-14.38.13:540][275]LogSlate: Window 'Slash_PhysicsAsset' being destroyed
[2019.12.17-14.38.13:547][275]LogSlate: Window 'Slash_PhysicsAsset' being destroyed
[2019.12.17-14.38.13:547][275]LogWorld: UWorld::CleanupWorld for World_10, bSessionEnded=true, bCleanupResources=true
[2019.12.17-14.38.17:627][691]LogUObjectHash: Compacting FUObjectHashTables data took   1.95ms
[2019.12.17-14.38.19:361][691]LogSlate: Window 'Delete Assets' being destroyed
[2019.12.17-14.38.20:189][691]LogUObjectGlobals: Force Deleting 4 Package(s):
	Asset Name: /Game/MCO_Mocap_Basics/Animation/Slash_PhysicsAsset.Slash_PhysicsAsset
	Asset Name: /Game/MCO_Mocap_Basics/Animation/Beta_Joints_MAT.Beta_Joints_MAT
	Asset Name: /Game/MCO_Mocap_Basics/Animation/Slash.Slash
	Asset Name: /Game/MCO_Mocap_Basics/Animation/Beta_HighLimbsGeoSG2.Beta_HighLimbsGeoSG2
[2019.12.17-14.38.20:743][691]LogSkeletalMesh: Building Skeletal Mesh Slash...
[2019.12.17-14.38.20:846][691]LogSkeletalMesh: Built Skeletal Mesh [0.10s] /Game/MCO_Mocap_Basics/Animation/Slash.Slash
[2019.12.17-14.38.20:860][691]LogSkeletalMesh: Building Skeletal Mesh Slash...
[2019.12.17-14.38.20:946][691]LogSkeletalMesh: Built Skeletal Mesh [0.09s] /Game/MCO_Mocap_Basics/Animation/Slash.Slash
[2019.12.17-14.38.20:959][691]LogSkeletalMesh: Building Skeletal Mesh Slash...
[2019.12.17-14.38.21:039][691]LogSkeletalMesh: Built Skeletal Mesh [0.08s] /Game/MCO_Mocap_Basics/Animation/Slash.Slash
[2019.12.17-14.38.21:526][691]LogUObjectHash: Compacting FUObjectHashTables data took   2.85ms
