Log file open, 12/13/19 15:55:17
LogWindows: Failed to load 'aqProf.dll' (GetLastError=126)
LogWindows: File 'aqProf.dll' does not exist
LogWindows: Failed to load 'VtuneApi.dll' (GetLastError=126)
LogWindows: File 'VtuneApi.dll' does not exist
LogWindows: Failed to load 'VtuneApi32e.dll' (GetLastError=126)
LogWindows: File 'VtuneApi32e.dll' does not exist
LogConsoleResponse: Display: Failed to find resolution value strings in scalability ini. Falling back to default.
LogInit: Display: Running engine for game: TheLast
LogPlatformFile: Not using cached read wrapper
LogTaskGraph: Started task graph with 5 named threads and 14 total threads with 3 sets of task threads.
LogStats: Stats thread started at 0.122762
LogD3D11RHI: Loaded GFSDK_Aftermath_Lib.x64.dll
LogICUInternationalization: ICU TimeZone Detection - Raw Offset: +1:00, Platform Override: ''
LogPluginManager: Mounting plugin Paper2D
LogPluginManager: Mounting plugin AISupport
LogPluginManager: Mounting plugin LightPropagationVolume
LogPluginManager: Mounting plugin ActorLayerUtilities
LogPluginManager: Mounting plugin AnimationSharing
LogPluginManager: Mounting plugin CLionSourceCodeAccess
LogPluginManager: Mounting plugin CodeLiteSourceCodeAccess
LogPluginManager: Mounting plugin GitSourceControl
LogPluginManager: Mounting plugin KDevelopSourceCodeAccess
LogPluginManager: Mounting plugin NullSourceCodeAccess
LogPluginManager: Mounting plugin PerforceSourceControl
LogPluginManager: Mounting plugin SubversionSourceControl
LogPluginManager: Mounting plugin UObjectPlugin
LogPluginManager: Mounting plugin VisualStudioCodeSourceCodeAccess
LogPluginManager: Mounting plugin VisualStudioSourceCodeAccess
LogPluginManager: Mounting plugin XCodeSourceCodeAccess
LogPluginManager: Mounting plugin AssetManagerEditor
LogPluginManager: Mounting plugin CryptoKeys
LogPluginManager: Mounting plugin CurveEditorTools
LogPluginManager: Mounting plugin DataValidation
LogPluginManager: Mounting plugin FacialAnimation
LogPluginManager: Mounting plugin GameplayTagsEditor
LogPluginManager: Mounting plugin MacGraphicsSwitching
LogPluginManager: Mounting plugin MaterialAnalyzer
LogPluginManager: Mounting plugin MobileLauncherProfileWizard
LogPluginManager: Mounting plugin PluginBrowser
LogPluginManager: Mounting plugin SpeedTreeImporter
LogPluginManager: Mounting plugin DatasmithContent
LogPluginManager: Mounting plugin VariantManagerContent
LogPluginManager: Mounting plugin AlembicImporter
LogPluginManager: Mounting plugin AutomationUtils
LogPluginManager: Mounting plugin BackChannel
LogPluginManager: Mounting plugin CharacterAI
LogPluginManager: Mounting plugin GeometryCache
LogPluginManager: Mounting plugin HTML5Networking
LogPluginManager: Mounting plugin PlatformCrypto
LogPluginManager: Mounting plugin ProxyLODPlugin
LogPluginManager: Mounting plugin SkeletalReduction
LogPluginManager: Mounting plugin MagicLeap
LogPluginManager: Mounting plugin MagicLeapMedia
LogPluginManager: Mounting plugin AndroidMedia
LogPluginManager: Mounting plugin AvfMedia
LogPluginManager: Mounting plugin ImgMedia
LogPluginManager: Mounting plugin MediaCompositing
LogPluginManager: Mounting plugin MediaPlayerEditor
LogPluginManager: Mounting plugin WebMMedia
LogPluginManager: Mounting plugin WmfMedia
LogPluginManager: Mounting plugin TcpMessaging
LogPluginManager: Mounting plugin UdpMessaging
LogPluginManager: Mounting plugin ActorSequence
LogPluginManager: Mounting plugin LevelSequenceEditor
LogPluginManager: Mounting plugin MatineeToLevelSequence
LogPluginManager: Mounting plugin NetcodeUnitTest
LogPluginManager: Mounting plugin NUTUnrealEngine4
LogPluginManager: Mounting plugin OnlineSubsystemGooglePlay
LogPluginManager: Mounting plugin OnlineSubsystemIOS
LogPluginManager: Mounting plugin OnlineSubsystem
LogPluginManager: Mounting plugin OnlineSubsystemNull
LogPluginManager: Mounting plugin OnlineSubsystemUtils
LogPluginManager: Mounting plugin LauncherChunkInstaller
LogPluginManager: Mounting plugin AndroidDeviceProfileSelector
LogPluginManager: Mounting plugin AndroidMoviePlayer
LogPluginManager: Mounting plugin AndroidPermission
LogPluginManager: Mounting plugin AppleImageUtils
LogPluginManager: Mounting plugin AppleMoviePlayer
LogPluginManager: Mounting plugin ArchVisCharacter
LogPluginManager: Mounting plugin AudioCapture
LogPluginManager: Mounting plugin CableComponent
LogPluginManager: Mounting plugin CustomMeshComponent
LogPluginManager: Mounting plugin EditableMesh
LogPluginManager: Mounting plugin ExampleDeviceProfileSelector
LogPluginManager: Mounting plugin GoogleCloudMessaging
LogPluginManager: Mounting plugin IOSDeviceProfileSelector
LogPluginManager: Mounting plugin LinuxDeviceProfileSelector
LogPluginManager: Mounting plugin LocationServicesBPLibrary
LogPluginManager: Mounting plugin MobilePatchingUtils
LogPluginManager: Mounting plugin OculusVR
LogPluginManager: Mounting plugin PhysXVehicles
LogPluginManager: Mounting plugin ProceduralMeshComponent
LogPluginManager: Mounting plugin RuntimePhysXCooking
LogPluginManager: Mounting plugin SignificanceManager
LogPluginManager: Mounting plugin SteamVR
LogPluginManager: Mounting plugin WebMMoviePlayer
LogPluginManager: Mounting plugin WindowsMoviePlayer
LogPluginManager: Mounting plugin ScreenshotTools
LogInit: Using libcurl 7.55.1-DEV
LogInit:  - built for x86_64-pc-win32
LogInit:  - supports SSL with OpenSSL/1.1.1
LogInit:  - supports HTTP deflate (compression) using libz 1.2.8
LogInit:  - other features:
LogInit:      CURL_VERSION_SSL
LogInit:      CURL_VERSION_LIBZ
LogInit:      CURL_VERSION_IPV6
LogInit:      CURL_VERSION_ASYNCHDNS
LogInit:      CURL_VERSION_LARGEFILE
LogInit:      CURL_VERSION_IDN
LogInit:  CurlRequestOptions (configurable via config and command line):
LogInit:  - bVerifyPeer = true  - Libcurl will verify peer certificate
LogInit:  - bUseHttpProxy = false  - Libcurl will NOT use HTTP proxy
LogInit:  - bDontReuseConnections = false  - Libcurl will reuse connections
LogInit:  - MaxHostConnections = 16  - Libcurl will limit the number of connections to a host
LogInit:  - LocalHostAddr = Default
LogInit:  - BufferSize = 65536
LogOnline: OSS: Creating online subsystem instance for: NULL
LogInit: WinSock: version 1.1 (2.2), MaxSocks=32767, MaxUdp=65467
LogHMD: Failed initializing OVRPlugin 1.37.0
LogInit: Build: ++UE4+Release-4.23-CL-9631420
LogInit: Engine Version: 4.23.1-9631420+++UE4+Release-4.23
LogInit: Compatible Engine Version: 4.23.0-8386587+++UE4+Release-4.23
LogInit: Net CL: 8386587
LogInit: OS: Windows 10 (Release 1803) (), CPU: Intel(R) Core(TM) i5-4460  CPU @ 3.20GHz, GPU: NVIDIA GeForce RTX 2060
LogInit: Compiled (64-bit): Oct 18 2019 02:07:44
LogInit: Compiled with Visual C++: 19.16.27030.01
LogInit: Build Configuration: Development
LogInit: Branch Name: ++UE4+Release-4.23
LogInit: Command Line: 
LogInit: Base Directory: C:/Program Files/Epic Games/UE_4.23/Engine/Binaries/Win64/
LogInit: Installed Engine Build: 1
LogDevObjectVersion: Number of dev versions registered: 23
LogDevObjectVersion:   Dev-Blueprints (B0D832E4-1F89-4F0D-ACCF-7EB736FD4AA2): 10
LogDevObjectVersion:   Dev-Build (E1C64328-A22C-4D53-A36C-8E866417BD8C): 0
LogDevObjectVersion:   Dev-Core (375EC13C-06E4-48FB-B500-84F0262A717E): 3
LogDevObjectVersion:   Dev-Editor (E4B068ED-F494-42E9-A231-DA0B2E46BB41): 34
LogDevObjectVersion:   Dev-Framework (CFFC743F-43B0-4480-9391-14DF171D2073): 35
LogDevObjectVersion:   Dev-Mobile (B02B49B5-BB20-44E9-A304-32B752E40360): 2
LogDevObjectVersion:   Dev-Networking (A4E4105C-59A1-49B5-A7C5-40C4547EDFEE): 0
LogDevObjectVersion:   Dev-Online (39C831C9-5AE6-47DC-9A44-9C173E1C8E7C): 0
LogDevObjectVersion:   Dev-Physics (78F01B33-EBEA-4F98-B9B4-84EACCB95AA2): 0
LogDevObjectVersion:   Dev-Platform (6631380F-2D4D-43E0-8009-CF276956A95A): 0
LogDevObjectVersion:   Dev-Rendering (12F88B9F-8875-4AFC-A67C-D90C383ABD29): 31
LogDevObjectVersion:   Dev-Sequencer (7B5AE74C-D270-4C10-A958-57980B212A5A): 11
LogDevObjectVersion:   Dev-VR (D7296918-1DD6-4BDD-9DE2-64A83CC13884): 2
LogDevObjectVersion:   Dev-LoadTimes (C2A15278-BFE7-4AFE-6C17-90FF531DF755): 1
LogDevObjectVersion:   Private-Geometry (6EACA3D4-40EC-4CC1-B786-8BED09428FC5): 3
LogDevObjectVersion:   Dev-AnimPhys (29E575DD-E0A3-4627-9D10-D276232CDCEA): 17
LogDevObjectVersion:   Dev-Anim (AF43A65D-7FD3-4947-9873-3E8ED9C1BB05): 2
LogDevObjectVersion:   Dev-ReflectionCapture (6B266CEC-1EC7-4B8F-A30B-E4D90942FC07): 1
LogDevObjectVersion:   Dev-Automation (0DF73D61-A23F-47EA-B727-89E90C41499A): 1
LogDevObjectVersion:   FortniteMain (601D1886-AC64-4F84-AA16-D3DE0DEAC7D6): 27
LogDevObjectVersion:   Dev-Enterprise (9DFFBCD6-494F-0158-E221-12823C92A888): 6
LogDevObjectVersion:   Dev-Niagara (F2AED0AC-9AFE-416F-8664-AA7FFA26D6FC): 1
LogDevObjectVersion:   Dev-Destruction (174F1F0B-B4C6-45A5-B13F-2EE8D0FB917D): 9
LogInit: Presizing for max 16777216 objects, including 0 objects not considered by GC, pre-allocating 0 bytes for permanent pool.
LogInit: Object subsystem initialized
LogConfig: Setting CVar [[con.DebugEarlyDefault:1]]
LogConfig: Setting CVar [[r.setres:1280x720]]
[2019.12.13-14.55.18:588][  0]LogConfig: Setting CVar [[r.VSync:0]]
[2019.12.13-14.55.18:588][  0]LogConfig: Setting CVar [[r.RHICmdBypass:0]]
[2019.12.13-14.55.18:588][  0]LogConfig: Applying CVar settings from Section [/Script/Engine.RendererSettings] File [C:/Users/v.arabi/Documents/GitHub/The-Last/The Last/GameAlpha/TheLast/Saved/Config/Windows/Engine.ini]
[2019.12.13-14.55.18:588][  0]LogConfig: Setting CVar [[r.GPUCrashDebugging:0]]
[2019.12.13-14.55.18:588][  0]LogConfig: Applying CVar settings from Section [/Script/Engine.RendererOverrideSettings] File [C:/Users/v.arabi/Documents/GitHub/The-Last/The Last/GameAlpha/TheLast/Saved/Config/Windows/Engine.ini]
[2019.12.13-14.55.18:588][  0]LogConfig: Applying CVar settings from Section [/Script/Engine.StreamingSettings] File [C:/Users/v.arabi/Documents/GitHub/The-Last/The Last/GameAlpha/TheLast/Saved/Config/Windows/Engine.ini]
[2019.12.13-14.55.18:588][  0]LogConfig: Setting CVar [[s.MinBulkDataSizeForAsyncLoading:131072]]
[2019.12.13-14.55.18:588][  0]LogConfig: Setting CVar [[s.AsyncLoadingThreadEnabled:0]]
[2019.12.13-14.55.18:588][  0]LogConfig: Setting CVar [[s.EventDrivenLoaderEnabled:1]]
[2019.12.13-14.55.18:588][  0]LogConfig: Setting CVar [[s.WarnIfTimeLimitExceeded:0]]
[2019.12.13-14.55.18:588][  0]LogConfig: Setting CVar [[s.TimeLimitExceededMultiplier:1.5]]
[2019.12.13-14.55.18:588][  0]LogConfig: Setting CVar [[s.TimeLimitExceededMinTime:0.005]]
[2019.12.13-14.55.18:588][  0]LogConfig: Setting CVar [[s.UseBackgroundLevelStreaming:1]]
[2019.12.13-14.55.18:588][  0]LogConfig: Setting CVar [[s.PriorityAsyncLoadingExtraTime:15.0]]
[2019.12.13-14.55.18:588][  0]LogConfig: Setting CVar [[s.LevelStreamingActorsUpdateTimeLimit:5.0]]
[2019.12.13-14.55.18:588][  0]LogConfig: Setting CVar [[s.PriorityLevelStreamingActorsUpdateExtraTime:5.0]]
[2019.12.13-14.55.18:588][  0]LogConfig: Setting CVar [[s.LevelStreamingComponentsRegistrationGranularity:10]]
[2019.12.13-14.55.18:588][  0]LogConfig: Setting CVar [[s.UnregisterComponentsTimeLimit:1.0]]
[2019.12.13-14.55.18:588][  0]LogConfig: Setting CVar [[s.LevelStreamingComponentsUnregistrationGranularity:5]]
[2019.12.13-14.55.18:588][  0]LogConfig: Applying CVar settings from Section [/Script/Engine.GarbageCollectionSettings] File [C:/Users/v.arabi/Documents/GitHub/The-Last/The Last/GameAlpha/TheLast/Saved/Config/Windows/Engine.ini]
[2019.12.13-14.55.18:588][  0]LogConfig: Setting CVar [[gc.MaxObjectsNotConsideredByGC:1]]
[2019.12.13-14.55.18:588][  0]LogConfig: Setting CVar [[gc.SizeOfPermanentObjectPool:0]]
[2019.12.13-14.55.18:588][  0]LogConfig: Setting CVar [[gc.FlushStreamingOnGC:0]]
[2019.12.13-14.55.18:588][  0]LogConfig: Setting CVar [[gc.NumRetriesBeforeForcingGC:10]]
[2019.12.13-14.55.18:588][  0]LogConfig: Setting CVar [[gc.AllowParallelGC:1]]
[2019.12.13-14.55.18:588][  0]LogConfig: Setting CVar [[gc.TimeBetweenPurgingPendingKillObjects:61.1]]
[2019.12.13-14.55.18:588][  0]LogConfig: Setting CVar [[gc.MaxObjectsInEditor:16777216]]
[2019.12.13-14.55.18:588][  0]LogConfig: Setting CVar [[gc.IncrementalBeginDestroyEnabled:1]]
[2019.12.13-14.55.18:588][  0]LogConfig: Setting CVar [[gc.CreateGCClusters:1]]
[2019.12.13-14.55.18:588][  0]LogConfig: Setting CVar [[gc.MinGCClusterSize:5]]
[2019.12.13-14.55.18:588][  0]LogConfig: Setting CVar [[gc.ActorClusteringEnabled:0]]
[2019.12.13-14.55.18:588][  0]LogConfig: Setting CVar [[gc.BlueprintClusteringEnabled:0]]
[2019.12.13-14.55.18:588][  0]LogConfig: Setting CVar [[gc.UseDisregardForGCOnDedicatedServers:0]]
[2019.12.13-14.55.18:588][  0]LogConfig: Applying CVar settings from Section [/Script/Engine.NetworkSettings] File [C:/Users/v.arabi/Documents/GitHub/The-Last/The Last/GameAlpha/TheLast/Saved/Config/Windows/Engine.ini]
[2019.12.13-14.55.18:588][  0]LogConfig: Applying CVar settings from Section [/Script/UnrealEd.CookerSettings] File [C:/Users/v.arabi/Documents/GitHub/The-Last/The Last/GameAlpha/TheLast/Saved/Config/Windows/Engine.ini]
[2019.12.13-14.55.18:591][  0]LogConfig: Applying CVar settings from Section [ViewDistanceQuality@3] File [C:/Users/v.arabi/Documents/GitHub/The-Last/The Last/GameAlpha/TheLast/Saved/Config/Windows/Scalability.ini]
[2019.12.13-14.55.18:591][  0]LogConfig: Setting CVar [[r.SkeletalMeshLODBias:0]]
[2019.12.13-14.55.18:591][  0]LogConfig: Setting CVar [[r.ViewDistanceScale:1.0]]
[2019.12.13-14.55.18:591][  0]LogConfig: Applying CVar settings from Section [AntiAliasingQuality@3] File [C:/Users/v.arabi/Documents/GitHub/The-Last/The Last/GameAlpha/TheLast/Saved/Config/Windows/Scalability.ini]
[2019.12.13-14.55.18:591][  0]LogConfig: Setting CVar [[r.PostProcessAAQuality:4]]
[2019.12.13-14.55.18:591][  0]LogConfig: Applying CVar settings from Section [ShadowQuality@3] File [C:/Users/v.arabi/Documents/GitHub/The-Last/The Last/GameAlpha/TheLast/Saved/Config/Windows/Scalability.ini]
[2019.12.13-14.55.18:591][  0]LogConfig: Setting CVar [[r.LightFunctionQuality:1]]
[2019.12.13-14.55.18:591][  0]LogConfig: Setting CVar [[r.ShadowQuality:5]]
[2019.12.13-14.55.18:591][  0]LogConfig: Setting CVar [[r.Shadow.CSM.MaxCascades:10]]
[2019.12.13-14.55.18:591][  0]LogConfig: Setting CVar [[r.Shadow.MaxResolution:2048]]
[2019.12.13-14.55.18:591][  0]LogConfig: Setting CVar [[r.Shadow.MaxCSMResolution:2048]]
[2019.12.13-14.55.18:591][  0]LogConfig: Setting CVar [[r.Shadow.RadiusThreshold:0.01]]
[2019.12.13-14.55.18:591][  0]LogConfig: Setting CVar [[r.Shadow.DistanceScale:1.0]]
[2019.12.13-14.55.18:591][  0]LogConfig: Setting CVar [[r.Shadow.CSM.TransitionScale:1.0]]
[2019.12.13-14.55.18:591][  0]LogConfig: Setting CVar [[r.Shadow.PreShadowResolutionFactor:1.0]]
[2019.12.13-14.55.18:591][  0]LogConfig: Setting CVar [[r.DistanceFieldShadowing:1]]
[2019.12.13-14.55.18:591][  0]LogConfig: Setting CVar [[r.DistanceFieldAO:1]]
[2019.12.13-14.55.18:591][  0]LogConfig: Setting CVar [[r.AOQuality:2]]
[2019.12.13-14.55.18:591][  0]LogConfig: Setting CVar [[r.VolumetricFog:1]]
[2019.12.13-14.55.18:591][  0]LogConfig: Setting CVar [[r.VolumetricFog.GridPixelSize:8]]
[2019.12.13-14.55.18:591][  0]LogConfig: Setting CVar [[r.VolumetricFog.GridSizeZ:128]]
[2019.12.13-14.55.18:591][  0]LogConfig: Setting CVar [[r.VolumetricFog.HistoryMissSupersampleCount:4]]
[2019.12.13-14.55.18:591][  0]LogConfig: Setting CVar [[r.LightMaxDrawDistanceScale:1]]
[2019.12.13-14.55.18:591][  0]LogConfig: Setting CVar [[r.CapsuleShadows:1]]
[2019.12.13-14.55.18:591][  0]LogConfig: Applying CVar settings from Section [PostProcessQuality@3] File [C:/Users/v.arabi/Documents/GitHub/The-Last/The Last/GameAlpha/TheLast/Saved/Config/Windows/Scalability.ini]
[2019.12.13-14.55.18:591][  0]LogConfig: Setting CVar [[r.MotionBlurQuality:4]]
[2019.12.13-14.55.18:591][  0]LogConfig: Setting CVar [[r.AmbientOcclusionMipLevelFactor:0.4]]
[2019.12.13-14.55.18:591][  0]LogConfig: Setting CVar [[r.AmbientOcclusionMaxQuality:100]]
[2019.12.13-14.55.18:591][  0]LogConfig: Setting CVar [[r.AmbientOcclusionLevels:-1]]
[2019.12.13-14.55.18:591][  0]LogConfig: Setting CVar [[r.AmbientOcclusionRadiusScale:1.0]]
[2019.12.13-14.55.18:591][  0]LogConfig: Setting CVar [[r.DepthOfFieldQuality:2]]
[2019.12.13-14.55.18:591][  0]LogConfig: Setting CVar [[r.RenderTargetPoolMin:400]]
[2019.12.13-14.55.18:591][  0]LogConfig: Setting CVar [[r.LensFlareQuality:2]]
[2019.12.13-14.55.18:591][  0]LogConfig: Setting CVar [[r.SceneColorFringeQuality:1]]
[2019.12.13-14.55.18:591][  0]LogConfig: Setting CVar [[r.EyeAdaptationQuality:2]]
[2019.12.13-14.55.18:591][  0]LogConfig: Setting CVar [[r.BloomQuality:5]]
[2019.12.13-14.55.18:591][  0]LogConfig: Setting CVar [[r.FastBlurThreshold:100]]
[2019.12.13-14.55.18:592][  0]LogConfig: Setting CVar [[r.Upscale.Quality:3]]
[2019.12.13-14.55.18:592][  0]LogConfig: Setting CVar [[r.Tonemapper.GrainQuantization:1]]
[2019.12.13-14.55.18:592][  0]LogConfig: Setting CVar [[r.LightShaftQuality:1]]
[2019.12.13-14.55.18:592][  0]LogConfig: Setting CVar [[r.Filter.SizeScale:1]]
[2019.12.13-14.55.18:592][  0]LogConfig: Setting CVar [[r.Tonemapper.Quality:5]]
[2019.12.13-14.55.18:592][  0]LogConfig: Setting CVar [[r.DOF.Gather.AccumulatorQuality:1        ; higher gathering accumulator quality]]
[2019.12.13-14.55.18:592][  0]LogConfig: Setting CVar [[r.DOF.Gather.PostfilterMethod:1          ; Median3x3 postfilering method]]
[2019.12.13-14.55.18:592][  0]LogConfig: Setting CVar [[r.DOF.Gather.EnableBokehSettings:0       ; no bokeh simulation when gathering]]
[2019.12.13-14.55.18:592][  0]LogConfig: Setting CVar [[r.DOF.Gather.RingCount:4                 ; medium number of samples when gathering]]
[2019.12.13-14.55.18:592][  0]LogConfig: Setting CVar [[r.DOF.Scatter.ForegroundCompositing:1    ; additive foreground scattering]]
[2019.12.13-14.55.18:592][  0]LogConfig: Setting CVar [[r.DOF.Scatter.BackgroundCompositing:2    ; additive background scattering]]
[2019.12.13-14.55.18:592][  0]LogConfig: Setting CVar [[r.DOF.Scatter.EnableBokehSettings:1      ; bokeh simulation when scattering]]
[2019.12.13-14.55.18:592][  0]LogConfig: Setting CVar [[r.DOF.Scatter.MaxSpriteRatio:0.1         ; only a maximum of 10% of scattered bokeh]]
[2019.12.13-14.55.18:592][  0]LogConfig: Setting CVar [[r.DOF.Recombine.Quality:1                ; cheap slight out of focus]]
[2019.12.13-14.55.18:592][  0]LogConfig: Setting CVar [[r.DOF.Recombine.EnableBokehSettings:0    ; no bokeh simulation on slight out of focus]]
[2019.12.13-14.55.18:592][  0]LogConfig: Setting CVar [[r.DOF.TemporalAAQuality:1                ; more stable temporal accumulation]]
[2019.12.13-14.55.18:592][  0]LogConfig: Setting CVar [[r.DOF.Kernel.MaxForegroundRadius:0.025]]
[2019.12.13-14.55.18:592][  0]LogConfig: Setting CVar [[r.DOF.Kernel.MaxBackgroundRadius:0.025]]
[2019.12.13-14.55.18:592][  0]LogConfig: Applying CVar settings from Section [TextureQuality@3] File [C:/Users/v.arabi/Documents/GitHub/The-Last/The Last/GameAlpha/TheLast/Saved/Config/Windows/Scalability.ini]
[2019.12.13-14.55.18:592][  0]LogConfig: Setting CVar [[r.Streaming.MipBias:0]]
[2019.12.13-14.55.18:592][  0]LogConfig: Setting CVar [[r.Streaming.AmortizeCPUToGPUCopy:0]]
[2019.12.13-14.55.18:592][  0]LogConfig: Setting CVar [[r.Streaming.MaxNumTexturesToStreamPerFrame:0]]
[2019.12.13-14.55.18:592][  0]LogConfig: Setting CVar [[r.Streaming.Boost:1]]
[2019.12.13-14.55.18:592][  0]LogConfig: Setting CVar [[r.MaxAnisotropy:8]]
[2019.12.13-14.55.18:592][  0]LogConfig: Setting CVar [[r.Streaming.LimitPoolSizeToVRAM:0]]
[2019.12.13-14.55.18:592][  0]LogConfig: Setting CVar [[r.Streaming.PoolSize:1000]]
[2019.12.13-14.55.18:592][  0]LogConfig: Setting CVar [[r.Streaming.MaxEffectiveScreenSize:0]]
[2019.12.13-14.55.18:592][  0]LogConfig: Applying CVar settings from Section [EffectsQuality@3] File [C:/Users/v.arabi/Documents/GitHub/The-Last/The Last/GameAlpha/TheLast/Saved/Config/Windows/Scalability.ini]
[2019.12.13-14.55.18:592][  0]LogConfig: Setting CVar [[r.TranslucencyLightingVolumeDim:64]]
[2019.12.13-14.55.18:592][  0]LogConfig: Setting CVar [[r.RefractionQuality:2]]
[2019.12.13-14.55.18:592][  0]LogConfig: Setting CVar [[r.SSR.Quality:3]]
[2019.12.13-14.55.18:592][  0]LogConfig: Setting CVar [[r.SceneColorFormat:4]]
[2019.12.13-14.55.18:592][  0]LogConfig: Setting CVar [[r.DetailMode:2]]
[2019.12.13-14.55.18:592][  0]LogConfig: Setting CVar [[r.TranslucencyVolumeBlur:1]]
[2019.12.13-14.55.18:592][  0]LogConfig: Setting CVar [[r.MaterialQualityLevel:1 ; High quality]]
[2019.12.13-14.55.18:592][  0]LogConfig: Setting CVar [[r.SSS.Scale:1]]
[2019.12.13-14.55.18:592][  0]LogConfig: Setting CVar [[r.SSS.SampleSet:2]]
[2019.12.13-14.55.18:592][  0]LogConfig: Setting CVar [[r.SSS.Quality:1]]
[2019.12.13-14.55.18:592][  0]LogConfig: Setting CVar [[r.SSS.HalfRes:1]]
[2019.12.13-14.55.18:592][  0]LogConfig: Setting CVar [[r.EmitterSpawnRateScale:1.0]]
[2019.12.13-14.55.18:592][  0]LogConfig: Setting CVar [[r.ParticleLightQuality:2]]
[2019.12.13-14.55.18:592][  0]LogConfig: Applying CVar settings from Section [FoliageQuality@3] File [C:/Users/v.arabi/Documents/GitHub/The-Last/The Last/GameAlpha/TheLast/Saved/Config/Windows/Scalability.ini]
[2019.12.13-14.55.18:592][  0]LogConfig: Setting CVar [[foliage.DensityScale:1.0]]
[2019.12.13-14.55.18:592][  0]LogConfig: Setting CVar [[grass.DensityScale:1.0]]
[2019.12.13-14.55.18:592][  0]LogInit: Selected Device Profile: [Windows]
[2019.12.13-14.55.18:592][  0]LogInit: Applying CVar settings loaded from the selected device profile: [Windows]
[2019.12.13-14.55.18:597][  0]LogHAL: Display: Platform has ~ 16 GB [17107812352 / 17179869184 / 16], which maps to Larger [LargestMinGB=32, LargerMinGB=12, DefaultMinGB=8, SmallerMinGB=6, SmallestMinGB=0)
[2019.12.13-14.55.18:597][  0]LogInit: Going up to parent DeviceProfile []
[2019.12.13-14.55.18:597][  0]LogConfig: Applying CVar settings from Section [ViewDistanceQuality@3] File [C:/Users/v.arabi/Documents/GitHub/The-Last/The Last/GameAlpha/TheLast/Saved/Config/Windows/Scalability.ini]
[2019.12.13-14.55.18:597][  0]LogConfig: Setting CVar [[r.SkeletalMeshLODBias:0]]
[2019.12.13-14.55.18:597][  0]LogConfig: Setting CVar [[r.ViewDistanceScale:1.0]]
[2019.12.13-14.55.18:597][  0]LogConfig: Applying CVar settings from Section [AntiAliasingQuality@3] File [C:/Users/v.arabi/Documents/GitHub/The-Last/The Last/GameAlpha/TheLast/Saved/Config/Windows/Scalability.ini]
[2019.12.13-14.55.18:597][  0]LogConfig: Setting CVar [[r.PostProcessAAQuality:4]]
[2019.12.13-14.55.18:597][  0]LogConfig: Applying CVar settings from Section [ShadowQuality@3] File [C:/Users/v.arabi/Documents/GitHub/The-Last/The Last/GameAlpha/TheLast/Saved/Config/Windows/Scalability.ini]
[2019.12.13-14.55.18:597][  0]LogConfig: Setting CVar [[r.LightFunctionQuality:1]]
[2019.12.13-14.55.18:597][  0]LogConfig: Setting CVar [[r.ShadowQuality:5]]
[2019.12.13-14.55.18:597][  0]LogConfig: Setting CVar [[r.Shadow.CSM.MaxCascades:10]]
[2019.12.13-14.55.18:597][  0]LogConfig: Setting CVar [[r.Shadow.MaxResolution:2048]]
[2019.12.13-14.55.18:597][  0]LogConfig: Setting CVar [[r.Shadow.MaxCSMResolution:2048]]
[2019.12.13-14.55.18:597][  0]LogConfig: Setting CVar [[r.Shadow.RadiusThreshold:0.01]]
[2019.12.13-14.55.18:597][  0]LogConfig: Setting CVar [[r.Shadow.DistanceScale:1.0]]
[2019.12.13-14.55.18:597][  0]LogConfig: Setting CVar [[r.Shadow.CSM.TransitionScale:1.0]]
[2019.12.13-14.55.18:597][  0]LogConfig: Setting CVar [[r.Shadow.PreShadowResolutionFactor:1.0]]
[2019.12.13-14.55.18:597][  0]LogConfig: Setting CVar [[r.DistanceFieldShadowing:1]]
[2019.12.13-14.55.18:597][  0]LogConfig: Setting CVar [[r.DistanceFieldAO:1]]
[2019.12.13-14.55.18:597][  0]LogConfig: Setting CVar [[r.AOQuality:2]]
[2019.12.13-14.55.18:597][  0]LogConfig: Setting CVar [[r.VolumetricFog:1]]
[2019.12.13-14.55.18:597][  0]LogConfig: Setting CVar [[r.VolumetricFog.GridPixelSize:8]]
[2019.12.13-14.55.18:597][  0]LogConfig: Setting CVar [[r.VolumetricFog.GridSizeZ:128]]
[2019.12.13-14.55.18:597][  0]LogConfig: Setting CVar [[r.VolumetricFog.HistoryMissSupersampleCount:4]]
[2019.12.13-14.55.18:597][  0]LogConfig: Setting CVar [[r.LightMaxDrawDistanceScale:1]]
[2019.12.13-14.55.18:597][  0]LogConfig: Setting CVar [[r.CapsuleShadows:1]]
[2019.12.13-14.55.18:598][  0]LogConfig: Applying CVar settings from Section [PostProcessQuality@3] File [C:/Users/v.arabi/Documents/GitHub/The-Last/The Last/GameAlpha/TheLast/Saved/Config/Windows/Scalability.ini]
[2019.12.13-14.55.18:598][  0]LogConfig: Setting CVar [[r.MotionBlurQuality:4]]
[2019.12.13-14.55.18:598][  0]LogConfig: Setting CVar [[r.AmbientOcclusionMipLevelFactor:0.4]]
[2019.12.13-14.55.18:598][  0]LogConfig: Setting CVar [[r.AmbientOcclusionMaxQuality:100]]
[2019.12.13-14.55.18:598][  0]LogConfig: Setting CVar [[r.AmbientOcclusionLevels:-1]]
[2019.12.13-14.55.18:598][  0]LogConfig: Setting CVar [[r.AmbientOcclusionRadiusScale:1.0]]
[2019.12.13-14.55.18:598][  0]LogConfig: Setting CVar [[r.DepthOfFieldQuality:2]]
[2019.12.13-14.55.18:598][  0]LogConfig: Setting CVar [[r.RenderTargetPoolMin:400]]
[2019.12.13-14.55.18:598][  0]LogConfig: Setting CVar [[r.LensFlareQuality:2]]
[2019.12.13-14.55.18:598][  0]LogConfig: Setting CVar [[r.SceneColorFringeQuality:1]]
[2019.12.13-14.55.18:598][  0]LogConfig: Setting CVar [[r.EyeAdaptationQuality:2]]
[2019.12.13-14.55.18:598][  0]LogConfig: Setting CVar [[r.BloomQuality:5]]
[2019.12.13-14.55.18:598][  0]LogConfig: Setting CVar [[r.FastBlurThreshold:100]]
[2019.12.13-14.55.18:598][  0]LogConfig: Setting CVar [[r.Upscale.Quality:3]]
[2019.12.13-14.55.18:598][  0]LogConfig: Setting CVar [[r.Tonemapper.GrainQuantization:1]]
[2019.12.13-14.55.18:598][  0]LogConfig: Setting CVar [[r.LightShaftQuality:1]]
[2019.12.13-14.55.18:598][  0]LogConfig: Setting CVar [[r.Filter.SizeScale:1]]
[2019.12.13-14.55.18:598][  0]LogConfig: Setting CVar [[r.Tonemapper.Quality:5]]
[2019.12.13-14.55.18:598][  0]LogConfig: Setting CVar [[r.DOF.Gather.AccumulatorQuality:1        ; higher gathering accumulator quality]]
[2019.12.13-14.55.18:598][  0]LogConfig: Setting CVar [[r.DOF.Gather.PostfilterMethod:1          ; Median3x3 postfilering method]]
[2019.12.13-14.55.18:598][  0]LogConfig: Setting CVar [[r.DOF.Gather.EnableBokehSettings:0       ; no bokeh simulation when gathering]]
[2019.12.13-14.55.18:598][  0]LogConfig: Setting CVar [[r.DOF.Gather.RingCount:4                 ; medium number of samples when gathering]]
[2019.12.13-14.55.18:598][  0]LogConfig: Setting CVar [[r.DOF.Scatter.ForegroundCompositing:1    ; additive foreground scattering]]
[2019.12.13-14.55.18:598][  0]LogConfig: Setting CVar [[r.DOF.Scatter.BackgroundCompositing:2    ; additive background scattering]]
[2019.12.13-14.55.18:598][  0]LogConfig: Setting CVar [[r.DOF.Scatter.EnableBokehSettings:1      ; bokeh simulation when scattering]]
[2019.12.13-14.55.18:598][  0]LogConfig: Setting CVar [[r.DOF.Scatter.MaxSpriteRatio:0.1         ; only a maximum of 10% of scattered bokeh]]
[2019.12.13-14.55.18:598][  0]LogConfig: Setting CVar [[r.DOF.Recombine.Quality:1                ; cheap slight out of focus]]
[2019.12.13-14.55.18:598][  0]LogConfig: Setting CVar [[r.DOF.Recombine.EnableBokehSettings:0    ; no bokeh simulation on slight out of focus]]
[2019.12.13-14.55.18:598][  0]LogConfig: Setting CVar [[r.DOF.TemporalAAQuality:1                ; more stable temporal accumulation]]
[2019.12.13-14.55.18:598][  0]LogConfig: Setting CVar [[r.DOF.Kernel.MaxForegroundRadius:0.025]]
[2019.12.13-14.55.18:598][  0]LogConfig: Setting CVar [[r.DOF.Kernel.MaxBackgroundRadius:0.025]]
[2019.12.13-14.55.18:598][  0]LogConfig: Applying CVar settings from Section [TextureQuality@3] File [C:/Users/v.arabi/Documents/GitHub/The-Last/The Last/GameAlpha/TheLast/Saved/Config/Windows/Scalability.ini]
[2019.12.13-14.55.18:598][  0]LogConfig: Setting CVar [[r.Streaming.MipBias:0]]
[2019.12.13-14.55.18:598][  0]LogConfig: Setting CVar [[r.Streaming.AmortizeCPUToGPUCopy:0]]
[2019.12.13-14.55.18:598][  0]LogConfig: Setting CVar [[r.Streaming.MaxNumTexturesToStreamPerFrame:0]]
[2019.12.13-14.55.18:598][  0]LogConfig: Setting CVar [[r.Streaming.Boost:1]]
[2019.12.13-14.55.18:598][  0]LogConfig: Setting CVar [[r.MaxAnisotropy:8]]
[2019.12.13-14.55.18:598][  0]LogConfig: Setting CVar [[r.Streaming.LimitPoolSizeToVRAM:0]]
[2019.12.13-14.55.18:598][  0]LogConfig: Setting CVar [[r.Streaming.PoolSize:1000]]
[2019.12.13-14.55.18:598][  0]LogConfig: Setting CVar [[r.Streaming.MaxEffectiveScreenSize:0]]
[2019.12.13-14.55.18:598][  0]LogConfig: Applying CVar settings from Section [EffectsQuality@3] File [C:/Users/v.arabi/Documents/GitHub/The-Last/The Last/GameAlpha/TheLast/Saved/Config/Windows/Scalability.ini]
[2019.12.13-14.55.18:598][  0]LogConfig: Setting CVar [[r.TranslucencyLightingVolumeDim:64]]
[2019.12.13-14.55.18:598][  0]LogConfig: Setting CVar [[r.RefractionQuality:2]]
[2019.12.13-14.55.18:598][  0]LogConfig: Setting CVar [[r.SSR.Quality:3]]
[2019.12.13-14.55.18:598][  0]LogConfig: Setting CVar [[r.SceneColorFormat:4]]
[2019.12.13-14.55.18:598][  0]LogConfig: Setting CVar [[r.DetailMode:2]]
[2019.12.13-14.55.18:598][  0]LogConfig: Setting CVar [[r.TranslucencyVolumeBlur:1]]
[2019.12.13-14.55.18:598][  0]LogConfig: Setting CVar [[r.MaterialQualityLevel:1 ; High quality]]
[2019.12.13-14.55.18:598][  0]LogConfig: Setting CVar [[r.SSS.Scale:1]]
[2019.12.13-14.55.18:598][  0]LogConfig: Setting CVar [[r.SSS.SampleSet:2]]
[2019.12.13-14.55.18:598][  0]LogConfig: Setting CVar [[r.SSS.Quality:1]]
[2019.12.13-14.55.18:598][  0]LogConfig: Setting CVar [[r.SSS.HalfRes:1]]
[2019.12.13-14.55.18:598][  0]LogConfig: Setting CVar [[r.EmitterSpawnRateScale:1.0]]
[2019.12.13-14.55.18:598][  0]LogConfig: Setting CVar [[r.ParticleLightQuality:2]]
[2019.12.13-14.55.18:598][  0]LogConfig: Applying CVar settings from Section [FoliageQuality@3] File [C:/Users/v.arabi/Documents/GitHub/The-Last/The Last/GameAlpha/TheLast/Saved/Config/Windows/Scalability.ini]
[2019.12.13-14.55.18:598][  0]LogConfig: Setting CVar [[foliage.DensityScale:1.0]]
[2019.12.13-14.55.18:598][  0]LogConfig: Setting CVar [[grass.DensityScale:1.0]]
[2019.12.13-14.55.18:598][  0]LogConfig: Applying CVar settings from Section [Startup] File [../../../Engine/Config/ConsoleVariables.ini]
[2019.12.13-14.55.18:599][  0]LogConfig: Setting CVar [[net.UseAdaptiveNetUpdateFrequency:0]]
[2019.12.13-14.55.18:599][  0]LogConfig: Setting CVar [[p.chaos.AllowCreatePhysxBodies:1]]
[2019.12.13-14.55.18:599][  0]LogConfig: Applying CVar settings from Section [ConsoleVariables] File [C:/Users/v.arabi/Documents/GitHub/The-Last/The Last/GameAlpha/TheLast/Saved/Config/Windows/Engine.ini]
[2019.12.13-14.55.18:599][  0]LogInit: Computer: SA21CICLOS21
[2019.12.13-14.55.18:599][  0]LogInit: User: varabi
[2019.12.13-14.55.18:599][  0]LogInit: CPU Page size=4096, Cores=4
[2019.12.13-14.55.18:599][  0]LogInit: High frequency timer resolution =10.000000 MHz
[2019.12.13-14.55.18:599][  0]LogMemory: Memory total: Physical=15.9GB (16GB approx)
[2019.12.13-14.55.18:599][  0]LogMemory: Platform Memory Stats for Windows
[2019.12.13-14.55.18:599][  0]LogMemory: Process Physical Memory: 103.74 MB used, 103.74 MB peak
[2019.12.13-14.55.18:599][  0]LogMemory: Process Virtual Memory: 91.88 MB used, 91.88 MB peak
[2019.12.13-14.55.18:599][  0]LogMemory: Physical Memory: 5191.70 MB used,  11123.59 MB free, 16315.28 MB total
[2019.12.13-14.55.18:599][  0]LogMemory: Virtual Memory: 4681.02 MB used,  134213048.00 MB free, 134217728.00 MB total
[2019.12.13-14.55.18:603][  0]LogWindows: WindowsPlatformFeatures enabled
[2019.12.13-14.55.18:651][  0]LogInit: Using OS detected language (es-ES).
[2019.12.13-14.55.18:651][  0]LogInit: Using OS detected locale (es-ES).
[2019.12.13-14.55.18:652][  0]LogTextLocalizationManager: No specific localization for 'es-ES' exists, so the 'es' localization will be used.
[2019.12.13-14.55.18:711][  0]LogInit: Setting process to per monitor DPI aware
[2019.12.13-14.55.18:757][  0]LogSlate: New Slate User Created.  User Index 0, Is Virtual User: 0
[2019.12.13-14.55.18:757][  0]LogSlate: Slate User Registered.  User Index 0, Is Virtual User: 0
[2019.12.13-14.55.18:955][  0]LogHMD: Failed to initialize OpenVR with code 110
[2019.12.13-14.55.18:955][  0]LogD3D11RHI: D3D11 adapters:
[2019.12.13-14.55.19:050][  0]LogD3D11RHI:    0. 'NVIDIA GeForce RTX 2060' (Feature Level 11_0)
[2019.12.13-14.55.19:050][  0]LogD3D11RHI:       5980/0/8157 MB DedicatedVideo/DedicatedSystem/SharedSystem, Outputs:1, VendorId:0x10de
[2019.12.13-14.55.19:053][  0]LogD3D11RHI:    1. 'Microsoft Basic Render Driver' (Feature Level 11_0)
[2019.12.13-14.55.19:053][  0]LogD3D11RHI:       0/0/8157 MB DedicatedVideo/DedicatedSystem/SharedSystem, Outputs:0, VendorId:0x1414
[2019.12.13-14.55.19:053][  0]LogD3D11RHI: Chosen D3D11 Adapter: 0
[2019.12.13-14.55.19:064][  0]LogD3D11RHI: Creating new Direct3DDevice
[2019.12.13-14.55.19:064][  0]LogD3D11RHI:     GPU DeviceId: 0x1f08 (for the marketing name, search the web for "GPU Device Id")
[2019.12.13-14.55.19:064][  0]LogWindows: EnumDisplayDevices:
[2019.12.13-14.55.19:064][  0]LogWindows:    0. 'NVIDIA GeForce RTX 2060' (P:1 D:1)
[2019.12.13-14.55.19:065][  0]LogWindows:    1. 'NVIDIA GeForce RTX 2060' (P:0 D:0)
[2019.12.13-14.55.19:065][  0]LogWindows:    2. 'NVIDIA GeForce RTX 2060' (P:0 D:0)
[2019.12.13-14.55.19:066][  0]LogWindows:    3. 'NVIDIA GeForce RTX 2060' (P:0 D:0)
[2019.12.13-14.55.19:066][  0]LogWindows: DebugString: FoundDriverCount:4 
[2019.12.13-14.55.19:066][  0]LogD3D11RHI:     Adapter Name: NVIDIA GeForce RTX 2060
[2019.12.13-14.55.19:066][  0]LogD3D11RHI:   Driver Version: 441.20 (internal:26.21.14.4120, unified:441.20)
[2019.12.13-14.55.19:066][  0]LogD3D11RHI:      Driver Date: 11-6-2019
[2019.12.13-14.55.19:066][  0]LogRHI: Texture pool is 4186 MB (70% of 5980 MB)
[2019.12.13-14.55.19:130][  0]LogD3D11RHI: Async texture creation enabled
[2019.12.13-14.55.19:152][  0]LogD3D11RHI: GPU Timing Frequency: 1000.000000 (Debug: 2 1)
[2019.12.13-14.55.19:520][  0]LogTemp: Display: Module 'AllDesktopTargetPlatform' loaded TargetPlatform 'AllDesktop'
[2019.12.13-14.55.19:533][  0]LogTemp: Display: Module 'MacClientTargetPlatform' loaded TargetPlatform 'MacClient'
[2019.12.13-14.55.19:546][  0]LogTemp: Display: Module 'MacNoEditorTargetPlatform' loaded TargetPlatform 'MacNoEditor'
[2019.12.13-14.55.19:558][  0]LogTemp: Display: Module 'MacServerTargetPlatform' loaded TargetPlatform 'MacServer'
[2019.12.13-14.55.19:571][  0]LogTemp: Display: Module 'MacTargetPlatform' loaded TargetPlatform 'Mac'
[2019.12.13-14.55.19:584][  0]LogTemp: Display: Module 'WindowsClientTargetPlatform' loaded TargetPlatform 'WindowsClient'
[2019.12.13-14.55.19:597][  0]LogTemp: Display: Module 'WindowsNoEditorTargetPlatform' loaded TargetPlatform 'WindowsNoEditor'
[2019.12.13-14.55.19:609][  0]LogTemp: Display: Module 'WindowsServerTargetPlatform' loaded TargetPlatform 'WindowsServer'
[2019.12.13-14.55.19:617][  0]LogTemp: Display: Module 'WindowsTargetPlatform' loaded TargetPlatform 'Windows'
[2019.12.13-14.55.19:660][  0]LogTemp: Display: Module 'AndroidTargetPlatform' loaded TargetPlatform 'Android'
[2019.12.13-14.55.19:660][  0]LogTemp: Display: Module 'AndroidTargetPlatform' loaded TargetPlatform 'Android_ASTC'
[2019.12.13-14.55.19:660][  0]LogTemp: Display: Module 'AndroidTargetPlatform' loaded TargetPlatform 'Android_ATC'
[2019.12.13-14.55.19:660][  0]LogTemp: Display: Module 'AndroidTargetPlatform' loaded TargetPlatform 'Android_DXT'
[2019.12.13-14.55.19:660][  0]LogTemp: Display: Module 'AndroidTargetPlatform' loaded TargetPlatform 'Android_ETC1'
[2019.12.13-14.55.19:660][  0]LogTemp: Display: Module 'AndroidTargetPlatform' loaded TargetPlatform 'Android_ETC1a'
[2019.12.13-14.55.19:661][  0]LogTemp: Display: Module 'AndroidTargetPlatform' loaded TargetPlatform 'Android_ETC2'
[2019.12.13-14.55.19:661][  0]LogTemp: Display: Module 'AndroidTargetPlatform' loaded TargetPlatform 'Android_PVRTC'
[2019.12.13-14.55.19:661][  0]LogTemp: Display: Module 'AndroidTargetPlatform' loaded TargetPlatform 'AndroidClient'
[2019.12.13-14.55.19:661][  0]LogTemp: Display: Module 'AndroidTargetPlatform' loaded TargetPlatform 'Android_ASTCClient'
[2019.12.13-14.55.19:661][  0]LogTemp: Display: Module 'AndroidTargetPlatform' loaded TargetPlatform 'Android_ATCClient'
[2019.12.13-14.55.19:661][  0]LogTemp: Display: Module 'AndroidTargetPlatform' loaded TargetPlatform 'Android_DXTClient'
[2019.12.13-14.55.19:661][  0]LogTemp: Display: Module 'AndroidTargetPlatform' loaded TargetPlatform 'Android_ETC1Client'
[2019.12.13-14.55.19:661][  0]LogTemp: Display: Module 'AndroidTargetPlatform' loaded TargetPlatform 'Android_ETC1aClient'
[2019.12.13-14.55.19:661][  0]LogTemp: Display: Module 'AndroidTargetPlatform' loaded TargetPlatform 'Android_ETC2Client'
[2019.12.13-14.55.19:661][  0]LogTemp: Display: Module 'AndroidTargetPlatform' loaded TargetPlatform 'Android_PVRTCClient'
[2019.12.13-14.55.19:661][  0]LogTemp: Display: Module 'AndroidTargetPlatform' loaded TargetPlatform 'Android_Multi'
[2019.12.13-14.55.19:661][  0]LogTemp: Display: Module 'AndroidTargetPlatform' loaded TargetPlatform 'Android_MultiClient'
[2019.12.13-14.55.19:663][  0]LogTemp: Display: Module 'HTML5TargetPlatform' loaded TargetPlatform 'HTML5'
[2019.12.13-14.55.19:687][  0]LogTemp: Display: Module 'IOSTargetPlatform' loaded TargetPlatform 'IOSClient'
[2019.12.13-14.55.19:687][  0]LogTemp: Display: Module 'IOSTargetPlatform' loaded TargetPlatform 'IOS'
[2019.12.13-14.55.19:705][  0]LogTemp: Display: Module 'TVOSTargetPlatform' loaded TargetPlatform 'TVOSClient'
[2019.12.13-14.55.19:705][  0]LogTemp: Display: Module 'TVOSTargetPlatform' loaded TargetPlatform 'TVOS'
[2019.12.13-14.55.19:715][  0]LogTemp: Display: Module 'LinuxClientTargetPlatform' loaded TargetPlatform 'LinuxClient'
[2019.12.13-14.55.19:724][  0]LogTemp: Display: Module 'LinuxNoEditorTargetPlatform' loaded TargetPlatform 'LinuxNoEditor'
[2019.12.13-14.55.19:734][  0]LogTemp: Display: Module 'LinuxServerTargetPlatform' loaded TargetPlatform 'LinuxServer'
[2019.12.13-14.55.19:745][  0]LogTemp: Display: Module 'LinuxTargetPlatform' loaded TargetPlatform 'Linux'
[2019.12.13-14.55.19:776][  0]LogTemp: Display: Module 'LuminTargetPlatform' loaded TargetPlatform 'Lumin'
[2019.12.13-14.55.19:776][  0]LogTemp: Display: Module 'LuminTargetPlatform' loaded TargetPlatform 'LuminClient'
[2019.12.13-14.55.19:776][  0]LogTargetPlatformManager: Display: Building Assets For Windows
[2019.12.13-14.55.19:792][  0]LogAudioDebug: Display: Lib vorbis DLL was dynamically loaded.
[2019.12.13-14.55.19:884][  0]LogShaderCompilers: Guid format shader working directory is -37 characters bigger than the processId version (../../../../../../Users/v.arabi/Documents/GitHub/The-Last/The Last/GameAlpha/TheLast/Intermediate/Shaders/WorkingDirectory/13972/).
[2019.12.13-14.55.19:884][  0]LogShaderCompilers: Cleaned the shader compiler working directory 'C:/Users/v.arabi/AppData/Local/Temp/UnrealShaderWorkingDir/591E762E4024206FD95000A32C8CA0F2/'.
[2019.12.13-14.55.19:888][  0]LogXGEController: Cannot use XGE Controller as Incredibuild is not installed on this machine.
[2019.12.13-14.55.19:889][  0]LogShaderCompilers: Cannot use XGE Shader Compiler as Incredibuild is not installed on this machine.
[2019.12.13-14.55.19:889][  0]LogShaderCompilers: Display: Using Local Shader Compiler.
[2019.12.13-14.55.20:604][  0]LogDerivedDataCache: Display: Max Cache Size: 512 MB
[2019.12.13-14.55.20:694][  0]LogDerivedDataCache: Loaded boot cache 0.09s 78MB C:/Users/v.arabi/AppData/Local/UnrealEngine/4.23/DerivedDataCache/Boot.ddc.
[2019.12.13-14.55.20:694][  0]LogDerivedDataCache: Display: Loaded Boot cache: C:/Users/v.arabi/AppData/Local/UnrealEngine/4.23/DerivedDataCache/Boot.ddc
[2019.12.13-14.55.20:694][  0]LogDerivedDataCache: FDerivedDataBackendGraph:  Pak pak cache file ../../../../../../Users/v.arabi/Documents/GitHub/The-Last/The Last/GameAlpha/TheLast/DerivedDataCache/DDC.ddp not found, will not use a pak cache.
[2019.12.13-14.55.20:694][  0]LogDerivedDataCache: Unable to find inner node Pak for hierarchical cache Hierarchy.
[2019.12.13-14.55.20:694][  0]LogDerivedDataCache: FDerivedDataBackendGraph:  CompressedPak pak cache file ../../../../../../Users/v.arabi/Documents/GitHub/The-Last/The Last/GameAlpha/TheLast/DerivedDataCache/Compressed.ddp not found, will not use a pak cache.
[2019.12.13-14.55.20:694][  0]LogDerivedDataCache: Unable to find inner node CompressedPak for hierarchical cache Hierarchy.
[2019.12.13-14.55.20:708][  0]LogDerivedDataCache: Display: Pak cache opened for reading ../../../Engine/DerivedDataCache/Compressed.ddp.
[2019.12.13-14.55.20:708][  0]LogDerivedDataCache: FDerivedDataBackendGraph:  EnterprisePak pak cache file ../../../Enterprise/DerivedDataCache/Compressed.ddp not found, will not use a pak cache.
[2019.12.13-14.55.20:708][  0]LogDerivedDataCache: Unable to find inner node EnterprisePak for hierarchical cache Hierarchy.
[2019.12.13-14.55.20:710][  0]LogDerivedDataCache: Using Local data cache path C:/Users/v.arabi/AppData/Local/UnrealEngine/Common/DerivedDataCache: Writable
[2019.12.13-14.55.20:710][  0]LogDerivedDataCache: Shared data cache path not found in *engine.ini, will not use an Shared cache.
[2019.12.13-14.55.20:710][  0]LogDerivedDataCache: Unable to find inner node Shared for hierarchical cache Hierarchy.
[2019.12.13-14.55.20:735][  0]LogMaterial: Verifying Global Shaders for PCD3D_SM5
[2019.12.13-14.55.20:737][  0]LogSlate: Using FreeType 2.6.0
[2019.12.13-14.55.20:738][  0]LogSlate: SlateFontServices - WITH_FREETYPE: 1, WITH_HARFBUZZ: 1
[2019.12.13-14.55.20:810][  0]LogAssetRegistry: FAssetRegistry took 0.0029 seconds to start up
[2019.12.13-14.55.21:123][  0]LogInit: Selected Device Profile: [Windows]
[2019.12.13-14.55.21:318][  0]LogMeshReduction: Using QuadricMeshReduction for automatic static mesh reduction
[2019.12.13-14.55.21:318][  0]LogMeshReduction: Using SimplygonMeshReduction for automatic skeletal mesh reduction
[2019.12.13-14.55.21:318][  0]LogMeshReduction: Using ProxyLODMeshReduction for automatic mesh merging
[2019.12.13-14.55.21:318][  0]LogMeshReduction: No distributed automatic mesh merging module available
[2019.12.13-14.55.21:318][  0]LogMeshMerging: No distributed automatic mesh merging module available
[2019.12.13-14.55.21:330][  0]LogNetVersion: TheLast 1.0.0, NetCL: 8386587, EngineNetVer: 11, GameNetVer: 0 (Checksum: 2690468633)
[2019.12.13-14.55.21:836][  0]LogPackageLocalizationCache: Processed 12 localized package path(s) for 1 prioritized culture(s) in 0.042262 seconds
[2019.12.13-14.55.21:844][  0]LogUObjectArray: 43444 objects as part of root set at end of initial load.
[2019.12.13-14.55.21:844][  0]LogUObjectAllocator: 7548648 out of 0 bytes used by permanent object pool.
[2019.12.13-14.55.21:844][  0]LogUObjectArray: CloseDisregardForGC: 0/0 objects in disregard for GC pool
[2019.12.13-14.55.22:971][  0]LogTcpMessaging: Initializing TcpMessaging bridge
[2019.12.13-14.55.22:975][  0]LogUdpMessaging: Initializing bridge on interface 0.0.0.0:0 to multicast group 230.0.0.1:6666.
[2019.12.13-14.55.23:048][  0]SourceControl: El control de código fuente está desactivado
[2019.12.13-14.55.23:048][  0]SourceControl: El control de código fuente está desactivado
[2019.12.13-14.55.23:050][  0]SourceControl: El control de código fuente está desactivado
[2019.12.13-14.55.23:052][  0]SourceControl: El control de código fuente está desactivado
[2019.12.13-14.55.23:181][  0]LogAndroidPermission: UAndroidPermissionCallbackProxy::GetInstance
[2019.12.13-14.55.23:362][  0]LogOcInput: OculusInput pre-init called
[2019.12.13-14.55.24:152][  0]LogEngine: Initializing Engine...
[2019.12.13-14.55.24:153][  0]LogHMD: Failed to initialize OpenVR with code 110
[2019.12.13-14.55.24:154][  0]LogStats: UGameplayTagsManager::InitializeManager -  0.000 s
[2019.12.13-14.55.24:434][  0]LogInit: Initializing FReadOnlyCVARCache
[2019.12.13-14.55.24:458][  0]LogAIModule: Creating AISystem for world Untitled
[2019.12.13-14.55.24:492][  0]LogInit: XAudio2 using 'Acer V246HL (NVIDIA High Definition Audio)' : 2 channels at 48 kHz using 16 bits per sample (channel mask 0x3)
[2019.12.13-14.55.24:584][  0]LogInit: FAudioDevice initialized.
[2019.12.13-14.55.24:584][  0]LogNetVersion: Set ProjectVersion to 1.0.0.0. Version Checksum will be recalculated on next use.
[2019.12.13-14.55.24:696][  0]LogDerivedDataCache: Saved boot cache 0.11s 78MB C:/Users/v.arabi/AppData/Local/UnrealEngine/4.23/DerivedDataCache/Boot.ddc.
[2019.12.13-14.55.24:726][  0]LogInit: Texture streaming: Enabled
[2019.12.13-14.55.24:756][  0]LogEngineSessionManager: EngineSessionManager initialized
[2019.12.13-14.55.24:756][  0]LogEditorSessionSummary: Verbose: Initializing EditorSessionSummaryWriter for editor session tracking
[2019.12.13-14.55.24:757][  0]LogEditorSessionSummary: EditorSessionSummaryWriter initialized
[2019.12.13-14.55.24:828][  0]LogInit: Transaction tracking system initialized
[2019.12.13-14.55.24:886][  0]BlueprintLog: New page: Cargar el editor
[2019.12.13-14.55.25:028][  0]LocalizationService: Localization service is disabled
[2019.12.13-14.55.25:366][  0]LogFileCache: Scanning file cache for directory 'C:/Users/v.arabi/Documents/GitHub/The-Last/The Last/GameAlpha/TheLast/Content/' took 0.01s
[2019.12.13-14.55.25:366][  0]LogCook: Display: Max memory allowance for cook 16384mb min free memory 0mb
[2019.12.13-14.55.25:366][  0]LogCook: Display: Mobile HDR setting 1
[2019.12.13-14.55.25:614][  0]SourceControl: El control de código fuente está desactivado
[2019.12.13-14.55.25:614][  0]Cmd: MAP LOAD FILE="../../../../../../Users/v.arabi/Documents/GitHub/The-Last/The Last/GameAlpha/TheLast/Content/ThirdPersonBP/Maps/ThirdPersonExampleMap.umap" TEMPLATE=0 SHOWPROGRESS=1 FEATURELEVEL=3
[2019.12.13-14.55.25:614][  0]LightingResults: New page: Diseñar la iluminación
[2019.12.13-14.55.25:619][  0]LogWorld: UWorld::CleanupWorld for Untitled, bSessionEnded=true, bCleanupResources=true
[2019.12.13-14.55.25:619][  0]MapCheck: New page: Revisión del mapa
[2019.12.13-14.55.25:619][  0]LightingResults: New page: Diseñar la iluminación
[2019.12.13-14.55.25:646][  0]LogUObjectHash: Compacting FUObjectHashTables data took   2.03ms
[2019.12.13-14.55.25:793][  0]LogLinker: Warning: While loading '../../../../../../Users/v.arabi/Documents/GitHub/The-Last/The Last/GameAlpha/TheLast/Content/ThirdPersonBP/Maps/ThirdPersonExampleMap.umap' failed to load '/Game/ThirdPersonBP/Maps/ThirdPersonExampleMap_BuiltData': No puede encontrar el archivo
[2019.12.13-14.55.25:793][  0]LogLinker: Warning: While loading '../../../../../../Users/v.arabi/Documents/GitHub/The-Last/The Last/GameAlpha/TheLast/Content/ThirdPersonBP/Maps/ThirdPersonExampleMap.umap' failed to load '/Game/ThirdPersonBP/Maps/ThirdPersonExampleMap_BuiltData': No puede encontrar el archivo para el activo.
[2019.12.13-14.55.25:805][  0]LogLinker: Warning: While loading '../../../../../../Users/v.arabi/Documents/GitHub/The-Last/The Last/GameAlpha/TheLast/Content/ThirdPersonBP/Maps/ThirdPersonExampleMap.umap' failed to load '/Game/ThirdPersonBP/Maps/ThirdPersonExampleMap_BuiltData': No puede encontrar el archivo
[2019.12.13-14.55.25:806][  0]LogLinker: Warning: While loading '../../../../../../Users/v.arabi/Documents/GitHub/The-Last/The Last/GameAlpha/TheLast/Content/ThirdPersonBP/Maps/ThirdPersonExampleMap.umap' failed to load '/Game/ThirdPersonBP/Maps/ThirdPersonExampleMap_BuiltData': No puede encontrar el archivo para el activo.
[2019.12.13-14.55.25:808][  0]LogLinker: Warning: Error al cargar '{FileName}': No puede encontrar el archivo
[2019.12.13-14.55.25:809][  0]LogLinker: Warning: Error al cargar '{FileName}': No puede encontrar el archivo para el activo.
[2019.12.13-14.55.25:809][  0]LogLinker: Warning: Error al cargar '{FileName}': No puede encontrar el archivo
[2019.12.13-14.55.25:809][  0]LogLinker: Warning: Error al cargar '{FileName}': No puede encontrar el archivo para el activo.
[2019.12.13-14.55.25:820][  0]LogLinker: Warning: While loading '../../../../../../Users/v.arabi/Documents/GitHub/The-Last/The Last/GameAlpha/TheLast/Content/ThirdPersonBP/Maps/ThirdPersonExampleMap.umap' failed to load '/Game/ThirdPersonBP/Maps/ThirdPersonExampleMap_BuiltData': No puede encontrar el archivo
[2019.12.13-14.55.25:820][  0]LoadErrors: Error al cargar /Game/ThirdPersonBP/Maps/ThirdPersonExampleMap_BuiltData.ThirdPersonExampleMap_BuiltData Referenciado por PersistentLevel
[2019.12.13-14.55.25:820][  0]LogLinker: Warning: While loading '../../../../../../Users/v.arabi/Documents/GitHub/The-Last/The Last/GameAlpha/TheLast/Content/ThirdPersonBP/Maps/ThirdPersonExampleMap.umap' failed to load '/Game/ThirdPersonBP/Maps/ThirdPersonExampleMap_BuiltData': No puede encontrar el archivo para el activo.
[2019.12.13-14.55.25:820][  0]LoadErrors: Error al cargar /Game/ThirdPersonBP/Maps/ThirdPersonExampleMap_BuiltData.ThirdPersonExampleMap_BuiltData Referenciado por PersistentLevel
[2019.12.13-14.55.25:986][  0]LogAIModule: Creating AISystem for world ThirdPersonExampleMap
[2019.12.13-14.55.25:999][  0]LogEditorServer: Finished looking for orphan Actors (0.000 secs)
[2019.12.13-14.55.26:036][  0]LogUObjectHash: Compacting FUObjectHashTables data took   2.51ms
[2019.12.13-14.55.26:036][  0]Cmd: MAP CHECKDEP NOCLEARLOG
[2019.12.13-14.55.26:036][  0]MapCheck: Map check complete: 0 Error(s), 0 Warning(s), took 0,21ms to complete.
[2019.12.13-14.55.26:036][  0]LogFileHelpers: Loading map 'ThirdPersonExampleMap' took 0.422
[2019.12.13-14.55.26:164][  0]LogSlate: Updating window title bar state: overlay mode, drag disabled, window buttons hidden, title bar hidden
[2019.12.13-14.55.26:173][  0]LogSlate: Updating window title bar state: overlay mode, drag disabled, window buttons hidden, title bar hidden
[2019.12.13-14.55.26:181][  0]LogSlate: Updating window title bar state: overlay mode, drag disabled, window buttons hidden, title bar hidden
[2019.12.13-14.55.26:190][  0]LogSlate: Updating window title bar state: overlay mode, drag disabled, window buttons hidden, title bar hidden
[2019.12.13-14.55.26:203][  0]LogCollectionManager: Loaded 0 collections in 0.003706 seconds
[2019.12.13-14.55.26:215][  0]LogFileCache: Scanning file cache for directory 'C:/Users/v.arabi/Documents/GitHub/The-Last/The Last/GameAlpha/TheLast/Saved/Collections/' took 0.00s
[2019.12.13-14.55.26:216][  0]LogFileCache: Scanning file cache for directory 'C:/Users/v.arabi/Documents/GitHub/The-Last/The Last/GameAlpha/TheLast/Content/Developers/varabi/Collections/' took 0.00s
[2019.12.13-14.55.26:216][  0]LogFileCache: Scanning file cache for directory 'C:/Users/v.arabi/Documents/GitHub/The-Last/The Last/GameAlpha/TheLast/Content/Collections/' took 0.00s
[2019.12.13-14.55.26:216][  0]LogCollectionManager: Rebuilt the GUID cache for 0 collections in 0.000002 seconds
[2019.12.13-14.55.26:226][  0]LogContentBrowser: Native class hierarchy populated in 0.0096 seconds. Added 2863 classes and 680 folders.
[2019.12.13-14.55.26:237][  0]LogContentBrowser: Native class hierarchy updated for 'WidgetCarousel' in 0.0003 seconds. Added 0 classes and 0 folders.
[2019.12.13-14.55.26:385][  0]LogContentBrowser: Native class hierarchy updated for 'AddContentDialog' in 0.0003 seconds. Added 0 classes and 0 folders.
[2019.12.13-14.55.26:407][  0]LogContentBrowser: Native class hierarchy updated for 'SceneOutliner' in 0.0003 seconds. Added 1 classes and 2 folders.
[2019.12.13-14.55.26:427][  0]LogSlate: Took 0.000231 seconds to synchronously load lazily loaded font '../../../Engine/Content/Slate/Fonts/Roboto-Regular.ttf' (155K)
[2019.12.13-14.55.26:429][  0]LogSlate: Took 0.000206 seconds to synchronously load lazily loaded font '../../../Engine/Content/Slate/Fonts/Roboto-Bold.ttf' (160K)
[2019.12.13-14.55.26:437][  0]LogSlate: Took 0.003123 seconds to synchronously load lazily loaded font '../../../Engine/Content/Editor/Slate/Fonts/FontAwesome.ttf' (139K)
[2019.12.13-14.55.26:529][  0]LogRenderer: Reallocating scene render targets to support 1208x572 Format 10 NumSamples 1 (Frame:1).
[2019.12.13-14.55.27:362][  0]LogSlate: FSceneViewport::OnFocusLost() reason 5
[2019.12.13-14.55.27:383][  0]LogSlate: Window 'Tutoriales' being destroyed
[2019.12.13-14.55.27:398][  0]LogContentBrowser: Native class hierarchy updated for 'HierarchicalLODOutliner' in 0.0003 seconds. Added 0 classes and 0 folders.
[2019.12.13-14.55.27:398][  0]LogLoad: (Engine Initialization) Total time: 11.36 seconds
[2019.12.13-14.55.27:398][  0]LogLoad: (Engine Initialization) Total Blueprint compile time: 0.00 seconds
[2019.12.13-14.55.27:408][  0]LogWindowsTextInputMethodSystem: Display: IME system now deactivated.
[2019.12.13-14.55.27:455][  0]LogContentStreaming: Texture pool size now 1000 MB
[2019.12.13-14.55.27:459][  0]LogSlate: FSceneViewport::OnFocusLost() reason 5
[2019.12.13-14.55.27:573][  0]LogSlate: Took 0.001747 seconds to synchronously load lazily loaded font '../../../Engine/Content/Slate/Fonts/Roboto-Light.ttf' (167K)
[2019.12.13-14.55.27:604][  1]LogAssetRegistry: Asset discovery search completed in 6.7900 seconds
[2019.12.13-14.55.27:608][  1]LogCollectionManager: Rebuilt the object cache for 0 collections in 0.000006 seconds (found 0 objects)
[2019.12.13-14.55.27:608][  1]LogCollectionManager: Fixed up redirectors for 0 collections in 0.000067 seconds (updated 0 objects)
[2019.12.13-14.55.28:159][  3]LogD3D11RHI: Timed out while waiting for GPU to catch up. (500 ms)
[2019.12.13-14.55.36:677][932]LogSlate: Window 'Registro del mensaje' being destroyed
[2019.12.13-14.55.36:683][932]LogSlate: Window 'Registro del mensaje' being destroyed
[2019.12.13-14.55.55:562][151]LogEditorViewport: Clicking on Actor (LMB): StaticMeshActor (Floor)
[2019.12.13-14.55.56:228][213]LogEditorViewport: Clicking on Actor (LMB): StaticMeshActor (Floor)
[2019.12.13-14.55.56:579][251]LogEditorViewport: Clicking on Actor (LMB): ThirdPersonCharacter_C (ThirdPersonCharacter)
[2019.12.13-14.55.57:607][328]LogSlate: Took 0.002120 seconds to synchronously load lazily loaded font '../../../Engine/Content/Slate/Fonts/Roboto-Italic.ttf' (157K)
[2019.12.13-14.55.58:816][436]LogSlate: FSceneViewport::OnFocusLost() reason 2
[2019.12.13-14.56.00:196][586]LogSlate: Took 0.000313 seconds to synchronously load lazily loaded font '../../../Engine/Content/Slate/Fonts/Roboto-Light.ttf' (167K)
[2019.12.13-14.56.00:199][586]LogSlate: FSceneViewport::OnFocusLost() reason 5
[2019.12.13-14.56.00:204][586]LogAssetEditorManager: Opening Asset editor for Blueprint /Game/ThirdPersonBP/Blueprints/ThirdPersonCharacter.ThirdPersonCharacter
[2019.12.13-14.56.00:483][586]LogContentBrowser: Native class hierarchy updated for 'BlueprintGraph' in 0.0006 seconds. Added 121 classes and 0 folders.
[2019.12.13-14.56.01:449][586]LogSlate: Took 0.001692 seconds to synchronously load lazily loaded font '../../../Engine/Content/Slate/Fonts/Roboto-BoldCondensed.ttf' (158K)
[2019.12.13-14.56.35:656][204]LogSlate: Window 'ThirdPersonCharacter' being destroyed
[2019.12.13-14.56.35:663][204]LogSlate: Window 'ThirdPersonCharacter' being destroyed
[2019.12.13-14.56.35:677][204]LogWorld: UWorld::CleanupWorld for World_3, bSessionEnded=true, bCleanupResources=true
[2019.12.13-14.56.36:615][282]LogSlate: FSceneViewport::OnFocusLost() reason 0
[2019.12.13-14.56.43:232][829]LogSlate: Window 'Tutoriales' being destroyed
[2019.12.13-14.56.44:564][945]LogSlate: FSceneViewport::OnFocusLost() reason 2
[2019.12.13-14.56.47:437][229]LogSlate: FSceneViewport::OnFocusLost() reason 0
[2019.12.13-14.58.41:324][820]LogDirectoryWatcher: A directory notification failed for 'C:/Users/v.arabi/Documents/GitHub/The-Last/The Last/GameAlpha/TheLast/Content/Collections/' because it could not be accessed. Aborting watch request...
[2019.12.13-14.58.41:324][820]LogDirectoryWatcher: A directory notification failed for 'C:/Users/v.arabi/Documents/GitHub/The-Last/The Last/GameAlpha/TheLast/Content/Developers/varabi/Collections/' because it could not be accessed. Aborting watch request...
[2019.12.13-14.58.41:325][820]LogDirectoryWatcher: A directory notification failed for 'C:/Users/v.arabi/Documents/GitHub/The-Last/The Last/GameAlpha/TheLast/Saved/Collections/' because it could not be accessed. Aborting watch request...
[2019.12.13-14.58.57:199][164]LogSlate: FSceneViewport::OnFocusLost() reason 0
[2019.12.13-14.59.05:851][237]LogSlate: FSceneViewport::OnFocusLost() reason 0
[2019.12.13-14.59.08:561][497]LogTexture: Display: Building textures: HQ_Lightmap0_2 (AutoDXT, 64X64)
[2019.12.13-14.59.08:561][497]LogTexture: Display: Building textures: HQ_Lightmap0_1 (AutoDXT, 256X256)
[2019.12.13-14.59.08:561][497]LogTexture: Display: Building textures: LQ_Lightmap_0_1 (DXT1, 256X256)
[2019.12.13-14.59.08:561][497]LogTexture: Display: Building textures: LQ_Lightmap_0_2 (DXT1, 64X64)
[2019.12.13-14.59.08:561][497]LogTexture: Display: Building textures: SkyOcclusion0_1 (AutoDXT, 256X128)
[2019.12.13-14.59.08:561][497]LogTexture: Display: Building textures: SkyOcclusion0_2 (AutoDXT, 64X32)
[2019.12.13-14.59.08:561][497]LogTexture: Display: Building textures: ShadowMapTexture2D_3 (BGRA8, 256X128)
[2019.12.13-14.59.08:561][497]LogTexture: Display: Building textures: ShadowMapTexture2D_4 (BGRA8, 64X32)
[2019.12.13-14.59.08:561][497]LogTexture: Display: Building textures: UE4_Mannequin_occlusion (AutoDXT, 512X512)
[2019.12.13-14.59.08:561][497]LogAnimationCompression: Building Anim DDC data for AnimSequence /Game/MCO_Mocap_Basics/Animation/Walks/In_Place/Walk_08_Listen_Music_Loop_IP.Walk_08_Listen_Music_Loop_IP
[2019.12.13-14.59.08:561][497]LogAnimationCompression: Recompressing (AnimSequence /Game/MCO_Mocap_Basics/Animation/Walks/In_Place/Walk_08_Listen_Music_Loop_IP.Walk_08_Listen_Music_Loop_IP) using current/default (AnimCompress_BitwiseCompressOnly_32) bFirstRecompressUsingCurrentOrDefault(1) bTryAlternateCompressor(0) IsCompressedDataValid(0)
[2019.12.13-14.59.08:567][497]LogAnimationCompression: Building Anim DDC data for AnimSequence /Game/MCO_Mocap_Basics/Animation/Walks/In_Place/Walk_13_Power_Walk_Loop_IP.Walk_13_Power_Walk_Loop_IP
[2019.12.13-14.59.08:567][497]LogAnimationCompression: Recompressing (AnimSequence /Game/MCO_Mocap_Basics/Animation/Walks/In_Place/Walk_13_Power_Walk_Loop_IP.Walk_13_Power_Walk_Loop_IP) using current/default (AnimCompress_BitwiseCompressOnly_33) bFirstRecompressUsingCurrentOrDefault(1) bTryAlternateCompressor(0) IsCompressedDataValid(0)
[2019.12.13-14.59.08:574][497]LogAnimationCompression: Building Anim DDC data for AnimSequence /Game/MCO_Mocap_Basics/Animation/Conversations/Root_Motion/Convo_11_Listening_Loop.Convo_11_Listening_Loop
[2019.12.13-14.59.08:574][497]LogAnimationCompression: Recompressing (AnimSequence /Game/MCO_Mocap_Basics/Animation/Conversations/Root_Motion/Convo_11_Listening_Loop.Convo_11_Listening_Loop) using current/default (AnimCompress_BitwiseCompressOnly_2) bFirstRecompressUsingCurrentOrDefault(1) bTryAlternateCompressor(0) IsCompressedDataValid(0)
[2019.12.13-14.59.09:302][497]LogTexture: Display: Building textures: UE4_Mannequin__normals (BC5, 2048X2048)
[2019.12.13-14.59.09:302][497]LogTexture: Display: Building textures: UE4_Mannequin_MAT_MASKA (AutoDXT, 1024X1024)
[2019.12.13-14.59.09:302][497]LogTexture: Display: Building textures: T_ML_Aluminum01 (AutoDXT, 512X512)
[2019.12.13-14.59.09:302][497]LogTexture: Display: Building textures: T_ML_Aluminum01_N (BC5, 512X512)
[2019.12.13-14.59.09:302][497]LogTexture: Display: Building textures: UE4Man_Logo_N (BC5, 512X512)
[2019.12.13-14.59.09:302][497]LogTexture: Display: Building textures: T_ML_Rubber_Blue_01_N (BC5, 512X512)
[2019.12.13-14.59.09:302][497]LogTexture: Display: Building textures: T_ML_Rubber_Blue_01_D (AutoDXT, 512X512)
[2019.12.13-14.59.09:559][497]LogMaterial: Display: Missing cached shader map for material M_UE4Man_Body, compiling. 
[2019.12.13-14.59.09:677][497]LogMaterial: Display: Missing cached shader map for material M_UE4Man_Body, compiling. 
[2019.12.13-14.59.09:739][497]LogShaderCompilers: Display: Worker (1/3): shaders left to compile 125
[2019.12.13-14.59.09:739][497]LogShaderCompilers: Display: Worker (2/3): shaders left to compile 115
[2019.12.13-14.59.09:739][497]LogShaderCompilers: Display: Worker (3/3): shaders left to compile 105
[2019.12.13-14.59.09:739][497]LogAnimationCompression: Building Anim DDC data for AnimSequence /Game/MCO_Mocap_Basics/Animation/Conversations/Root_Motion/Convo_01_Low_Key_Loop.Convo_01_Low_Key_Loop
[2019.12.13-14.59.09:739][497]LogAnimationCompression: Recompressing (AnimSequence /Game/MCO_Mocap_Basics/Animation/Conversations/Root_Motion/Convo_01_Low_Key_Loop.Convo_01_Low_Key_Loop) using current/default (AnimCompress_BitwiseCompressOnly_1) bFirstRecompressUsingCurrentOrDefault(1) bTryAlternateCompressor(0) IsCompressedDataValid(0)
[2019.12.13-14.59.09:763][497]LogAnimationCompression: Building Anim DDC data for AnimSequence /Game/MCO_Mocap_Basics/Animation/Walks/In_Place/Walk_06_Look_Around_Loop_IP.Walk_06_Look_Around_Loop_IP
[2019.12.13-14.59.09:763][497]LogAnimationCompression: Recompressing (AnimSequence /Game/MCO_Mocap_Basics/Animation/Walks/In_Place/Walk_06_Look_Around_Loop_IP.Walk_06_Look_Around_Loop_IP) using current/default (AnimCompress_BitwiseCompressOnly_31) bFirstRecompressUsingCurrentOrDefault(1) bTryAlternateCompressor(0) IsCompressedDataValid(0)
[2019.12.13-14.59.09:771][497]LogAnimationCompression: Building Anim DDC data for AnimSequence /Game/MCO_Mocap_Basics/Animation/Walks/In_Place/Walk_04_Texting_Loop_IP.Walk_04_Texting_Loop_IP
[2019.12.13-14.59.09:771][497]LogAnimationCompression: Recompressing (AnimSequence /Game/MCO_Mocap_Basics/Animation/Walks/In_Place/Walk_04_Texting_Loop_IP.Walk_04_Texting_Loop_IP) using current/default (AnimCompress_BitwiseCompressOnly_30) bFirstRecompressUsingCurrentOrDefault(1) bTryAlternateCompressor(0) IsCompressedDataValid(0)
[2019.12.13-14.59.09:773][497]LogAnimationCompression: Building Anim DDC data for AnimSequence /Game/MCO_Mocap_Basics/Animation/Walks/In_Place/Walk_02_Cheerful_Loop_IP.Walk_02_Cheerful_Loop_IP
[2019.12.13-14.59.09:773][497]LogAnimationCompression: Recompressing (AnimSequence /Game/MCO_Mocap_Basics/Animation/Walks/In_Place/Walk_02_Cheerful_Loop_IP.Walk_02_Cheerful_Loop_IP) using current/default (AnimCompress_BitwiseCompressOnly_29) bFirstRecompressUsingCurrentOrDefault(1) bTryAlternateCompressor(0) IsCompressedDataValid(0)
[2019.12.13-14.59.09:775][497]LogAnimationCompression: Building Anim DDC data for AnimSequence /Game/MCO_Mocap_Basics/Animation/Scared/In_Place/SCR_Walk_Scared_Fwd_Look_Right_Loop_IP.SCR_Walk_Scared_Fwd_Look_Right_Loop_IP
[2019.12.13-14.59.09:775][497]LogAnimationCompression: Recompressing (AnimSequence /Game/MCO_Mocap_Basics/Animation/Scared/In_Place/SCR_Walk_Scared_Fwd_Look_Right_Loop_IP.SCR_Walk_Scared_Fwd_Look_Right_Loop_IP) using current/default (AnimCompress_BitwiseCompressOnly_6) bFirstRecompressUsingCurrentOrDefault(1) bTryAlternateCompressor(0) IsCompressedDataValid(0)
[2019.12.13-14.59.09:783][497]LogAnimationCompression: Building Anim DDC data for AnimSequence /Game/MCO_Mocap_Basics/Animation/Scared/In_Place/SCR_Walk_Scared_Fwd_Look_Left_Loop_IP.SCR_Walk_Scared_Fwd_Look_Left_Loop_IP
[2019.12.13-14.59.09:783][497]LogAnimationCompression: Recompressing (AnimSequence /Game/MCO_Mocap_Basics/Animation/Scared/In_Place/SCR_Walk_Scared_Fwd_Look_Left_Loop_IP.SCR_Walk_Scared_Fwd_Look_Left_Loop_IP) using current/default (AnimCompress_BitwiseCompressOnly_5) bFirstRecompressUsingCurrentOrDefault(1) bTryAlternateCompressor(0) IsCompressedDataValid(0)
[2019.12.13-14.59.09:792][497]LogAnimationCompression: Building Anim DDC data for AnimSequence /Game/MCO_Mocap_Basics/Animation/Mobility_Pro/In_Place/MOB1_Walk_F_IPC.MOB1_Walk_F_IPC
[2019.12.13-14.59.09:792][497]LogAnimationCompression: Recompressing (AnimSequence /Game/MCO_Mocap_Basics/Animation/Mobility_Pro/In_Place/MOB1_Walk_F_IPC.MOB1_Walk_F_IPC) using current/default (AnimCompress_BitwiseCompressOnly_13) bFirstRecompressUsingCurrentOrDefault(1) bTryAlternateCompressor(0) IsCompressedDataValid(0)
[2019.12.13-14.59.09:793][497]LogAnimationCompression: Building Anim DDC data for AnimSequence /Game/MCO_Mocap_Basics/Animation/Mobility_Pro/In_Place/MOB1_Stand_Relaxed_Idle_v2_IPC.MOB1_Stand_Relaxed_Idle_v2_IPC
[2019.12.13-14.59.09:794][497]LogAnimationCompression: Recompressing (AnimSequence /Game/MCO_Mocap_Basics/Animation/Mobility_Pro/In_Place/MOB1_Stand_Relaxed_Idle_v2_IPC.MOB1_Stand_Relaxed_Idle_v2_IPC) using current/default (AnimCompress_BitwiseCompressOnly_23) bFirstRecompressUsingCurrentOrDefault(1) bTryAlternateCompressor(0) IsCompressedDataValid(0)
[2019.12.13-14.59.09:798][497]LogAnimationCompression: Building Anim DDC data for AnimSequence /Game/MCO_Mocap_Basics/Animation/Mobility_Pro/In_Place/MOB1_Stand_Relaxed_Fgt_v4_IPC.MOB1_Stand_Relaxed_Fgt_v4_IPC
[2019.12.13-14.59.09:798][497]LogAnimationCompression: Recompressing (AnimSequence /Game/MCO_Mocap_Basics/Animation/Mobility_Pro/In_Place/MOB1_Stand_Relaxed_Fgt_v4_IPC.MOB1_Stand_Relaxed_Fgt_v4_IPC) using current/default (AnimCompress_BitwiseCompressOnly_22) bFirstRecompressUsingCurrentOrDefault(1) bTryAlternateCompressor(0) IsCompressedDataValid(0)
[2019.12.13-14.59.09:802][497]LogAnimationCompression: Building Anim DDC data for AnimSequence /Game/MCO_Mocap_Basics/Animation/Mobility_Pro/In_Place/MOB1_Stand_Relaxed_Fgt_v1_IPC.MOB1_Stand_Relaxed_Fgt_v1_IPC
[2019.12.13-14.59.09:802][497]LogAnimationCompression: Recompressing (AnimSequence /Game/MCO_Mocap_Basics/Animation/Mobility_Pro/In_Place/MOB1_Stand_Relaxed_Fgt_v1_IPC.MOB1_Stand_Relaxed_Fgt_v1_IPC) using current/default (AnimCompress_BitwiseCompressOnly_21) bFirstRecompressUsingCurrentOrDefault(1) bTryAlternateCompressor(0) IsCompressedDataValid(0)
[2019.12.13-14.59.09:806][497]LogAnimationCompression: Building Anim DDC data for AnimSequence /Game/MCO_Mocap_Basics/Animation/Mobility_Pro/In_Place/MOB1_Crouch_Idle_V2_IPC.MOB1_Crouch_Idle_V2_IPC
[2019.12.13-14.59.09:806][497]LogAnimationCompression: Recompressing (AnimSequence /Game/MCO_Mocap_Basics/Animation/Mobility_Pro/In_Place/MOB1_Crouch_Idle_V2_IPC.MOB1_Crouch_Idle_V2_IPC) using current/default (AnimCompress_BitwiseCompressOnly_14) bFirstRecompressUsingCurrentOrDefault(1) bTryAlternateCompressor(0) IsCompressedDataValid(0)
[2019.12.13-14.59.09:808][497]LogAnimationCompression: Building Anim DDC data for AnimSequence /Game/MCO_Mocap_Basics/Animation/Mobility_Pro/In_Place/MOB1_Jog_F_IPC.MOB1_Jog_F_IPC
[2019.12.13-14.59.09:808][497]LogAnimationCompression: Recompressing (AnimSequence /Game/MCO_Mocap_Basics/Animation/Mobility_Pro/In_Place/MOB1_Jog_F_IPC.MOB1_Jog_F_IPC) using current/default (AnimCompress_BitwiseCompressOnly_16) bFirstRecompressUsingCurrentOrDefault(1) bTryAlternateCompressor(0) IsCompressedDataValid(0)
[2019.12.13-14.59.09:809][497]LogAnimationCompression: Building Anim DDC data for AnimSequence /Game/MCO_Mocap_Basics/Animation/Mobility_Pro/In_Place/MOB1_CrouchWalk_F_IPC.MOB1_CrouchWalk_F_IPC
[2019.12.13-14.59.09:809][497]LogAnimationCompression: Recompressing (AnimSequence /Game/MCO_Mocap_Basics/Animation/Mobility_Pro/In_Place/MOB1_CrouchWalk_F_IPC.MOB1_CrouchWalk_F_IPC) using current/default (AnimCompress_BitwiseCompressOnly_15) bFirstRecompressUsingCurrentOrDefault(1) bTryAlternateCompressor(0) IsCompressedDataValid(0)
[2019.12.13-14.59.09:810][497]LogAnimationCompression: Building Anim DDC data for AnimSequence /Game/MCO_Mocap_Basics/Animation/Mobility_Pro/In_Place/MOB1_Run_F_IPC.MOB1_Run_F_IPC
[2019.12.13-14.59.09:810][497]LogAnimationCompression: Recompressing (AnimSequence /Game/MCO_Mocap_Basics/Animation/Mobility_Pro/In_Place/MOB1_Run_F_IPC.MOB1_Run_F_IPC) using current/default (AnimCompress_BitwiseCompressOnly_18) bFirstRecompressUsingCurrentOrDefault(1) bTryAlternateCompressor(0) IsCompressedDataValid(0)
[2019.12.13-14.59.09:811][497]LogAnimationCompression: Building Anim DDC data for AnimSequence /Game/MCO_Mocap_Basics/Animation/Mobility_Pro/In_Place/MOB1_Jog_F_to_Stand_Relaxed_RU_IPC.MOB1_Jog_F_to_Stand_Relaxed_RU_IPC
[2019.12.13-14.59.09:811][497]LogAnimationCompression: Recompressing (AnimSequence /Game/MCO_Mocap_Basics/Animation/Mobility_Pro/In_Place/MOB1_Jog_F_to_Stand_Relaxed_RU_IPC.MOB1_Jog_F_to_Stand_Relaxed_RU_IPC) using current/default (AnimCompress_BitwiseCompressOnly_17) bFirstRecompressUsingCurrentOrDefault(1) bTryAlternateCompressor(0) IsCompressedDataValid(0)
[2019.12.13-14.59.09:812][497]LogAnimationCompression: Building Anim DDC data for AnimSequence /Game/MCO_Mocap_Basics/Animation/Mobility_Pro/In_Place/MOB1_Run_F_to_Stand_Relaxed_RU_IPC.MOB1_Run_F_to_Stand_Relaxed_RU_IPC
[2019.12.13-14.59.09:813][497]LogAnimationCompression: Recompressing (AnimSequence /Game/MCO_Mocap_Basics/Animation/Mobility_Pro/In_Place/MOB1_Run_F_to_Stand_Relaxed_RU_IPC.MOB1_Run_F_to_Stand_Relaxed_RU_IPC) using current/default (AnimCompress_BitwiseCompressOnly_19) bFirstRecompressUsingCurrentOrDefault(1) bTryAlternateCompressor(0) IsCompressedDataValid(0)
[2019.12.13-14.59.09:814][497]LogAnimationCompression: Building Anim DDC data for AnimSequence /Game/MCO_Mocap_Basics/Animation/Mobility_Pro/In_Place/MOB1_Stand_Relaxed_Death_B_IPC.MOB1_Stand_Relaxed_Death_B_IPC
[2019.12.13-14.59.09:814][497]LogAnimationCompression: Recompressing (AnimSequence /Game/MCO_Mocap_Basics/Animation/Mobility_Pro/In_Place/MOB1_Stand_Relaxed_Death_B_IPC.MOB1_Stand_Relaxed_Death_B_IPC) using current/default (AnimCompress_BitwiseCompressOnly_20) bFirstRecompressUsingCurrentOrDefault(1) bTryAlternateCompressor(0) IsCompressedDataValid(0)
[2019.12.13-14.59.09:825][497]LogSkeletalMesh: Building Skeletal Mesh SK_Mannequin...
[2019.12.13-14.59.09:903][497]LogSkeletalMesh: Built Skeletal Mesh [0.08s] /Game/MCO_Mocap_Basics/Character/Mesh/SK_Mannequin.SK_Mannequin
[2019.12.13-14.59.09:914][497]LogAIModule: Creating AISystem for world Overview
[2019.12.13-14.59.09:915][497]LogActorComponent: RegisterComponentWithWorld: (/Game/MCO_Mocap_Basics/Overview.Overview:PersistentLevel.WorldSettings_1.StaticMeshComponent0) Trying to register component with IsPendingKill() == true. Aborting.
[2019.12.13-14.59.09:932][497]LogAssetEditorManager: Opening Asset editor for World /Game/MCO_Mocap_Basics/Overview.Overview
[2019.12.13-14.59.10:036][497]LogUObjectHash: Compacting FUObjectHashTables data took   6.07ms
[2019.12.13-14.59.10:038][497]Cmd: MAP LOAD FILE="../../../../../../Users/v.arabi/Documents/GitHub/The-Last/The Last/GameAlpha/TheLast/Content/MCO_Mocap_Basics/Overview.umap" TEMPLATE=0 SHOWPROGRESS=1 FEATURELEVEL=3
[2019.12.13-14.59.10:038][497]LightingResults: New page: Diseñar la iluminación
[2019.12.13-14.59.10:038][497]LoadErrors: New page: Cargando mapa: Overview.umap
[2019.12.13-14.59.10:039][497]LogWorld: UWorld::CleanupWorld for ThirdPersonExampleMap, bSessionEnded=true, bCleanupResources=true
[2019.12.13-14.59.10:040][497]MapCheck: New page: Revisión del mapa
[2019.12.13-14.59.10:040][497]LightingResults: New page: Diseñar la iluminación
[2019.12.13-14.59.10:102][497]LogUObjectHash: Compacting FUObjectHashTables data took   4.24ms
[2019.12.13-14.59.10:114][497]LogEditorServer: Finished looking for orphan Actors (0.000 secs)
[2019.12.13-14.59.10:146][497]LogUObjectHash: Compacting FUObjectHashTables data took   3.02ms
[2019.12.13-14.59.10:165][497]Cmd: MAP CHECKDEP NOCLEARLOG
[2019.12.13-14.59.10:166][497]MapCheck: Map check complete: 0 Error(s), 0 Warning(s), took 0,189ms to complete.
[2019.12.13-14.59.10:166][497]LogFileHelpers: Loading map 'Overview' took 0.129
[2019.12.13-14.59.13:143][500]LogShaderCompilers: Display: Worker (1/3): shaders left to compile 220
[2019.12.13-14.59.13:318][500]LogShaderCompilers: Display: Worker (3/3): shaders left to compile 210
[2019.12.13-14.59.13:867][500]LogShaderCompilers: Display: Worker (2/3): shaders left to compile 200
[2019.12.13-14.59.15:268][500]LogSlate: FSceneViewport::OnFocusLost() reason 0
[2019.12.13-14.59.17:142][675]LogTemp: Repeating last play command: Selected Viewport
[2019.12.13-14.59.21:528][675]LogShaderCompilers: Display: Worker (2/3): shaders left to compile 190
[2019.12.13-14.59.21:528][675]LogShaderCompilers: Display: Worker (3/3): shaders left to compile 180
[2019.12.13-14.59.21:528][675]LogShaderCompilers: Display: Worker (1/3): shaders left to compile 170
[2019.12.13-14.59.21:528][675]LogShaderCompilers: Display: Worker (2/3): shaders left to compile 160
[2019.12.13-14.59.21:528][675]LogShaderCompilers: Display: Worker (3/3): shaders left to compile 150
[2019.12.13-14.59.21:528][675]LogShaderCompilers: Display: Worker (2/3): shaders left to compile 140
[2019.12.13-14.59.21:528][675]LogShaderCompilers: Display: Worker (1/3): shaders left to compile 130
[2019.12.13-14.59.21:530][675]LogEditorViewport: Clicking on Actor (LMB): SkeletalMeshActor (SK_Mannequin18)
[2019.12.13-14.59.21:588][675]LogLinker: Warning: Error al cargar '{FileName}': No puede encontrar el archivo
[2019.12.13-14.59.21:588][675]LogLinker: Warning: Error al cargar '{FileName}': No puede encontrar el archivo
[2019.12.13-14.59.21:589][675]LogUObjectGlobals: Warning: Error al encontrar el objeto 'Object /Game/Character/Mesh/SK_Mannequin.SK_Mannequin'
[2019.12.13-14.59.21:589][675]LogBlueprintUserMessages: Early PlayInEditor Detection: Level '/Game/MCO_Mocap_Basics/Overview.Overview:PersistentLevel' has LevelScriptBlueprint '/Game/MCO_Mocap_Basics/Overview.Overview:PersistentLevel.Overview' with GeneratedClass '/Game/MCO_Mocap_Basics/Overview.Overview_C' with ClassGeneratedBy '/Game/MCO_Mocap_Basics/Overview.Overview:PersistentLevel.Overview'
[2019.12.13-14.59.21:590][675]LogPlayLevel: PlayLevel: No blueprints needed recompiling
[2019.12.13-14.59.21:590][675]PIE: New page: Sesión PIE (reproducción en el editor): Overview (13/12/2019 16:59:21)
[2019.12.13-14.59.21:592][675]LogOnline: OSS: Creating online subsystem instance for: NULL
[2019.12.13-14.59.21:593][675]LogPlayLevel: Creating play world package: /Game/MCO_Mocap_Basics/UEDPIE_0_Overview
[2019.12.13-14.59.21:599][675]LogPlayLevel: PIE: StaticDuplicateObject took: (0.004996s)
[2019.12.13-14.59.21:600][675]LogAIModule: Creating AISystem for world Overview
[2019.12.13-14.59.21:600][675]LogPlayLevel: PIE: World Init took: (0.001292s)
[2019.12.13-14.59.21:600][675]LogPlayLevel: PIE: Created PIE world by copying editor world from /Game/MCO_Mocap_Basics/Overview.Overview to /Game/MCO_Mocap_Basics/UEDPIE_0_Overview.Overview (0.006653s)
[2019.12.13-14.59.21:631][675]LogUObjectHash: Compacting FUObjectHashTables data took   2.90ms
[2019.12.13-14.59.21:646][675]LogInit: XAudio2 using 'Acer V246HL (NVIDIA High Definition Audio)' : 2 channels at 48 kHz using 16 bits per sample (channel mask 0x3)
[2019.12.13-14.59.21:663][675]LogInit: FAudioDevice initialized.
[2019.12.13-14.59.21:663][675]LogSlate: FSceneViewport::OnFocusLost() reason 2
[2019.12.13-14.59.21:680][675]LogLoad: Game class is 'ThirdPersonGameMode_C'
[2019.12.13-14.59.21:692][675]LogWorld: Bringing World /Game/MCO_Mocap_Basics/UEDPIE_0_Overview.Overview up for play (max tick rate 0) at 2019.12.13-15.59.21
[2019.12.13-14.59.21:694][675]LogWorld: Bringing up level for play took: 0.012107
[2019.12.13-14.59.21:694][675]LogOnline: OSS: Creating online subsystem instance for: :Context_6
[2019.12.13-14.59.21:710][675]LogContentBrowser: Native class hierarchy updated for 'MovieSceneCapture' in 0.0018 seconds. Added 20 classes and 0 folders.
[2019.12.13-14.59.21:712][675]PIE: Tiempo de inicio de la reproducción en el editor para  /Game/MCO_Mocap_Basics/UEDPIE_0_Overview 0,323
[2019.12.13-14.59.21:712][675]LogBlueprintUserMessages: Late PlayInEditor Detection: Level '/Game/MCO_Mocap_Basics/Overview.Overview:PersistentLevel' has LevelScriptBlueprint '/Game/MCO_Mocap_Basics/Overview.Overview:PersistentLevel.Overview' with GeneratedClass '/Game/MCO_Mocap_Basics/Overview.Overview_C' with ClassGeneratedBy '/Game/MCO_Mocap_Basics/Overview.Overview:PersistentLevel.Overview'
[2019.12.13-14.59.27:568][242]LogShaderCompilers: Display: Worker (3/3): shaders left to compile 120
[2019.12.13-14.59.31:329][634]LogShaderCompilers: Display: Worker (1/3): shaders left to compile 110
[2019.12.13-14.59.33:098][733]LogShaderCompilers: Display: Worker (2/3): shaders left to compile 100
[2019.12.13-14.59.35:181][960]LogShaderCompilers: Display: Worker (3/3): shaders left to compile 90
[2019.12.13-14.59.38:471][300]LogShaderCompilers: Display: Worker (1/3): shaders left to compile 80
[2019.12.13-14.59.46:140][155]LogShaderCompilers: Display: Worker (2/3): shaders left to compile 70
[2019.12.13-14.59.46:738][224]LogShaderCompilers: Display: Worker (1/3): shaders left to compile 60
[2019.12.13-14.59.49:766][574]LogShaderCompilers: Display: Worker (3/3): shaders left to compile 50
